[2025-07-28T12:50:20.515-0300] {processor.py:161} INFO - Started process (PID=8043) to work on /mnt/c/Users/Usuario/Downloads/Automações/Climate-AgriTech-MLOps/.venv/lib/python3.12/site-packages/airflow/example_dags/example_sensor_decorator.py
[2025-07-28T12:50:20.520-0300] {processor.py:830} INFO - Processing file /mnt/c/Users/Usuario/Downloads/Automações/Climate-AgriTech-MLOps/.venv/lib/python3.12/site-packages/airflow/example_dags/example_sensor_decorator.py for tasks to queue
[2025-07-28T12:50:20.532-0300] {logging_mixin.py:188} INFO - [2025-07-28T12:50:20.528-0300] {dagbag.py:545} INFO - Filling up the DagBag from /mnt/c/Users/Usuario/Downloads/Automações/Climate-AgriTech-MLOps/.venv/lib/python3.12/site-packages/airflow/example_dags/example_sensor_decorator.py
[2025-07-28T12:50:20.623-0300] {processor.py:840} INFO - DAG(s) 'example_sensor_decorator' retrieved from /mnt/c/Users/Usuario/Downloads/Automações/Climate-AgriTech-MLOps/.venv/lib/python3.12/site-packages/airflow/example_dags/example_sensor_decorator.py
[2025-07-28T12:50:23.888-0300] {logging_mixin.py:188} INFO - [2025-07-28T12:50:23.885-0300] {override.py:1829} INFO - Created Permission View: can read on DAG:example_sensor_decorator
[2025-07-28T12:50:23.972-0300] {logging_mixin.py:188} INFO - [2025-07-28T12:50:23.970-0300] {override.py:1829} INFO - Created Permission View: can edit on DAG:example_sensor_decorator
[2025-07-28T12:50:24.056-0300] {logging_mixin.py:188} INFO - [2025-07-28T12:50:24.054-0300] {override.py:1829} INFO - Created Permission View: can delete on DAG:example_sensor_decorator
[2025-07-28T12:50:24.062-0300] {logging_mixin.py:188} INFO - [2025-07-28T12:50:24.059-0300] {dag.py:3096} INFO - Sync 1 DAGs
[2025-07-28T12:50:24.116-0300] {logging_mixin.py:188} INFO - [2025-07-28T12:50:24.113-0300] {dag.py:3118} INFO - Creating ORM DAG for example_sensor_decorator
[2025-07-28T12:50:24.123-0300] {logging_mixin.py:188} INFO - [2025-07-28T12:50:24.120-0300] {dag.py:3954} INFO - Setting next_dagrun for example_sensor_decorator to None, run_after=None
[2025-07-28T12:50:24.335-0300] {processor.py:183} INFO - Processing /mnt/c/Users/Usuario/Downloads/Automações/Climate-AgriTech-MLOps/.venv/lib/python3.12/site-packages/airflow/example_dags/example_sensor_decorator.py took 4.382 seconds
[2025-07-28T13:09:40.318-0300] {processor.py:161} INFO - Started process (PID=8666) to work on /mnt/c/Users/Usuario/Downloads/Automações/Climate-AgriTech-MLOps/.venv/lib/python3.12/site-packages/airflow/example_dags/example_sensor_decorator.py
[2025-07-28T13:09:40.323-0300] {processor.py:830} INFO - Processing file /mnt/c/Users/Usuario/Downloads/Automações/Climate-AgriTech-MLOps/.venv/lib/python3.12/site-packages/airflow/example_dags/example_sensor_decorator.py for tasks to queue
[2025-07-28T13:09:40.332-0300] {logging_mixin.py:188} INFO - [2025-07-28T13:09:40.328-0300] {dagbag.py:545} INFO - Filling up the DagBag from /mnt/c/Users/Usuario/Downloads/Automações/Climate-AgriTech-MLOps/.venv/lib/python3.12/site-packages/airflow/example_dags/example_sensor_decorator.py
[2025-07-28T13:09:40.411-0300] {processor.py:840} INFO - DAG(s) 'example_sensor_decorator' retrieved from /mnt/c/Users/Usuario/Downloads/Automações/Climate-AgriTech-MLOps/.venv/lib/python3.12/site-packages/airflow/example_dags/example_sensor_decorator.py
[2025-07-28T13:09:43.780-0300] {logging_mixin.py:188} INFO - [2025-07-28T13:09:43.778-0300] {dag.py:3096} INFO - Sync 1 DAGs
[2025-07-28T13:09:43.813-0300] {logging_mixin.py:188} INFO - [2025-07-28T13:09:43.810-0300] {dag.py:3954} INFO - Setting next_dagrun for example_sensor_decorator to None, run_after=None
[2025-07-28T13:09:44.022-0300] {processor.py:183} INFO - Processing /mnt/c/Users/Usuario/Downloads/Automações/Climate-AgriTech-MLOps/.venv/lib/python3.12/site-packages/airflow/example_dags/example_sensor_decorator.py took 3.746 seconds
[2025-07-28T13:46:33.289-0300] {processor.py:161} INFO - Started process (PID=8748) to work on /mnt/c/Users/Usuario/Downloads/Automações/Climate-AgriTech-MLOps/.venv/lib/python3.12/site-packages/airflow/example_dags/example_sensor_decorator.py
[2025-07-28T13:46:33.295-0300] {processor.py:830} INFO - Processing file /mnt/c/Users/Usuario/Downloads/Automações/Climate-AgriTech-MLOps/.venv/lib/python3.12/site-packages/airflow/example_dags/example_sensor_decorator.py for tasks to queue
[2025-07-28T13:46:33.302-0300] {logging_mixin.py:188} INFO - [2025-07-28T13:46:33.299-0300] {dagbag.py:545} INFO - Filling up the DagBag from /mnt/c/Users/Usuario/Downloads/Automações/Climate-AgriTech-MLOps/.venv/lib/python3.12/site-packages/airflow/example_dags/example_sensor_decorator.py
[2025-07-28T13:46:33.377-0300] {processor.py:840} INFO - DAG(s) 'example_sensor_decorator' retrieved from /mnt/c/Users/Usuario/Downloads/Automações/Climate-AgriTech-MLOps/.venv/lib/python3.12/site-packages/airflow/example_dags/example_sensor_decorator.py
[2025-07-28T13:46:33.455-0300] {logging_mixin.py:188} INFO - [2025-07-28T13:46:33.453-0300] {dag.py:3096} INFO - Sync 1 DAGs
[2025-07-28T13:46:33.485-0300] {logging_mixin.py:188} INFO - [2025-07-28T13:46:33.482-0300] {dag.py:3954} INFO - Setting next_dagrun for example_sensor_decorator to None, run_after=None
[2025-07-28T13:46:33.640-0300] {processor.py:183} INFO - Processing /mnt/c/Users/Usuario/Downloads/Automações/Climate-AgriTech-MLOps/.venv/lib/python3.12/site-packages/airflow/example_dags/example_sensor_decorator.py took 0.385 seconds
[2025-07-28T13:48:13.026-0300] {processor.py:161} INFO - Started process (PID=8799) to work on /mnt/c/Users/Usuario/Downloads/Automações/Climate-AgriTech-MLOps/.venv/lib/python3.12/site-packages/airflow/example_dags/example_sensor_decorator.py
[2025-07-28T13:48:13.032-0300] {processor.py:830} INFO - Processing file /mnt/c/Users/Usuario/Downloads/Automações/Climate-AgriTech-MLOps/.venv/lib/python3.12/site-packages/airflow/example_dags/example_sensor_decorator.py for tasks to queue
[2025-07-28T13:48:13.040-0300] {logging_mixin.py:188} INFO - [2025-07-28T13:48:13.037-0300] {dagbag.py:545} INFO - Filling up the DagBag from /mnt/c/Users/Usuario/Downloads/Automações/Climate-AgriTech-MLOps/.venv/lib/python3.12/site-packages/airflow/example_dags/example_sensor_decorator.py
[2025-07-28T13:48:13.106-0300] {processor.py:840} INFO - DAG(s) 'example_sensor_decorator' retrieved from /mnt/c/Users/Usuario/Downloads/Automações/Climate-AgriTech-MLOps/.venv/lib/python3.12/site-packages/airflow/example_dags/example_sensor_decorator.py
[2025-07-28T13:48:13.425-0300] {logging_mixin.py:188} INFO - [2025-07-28T13:48:13.423-0300] {dag.py:3096} INFO - Sync 1 DAGs
[2025-07-28T13:48:13.452-0300] {logging_mixin.py:188} INFO - [2025-07-28T13:48:13.449-0300] {dag.py:3954} INFO - Setting next_dagrun for example_sensor_decorator to None, run_after=None
[2025-07-28T13:48:13.644-0300] {processor.py:183} INFO - Processing /mnt/c/Users/Usuario/Downloads/Automações/Climate-AgriTech-MLOps/.venv/lib/python3.12/site-packages/airflow/example_dags/example_sensor_decorator.py took 0.653 seconds
[2025-07-28T13:49:43.365-0300] {processor.py:161} INFO - Started process (PID=8849) to work on /mnt/c/Users/Usuario/Downloads/Automações/Climate-AgriTech-MLOps/.venv/lib/python3.12/site-packages/airflow/example_dags/example_sensor_decorator.py
[2025-07-28T13:49:43.377-0300] {processor.py:830} INFO - Processing file /mnt/c/Users/Usuario/Downloads/Automações/Climate-AgriTech-MLOps/.venv/lib/python3.12/site-packages/airflow/example_dags/example_sensor_decorator.py for tasks to queue
[2025-07-28T13:49:43.385-0300] {logging_mixin.py:188} INFO - [2025-07-28T13:49:43.382-0300] {dagbag.py:545} INFO - Filling up the DagBag from /mnt/c/Users/Usuario/Downloads/Automações/Climate-AgriTech-MLOps/.venv/lib/python3.12/site-packages/airflow/example_dags/example_sensor_decorator.py
[2025-07-28T13:49:43.456-0300] {processor.py:840} INFO - DAG(s) 'example_sensor_decorator' retrieved from /mnt/c/Users/Usuario/Downloads/Automações/Climate-AgriTech-MLOps/.venv/lib/python3.12/site-packages/airflow/example_dags/example_sensor_decorator.py
[2025-07-28T13:49:43.536-0300] {logging_mixin.py:188} INFO - [2025-07-28T13:49:43.534-0300] {dag.py:3096} INFO - Sync 1 DAGs
[2025-07-28T13:49:43.568-0300] {logging_mixin.py:188} INFO - [2025-07-28T13:49:43.566-0300] {dag.py:3954} INFO - Setting next_dagrun for example_sensor_decorator to None, run_after=None
[2025-07-28T13:49:43.739-0300] {processor.py:183} INFO - Processing /mnt/c/Users/Usuario/Downloads/Automações/Climate-AgriTech-MLOps/.venv/lib/python3.12/site-packages/airflow/example_dags/example_sensor_decorator.py took 0.407 seconds
[2025-07-28T13:51:14.315-0300] {processor.py:161} INFO - Started process (PID=8905) to work on /mnt/c/Users/Usuario/Downloads/Automações/Climate-AgriTech-MLOps/.venv/lib/python3.12/site-packages/airflow/example_dags/example_sensor_decorator.py
[2025-07-28T13:51:14.319-0300] {processor.py:830} INFO - Processing file /mnt/c/Users/Usuario/Downloads/Automações/Climate-AgriTech-MLOps/.venv/lib/python3.12/site-packages/airflow/example_dags/example_sensor_decorator.py for tasks to queue
[2025-07-28T13:51:14.325-0300] {logging_mixin.py:188} INFO - [2025-07-28T13:51:14.322-0300] {dagbag.py:545} INFO - Filling up the DagBag from /mnt/c/Users/Usuario/Downloads/Automações/Climate-AgriTech-MLOps/.venv/lib/python3.12/site-packages/airflow/example_dags/example_sensor_decorator.py
[2025-07-28T13:51:14.465-0300] {processor.py:840} INFO - DAG(s) 'example_sensor_decorator' retrieved from /mnt/c/Users/Usuario/Downloads/Automações/Climate-AgriTech-MLOps/.venv/lib/python3.12/site-packages/airflow/example_dags/example_sensor_decorator.py
[2025-07-28T13:51:14.560-0300] {logging_mixin.py:188} INFO - [2025-07-28T13:51:14.556-0300] {dag.py:3096} INFO - Sync 1 DAGs
[2025-07-28T13:51:14.602-0300] {logging_mixin.py:188} INFO - [2025-07-28T13:51:14.599-0300] {dag.py:3954} INFO - Setting next_dagrun for example_sensor_decorator to None, run_after=None
[2025-07-28T13:51:14.800-0300] {processor.py:183} INFO - Processing /mnt/c/Users/Usuario/Downloads/Automações/Climate-AgriTech-MLOps/.venv/lib/python3.12/site-packages/airflow/example_dags/example_sensor_decorator.py took 0.522 seconds
[2025-07-28T13:52:49.449-0300] {processor.py:161} INFO - Started process (PID=8970) to work on /mnt/c/Users/Usuario/Downloads/Automações/Climate-AgriTech-MLOps/.venv/lib/python3.12/site-packages/airflow/example_dags/example_sensor_decorator.py
[2025-07-28T13:52:49.454-0300] {processor.py:830} INFO - Processing file /mnt/c/Users/Usuario/Downloads/Automações/Climate-AgriTech-MLOps/.venv/lib/python3.12/site-packages/airflow/example_dags/example_sensor_decorator.py for tasks to queue
[2025-07-28T13:52:49.463-0300] {logging_mixin.py:188} INFO - [2025-07-28T13:52:49.459-0300] {dagbag.py:545} INFO - Filling up the DagBag from /mnt/c/Users/Usuario/Downloads/Automações/Climate-AgriTech-MLOps/.venv/lib/python3.12/site-packages/airflow/example_dags/example_sensor_decorator.py
[2025-07-28T13:52:49.538-0300] {processor.py:840} INFO - DAG(s) 'example_sensor_decorator' retrieved from /mnt/c/Users/Usuario/Downloads/Automações/Climate-AgriTech-MLOps/.venv/lib/python3.12/site-packages/airflow/example_dags/example_sensor_decorator.py
[2025-07-28T13:52:49.635-0300] {logging_mixin.py:188} INFO - [2025-07-28T13:52:49.631-0300] {dag.py:3096} INFO - Sync 1 DAGs
[2025-07-28T13:52:49.672-0300] {logging_mixin.py:188} INFO - [2025-07-28T13:52:49.670-0300] {dag.py:3954} INFO - Setting next_dagrun for example_sensor_decorator to None, run_after=None
[2025-07-28T13:52:49.891-0300] {processor.py:183} INFO - Processing /mnt/c/Users/Usuario/Downloads/Automações/Climate-AgriTech-MLOps/.venv/lib/python3.12/site-packages/airflow/example_dags/example_sensor_decorator.py took 0.480 seconds
[2025-07-28T13:54:22.158-0300] {processor.py:161} INFO - Started process (PID=9018) to work on /mnt/c/Users/Usuario/Downloads/Automações/Climate-AgriTech-MLOps/.venv/lib/python3.12/site-packages/airflow/example_dags/example_sensor_decorator.py
[2025-07-28T13:54:22.165-0300] {processor.py:830} INFO - Processing file /mnt/c/Users/Usuario/Downloads/Automações/Climate-AgriTech-MLOps/.venv/lib/python3.12/site-packages/airflow/example_dags/example_sensor_decorator.py for tasks to queue
[2025-07-28T13:54:22.174-0300] {logging_mixin.py:188} INFO - [2025-07-28T13:54:22.169-0300] {dagbag.py:545} INFO - Filling up the DagBag from /mnt/c/Users/Usuario/Downloads/Automações/Climate-AgriTech-MLOps/.venv/lib/python3.12/site-packages/airflow/example_dags/example_sensor_decorator.py
[2025-07-28T13:54:22.253-0300] {processor.py:840} INFO - DAG(s) 'example_sensor_decorator' retrieved from /mnt/c/Users/Usuario/Downloads/Automações/Climate-AgriTech-MLOps/.venv/lib/python3.12/site-packages/airflow/example_dags/example_sensor_decorator.py
[2025-07-28T13:54:22.355-0300] {logging_mixin.py:188} INFO - [2025-07-28T13:54:22.352-0300] {dag.py:3096} INFO - Sync 1 DAGs
[2025-07-28T13:54:22.393-0300] {logging_mixin.py:188} INFO - [2025-07-28T13:54:22.390-0300] {dag.py:3954} INFO - Setting next_dagrun for example_sensor_decorator to None, run_after=None
[2025-07-28T13:54:22.577-0300] {processor.py:183} INFO - Processing /mnt/c/Users/Usuario/Downloads/Automações/Climate-AgriTech-MLOps/.venv/lib/python3.12/site-packages/airflow/example_dags/example_sensor_decorator.py took 0.461 seconds
[2025-07-28T13:55:58.894-0300] {processor.py:161} INFO - Started process (PID=9078) to work on /mnt/c/Users/Usuario/Downloads/Automações/Climate-AgriTech-MLOps/.venv/lib/python3.12/site-packages/airflow/example_dags/example_sensor_decorator.py
[2025-07-28T13:55:58.900-0300] {processor.py:830} INFO - Processing file /mnt/c/Users/Usuario/Downloads/Automações/Climate-AgriTech-MLOps/.venv/lib/python3.12/site-packages/airflow/example_dags/example_sensor_decorator.py for tasks to queue
[2025-07-28T13:55:58.909-0300] {logging_mixin.py:188} INFO - [2025-07-28T13:55:58.905-0300] {dagbag.py:545} INFO - Filling up the DagBag from /mnt/c/Users/Usuario/Downloads/Automações/Climate-AgriTech-MLOps/.venv/lib/python3.12/site-packages/airflow/example_dags/example_sensor_decorator.py
[2025-07-28T13:55:58.982-0300] {processor.py:840} INFO - DAG(s) 'example_sensor_decorator' retrieved from /mnt/c/Users/Usuario/Downloads/Automações/Climate-AgriTech-MLOps/.venv/lib/python3.12/site-packages/airflow/example_dags/example_sensor_decorator.py
[2025-07-28T13:55:59.081-0300] {logging_mixin.py:188} INFO - [2025-07-28T13:55:59.077-0300] {dag.py:3096} INFO - Sync 1 DAGs
[2025-07-28T13:55:59.139-0300] {logging_mixin.py:188} INFO - [2025-07-28T13:55:59.135-0300] {dag.py:3954} INFO - Setting next_dagrun for example_sensor_decorator to None, run_after=None
[2025-07-28T13:55:59.365-0300] {processor.py:183} INFO - Processing /mnt/c/Users/Usuario/Downloads/Automações/Climate-AgriTech-MLOps/.venv/lib/python3.12/site-packages/airflow/example_dags/example_sensor_decorator.py took 0.510 seconds
[2025-07-28T13:57:42.931-0300] {processor.py:161} INFO - Started process (PID=9168) to work on /mnt/c/Users/Usuario/Downloads/Automações/Climate-AgriTech-MLOps/.venv/lib/python3.12/site-packages/airflow/example_dags/example_sensor_decorator.py
[2025-07-28T13:57:42.933-0300] {processor.py:830} INFO - Processing file /mnt/c/Users/Usuario/Downloads/Automações/Climate-AgriTech-MLOps/.venv/lib/python3.12/site-packages/airflow/example_dags/example_sensor_decorator.py for tasks to queue
[2025-07-28T13:57:42.936-0300] {logging_mixin.py:188} INFO - [2025-07-28T13:57:42.935-0300] {dagbag.py:545} INFO - Filling up the DagBag from /mnt/c/Users/Usuario/Downloads/Automações/Climate-AgriTech-MLOps/.venv/lib/python3.12/site-packages/airflow/example_dags/example_sensor_decorator.py
[2025-07-28T13:57:42.961-0300] {processor.py:840} INFO - DAG(s) 'example_sensor_decorator' retrieved from /mnt/c/Users/Usuario/Downloads/Automações/Climate-AgriTech-MLOps/.venv/lib/python3.12/site-packages/airflow/example_dags/example_sensor_decorator.py
[2025-07-28T13:57:42.998-0300] {logging_mixin.py:188} INFO - [2025-07-28T13:57:42.997-0300] {dag.py:3096} INFO - Sync 1 DAGs
[2025-07-28T13:57:43.018-0300] {logging_mixin.py:188} INFO - [2025-07-28T13:57:43.016-0300] {dag.py:3954} INFO - Setting next_dagrun for example_sensor_decorator to None, run_after=None
[2025-07-28T13:57:43.115-0300] {processor.py:183} INFO - Processing /mnt/c/Users/Usuario/Downloads/Automações/Climate-AgriTech-MLOps/.venv/lib/python3.12/site-packages/airflow/example_dags/example_sensor_decorator.py took 0.201 seconds
[2025-07-28T13:59:52.127-0300] {processor.py:161} INFO - Started process (PID=9259) to work on /mnt/c/Users/Usuario/Downloads/Automações/Climate-AgriTech-MLOps/.venv/lib/python3.12/site-packages/airflow/example_dags/example_sensor_decorator.py
[2025-07-28T13:59:52.129-0300] {processor.py:830} INFO - Processing file /mnt/c/Users/Usuario/Downloads/Automações/Climate-AgriTech-MLOps/.venv/lib/python3.12/site-packages/airflow/example_dags/example_sensor_decorator.py for tasks to queue
[2025-07-28T13:59:52.133-0300] {logging_mixin.py:188} INFO - [2025-07-28T13:59:52.131-0300] {dagbag.py:545} INFO - Filling up the DagBag from /mnt/c/Users/Usuario/Downloads/Automações/Climate-AgriTech-MLOps/.venv/lib/python3.12/site-packages/airflow/example_dags/example_sensor_decorator.py
[2025-07-28T13:59:52.160-0300] {processor.py:840} INFO - DAG(s) 'example_sensor_decorator' retrieved from /mnt/c/Users/Usuario/Downloads/Automações/Climate-AgriTech-MLOps/.venv/lib/python3.12/site-packages/airflow/example_dags/example_sensor_decorator.py
[2025-07-28T13:59:52.200-0300] {logging_mixin.py:188} INFO - [2025-07-28T13:59:52.199-0300] {dag.py:3096} INFO - Sync 1 DAGs
[2025-07-28T13:59:52.219-0300] {logging_mixin.py:188} INFO - [2025-07-28T13:59:52.217-0300] {dag.py:3954} INFO - Setting next_dagrun for example_sensor_decorator to None, run_after=None
[2025-07-28T13:59:52.326-0300] {processor.py:183} INFO - Processing /mnt/c/Users/Usuario/Downloads/Automações/Climate-AgriTech-MLOps/.venv/lib/python3.12/site-packages/airflow/example_dags/example_sensor_decorator.py took 0.215 seconds
[2025-07-28T14:01:27.182-0300] {processor.py:161} INFO - Started process (PID=9343) to work on /mnt/c/Users/Usuario/Downloads/Automações/Climate-AgriTech-MLOps/.venv/lib/python3.12/site-packages/airflow/example_dags/example_sensor_decorator.py
[2025-07-28T14:01:27.185-0300] {processor.py:830} INFO - Processing file /mnt/c/Users/Usuario/Downloads/Automações/Climate-AgriTech-MLOps/.venv/lib/python3.12/site-packages/airflow/example_dags/example_sensor_decorator.py for tasks to queue
[2025-07-28T14:01:27.189-0300] {logging_mixin.py:188} INFO - [2025-07-28T14:01:27.187-0300] {dagbag.py:545} INFO - Filling up the DagBag from /mnt/c/Users/Usuario/Downloads/Automações/Climate-AgriTech-MLOps/.venv/lib/python3.12/site-packages/airflow/example_dags/example_sensor_decorator.py
[2025-07-28T14:01:27.217-0300] {processor.py:840} INFO - DAG(s) 'example_sensor_decorator' retrieved from /mnt/c/Users/Usuario/Downloads/Automações/Climate-AgriTech-MLOps/.venv/lib/python3.12/site-packages/airflow/example_dags/example_sensor_decorator.py
[2025-07-28T14:01:27.256-0300] {logging_mixin.py:188} INFO - [2025-07-28T14:01:27.254-0300] {dag.py:3096} INFO - Sync 1 DAGs
[2025-07-28T14:01:27.273-0300] {logging_mixin.py:188} INFO - [2025-07-28T14:01:27.271-0300] {dag.py:3954} INFO - Setting next_dagrun for example_sensor_decorator to None, run_after=None
[2025-07-28T14:01:27.360-0300] {processor.py:183} INFO - Processing /mnt/c/Users/Usuario/Downloads/Automações/Climate-AgriTech-MLOps/.venv/lib/python3.12/site-packages/airflow/example_dags/example_sensor_decorator.py took 0.196 seconds
