[2025-07-28T12:50:43.014-0300] {processor.py:161} INFO - Started process (PID=8049) to work on /mnt/c/Users/Usuario/Downloads/Automações/Climate-AgriTech-MLOps/.venv/lib/python3.12/site-packages/airflow/example_dags/example_params_ui_tutorial.py
[2025-07-28T12:50:43.020-0300] {processor.py:830} INFO - Processing file /mnt/c/Users/Usuario/Downloads/Automações/Climate-AgriTech-MLOps/.venv/lib/python3.12/site-packages/airflow/example_dags/example_params_ui_tutorial.py for tasks to queue
[2025-07-28T12:50:43.031-0300] {logging_mixin.py:188} INFO - [2025-07-28T12:50:43.027-0300] {dagbag.py:545} INFO - Filling up the DagBag from /mnt/c/Users/Usuario/Downloads/Automações/Climate-AgriTech-MLOps/.venv/lib/python3.12/site-packages/airflow/example_dags/example_params_ui_tutorial.py
[2025-07-28T12:50:43.132-0300] {processor.py:840} INFO - DAG(s) 'example_params_ui_tutorial' retrieved from /mnt/c/Users/Usuario/Downloads/Automações/Climate-AgriTech-MLOps/.venv/lib/python3.12/site-packages/airflow/example_dags/example_params_ui_tutorial.py
[2025-07-28T12:50:46.919-0300] {logging_mixin.py:188} INFO - [2025-07-28T12:50:46.915-0300] {override.py:1829} INFO - Created Permission View: can read on DAG:example_params_ui_tutorial
[2025-07-28T12:50:47.038-0300] {logging_mixin.py:188} INFO - [2025-07-28T12:50:47.035-0300] {override.py:1829} INFO - Created Permission View: can edit on DAG:example_params_ui_tutorial
[2025-07-28T12:50:47.160-0300] {logging_mixin.py:188} INFO - [2025-07-28T12:50:47.158-0300] {override.py:1829} INFO - Created Permission View: can delete on DAG:example_params_ui_tutorial
[2025-07-28T12:50:47.166-0300] {logging_mixin.py:188} INFO - [2025-07-28T12:50:47.163-0300] {dag.py:3096} INFO - Sync 1 DAGs
[2025-07-28T12:50:47.223-0300] {logging_mixin.py:188} INFO - [2025-07-28T12:50:47.220-0300] {dag.py:3118} INFO - Creating ORM DAG for example_params_ui_tutorial
[2025-07-28T12:50:47.230-0300] {logging_mixin.py:188} INFO - [2025-07-28T12:50:47.227-0300] {dag.py:3954} INFO - Setting next_dagrun for example_params_ui_tutorial to None, run_after=None
[2025-07-28T12:50:47.452-0300] {processor.py:183} INFO - Processing /mnt/c/Users/Usuario/Downloads/Automações/Climate-AgriTech-MLOps/.venv/lib/python3.12/site-packages/airflow/example_dags/example_params_ui_tutorial.py took 4.474 seconds
[2025-07-28T13:10:01.712-0300] {processor.py:161} INFO - Started process (PID=8673) to work on /mnt/c/Users/Usuario/Downloads/Automações/Climate-AgriTech-MLOps/.venv/lib/python3.12/site-packages/airflow/example_dags/example_params_ui_tutorial.py
[2025-07-28T13:10:01.731-0300] {processor.py:830} INFO - Processing file /mnt/c/Users/Usuario/Downloads/Automações/Climate-AgriTech-MLOps/.venv/lib/python3.12/site-packages/airflow/example_dags/example_params_ui_tutorial.py for tasks to queue
[2025-07-28T13:10:01.741-0300] {logging_mixin.py:188} INFO - [2025-07-28T13:10:01.737-0300] {dagbag.py:545} INFO - Filling up the DagBag from /mnt/c/Users/Usuario/Downloads/Automações/Climate-AgriTech-MLOps/.venv/lib/python3.12/site-packages/airflow/example_dags/example_params_ui_tutorial.py
[2025-07-28T13:10:01.852-0300] {processor.py:840} INFO - DAG(s) 'example_params_ui_tutorial' retrieved from /mnt/c/Users/Usuario/Downloads/Automações/Climate-AgriTech-MLOps/.venv/lib/python3.12/site-packages/airflow/example_dags/example_params_ui_tutorial.py
[2025-07-28T13:10:05.459-0300] {logging_mixin.py:188} INFO - [2025-07-28T13:10:05.456-0300] {dag.py:3096} INFO - Sync 1 DAGs
[2025-07-28T13:10:05.495-0300] {logging_mixin.py:188} INFO - [2025-07-28T13:10:05.492-0300] {dag.py:3954} INFO - Setting next_dagrun for example_params_ui_tutorial to None, run_after=None
[2025-07-28T13:10:05.710-0300] {processor.py:183} INFO - Processing /mnt/c/Users/Usuario/Downloads/Automações/Climate-AgriTech-MLOps/.venv/lib/python3.12/site-packages/airflow/example_dags/example_params_ui_tutorial.py took 4.037 seconds
[2025-07-28T13:46:39.188-0300] {processor.py:161} INFO - Started process (PID=8752) to work on /mnt/c/Users/Usuario/Downloads/Automações/Climate-AgriTech-MLOps/.venv/lib/python3.12/site-packages/airflow/example_dags/example_params_ui_tutorial.py
[2025-07-28T13:46:39.201-0300] {processor.py:830} INFO - Processing file /mnt/c/Users/Usuario/Downloads/Automações/Climate-AgriTech-MLOps/.venv/lib/python3.12/site-packages/airflow/example_dags/example_params_ui_tutorial.py for tasks to queue
[2025-07-28T13:46:39.208-0300] {logging_mixin.py:188} INFO - [2025-07-28T13:46:39.205-0300] {dagbag.py:545} INFO - Filling up the DagBag from /mnt/c/Users/Usuario/Downloads/Automações/Climate-AgriTech-MLOps/.venv/lib/python3.12/site-packages/airflow/example_dags/example_params_ui_tutorial.py
[2025-07-28T13:46:39.293-0300] {processor.py:840} INFO - DAG(s) 'example_params_ui_tutorial' retrieved from /mnt/c/Users/Usuario/Downloads/Automações/Climate-AgriTech-MLOps/.venv/lib/python3.12/site-packages/airflow/example_dags/example_params_ui_tutorial.py
[2025-07-28T13:46:39.426-0300] {logging_mixin.py:188} INFO - [2025-07-28T13:46:39.422-0300] {dag.py:3096} INFO - Sync 1 DAGs
[2025-07-28T13:46:39.457-0300] {logging_mixin.py:188} INFO - [2025-07-28T13:46:39.455-0300] {dag.py:3954} INFO - Setting next_dagrun for example_params_ui_tutorial to None, run_after=None
[2025-07-28T13:46:39.643-0300] {processor.py:183} INFO - Processing /mnt/c/Users/Usuario/Downloads/Automações/Climate-AgriTech-MLOps/.venv/lib/python3.12/site-packages/airflow/example_dags/example_params_ui_tutorial.py took 0.482 seconds
[2025-07-28T13:48:21.686-0300] {processor.py:161} INFO - Started process (PID=8805) to work on /mnt/c/Users/Usuario/Downloads/Automações/Climate-AgriTech-MLOps/.venv/lib/python3.12/site-packages/airflow/example_dags/example_params_ui_tutorial.py
[2025-07-28T13:48:21.691-0300] {processor.py:830} INFO - Processing file /mnt/c/Users/Usuario/Downloads/Automações/Climate-AgriTech-MLOps/.venv/lib/python3.12/site-packages/airflow/example_dags/example_params_ui_tutorial.py for tasks to queue
[2025-07-28T13:48:21.700-0300] {logging_mixin.py:188} INFO - [2025-07-28T13:48:21.696-0300] {dagbag.py:545} INFO - Filling up the DagBag from /mnt/c/Users/Usuario/Downloads/Automações/Climate-AgriTech-MLOps/.venv/lib/python3.12/site-packages/airflow/example_dags/example_params_ui_tutorial.py
[2025-07-28T13:48:21.809-0300] {processor.py:840} INFO - DAG(s) 'example_params_ui_tutorial' retrieved from /mnt/c/Users/Usuario/Downloads/Automações/Climate-AgriTech-MLOps/.venv/lib/python3.12/site-packages/airflow/example_dags/example_params_ui_tutorial.py
[2025-07-28T13:48:21.942-0300] {logging_mixin.py:188} INFO - [2025-07-28T13:48:21.939-0300] {dag.py:3096} INFO - Sync 1 DAGs
[2025-07-28T13:48:21.989-0300] {logging_mixin.py:188} INFO - [2025-07-28T13:48:21.986-0300] {dag.py:3954} INFO - Setting next_dagrun for example_params_ui_tutorial to None, run_after=None
[2025-07-28T13:48:22.161-0300] {processor.py:183} INFO - Processing /mnt/c/Users/Usuario/Downloads/Automações/Climate-AgriTech-MLOps/.venv/lib/python3.12/site-packages/airflow/example_dags/example_params_ui_tutorial.py took 0.516 seconds
[2025-07-28T13:49:50.055-0300] {processor.py:161} INFO - Started process (PID=8855) to work on /mnt/c/Users/Usuario/Downloads/Automações/Climate-AgriTech-MLOps/.venv/lib/python3.12/site-packages/airflow/example_dags/example_params_ui_tutorial.py
[2025-07-28T13:49:50.060-0300] {processor.py:830} INFO - Processing file /mnt/c/Users/Usuario/Downloads/Automações/Climate-AgriTech-MLOps/.venv/lib/python3.12/site-packages/airflow/example_dags/example_params_ui_tutorial.py for tasks to queue
[2025-07-28T13:49:50.067-0300] {logging_mixin.py:188} INFO - [2025-07-28T13:49:50.064-0300] {dagbag.py:545} INFO - Filling up the DagBag from /mnt/c/Users/Usuario/Downloads/Automações/Climate-AgriTech-MLOps/.venv/lib/python3.12/site-packages/airflow/example_dags/example_params_ui_tutorial.py
[2025-07-28T13:49:50.156-0300] {processor.py:840} INFO - DAG(s) 'example_params_ui_tutorial' retrieved from /mnt/c/Users/Usuario/Downloads/Automações/Climate-AgriTech-MLOps/.venv/lib/python3.12/site-packages/airflow/example_dags/example_params_ui_tutorial.py
[2025-07-28T13:49:50.280-0300] {logging_mixin.py:188} INFO - [2025-07-28T13:49:50.277-0300] {dag.py:3096} INFO - Sync 1 DAGs
[2025-07-28T13:49:50.322-0300] {logging_mixin.py:188} INFO - [2025-07-28T13:49:50.319-0300] {dag.py:3954} INFO - Setting next_dagrun for example_params_ui_tutorial to None, run_after=None
[2025-07-28T13:49:50.475-0300] {processor.py:183} INFO - Processing /mnt/c/Users/Usuario/Downloads/Automações/Climate-AgriTech-MLOps/.venv/lib/python3.12/site-packages/airflow/example_dags/example_params_ui_tutorial.py took 0.454 seconds
[2025-07-28T13:51:21.324-0300] {processor.py:161} INFO - Started process (PID=8909) to work on /mnt/c/Users/Usuario/Downloads/Automações/Climate-AgriTech-MLOps/.venv/lib/python3.12/site-packages/airflow/example_dags/example_params_ui_tutorial.py
[2025-07-28T13:51:21.354-0300] {processor.py:830} INFO - Processing file /mnt/c/Users/Usuario/Downloads/Automações/Climate-AgriTech-MLOps/.venv/lib/python3.12/site-packages/airflow/example_dags/example_params_ui_tutorial.py for tasks to queue
[2025-07-28T13:51:21.361-0300] {logging_mixin.py:188} INFO - [2025-07-28T13:51:21.358-0300] {dagbag.py:545} INFO - Filling up the DagBag from /mnt/c/Users/Usuario/Downloads/Automações/Climate-AgriTech-MLOps/.venv/lib/python3.12/site-packages/airflow/example_dags/example_params_ui_tutorial.py
[2025-07-28T13:51:21.462-0300] {processor.py:840} INFO - DAG(s) 'example_params_ui_tutorial' retrieved from /mnt/c/Users/Usuario/Downloads/Automações/Climate-AgriTech-MLOps/.venv/lib/python3.12/site-packages/airflow/example_dags/example_params_ui_tutorial.py
[2025-07-28T13:51:21.613-0300] {logging_mixin.py:188} INFO - [2025-07-28T13:51:21.610-0300] {dag.py:3096} INFO - Sync 1 DAGs
[2025-07-28T13:51:21.651-0300] {logging_mixin.py:188} INFO - [2025-07-28T13:51:21.649-0300] {dag.py:3954} INFO - Setting next_dagrun for example_params_ui_tutorial to None, run_after=None
[2025-07-28T13:51:21.832-0300] {processor.py:183} INFO - Processing /mnt/c/Users/Usuario/Downloads/Automações/Climate-AgriTech-MLOps/.venv/lib/python3.12/site-packages/airflow/example_dags/example_params_ui_tutorial.py took 0.543 seconds
[2025-07-28T13:52:56.780-0300] {processor.py:161} INFO - Started process (PID=8974) to work on /mnt/c/Users/Usuario/Downloads/Automações/Climate-AgriTech-MLOps/.venv/lib/python3.12/site-packages/airflow/example_dags/example_params_ui_tutorial.py
[2025-07-28T13:52:56.787-0300] {processor.py:830} INFO - Processing file /mnt/c/Users/Usuario/Downloads/Automações/Climate-AgriTech-MLOps/.venv/lib/python3.12/site-packages/airflow/example_dags/example_params_ui_tutorial.py for tasks to queue
[2025-07-28T13:52:56.796-0300] {logging_mixin.py:188} INFO - [2025-07-28T13:52:56.792-0300] {dagbag.py:545} INFO - Filling up the DagBag from /mnt/c/Users/Usuario/Downloads/Automações/Climate-AgriTech-MLOps/.venv/lib/python3.12/site-packages/airflow/example_dags/example_params_ui_tutorial.py
[2025-07-28T13:52:56.920-0300] {processor.py:840} INFO - DAG(s) 'example_params_ui_tutorial' retrieved from /mnt/c/Users/Usuario/Downloads/Automações/Climate-AgriTech-MLOps/.venv/lib/python3.12/site-packages/airflow/example_dags/example_params_ui_tutorial.py
[2025-07-28T13:52:57.062-0300] {logging_mixin.py:188} INFO - [2025-07-28T13:52:57.059-0300] {dag.py:3096} INFO - Sync 1 DAGs
[2025-07-28T13:52:57.105-0300] {logging_mixin.py:188} INFO - [2025-07-28T13:52:57.102-0300] {dag.py:3954} INFO - Setting next_dagrun for example_params_ui_tutorial to None, run_after=None
[2025-07-28T13:52:57.317-0300] {processor.py:183} INFO - Processing /mnt/c/Users/Usuario/Downloads/Automações/Climate-AgriTech-MLOps/.venv/lib/python3.12/site-packages/airflow/example_dags/example_params_ui_tutorial.py took 0.579 seconds
[2025-07-28T13:54:29.035-0300] {processor.py:161} INFO - Started process (PID=9022) to work on /mnt/c/Users/Usuario/Downloads/Automações/Climate-AgriTech-MLOps/.venv/lib/python3.12/site-packages/airflow/example_dags/example_params_ui_tutorial.py
[2025-07-28T13:54:29.040-0300] {processor.py:830} INFO - Processing file /mnt/c/Users/Usuario/Downloads/Automações/Climate-AgriTech-MLOps/.venv/lib/python3.12/site-packages/airflow/example_dags/example_params_ui_tutorial.py for tasks to queue
[2025-07-28T13:54:29.049-0300] {logging_mixin.py:188} INFO - [2025-07-28T13:54:29.045-0300] {dagbag.py:545} INFO - Filling up the DagBag from /mnt/c/Users/Usuario/Downloads/Automações/Climate-AgriTech-MLOps/.venv/lib/python3.12/site-packages/airflow/example_dags/example_params_ui_tutorial.py
[2025-07-28T13:54:29.162-0300] {processor.py:840} INFO - DAG(s) 'example_params_ui_tutorial' retrieved from /mnt/c/Users/Usuario/Downloads/Automações/Climate-AgriTech-MLOps/.venv/lib/python3.12/site-packages/airflow/example_dags/example_params_ui_tutorial.py
[2025-07-28T13:54:29.314-0300] {logging_mixin.py:188} INFO - [2025-07-28T13:54:29.311-0300] {dag.py:3096} INFO - Sync 1 DAGs
[2025-07-28T13:54:29.359-0300] {logging_mixin.py:188} INFO - [2025-07-28T13:54:29.356-0300] {dag.py:3954} INFO - Setting next_dagrun for example_params_ui_tutorial to None, run_after=None
[2025-07-28T13:54:29.601-0300] {processor.py:183} INFO - Processing /mnt/c/Users/Usuario/Downloads/Automações/Climate-AgriTech-MLOps/.venv/lib/python3.12/site-packages/airflow/example_dags/example_params_ui_tutorial.py took 0.603 seconds
[2025-07-28T13:56:59.764-0300] {processor.py:161} INFO - Started process (PID=9131) to work on /mnt/c/Users/Usuario/Downloads/Automações/Climate-AgriTech-MLOps/.venv/lib/python3.12/site-packages/airflow/example_dags/example_params_ui_tutorial.py
[2025-07-28T13:56:59.767-0300] {processor.py:830} INFO - Processing file /mnt/c/Users/Usuario/Downloads/Automações/Climate-AgriTech-MLOps/.venv/lib/python3.12/site-packages/airflow/example_dags/example_params_ui_tutorial.py for tasks to queue
[2025-07-28T13:56:59.771-0300] {logging_mixin.py:188} INFO - [2025-07-28T13:56:59.769-0300] {dagbag.py:545} INFO - Filling up the DagBag from /mnt/c/Users/Usuario/Downloads/Automações/Climate-AgriTech-MLOps/.venv/lib/python3.12/site-packages/airflow/example_dags/example_params_ui_tutorial.py
[2025-07-28T13:56:59.808-0300] {processor.py:840} INFO - DAG(s) 'example_params_ui_tutorial' retrieved from /mnt/c/Users/Usuario/Downloads/Automações/Climate-AgriTech-MLOps/.venv/lib/python3.12/site-packages/airflow/example_dags/example_params_ui_tutorial.py
[2025-07-28T13:56:59.867-0300] {logging_mixin.py:188} INFO - [2025-07-28T13:56:59.866-0300] {dag.py:3096} INFO - Sync 1 DAGs
[2025-07-28T13:56:59.883-0300] {logging_mixin.py:188} INFO - [2025-07-28T13:56:59.882-0300] {dag.py:3954} INFO - Setting next_dagrun for example_params_ui_tutorial to None, run_after=None
[2025-07-28T13:56:59.978-0300] {processor.py:183} INFO - Processing /mnt/c/Users/Usuario/Downloads/Automações/Climate-AgriTech-MLOps/.venv/lib/python3.12/site-packages/airflow/example_dags/example_params_ui_tutorial.py took 0.231 seconds
[2025-07-28T13:58:37.239-0300] {processor.py:161} INFO - Started process (PID=9211) to work on /mnt/c/Users/Usuario/Downloads/Automações/Climate-AgriTech-MLOps/.venv/lib/python3.12/site-packages/airflow/example_dags/example_params_ui_tutorial.py
[2025-07-28T13:58:37.244-0300] {processor.py:830} INFO - Processing file /mnt/c/Users/Usuario/Downloads/Automações/Climate-AgriTech-MLOps/.venv/lib/python3.12/site-packages/airflow/example_dags/example_params_ui_tutorial.py for tasks to queue
[2025-07-28T13:58:37.253-0300] {logging_mixin.py:188} INFO - [2025-07-28T13:58:37.249-0300] {dagbag.py:545} INFO - Filling up the DagBag from /mnt/c/Users/Usuario/Downloads/Automações/Climate-AgriTech-MLOps/.venv/lib/python3.12/site-packages/airflow/example_dags/example_params_ui_tutorial.py
[2025-07-28T13:58:37.358-0300] {processor.py:840} INFO - DAG(s) 'example_params_ui_tutorial' retrieved from /mnt/c/Users/Usuario/Downloads/Automações/Climate-AgriTech-MLOps/.venv/lib/python3.12/site-packages/airflow/example_dags/example_params_ui_tutorial.py
[2025-07-28T13:58:37.500-0300] {logging_mixin.py:188} INFO - [2025-07-28T13:58:37.496-0300] {dag.py:3096} INFO - Sync 1 DAGs
[2025-07-28T13:58:37.544-0300] {logging_mixin.py:188} INFO - [2025-07-28T13:58:37.541-0300] {dag.py:3954} INFO - Setting next_dagrun for example_params_ui_tutorial to None, run_after=None
[2025-07-28T13:58:37.758-0300] {processor.py:183} INFO - Processing /mnt/c/Users/Usuario/Downloads/Automações/Climate-AgriTech-MLOps/.venv/lib/python3.12/site-packages/airflow/example_dags/example_params_ui_tutorial.py took 0.559 seconds
[2025-07-28T14:00:45.296-0300] {processor.py:161} INFO - Started process (PID=9307) to work on /mnt/c/Users/Usuario/Downloads/Automações/Climate-AgriTech-MLOps/.venv/lib/python3.12/site-packages/airflow/example_dags/example_params_ui_tutorial.py
[2025-07-28T14:00:45.299-0300] {processor.py:830} INFO - Processing file /mnt/c/Users/Usuario/Downloads/Automações/Climate-AgriTech-MLOps/.venv/lib/python3.12/site-packages/airflow/example_dags/example_params_ui_tutorial.py for tasks to queue
[2025-07-28T14:00:45.302-0300] {logging_mixin.py:188} INFO - [2025-07-28T14:00:45.300-0300] {dagbag.py:545} INFO - Filling up the DagBag from /mnt/c/Users/Usuario/Downloads/Automações/Climate-AgriTech-MLOps/.venv/lib/python3.12/site-packages/airflow/example_dags/example_params_ui_tutorial.py
[2025-07-28T14:00:45.340-0300] {processor.py:840} INFO - DAG(s) 'example_params_ui_tutorial' retrieved from /mnt/c/Users/Usuario/Downloads/Automações/Climate-AgriTech-MLOps/.venv/lib/python3.12/site-packages/airflow/example_dags/example_params_ui_tutorial.py
[2025-07-28T14:00:45.400-0300] {logging_mixin.py:188} INFO - [2025-07-28T14:00:45.398-0300] {dag.py:3096} INFO - Sync 1 DAGs
[2025-07-28T14:00:45.417-0300] {logging_mixin.py:188} INFO - [2025-07-28T14:00:45.416-0300] {dag.py:3954} INFO - Setting next_dagrun for example_params_ui_tutorial to None, run_after=None
[2025-07-28T14:00:45.504-0300] {processor.py:183} INFO - Processing /mnt/c/Users/Usuario/Downloads/Automações/Climate-AgriTech-MLOps/.venv/lib/python3.12/site-packages/airflow/example_dags/example_params_ui_tutorial.py took 0.223 seconds
