[2025-07-28T12:49:50.263-0300] {processor.py:161} INFO - Started process (PID=8028) to work on /mnt/c/Users/Usuario/Downloads/Automações/Climate-AgriTech-MLOps/.venv/lib/python3.12/site-packages/airflow/example_dags/example_short_circuit_operator.py
[2025-07-28T12:49:50.272-0300] {processor.py:830} INFO - Processing file /mnt/c/Users/Usuario/Downloads/Automações/Climate-AgriTech-MLOps/.venv/lib/python3.12/site-packages/airflow/example_dags/example_short_circuit_operator.py for tasks to queue
[2025-07-28T12:49:50.286-0300] {logging_mixin.py:188} INFO - [2025-07-28T12:49:50.282-0300] {dagbag.py:545} INFO - Filling up the DagBag from /mnt/c/Users/Usuario/Downloads/Automações/Climate-AgriTech-MLOps/.venv/lib/python3.12/site-packages/airflow/example_dags/example_short_circuit_operator.py
[2025-07-28T12:49:50.368-0300] {processor.py:840} INFO - DAG(s) 'example_short_circuit_operator' retrieved from /mnt/c/Users/Usuario/Downloads/Automações/Climate-AgriTech-MLOps/.venv/lib/python3.12/site-packages/airflow/example_dags/example_short_circuit_operator.py
[2025-07-28T12:49:53.909-0300] {logging_mixin.py:188} INFO - [2025-07-28T12:49:53.905-0300] {override.py:1829} INFO - Created Permission View: can read on DAG:example_short_circuit_operator
[2025-07-28T12:49:54.018-0300] {logging_mixin.py:188} INFO - [2025-07-28T12:49:54.015-0300] {override.py:1829} INFO - Created Permission View: can edit on DAG:example_short_circuit_operator
[2025-07-28T12:49:54.122-0300] {logging_mixin.py:188} INFO - [2025-07-28T12:49:54.119-0300] {override.py:1829} INFO - Created Permission View: can delete on DAG:example_short_circuit_operator
[2025-07-28T12:49:54.128-0300] {logging_mixin.py:188} INFO - [2025-07-28T12:49:54.125-0300] {dag.py:3096} INFO - Sync 1 DAGs
[2025-07-28T12:49:54.185-0300] {logging_mixin.py:188} INFO - [2025-07-28T12:49:54.182-0300] {dag.py:3118} INFO - Creating ORM DAG for example_short_circuit_operator
[2025-07-28T12:49:54.241-0300] {logging_mixin.py:188} INFO - [2025-07-28T12:49:54.238-0300] {dag.py:3954} INFO - Setting next_dagrun for example_short_circuit_operator to 2025-07-27 00:00:00+00:00, run_after=2025-07-28 00:00:00+00:00
[2025-07-28T12:49:54.467-0300] {processor.py:183} INFO - Processing /mnt/c/Users/Usuario/Downloads/Automações/Climate-AgriTech-MLOps/.venv/lib/python3.12/site-packages/airflow/example_dags/example_short_circuit_operator.py took 4.246 seconds
[2025-07-28T13:09:12.918-0300] {processor.py:161} INFO - Started process (PID=8658) to work on /mnt/c/Users/Usuario/Downloads/Automações/Climate-AgriTech-MLOps/.venv/lib/python3.12/site-packages/airflow/example_dags/example_short_circuit_operator.py
[2025-07-28T13:09:12.936-0300] {processor.py:830} INFO - Processing file /mnt/c/Users/Usuario/Downloads/Automações/Climate-AgriTech-MLOps/.venv/lib/python3.12/site-packages/airflow/example_dags/example_short_circuit_operator.py for tasks to queue
[2025-07-28T13:09:12.945-0300] {logging_mixin.py:188} INFO - [2025-07-28T13:09:12.941-0300] {dagbag.py:545} INFO - Filling up the DagBag from /mnt/c/Users/Usuario/Downloads/Automações/Climate-AgriTech-MLOps/.venv/lib/python3.12/site-packages/airflow/example_dags/example_short_circuit_operator.py
[2025-07-28T13:09:13.032-0300] {processor.py:840} INFO - DAG(s) 'example_short_circuit_operator' retrieved from /mnt/c/Users/Usuario/Downloads/Automações/Climate-AgriTech-MLOps/.venv/lib/python3.12/site-packages/airflow/example_dags/example_short_circuit_operator.py
[2025-07-28T13:09:16.709-0300] {logging_mixin.py:188} INFO - [2025-07-28T13:09:16.706-0300] {dag.py:3096} INFO - Sync 1 DAGs
[2025-07-28T13:09:16.768-0300] {logging_mixin.py:188} INFO - [2025-07-28T13:09:16.765-0300] {dag.py:3954} INFO - Setting next_dagrun for example_short_circuit_operator to 2025-07-27 00:00:00+00:00, run_after=2025-07-28 00:00:00+00:00
[2025-07-28T13:09:16.949-0300] {processor.py:183} INFO - Processing /mnt/c/Users/Usuario/Downloads/Automações/Climate-AgriTech-MLOps/.venv/lib/python3.12/site-packages/airflow/example_dags/example_short_circuit_operator.py took 4.068 seconds
[2025-07-28T13:46:24.551-0300] {processor.py:161} INFO - Started process (PID=8743) to work on /mnt/c/Users/Usuario/Downloads/Automações/Climate-AgriTech-MLOps/.venv/lib/python3.12/site-packages/airflow/example_dags/example_short_circuit_operator.py
[2025-07-28T13:46:24.555-0300] {processor.py:830} INFO - Processing file /mnt/c/Users/Usuario/Downloads/Automações/Climate-AgriTech-MLOps/.venv/lib/python3.12/site-packages/airflow/example_dags/example_short_circuit_operator.py for tasks to queue
[2025-07-28T13:46:24.558-0300] {logging_mixin.py:188} INFO - [2025-07-28T13:46:24.557-0300] {dagbag.py:545} INFO - Filling up the DagBag from /mnt/c/Users/Usuario/Downloads/Automações/Climate-AgriTech-MLOps/.venv/lib/python3.12/site-packages/airflow/example_dags/example_short_circuit_operator.py
[2025-07-28T13:46:24.595-0300] {processor.py:840} INFO - DAG(s) 'example_short_circuit_operator' retrieved from /mnt/c/Users/Usuario/Downloads/Automações/Climate-AgriTech-MLOps/.venv/lib/python3.12/site-packages/airflow/example_dags/example_short_circuit_operator.py
[2025-07-28T13:46:24.638-0300] {logging_mixin.py:188} INFO - [2025-07-28T13:46:24.637-0300] {dag.py:3096} INFO - Sync 1 DAGs
[2025-07-28T13:46:24.673-0300] {logging_mixin.py:188} INFO - [2025-07-28T13:46:24.672-0300] {dag.py:3954} INFO - Setting next_dagrun for example_short_circuit_operator to 2025-07-27 00:00:00+00:00, run_after=2025-07-28 00:00:00+00:00
[2025-07-28T13:46:24.773-0300] {processor.py:183} INFO - Processing /mnt/c/Users/Usuario/Downloads/Automações/Climate-AgriTech-MLOps/.venv/lib/python3.12/site-packages/airflow/example_dags/example_short_circuit_operator.py took 0.241 seconds
[2025-07-28T13:48:02.885-0300] {processor.py:161} INFO - Started process (PID=8794) to work on /mnt/c/Users/Usuario/Downloads/Automações/Climate-AgriTech-MLOps/.venv/lib/python3.12/site-packages/airflow/example_dags/example_short_circuit_operator.py
[2025-07-28T13:48:02.890-0300] {processor.py:830} INFO - Processing file /mnt/c/Users/Usuario/Downloads/Automações/Climate-AgriTech-MLOps/.venv/lib/python3.12/site-packages/airflow/example_dags/example_short_circuit_operator.py for tasks to queue
[2025-07-28T13:48:02.896-0300] {logging_mixin.py:188} INFO - [2025-07-28T13:48:02.893-0300] {dagbag.py:545} INFO - Filling up the DagBag from /mnt/c/Users/Usuario/Downloads/Automações/Climate-AgriTech-MLOps/.venv/lib/python3.12/site-packages/airflow/example_dags/example_short_circuit_operator.py
[2025-07-28T13:48:02.956-0300] {processor.py:840} INFO - DAG(s) 'example_short_circuit_operator' retrieved from /mnt/c/Users/Usuario/Downloads/Automações/Climate-AgriTech-MLOps/.venv/lib/python3.12/site-packages/airflow/example_dags/example_short_circuit_operator.py
[2025-07-28T13:48:03.278-0300] {logging_mixin.py:188} INFO - [2025-07-28T13:48:03.275-0300] {dag.py:3096} INFO - Sync 1 DAGs
[2025-07-28T13:48:03.337-0300] {logging_mixin.py:188} INFO - [2025-07-28T13:48:03.335-0300] {dag.py:3954} INFO - Setting next_dagrun for example_short_circuit_operator to 2025-07-27 00:00:00+00:00, run_after=2025-07-28 00:00:00+00:00
[2025-07-28T13:48:03.511-0300] {processor.py:183} INFO - Processing /mnt/c/Users/Usuario/Downloads/Automações/Climate-AgriTech-MLOps/.venv/lib/python3.12/site-packages/airflow/example_dags/example_short_circuit_operator.py took 0.658 seconds
[2025-07-28T13:49:35.091-0300] {processor.py:161} INFO - Started process (PID=8844) to work on /mnt/c/Users/Usuario/Downloads/Automações/Climate-AgriTech-MLOps/.venv/lib/python3.12/site-packages/airflow/example_dags/example_short_circuit_operator.py
[2025-07-28T13:49:35.096-0300] {processor.py:830} INFO - Processing file /mnt/c/Users/Usuario/Downloads/Automações/Climate-AgriTech-MLOps/.venv/lib/python3.12/site-packages/airflow/example_dags/example_short_circuit_operator.py for tasks to queue
[2025-07-28T13:49:35.102-0300] {logging_mixin.py:188} INFO - [2025-07-28T13:49:35.099-0300] {dagbag.py:545} INFO - Filling up the DagBag from /mnt/c/Users/Usuario/Downloads/Automações/Climate-AgriTech-MLOps/.venv/lib/python3.12/site-packages/airflow/example_dags/example_short_circuit_operator.py
[2025-07-28T13:49:35.175-0300] {processor.py:840} INFO - DAG(s) 'example_short_circuit_operator' retrieved from /mnt/c/Users/Usuario/Downloads/Automações/Climate-AgriTech-MLOps/.venv/lib/python3.12/site-packages/airflow/example_dags/example_short_circuit_operator.py
[2025-07-28T13:49:35.265-0300] {logging_mixin.py:188} INFO - [2025-07-28T13:49:35.263-0300] {dag.py:3096} INFO - Sync 1 DAGs
[2025-07-28T13:49:35.341-0300] {logging_mixin.py:188} INFO - [2025-07-28T13:49:35.338-0300] {dag.py:3954} INFO - Setting next_dagrun for example_short_circuit_operator to 2025-07-27 00:00:00+00:00, run_after=2025-07-28 00:00:00+00:00
[2025-07-28T13:49:35.501-0300] {processor.py:183} INFO - Processing /mnt/c/Users/Usuario/Downloads/Automações/Climate-AgriTech-MLOps/.venv/lib/python3.12/site-packages/airflow/example_dags/example_short_circuit_operator.py took 0.444 seconds
[2025-07-28T13:51:05.247-0300] {processor.py:161} INFO - Started process (PID=8898) to work on /mnt/c/Users/Usuario/Downloads/Automações/Climate-AgriTech-MLOps/.venv/lib/python3.12/site-packages/airflow/example_dags/example_short_circuit_operator.py
[2025-07-28T13:51:05.252-0300] {processor.py:830} INFO - Processing file /mnt/c/Users/Usuario/Downloads/Automações/Climate-AgriTech-MLOps/.venv/lib/python3.12/site-packages/airflow/example_dags/example_short_circuit_operator.py for tasks to queue
[2025-07-28T13:51:05.258-0300] {logging_mixin.py:188} INFO - [2025-07-28T13:51:05.255-0300] {dagbag.py:545} INFO - Filling up the DagBag from /mnt/c/Users/Usuario/Downloads/Automações/Climate-AgriTech-MLOps/.venv/lib/python3.12/site-packages/airflow/example_dags/example_short_circuit_operator.py
[2025-07-28T13:51:05.316-0300] {processor.py:840} INFO - DAG(s) 'example_short_circuit_operator' retrieved from /mnt/c/Users/Usuario/Downloads/Automações/Climate-AgriTech-MLOps/.venv/lib/python3.12/site-packages/airflow/example_dags/example_short_circuit_operator.py
[2025-07-28T13:51:05.396-0300] {logging_mixin.py:188} INFO - [2025-07-28T13:51:05.394-0300] {dag.py:3096} INFO - Sync 1 DAGs
[2025-07-28T13:51:05.458-0300] {logging_mixin.py:188} INFO - [2025-07-28T13:51:05.456-0300] {dag.py:3954} INFO - Setting next_dagrun for example_short_circuit_operator to 2025-07-27 00:00:00+00:00, run_after=2025-07-28 00:00:00+00:00
[2025-07-28T13:51:05.620-0300] {processor.py:183} INFO - Processing /mnt/c/Users/Usuario/Downloads/Automações/Climate-AgriTech-MLOps/.venv/lib/python3.12/site-packages/airflow/example_dags/example_short_circuit_operator.py took 0.405 seconds
[2025-07-28T13:52:40.212-0300] {processor.py:161} INFO - Started process (PID=8965) to work on /mnt/c/Users/Usuario/Downloads/Automações/Climate-AgriTech-MLOps/.venv/lib/python3.12/site-packages/airflow/example_dags/example_short_circuit_operator.py
[2025-07-28T13:52:40.219-0300] {processor.py:830} INFO - Processing file /mnt/c/Users/Usuario/Downloads/Automações/Climate-AgriTech-MLOps/.venv/lib/python3.12/site-packages/airflow/example_dags/example_short_circuit_operator.py for tasks to queue
[2025-07-28T13:52:40.227-0300] {logging_mixin.py:188} INFO - [2025-07-28T13:52:40.224-0300] {dagbag.py:545} INFO - Filling up the DagBag from /mnt/c/Users/Usuario/Downloads/Automações/Climate-AgriTech-MLOps/.venv/lib/python3.12/site-packages/airflow/example_dags/example_short_circuit_operator.py
[2025-07-28T13:52:40.300-0300] {processor.py:840} INFO - DAG(s) 'example_short_circuit_operator' retrieved from /mnt/c/Users/Usuario/Downloads/Automações/Climate-AgriTech-MLOps/.venv/lib/python3.12/site-packages/airflow/example_dags/example_short_circuit_operator.py
[2025-07-28T13:52:40.389-0300] {logging_mixin.py:188} INFO - [2025-07-28T13:52:40.386-0300] {dag.py:3096} INFO - Sync 1 DAGs
[2025-07-28T13:52:40.470-0300] {logging_mixin.py:188} INFO - [2025-07-28T13:52:40.468-0300] {dag.py:3954} INFO - Setting next_dagrun for example_short_circuit_operator to 2025-07-27 00:00:00+00:00, run_after=2025-07-28 00:00:00+00:00
[2025-07-28T13:52:40.653-0300] {processor.py:183} INFO - Processing /mnt/c/Users/Usuario/Downloads/Automações/Climate-AgriTech-MLOps/.venv/lib/python3.12/site-packages/airflow/example_dags/example_short_circuit_operator.py took 0.473 seconds
[2025-07-28T13:54:13.118-0300] {processor.py:161} INFO - Started process (PID=9013) to work on /mnt/c/Users/Usuario/Downloads/Automações/Climate-AgriTech-MLOps/.venv/lib/python3.12/site-packages/airflow/example_dags/example_short_circuit_operator.py
[2025-07-28T13:54:13.124-0300] {processor.py:830} INFO - Processing file /mnt/c/Users/Usuario/Downloads/Automações/Climate-AgriTech-MLOps/.venv/lib/python3.12/site-packages/airflow/example_dags/example_short_circuit_operator.py for tasks to queue
[2025-07-28T13:54:13.132-0300] {logging_mixin.py:188} INFO - [2025-07-28T13:54:13.128-0300] {dagbag.py:545} INFO - Filling up the DagBag from /mnt/c/Users/Usuario/Downloads/Automações/Climate-AgriTech-MLOps/.venv/lib/python3.12/site-packages/airflow/example_dags/example_short_circuit_operator.py
[2025-07-28T13:54:13.210-0300] {processor.py:840} INFO - DAG(s) 'example_short_circuit_operator' retrieved from /mnt/c/Users/Usuario/Downloads/Automações/Climate-AgriTech-MLOps/.venv/lib/python3.12/site-packages/airflow/example_dags/example_short_circuit_operator.py
[2025-07-28T13:54:13.312-0300] {logging_mixin.py:188} INFO - [2025-07-28T13:54:13.309-0300] {dag.py:3096} INFO - Sync 1 DAGs
[2025-07-28T13:54:13.391-0300] {logging_mixin.py:188} INFO - [2025-07-28T13:54:13.388-0300] {dag.py:3954} INFO - Setting next_dagrun for example_short_circuit_operator to 2025-07-27 00:00:00+00:00, run_after=2025-07-28 00:00:00+00:00
[2025-07-28T13:54:13.614-0300] {processor.py:183} INFO - Processing /mnt/c/Users/Usuario/Downloads/Automações/Climate-AgriTech-MLOps/.venv/lib/python3.12/site-packages/airflow/example_dags/example_short_circuit_operator.py took 0.535 seconds
[2025-07-28T13:55:48.678-0300] {processor.py:161} INFO - Started process (PID=9070) to work on /mnt/c/Users/Usuario/Downloads/Automações/Climate-AgriTech-MLOps/.venv/lib/python3.12/site-packages/airflow/example_dags/example_short_circuit_operator.py
[2025-07-28T13:55:48.684-0300] {processor.py:830} INFO - Processing file /mnt/c/Users/Usuario/Downloads/Automações/Climate-AgriTech-MLOps/.venv/lib/python3.12/site-packages/airflow/example_dags/example_short_circuit_operator.py for tasks to queue
[2025-07-28T13:55:48.696-0300] {logging_mixin.py:188} INFO - [2025-07-28T13:55:48.691-0300] {dagbag.py:545} INFO - Filling up the DagBag from /mnt/c/Users/Usuario/Downloads/Automações/Climate-AgriTech-MLOps/.venv/lib/python3.12/site-packages/airflow/example_dags/example_short_circuit_operator.py
[2025-07-28T13:55:48.780-0300] {processor.py:840} INFO - DAG(s) 'example_short_circuit_operator' retrieved from /mnt/c/Users/Usuario/Downloads/Automações/Climate-AgriTech-MLOps/.venv/lib/python3.12/site-packages/airflow/example_dags/example_short_circuit_operator.py
[2025-07-28T13:55:48.884-0300] {logging_mixin.py:188} INFO - [2025-07-28T13:55:48.880-0300] {dag.py:3096} INFO - Sync 1 DAGs
[2025-07-28T13:55:48.975-0300] {logging_mixin.py:188} INFO - [2025-07-28T13:55:48.971-0300] {dag.py:3954} INFO - Setting next_dagrun for example_short_circuit_operator to 2025-07-27 00:00:00+00:00, run_after=2025-07-28 00:00:00+00:00
[2025-07-28T13:55:49.179-0300] {processor.py:183} INFO - Processing /mnt/c/Users/Usuario/Downloads/Automações/Climate-AgriTech-MLOps/.venv/lib/python3.12/site-packages/airflow/example_dags/example_short_circuit_operator.py took 0.544 seconds
[2025-07-28T13:56:55.162-0300] {processor.py:161} INFO - Started process (PID=9124) to work on /mnt/c/Users/Usuario/Downloads/Automações/Climate-AgriTech-MLOps/.venv/lib/python3.12/site-packages/airflow/example_dags/example_short_circuit_operator.py
[2025-07-28T13:56:55.164-0300] {processor.py:830} INFO - Processing file /mnt/c/Users/Usuario/Downloads/Automações/Climate-AgriTech-MLOps/.venv/lib/python3.12/site-packages/airflow/example_dags/example_short_circuit_operator.py for tasks to queue
[2025-07-28T13:56:55.169-0300] {logging_mixin.py:188} INFO - [2025-07-28T13:56:55.167-0300] {dagbag.py:545} INFO - Filling up the DagBag from /mnt/c/Users/Usuario/Downloads/Automações/Climate-AgriTech-MLOps/.venv/lib/python3.12/site-packages/airflow/example_dags/example_short_circuit_operator.py
[2025-07-28T13:56:55.194-0300] {processor.py:840} INFO - DAG(s) 'example_short_circuit_operator' retrieved from /mnt/c/Users/Usuario/Downloads/Automações/Climate-AgriTech-MLOps/.venv/lib/python3.12/site-packages/airflow/example_dags/example_short_circuit_operator.py
[2025-07-28T13:56:55.236-0300] {logging_mixin.py:188} INFO - [2025-07-28T13:56:55.234-0300] {dag.py:3096} INFO - Sync 1 DAGs
[2025-07-28T13:56:55.272-0300] {logging_mixin.py:188} INFO - [2025-07-28T13:56:55.271-0300] {dag.py:3954} INFO - Setting next_dagrun for example_short_circuit_operator to 2025-07-27 00:00:00+00:00, run_after=2025-07-28 00:00:00+00:00
[2025-07-28T13:56:55.350-0300] {processor.py:183} INFO - Processing /mnt/c/Users/Usuario/Downloads/Automações/Climate-AgriTech-MLOps/.venv/lib/python3.12/site-packages/airflow/example_dags/example_short_circuit_operator.py took 0.205 seconds
[2025-07-28T13:58:30.032-0300] {processor.py:161} INFO - Started process (PID=9207) to work on /mnt/c/Users/Usuario/Downloads/Automações/Climate-AgriTech-MLOps/.venv/lib/python3.12/site-packages/airflow/example_dags/example_short_circuit_operator.py
[2025-07-28T13:58:30.038-0300] {processor.py:830} INFO - Processing file /mnt/c/Users/Usuario/Downloads/Automações/Climate-AgriTech-MLOps/.venv/lib/python3.12/site-packages/airflow/example_dags/example_short_circuit_operator.py for tasks to queue
[2025-07-28T13:58:30.046-0300] {logging_mixin.py:188} INFO - [2025-07-28T13:58:30.042-0300] {dagbag.py:545} INFO - Filling up the DagBag from /mnt/c/Users/Usuario/Downloads/Automações/Climate-AgriTech-MLOps/.venv/lib/python3.12/site-packages/airflow/example_dags/example_short_circuit_operator.py
[2025-07-28T13:58:30.124-0300] {processor.py:840} INFO - DAG(s) 'example_short_circuit_operator' retrieved from /mnt/c/Users/Usuario/Downloads/Automações/Climate-AgriTech-MLOps/.venv/lib/python3.12/site-packages/airflow/example_dags/example_short_circuit_operator.py
[2025-07-28T13:58:30.227-0300] {logging_mixin.py:188} INFO - [2025-07-28T13:58:30.224-0300] {dag.py:3096} INFO - Sync 1 DAGs
[2025-07-28T13:58:30.304-0300] {logging_mixin.py:188} INFO - [2025-07-28T13:58:30.301-0300] {dag.py:3954} INFO - Setting next_dagrun for example_short_circuit_operator to 2025-07-27 00:00:00+00:00, run_after=2025-07-28 00:00:00+00:00
[2025-07-28T13:58:30.507-0300] {processor.py:183} INFO - Processing /mnt/c/Users/Usuario/Downloads/Automações/Climate-AgriTech-MLOps/.venv/lib/python3.12/site-packages/airflow/example_dags/example_short_circuit_operator.py took 0.518 seconds
[2025-07-28T13:59:46.145-0300] {processor.py:161} INFO - Started process (PID=9254) to work on /mnt/c/Users/Usuario/Downloads/Automações/Climate-AgriTech-MLOps/.venv/lib/python3.12/site-packages/airflow/example_dags/example_short_circuit_operator.py
[2025-07-28T13:59:46.149-0300] {processor.py:830} INFO - Processing file /mnt/c/Users/Usuario/Downloads/Automações/Climate-AgriTech-MLOps/.venv/lib/python3.12/site-packages/airflow/example_dags/example_short_circuit_operator.py for tasks to queue
[2025-07-28T13:59:46.152-0300] {logging_mixin.py:188} INFO - [2025-07-28T13:59:46.151-0300] {dagbag.py:545} INFO - Filling up the DagBag from /mnt/c/Users/Usuario/Downloads/Automações/Climate-AgriTech-MLOps/.venv/lib/python3.12/site-packages/airflow/example_dags/example_short_circuit_operator.py
[2025-07-28T13:59:46.179-0300] {processor.py:840} INFO - DAG(s) 'example_short_circuit_operator' retrieved from /mnt/c/Users/Usuario/Downloads/Automações/Climate-AgriTech-MLOps/.venv/lib/python3.12/site-packages/airflow/example_dags/example_short_circuit_operator.py
[2025-07-28T13:59:46.219-0300] {logging_mixin.py:188} INFO - [2025-07-28T13:59:46.218-0300] {dag.py:3096} INFO - Sync 1 DAGs
[2025-07-28T13:59:46.253-0300] {logging_mixin.py:188} INFO - [2025-07-28T13:59:46.252-0300] {dag.py:3954} INFO - Setting next_dagrun for example_short_circuit_operator to 2025-07-27 00:00:00+00:00, run_after=2025-07-28 00:00:00+00:00
[2025-07-28T13:59:46.353-0300] {processor.py:183} INFO - Processing /mnt/c/Users/Usuario/Downloads/Automações/Climate-AgriTech-MLOps/.venv/lib/python3.12/site-packages/airflow/example_dags/example_short_circuit_operator.py took 0.222 seconds
[2025-07-28T14:00:43.783-0300] {processor.py:161} INFO - Started process (PID=9306) to work on /mnt/c/Users/Usuario/Downloads/Automações/Climate-AgriTech-MLOps/.venv/lib/python3.12/site-packages/airflow/example_dags/example_short_circuit_operator.py
[2025-07-28T14:00:43.786-0300] {processor.py:830} INFO - Processing file /mnt/c/Users/Usuario/Downloads/Automações/Climate-AgriTech-MLOps/.venv/lib/python3.12/site-packages/airflow/example_dags/example_short_circuit_operator.py for tasks to queue
[2025-07-28T14:00:43.790-0300] {logging_mixin.py:188} INFO - [2025-07-28T14:00:43.789-0300] {dagbag.py:545} INFO - Filling up the DagBag from /mnt/c/Users/Usuario/Downloads/Automações/Climate-AgriTech-MLOps/.venv/lib/python3.12/site-packages/airflow/example_dags/example_short_circuit_operator.py
[2025-07-28T14:00:43.817-0300] {processor.py:840} INFO - DAG(s) 'example_short_circuit_operator' retrieved from /mnt/c/Users/Usuario/Downloads/Automações/Climate-AgriTech-MLOps/.venv/lib/python3.12/site-packages/airflow/example_dags/example_short_circuit_operator.py
[2025-07-28T14:00:43.859-0300] {logging_mixin.py:188} INFO - [2025-07-28T14:00:43.858-0300] {dag.py:3096} INFO - Sync 1 DAGs
[2025-07-28T14:00:43.892-0300] {logging_mixin.py:188} INFO - [2025-07-28T14:00:43.891-0300] {dag.py:3954} INFO - Setting next_dagrun for example_short_circuit_operator to 2025-07-27 00:00:00+00:00, run_after=2025-07-28 00:00:00+00:00
[2025-07-28T14:00:43.989-0300] {processor.py:183} INFO - Processing /mnt/c/Users/Usuario/Downloads/Automações/Climate-AgriTech-MLOps/.venv/lib/python3.12/site-packages/airflow/example_dags/example_short_circuit_operator.py took 0.220 seconds
