[2025-07-28T12:51:27.631-0300] {processor.py:161} INFO - Started process (PID=8063) to work on /mnt/c/Users/Usuario/Downloads/Automações/Climate-AgriTech-MLOps/.venv/lib/python3.12/site-packages/airflow/example_dags/example_dynamic_task_mapping.py
[2025-07-28T12:51:27.640-0300] {processor.py:830} INFO - Processing file /mnt/c/Users/Usuario/Downloads/Automações/Climate-AgriTech-MLOps/.venv/lib/python3.12/site-packages/airflow/example_dags/example_dynamic_task_mapping.py for tasks to queue
[2025-07-28T12:51:27.653-0300] {logging_mixin.py:188} INFO - [2025-07-28T12:51:27.647-0300] {dagbag.py:545} INFO - Filling up the DagBag from /mnt/c/Users/Usuario/Downloads/Automações/Climate-AgriTech-MLOps/.venv/lib/python3.12/site-packages/airflow/example_dags/example_dynamic_task_mapping.py
[2025-07-28T12:51:27.756-0300] {processor.py:840} INFO - DAG(s) 'example_dynamic_task_mapping' retrieved from /mnt/c/Users/Usuario/Downloads/Automações/Climate-AgriTech-MLOps/.venv/lib/python3.12/site-packages/airflow/example_dags/example_dynamic_task_mapping.py
[2025-07-28T12:51:31.397-0300] {logging_mixin.py:188} INFO - [2025-07-28T12:51:31.394-0300] {override.py:1829} INFO - Created Permission View: can read on DAG:example_dynamic_task_mapping
[2025-07-28T12:51:31.491-0300] {logging_mixin.py:188} INFO - [2025-07-28T12:51:31.488-0300] {override.py:1829} INFO - Created Permission View: can edit on DAG:example_dynamic_task_mapping
[2025-07-28T12:51:31.574-0300] {logging_mixin.py:188} INFO - [2025-07-28T12:51:31.571-0300] {override.py:1829} INFO - Created Permission View: can delete on DAG:example_dynamic_task_mapping
[2025-07-28T12:51:31.579-0300] {logging_mixin.py:188} INFO - [2025-07-28T12:51:31.576-0300] {dag.py:3096} INFO - Sync 1 DAGs
[2025-07-28T12:51:31.620-0300] {logging_mixin.py:188} INFO - [2025-07-28T12:51:31.618-0300] {dag.py:3118} INFO - Creating ORM DAG for example_dynamic_task_mapping
[2025-07-28T12:51:31.665-0300] {logging_mixin.py:188} INFO - [2025-07-28T12:51:31.662-0300] {dag.py:3954} INFO - Setting next_dagrun for example_dynamic_task_mapping to 2022-03-04 00:00:00+00:00, run_after=2022-03-05 00:00:00+00:00
[2025-07-28T12:51:31.848-0300] {processor.py:183} INFO - Processing /mnt/c/Users/Usuario/Downloads/Automações/Climate-AgriTech-MLOps/.venv/lib/python3.12/site-packages/airflow/example_dags/example_dynamic_task_mapping.py took 4.262 seconds
[2025-07-28T13:10:42.811-0300] {processor.py:161} INFO - Started process (PID=8682) to work on /mnt/c/Users/Usuario/Downloads/Automações/Climate-AgriTech-MLOps/.venv/lib/python3.12/site-packages/airflow/example_dags/example_dynamic_task_mapping.py
[2025-07-28T13:10:42.832-0300] {processor.py:830} INFO - Processing file /mnt/c/Users/Usuario/Downloads/Automações/Climate-AgriTech-MLOps/.venv/lib/python3.12/site-packages/airflow/example_dags/example_dynamic_task_mapping.py for tasks to queue
[2025-07-28T13:10:42.841-0300] {logging_mixin.py:188} INFO - [2025-07-28T13:10:42.837-0300] {dagbag.py:545} INFO - Filling up the DagBag from /mnt/c/Users/Usuario/Downloads/Automações/Climate-AgriTech-MLOps/.venv/lib/python3.12/site-packages/airflow/example_dags/example_dynamic_task_mapping.py
[2025-07-28T13:10:42.924-0300] {processor.py:840} INFO - DAG(s) 'example_dynamic_task_mapping' retrieved from /mnt/c/Users/Usuario/Downloads/Automações/Climate-AgriTech-MLOps/.venv/lib/python3.12/site-packages/airflow/example_dags/example_dynamic_task_mapping.py
[2025-07-28T13:10:46.247-0300] {logging_mixin.py:188} INFO - [2025-07-28T13:10:46.245-0300] {dag.py:3096} INFO - Sync 1 DAGs
[2025-07-28T13:10:46.305-0300] {logging_mixin.py:188} INFO - [2025-07-28T13:10:46.303-0300] {dag.py:3954} INFO - Setting next_dagrun for example_dynamic_task_mapping to 2022-03-04 00:00:00+00:00, run_after=2022-03-05 00:00:00+00:00
[2025-07-28T13:10:46.719-0300] {processor.py:183} INFO - Processing /mnt/c/Users/Usuario/Downloads/Automações/Climate-AgriTech-MLOps/.venv/lib/python3.12/site-packages/airflow/example_dags/example_dynamic_task_mapping.py took 3.943 seconds
[2025-07-28T13:46:55.166-0300] {processor.py:161} INFO - Started process (PID=8763) to work on /mnt/c/Users/Usuario/Downloads/Automações/Climate-AgriTech-MLOps/.venv/lib/python3.12/site-packages/airflow/example_dags/example_dynamic_task_mapping.py
[2025-07-28T13:46:55.173-0300] {processor.py:830} INFO - Processing file /mnt/c/Users/Usuario/Downloads/Automações/Climate-AgriTech-MLOps/.venv/lib/python3.12/site-packages/airflow/example_dags/example_dynamic_task_mapping.py for tasks to queue
[2025-07-28T13:46:55.181-0300] {logging_mixin.py:188} INFO - [2025-07-28T13:46:55.177-0300] {dagbag.py:545} INFO - Filling up the DagBag from /mnt/c/Users/Usuario/Downloads/Automações/Climate-AgriTech-MLOps/.venv/lib/python3.12/site-packages/airflow/example_dags/example_dynamic_task_mapping.py
[2025-07-28T13:46:55.256-0300] {processor.py:840} INFO - DAG(s) 'example_dynamic_task_mapping' retrieved from /mnt/c/Users/Usuario/Downloads/Automações/Climate-AgriTech-MLOps/.venv/lib/python3.12/site-packages/airflow/example_dags/example_dynamic_task_mapping.py
[2025-07-28T13:46:55.347-0300] {logging_mixin.py:188} INFO - [2025-07-28T13:46:55.344-0300] {dag.py:3096} INFO - Sync 1 DAGs
[2025-07-28T13:46:55.429-0300] {logging_mixin.py:188} INFO - [2025-07-28T13:46:55.427-0300] {dag.py:3954} INFO - Setting next_dagrun for example_dynamic_task_mapping to 2022-03-04 00:00:00+00:00, run_after=2022-03-05 00:00:00+00:00
[2025-07-28T13:46:55.626-0300] {processor.py:183} INFO - Processing /mnt/c/Users/Usuario/Downloads/Automações/Climate-AgriTech-MLOps/.venv/lib/python3.12/site-packages/airflow/example_dags/example_dynamic_task_mapping.py took 0.495 seconds
[2025-07-28T13:50:04.599-0300] {processor.py:161} INFO - Started process (PID=8861) to work on /mnt/c/Users/Usuario/Downloads/Automações/Climate-AgriTech-MLOps/.venv/lib/python3.12/site-packages/airflow/example_dags/example_dynamic_task_mapping.py
[2025-07-28T13:50:04.605-0300] {processor.py:830} INFO - Processing file /mnt/c/Users/Usuario/Downloads/Automações/Climate-AgriTech-MLOps/.venv/lib/python3.12/site-packages/airflow/example_dags/example_dynamic_task_mapping.py for tasks to queue
[2025-07-28T13:50:04.616-0300] {logging_mixin.py:188} INFO - [2025-07-28T13:50:04.611-0300] {dagbag.py:545} INFO - Filling up the DagBag from /mnt/c/Users/Usuario/Downloads/Automações/Climate-AgriTech-MLOps/.venv/lib/python3.12/site-packages/airflow/example_dags/example_dynamic_task_mapping.py
[2025-07-28T13:50:04.709-0300] {processor.py:840} INFO - DAG(s) 'example_dynamic_task_mapping' retrieved from /mnt/c/Users/Usuario/Downloads/Automações/Climate-AgriTech-MLOps/.venv/lib/python3.12/site-packages/airflow/example_dags/example_dynamic_task_mapping.py
[2025-07-28T13:50:04.814-0300] {logging_mixin.py:188} INFO - [2025-07-28T13:50:04.810-0300] {dag.py:3096} INFO - Sync 1 DAGs
[2025-07-28T13:50:04.907-0300] {logging_mixin.py:188} INFO - [2025-07-28T13:50:04.903-0300] {dag.py:3954} INFO - Setting next_dagrun for example_dynamic_task_mapping to 2022-03-04 00:00:00+00:00, run_after=2022-03-05 00:00:00+00:00
[2025-07-28T13:50:05.117-0300] {processor.py:183} INFO - Processing /mnt/c/Users/Usuario/Downloads/Automações/Climate-AgriTech-MLOps/.venv/lib/python3.12/site-packages/airflow/example_dags/example_dynamic_task_mapping.py took 0.564 seconds
[2025-07-28T13:53:08.072-0300] {processor.py:161} INFO - Started process (PID=8980) to work on /mnt/c/Users/Usuario/Downloads/Automações/Climate-AgriTech-MLOps/.venv/lib/python3.12/site-packages/airflow/example_dags/example_dynamic_task_mapping.py
[2025-07-28T13:53:08.091-0300] {processor.py:830} INFO - Processing file /mnt/c/Users/Usuario/Downloads/Automações/Climate-AgriTech-MLOps/.venv/lib/python3.12/site-packages/airflow/example_dags/example_dynamic_task_mapping.py for tasks to queue
[2025-07-28T13:53:08.099-0300] {logging_mixin.py:188} INFO - [2025-07-28T13:53:08.095-0300] {dagbag.py:545} INFO - Filling up the DagBag from /mnt/c/Users/Usuario/Downloads/Automações/Climate-AgriTech-MLOps/.venv/lib/python3.12/site-packages/airflow/example_dags/example_dynamic_task_mapping.py
[2025-07-28T13:53:08.182-0300] {processor.py:840} INFO - DAG(s) 'example_dynamic_task_mapping' retrieved from /mnt/c/Users/Usuario/Downloads/Automações/Climate-AgriTech-MLOps/.venv/lib/python3.12/site-packages/airflow/example_dags/example_dynamic_task_mapping.py
[2025-07-28T13:53:08.264-0300] {logging_mixin.py:188} INFO - [2025-07-28T13:53:08.261-0300] {dag.py:3096} INFO - Sync 1 DAGs
[2025-07-28T13:53:08.340-0300] {logging_mixin.py:188} INFO - [2025-07-28T13:53:08.337-0300] {dag.py:3954} INFO - Setting next_dagrun for example_dynamic_task_mapping to 2022-03-04 00:00:00+00:00, run_after=2022-03-05 00:00:00+00:00
[2025-07-28T13:53:08.558-0300] {processor.py:183} INFO - Processing /mnt/c/Users/Usuario/Downloads/Automações/Climate-AgriTech-MLOps/.venv/lib/python3.12/site-packages/airflow/example_dags/example_dynamic_task_mapping.py took 0.526 seconds
[2025-07-28T13:56:14.409-0300] {processor.py:161} INFO - Started process (PID=9089) to work on /mnt/c/Users/Usuario/Downloads/Automações/Climate-AgriTech-MLOps/.venv/lib/python3.12/site-packages/airflow/example_dags/example_dynamic_task_mapping.py
[2025-07-28T13:56:14.412-0300] {processor.py:830} INFO - Processing file /mnt/c/Users/Usuario/Downloads/Automações/Climate-AgriTech-MLOps/.venv/lib/python3.12/site-packages/airflow/example_dags/example_dynamic_task_mapping.py for tasks to queue
[2025-07-28T13:56:14.414-0300] {logging_mixin.py:188} INFO - [2025-07-28T13:56:14.413-0300] {dagbag.py:545} INFO - Filling up the DagBag from /mnt/c/Users/Usuario/Downloads/Automações/Climate-AgriTech-MLOps/.venv/lib/python3.12/site-packages/airflow/example_dags/example_dynamic_task_mapping.py
[2025-07-28T13:56:14.443-0300] {processor.py:840} INFO - DAG(s) 'example_dynamic_task_mapping' retrieved from /mnt/c/Users/Usuario/Downloads/Automações/Climate-AgriTech-MLOps/.venv/lib/python3.12/site-packages/airflow/example_dags/example_dynamic_task_mapping.py
[2025-07-28T13:56:14.481-0300] {logging_mixin.py:188} INFO - [2025-07-28T13:56:14.480-0300] {dag.py:3096} INFO - Sync 1 DAGs
[2025-07-28T13:56:14.513-0300] {logging_mixin.py:188} INFO - [2025-07-28T13:56:14.512-0300] {dag.py:3954} INFO - Setting next_dagrun for example_dynamic_task_mapping to 2022-03-04 00:00:00+00:00, run_after=2022-03-05 00:00:00+00:00
[2025-07-28T13:56:14.593-0300] {processor.py:183} INFO - Processing /mnt/c/Users/Usuario/Downloads/Automações/Climate-AgriTech-MLOps/.venv/lib/python3.12/site-packages/airflow/example_dags/example_dynamic_task_mapping.py took 0.199 seconds
[2025-07-28T13:57:53.732-0300] {processor.py:161} INFO - Started process (PID=9177) to work on /mnt/c/Users/Usuario/Downloads/Automações/Climate-AgriTech-MLOps/.venv/lib/python3.12/site-packages/airflow/example_dags/example_dynamic_task_mapping.py
[2025-07-28T13:57:53.735-0300] {processor.py:830} INFO - Processing file /mnt/c/Users/Usuario/Downloads/Automações/Climate-AgriTech-MLOps/.venv/lib/python3.12/site-packages/airflow/example_dags/example_dynamic_task_mapping.py for tasks to queue
[2025-07-28T13:57:53.738-0300] {logging_mixin.py:188} INFO - [2025-07-28T13:57:53.736-0300] {dagbag.py:545} INFO - Filling up the DagBag from /mnt/c/Users/Usuario/Downloads/Automações/Climate-AgriTech-MLOps/.venv/lib/python3.12/site-packages/airflow/example_dags/example_dynamic_task_mapping.py
[2025-07-28T13:57:53.764-0300] {processor.py:840} INFO - DAG(s) 'example_dynamic_task_mapping' retrieved from /mnt/c/Users/Usuario/Downloads/Automações/Climate-AgriTech-MLOps/.venv/lib/python3.12/site-packages/airflow/example_dags/example_dynamic_task_mapping.py
[2025-07-28T13:57:53.807-0300] {logging_mixin.py:188} INFO - [2025-07-28T13:57:53.805-0300] {dag.py:3096} INFO - Sync 1 DAGs
[2025-07-28T13:57:53.841-0300] {logging_mixin.py:188} INFO - [2025-07-28T13:57:53.840-0300] {dag.py:3954} INFO - Setting next_dagrun for example_dynamic_task_mapping to 2022-03-04 00:00:00+00:00, run_after=2022-03-05 00:00:00+00:00
[2025-07-28T13:57:53.927-0300] {processor.py:183} INFO - Processing /mnt/c/Users/Usuario/Downloads/Automações/Climate-AgriTech-MLOps/.venv/lib/python3.12/site-packages/airflow/example_dags/example_dynamic_task_mapping.py took 0.214 seconds
[2025-07-28T14:00:05.169-0300] {processor.py:161} INFO - Started process (PID=9272) to work on /mnt/c/Users/Usuario/Downloads/Automações/Climate-AgriTech-MLOps/.venv/lib/python3.12/site-packages/airflow/example_dags/example_dynamic_task_mapping.py
[2025-07-28T14:00:05.171-0300] {processor.py:830} INFO - Processing file /mnt/c/Users/Usuario/Downloads/Automações/Climate-AgriTech-MLOps/.venv/lib/python3.12/site-packages/airflow/example_dags/example_dynamic_task_mapping.py for tasks to queue
[2025-07-28T14:00:05.174-0300] {logging_mixin.py:188} INFO - [2025-07-28T14:00:05.172-0300] {dagbag.py:545} INFO - Filling up the DagBag from /mnt/c/Users/Usuario/Downloads/Automações/Climate-AgriTech-MLOps/.venv/lib/python3.12/site-packages/airflow/example_dags/example_dynamic_task_mapping.py
[2025-07-28T14:00:05.200-0300] {processor.py:840} INFO - DAG(s) 'example_dynamic_task_mapping' retrieved from /mnt/c/Users/Usuario/Downloads/Automações/Climate-AgriTech-MLOps/.venv/lib/python3.12/site-packages/airflow/example_dags/example_dynamic_task_mapping.py
[2025-07-28T14:00:05.239-0300] {logging_mixin.py:188} INFO - [2025-07-28T14:00:05.238-0300] {dag.py:3096} INFO - Sync 1 DAGs
[2025-07-28T14:00:05.274-0300] {logging_mixin.py:188} INFO - [2025-07-28T14:00:05.273-0300] {dag.py:3954} INFO - Setting next_dagrun for example_dynamic_task_mapping to 2022-03-04 00:00:00+00:00, run_after=2022-03-05 00:00:00+00:00
[2025-07-28T14:00:05.369-0300] {processor.py:183} INFO - Processing /mnt/c/Users/Usuario/Downloads/Automações/Climate-AgriTech-MLOps/.venv/lib/python3.12/site-packages/airflow/example_dags/example_dynamic_task_mapping.py took 0.216 seconds
[2025-07-28T14:01:39.038-0300] {processor.py:161} INFO - Started process (PID=9354) to work on /mnt/c/Users/Usuario/Downloads/Automações/Climate-AgriTech-MLOps/.venv/lib/python3.12/site-packages/airflow/example_dags/example_dynamic_task_mapping.py
[2025-07-28T14:01:39.040-0300] {processor.py:830} INFO - Processing file /mnt/c/Users/Usuario/Downloads/Automações/Climate-AgriTech-MLOps/.venv/lib/python3.12/site-packages/airflow/example_dags/example_dynamic_task_mapping.py for tasks to queue
[2025-07-28T14:01:39.043-0300] {logging_mixin.py:188} INFO - [2025-07-28T14:01:39.042-0300] {dagbag.py:545} INFO - Filling up the DagBag from /mnt/c/Users/Usuario/Downloads/Automações/Climate-AgriTech-MLOps/.venv/lib/python3.12/site-packages/airflow/example_dags/example_dynamic_task_mapping.py
[2025-07-28T14:01:39.069-0300] {processor.py:840} INFO - DAG(s) 'example_dynamic_task_mapping' retrieved from /mnt/c/Users/Usuario/Downloads/Automações/Climate-AgriTech-MLOps/.venv/lib/python3.12/site-packages/airflow/example_dags/example_dynamic_task_mapping.py
[2025-07-28T14:01:39.109-0300] {logging_mixin.py:188} INFO - [2025-07-28T14:01:39.108-0300] {dag.py:3096} INFO - Sync 1 DAGs
[2025-07-28T14:01:39.142-0300] {logging_mixin.py:188} INFO - [2025-07-28T14:01:39.141-0300] {dag.py:3954} INFO - Setting next_dagrun for example_dynamic_task_mapping to 2022-03-04 00:00:00+00:00, run_after=2022-03-05 00:00:00+00:00
[2025-07-28T14:01:39.244-0300] {processor.py:183} INFO - Processing /mnt/c/Users/Usuario/Downloads/Automações/Climate-AgriTech-MLOps/.venv/lib/python3.12/site-packages/airflow/example_dags/example_dynamic_task_mapping.py took 0.219 seconds
