[2025-07-28T12:51:15.630-0300] {processor.py:161} INFO - Started process (PID=8061) to work on /mnt/c/Users/Usuario/Downloads/Automações/Climate-AgriTech-MLOps/.venv/lib/python3.12/site-packages/airflow/example_dags/example_external_task_marker_dag.py
[2025-07-28T12:51:15.635-0300] {processor.py:830} INFO - Processing file /mnt/c/Users/Usuario/Downloads/Automações/Climate-AgriTech-MLOps/.venv/lib/python3.12/site-packages/airflow/example_dags/example_external_task_marker_dag.py for tasks to queue
[2025-07-28T12:51:15.649-0300] {logging_mixin.py:188} INFO - [2025-07-28T12:51:15.646-0300] {dagbag.py:545} INFO - Filling up the DagBag from /mnt/c/Users/Usuario/Downloads/Automações/Climate-AgriTech-MLOps/.venv/lib/python3.12/site-packages/airflow/example_dags/example_external_task_marker_dag.py
[2025-07-28T12:51:15.748-0300] {processor.py:840} INFO - DAG(s) 'example_external_task_marker_child', 'example_external_task_marker_parent' retrieved from /mnt/c/Users/Usuario/Downloads/Automações/Climate-AgriTech-MLOps/.venv/lib/python3.12/site-packages/airflow/example_dags/example_external_task_marker_dag.py
[2025-07-28T12:51:19.690-0300] {logging_mixin.py:188} INFO - [2025-07-28T12:51:19.687-0300] {override.py:1829} INFO - Created Permission View: can read on DAG:example_external_task_marker_child
[2025-07-28T12:51:19.798-0300] {logging_mixin.py:188} INFO - [2025-07-28T12:51:19.795-0300] {override.py:1829} INFO - Created Permission View: can edit on DAG:example_external_task_marker_child
[2025-07-28T12:51:19.896-0300] {logging_mixin.py:188} INFO - [2025-07-28T12:51:19.893-0300] {override.py:1829} INFO - Created Permission View: can delete on DAG:example_external_task_marker_child
[2025-07-28T12:51:20.087-0300] {logging_mixin.py:188} INFO - [2025-07-28T12:51:20.085-0300] {override.py:1829} INFO - Created Permission View: can read on DAG:example_external_task_marker_parent
[2025-07-28T12:51:20.177-0300] {logging_mixin.py:188} INFO - [2025-07-28T12:51:20.173-0300] {override.py:1829} INFO - Created Permission View: can edit on DAG:example_external_task_marker_parent
[2025-07-28T12:51:20.272-0300] {logging_mixin.py:188} INFO - [2025-07-28T12:51:20.269-0300] {override.py:1829} INFO - Created Permission View: can delete on DAG:example_external_task_marker_parent
[2025-07-28T12:51:20.278-0300] {logging_mixin.py:188} INFO - [2025-07-28T12:51:20.275-0300] {dag.py:3096} INFO - Sync 2 DAGs
[2025-07-28T12:51:20.329-0300] {logging_mixin.py:188} INFO - [2025-07-28T12:51:20.326-0300] {dag.py:3118} INFO - Creating ORM DAG for example_external_task_marker_parent
[2025-07-28T12:51:20.336-0300] {logging_mixin.py:188} INFO - [2025-07-28T12:51:20.333-0300] {dag.py:3118} INFO - Creating ORM DAG for example_external_task_marker_child
[2025-07-28T12:51:20.342-0300] {logging_mixin.py:188} INFO - [2025-07-28T12:51:20.340-0300] {dag.py:3954} INFO - Setting next_dagrun for example_external_task_marker_child to None, run_after=None
[2025-07-28T12:51:20.349-0300] {logging_mixin.py:188} INFO - [2025-07-28T12:51:20.346-0300] {dag.py:3954} INFO - Setting next_dagrun for example_external_task_marker_parent to None, run_after=None
[2025-07-28T12:51:20.541-0300] {processor.py:183} INFO - Processing /mnt/c/Users/Usuario/Downloads/Automações/Climate-AgriTech-MLOps/.venv/lib/python3.12/site-packages/airflow/example_dags/example_external_task_marker_dag.py took 4.961 seconds
[2025-07-28T13:10:32.576-0300] {processor.py:161} INFO - Started process (PID=8680) to work on /mnt/c/Users/Usuario/Downloads/Automações/Climate-AgriTech-MLOps/.venv/lib/python3.12/site-packages/airflow/example_dags/example_external_task_marker_dag.py
[2025-07-28T13:10:32.582-0300] {processor.py:830} INFO - Processing file /mnt/c/Users/Usuario/Downloads/Automações/Climate-AgriTech-MLOps/.venv/lib/python3.12/site-packages/airflow/example_dags/example_external_task_marker_dag.py for tasks to queue
[2025-07-28T13:10:32.591-0300] {logging_mixin.py:188} INFO - [2025-07-28T13:10:32.587-0300] {dagbag.py:545} INFO - Filling up the DagBag from /mnt/c/Users/Usuario/Downloads/Automações/Climate-AgriTech-MLOps/.venv/lib/python3.12/site-packages/airflow/example_dags/example_external_task_marker_dag.py
[2025-07-28T13:10:32.657-0300] {processor.py:840} INFO - DAG(s) 'example_external_task_marker_parent', 'example_external_task_marker_child' retrieved from /mnt/c/Users/Usuario/Downloads/Automações/Climate-AgriTech-MLOps/.venv/lib/python3.12/site-packages/airflow/example_dags/example_external_task_marker_dag.py
[2025-07-28T13:10:35.430-0300] {logging_mixin.py:188} INFO - [2025-07-28T13:10:35.428-0300] {dag.py:3096} INFO - Sync 2 DAGs
[2025-07-28T13:10:35.458-0300] {logging_mixin.py:188} INFO - [2025-07-28T13:10:35.455-0300] {dag.py:3954} INFO - Setting next_dagrun for example_external_task_marker_child to None, run_after=None
[2025-07-28T13:10:35.474-0300] {logging_mixin.py:188} INFO - [2025-07-28T13:10:35.471-0300] {dag.py:3954} INFO - Setting next_dagrun for example_external_task_marker_parent to None, run_after=None
[2025-07-28T13:10:35.666-0300] {processor.py:183} INFO - Processing /mnt/c/Users/Usuario/Downloads/Automações/Climate-AgriTech-MLOps/.venv/lib/python3.12/site-packages/airflow/example_dags/example_external_task_marker_dag.py took 3.748 seconds
[2025-07-28T13:46:50.517-0300] {processor.py:161} INFO - Started process (PID=8761) to work on /mnt/c/Users/Usuario/Downloads/Automações/Climate-AgriTech-MLOps/.venv/lib/python3.12/site-packages/airflow/example_dags/example_external_task_marker_dag.py
[2025-07-28T13:46:50.571-0300] {processor.py:830} INFO - Processing file /mnt/c/Users/Usuario/Downloads/Automações/Climate-AgriTech-MLOps/.venv/lib/python3.12/site-packages/airflow/example_dags/example_external_task_marker_dag.py for tasks to queue
[2025-07-28T13:46:50.580-0300] {logging_mixin.py:188} INFO - [2025-07-28T13:46:50.576-0300] {dagbag.py:545} INFO - Filling up the DagBag from /mnt/c/Users/Usuario/Downloads/Automações/Climate-AgriTech-MLOps/.venv/lib/python3.12/site-packages/airflow/example_dags/example_external_task_marker_dag.py
[2025-07-28T13:46:50.667-0300] {processor.py:840} INFO - DAG(s) 'example_external_task_marker_parent', 'example_external_task_marker_child' retrieved from /mnt/c/Users/Usuario/Downloads/Automações/Climate-AgriTech-MLOps/.venv/lib/python3.12/site-packages/airflow/example_dags/example_external_task_marker_dag.py
[2025-07-28T13:46:50.800-0300] {logging_mixin.py:188} INFO - [2025-07-28T13:46:50.797-0300] {dag.py:3096} INFO - Sync 2 DAGs
[2025-07-28T13:46:50.845-0300] {logging_mixin.py:188} INFO - [2025-07-28T13:46:50.841-0300] {dag.py:3954} INFO - Setting next_dagrun for example_external_task_marker_child to None, run_after=None
[2025-07-28T13:46:50.866-0300] {logging_mixin.py:188} INFO - [2025-07-28T13:46:50.863-0300] {dag.py:3954} INFO - Setting next_dagrun for example_external_task_marker_parent to None, run_after=None
[2025-07-28T13:46:51.143-0300] {processor.py:183} INFO - Processing /mnt/c/Users/Usuario/Downloads/Automações/Climate-AgriTech-MLOps/.venv/lib/python3.12/site-packages/airflow/example_dags/example_external_task_marker_dag.py took 0.667 seconds
[2025-07-28T13:49:56.094-0300] {processor.py:161} INFO - Started process (PID=8859) to work on /mnt/c/Users/Usuario/Downloads/Automações/Climate-AgriTech-MLOps/.venv/lib/python3.12/site-packages/airflow/example_dags/example_external_task_marker_dag.py
[2025-07-28T13:49:56.099-0300] {processor.py:830} INFO - Processing file /mnt/c/Users/Usuario/Downloads/Automações/Climate-AgriTech-MLOps/.venv/lib/python3.12/site-packages/airflow/example_dags/example_external_task_marker_dag.py for tasks to queue
[2025-07-28T13:49:56.105-0300] {logging_mixin.py:188} INFO - [2025-07-28T13:49:56.103-0300] {dagbag.py:545} INFO - Filling up the DagBag from /mnt/c/Users/Usuario/Downloads/Automações/Climate-AgriTech-MLOps/.venv/lib/python3.12/site-packages/airflow/example_dags/example_external_task_marker_dag.py
[2025-07-28T13:49:56.159-0300] {processor.py:840} INFO - DAG(s) 'example_external_task_marker_parent', 'example_external_task_marker_child' retrieved from /mnt/c/Users/Usuario/Downloads/Automações/Climate-AgriTech-MLOps/.venv/lib/python3.12/site-packages/airflow/example_dags/example_external_task_marker_dag.py
[2025-07-28T13:49:56.247-0300] {logging_mixin.py:188} INFO - [2025-07-28T13:49:56.245-0300] {dag.py:3096} INFO - Sync 2 DAGs
[2025-07-28T13:49:56.280-0300] {logging_mixin.py:188} INFO - [2025-07-28T13:49:56.277-0300] {dag.py:3954} INFO - Setting next_dagrun for example_external_task_marker_child to None, run_after=None
[2025-07-28T13:49:56.293-0300] {logging_mixin.py:188} INFO - [2025-07-28T13:49:56.291-0300] {dag.py:3954} INFO - Setting next_dagrun for example_external_task_marker_parent to None, run_after=None
[2025-07-28T13:49:56.450-0300] {processor.py:183} INFO - Processing /mnt/c/Users/Usuario/Downloads/Automações/Climate-AgriTech-MLOps/.venv/lib/python3.12/site-packages/airflow/example_dags/example_external_task_marker_dag.py took 0.386 seconds
[2025-07-28T13:53:04.115-0300] {processor.py:161} INFO - Started process (PID=8978) to work on /mnt/c/Users/Usuario/Downloads/Automações/Climate-AgriTech-MLOps/.venv/lib/python3.12/site-packages/airflow/example_dags/example_external_task_marker_dag.py
[2025-07-28T13:53:04.134-0300] {processor.py:830} INFO - Processing file /mnt/c/Users/Usuario/Downloads/Automações/Climate-AgriTech-MLOps/.venv/lib/python3.12/site-packages/airflow/example_dags/example_external_task_marker_dag.py for tasks to queue
[2025-07-28T13:53:04.145-0300] {logging_mixin.py:188} INFO - [2025-07-28T13:53:04.140-0300] {dagbag.py:545} INFO - Filling up the DagBag from /mnt/c/Users/Usuario/Downloads/Automações/Climate-AgriTech-MLOps/.venv/lib/python3.12/site-packages/airflow/example_dags/example_external_task_marker_dag.py
[2025-07-28T13:53:04.229-0300] {processor.py:840} INFO - DAG(s) 'example_external_task_marker_child', 'example_external_task_marker_parent' retrieved from /mnt/c/Users/Usuario/Downloads/Automações/Climate-AgriTech-MLOps/.venv/lib/python3.12/site-packages/airflow/example_dags/example_external_task_marker_dag.py
[2025-07-28T13:53:04.343-0300] {logging_mixin.py:188} INFO - [2025-07-28T13:53:04.339-0300] {dag.py:3096} INFO - Sync 2 DAGs
[2025-07-28T13:53:04.386-0300] {logging_mixin.py:188} INFO - [2025-07-28T13:53:04.383-0300] {dag.py:3954} INFO - Setting next_dagrun for example_external_task_marker_child to None, run_after=None
[2025-07-28T13:53:04.408-0300] {logging_mixin.py:188} INFO - [2025-07-28T13:53:04.405-0300] {dag.py:3954} INFO - Setting next_dagrun for example_external_task_marker_parent to None, run_after=None
[2025-07-28T13:53:04.579-0300] {processor.py:183} INFO - Processing /mnt/c/Users/Usuario/Downloads/Automações/Climate-AgriTech-MLOps/.venv/lib/python3.12/site-packages/airflow/example_dags/example_external_task_marker_dag.py took 0.509 seconds
[2025-07-28T13:56:11.710-0300] {processor.py:161} INFO - Started process (PID=9087) to work on /mnt/c/Users/Usuario/Downloads/Automações/Climate-AgriTech-MLOps/.venv/lib/python3.12/site-packages/airflow/example_dags/example_external_task_marker_dag.py
[2025-07-28T13:56:11.713-0300] {processor.py:830} INFO - Processing file /mnt/c/Users/Usuario/Downloads/Automações/Climate-AgriTech-MLOps/.venv/lib/python3.12/site-packages/airflow/example_dags/example_external_task_marker_dag.py for tasks to queue
[2025-07-28T13:56:11.716-0300] {logging_mixin.py:188} INFO - [2025-07-28T13:56:11.714-0300] {dagbag.py:545} INFO - Filling up the DagBag from /mnt/c/Users/Usuario/Downloads/Automações/Climate-AgriTech-MLOps/.venv/lib/python3.12/site-packages/airflow/example_dags/example_external_task_marker_dag.py
[2025-07-28T13:56:11.742-0300] {processor.py:840} INFO - DAG(s) 'example_external_task_marker_child', 'example_external_task_marker_parent' retrieved from /mnt/c/Users/Usuario/Downloads/Automações/Climate-AgriTech-MLOps/.venv/lib/python3.12/site-packages/airflow/example_dags/example_external_task_marker_dag.py
[2025-07-28T13:56:11.791-0300] {logging_mixin.py:188} INFO - [2025-07-28T13:56:11.789-0300] {dag.py:3096} INFO - Sync 2 DAGs
[2025-07-28T13:56:11.809-0300] {logging_mixin.py:188} INFO - [2025-07-28T13:56:11.808-0300] {dag.py:3954} INFO - Setting next_dagrun for example_external_task_marker_child to None, run_after=None
[2025-07-28T13:56:11.818-0300] {logging_mixin.py:188} INFO - [2025-07-28T13:56:11.816-0300] {dag.py:3954} INFO - Setting next_dagrun for example_external_task_marker_parent to None, run_after=None
[2025-07-28T13:56:11.910-0300] {processor.py:183} INFO - Processing /mnt/c/Users/Usuario/Downloads/Automações/Climate-AgriTech-MLOps/.venv/lib/python3.12/site-packages/airflow/example_dags/example_external_task_marker_dag.py took 0.216 seconds
[2025-07-28T13:57:50.873-0300] {processor.py:161} INFO - Started process (PID=9175) to work on /mnt/c/Users/Usuario/Downloads/Automações/Climate-AgriTech-MLOps/.venv/lib/python3.12/site-packages/airflow/example_dags/example_external_task_marker_dag.py
[2025-07-28T13:57:50.875-0300] {processor.py:830} INFO - Processing file /mnt/c/Users/Usuario/Downloads/Automações/Climate-AgriTech-MLOps/.venv/lib/python3.12/site-packages/airflow/example_dags/example_external_task_marker_dag.py for tasks to queue
[2025-07-28T13:57:50.878-0300] {logging_mixin.py:188} INFO - [2025-07-28T13:57:50.876-0300] {dagbag.py:545} INFO - Filling up the DagBag from /mnt/c/Users/Usuario/Downloads/Automações/Climate-AgriTech-MLOps/.venv/lib/python3.12/site-packages/airflow/example_dags/example_external_task_marker_dag.py
[2025-07-28T13:57:50.903-0300] {processor.py:840} INFO - DAG(s) 'example_external_task_marker_child', 'example_external_task_marker_parent' retrieved from /mnt/c/Users/Usuario/Downloads/Automações/Climate-AgriTech-MLOps/.venv/lib/python3.12/site-packages/airflow/example_dags/example_external_task_marker_dag.py
[2025-07-28T13:57:50.948-0300] {logging_mixin.py:188} INFO - [2025-07-28T13:57:50.947-0300] {dag.py:3096} INFO - Sync 2 DAGs
[2025-07-28T13:57:50.964-0300] {logging_mixin.py:188} INFO - [2025-07-28T13:57:50.962-0300] {dag.py:3954} INFO - Setting next_dagrun for example_external_task_marker_child to None, run_after=None
[2025-07-28T13:57:50.971-0300] {logging_mixin.py:188} INFO - [2025-07-28T13:57:50.970-0300] {dag.py:3954} INFO - Setting next_dagrun for example_external_task_marker_parent to None, run_after=None
[2025-07-28T13:57:51.072-0300] {processor.py:183} INFO - Processing /mnt/c/Users/Usuario/Downloads/Automações/Climate-AgriTech-MLOps/.venv/lib/python3.12/site-packages/airflow/example_dags/example_external_task_marker_dag.py took 0.213 seconds
[2025-07-28T14:00:02.268-0300] {processor.py:161} INFO - Started process (PID=9270) to work on /mnt/c/Users/Usuario/Downloads/Automações/Climate-AgriTech-MLOps/.venv/lib/python3.12/site-packages/airflow/example_dags/example_external_task_marker_dag.py
[2025-07-28T14:00:02.270-0300] {processor.py:830} INFO - Processing file /mnt/c/Users/Usuario/Downloads/Automações/Climate-AgriTech-MLOps/.venv/lib/python3.12/site-packages/airflow/example_dags/example_external_task_marker_dag.py for tasks to queue
[2025-07-28T14:00:02.273-0300] {logging_mixin.py:188} INFO - [2025-07-28T14:00:02.272-0300] {dagbag.py:545} INFO - Filling up the DagBag from /mnt/c/Users/Usuario/Downloads/Automações/Climate-AgriTech-MLOps/.venv/lib/python3.12/site-packages/airflow/example_dags/example_external_task_marker_dag.py
[2025-07-28T14:00:02.320-0300] {processor.py:840} INFO - DAG(s) 'example_external_task_marker_child', 'example_external_task_marker_parent' retrieved from /mnt/c/Users/Usuario/Downloads/Automações/Climate-AgriTech-MLOps/.venv/lib/python3.12/site-packages/airflow/example_dags/example_external_task_marker_dag.py
[2025-07-28T14:00:02.372-0300] {logging_mixin.py:188} INFO - [2025-07-28T14:00:02.371-0300] {dag.py:3096} INFO - Sync 2 DAGs
[2025-07-28T14:00:02.391-0300] {logging_mixin.py:188} INFO - [2025-07-28T14:00:02.389-0300] {dag.py:3954} INFO - Setting next_dagrun for example_external_task_marker_child to None, run_after=None
[2025-07-28T14:00:02.400-0300] {logging_mixin.py:188} INFO - [2025-07-28T14:00:02.399-0300] {dag.py:3954} INFO - Setting next_dagrun for example_external_task_marker_parent to None, run_after=None
[2025-07-28T14:00:02.488-0300] {processor.py:183} INFO - Processing /mnt/c/Users/Usuario/Downloads/Automações/Climate-AgriTech-MLOps/.venv/lib/python3.12/site-packages/airflow/example_dags/example_external_task_marker_dag.py took 0.236 seconds
[2025-07-28T14:01:36.501-0300] {processor.py:161} INFO - Started process (PID=9352) to work on /mnt/c/Users/Usuario/Downloads/Automações/Climate-AgriTech-MLOps/.venv/lib/python3.12/site-packages/airflow/example_dags/example_external_task_marker_dag.py
[2025-07-28T14:01:36.504-0300] {processor.py:830} INFO - Processing file /mnt/c/Users/Usuario/Downloads/Automações/Climate-AgriTech-MLOps/.venv/lib/python3.12/site-packages/airflow/example_dags/example_external_task_marker_dag.py for tasks to queue
[2025-07-28T14:01:36.508-0300] {logging_mixin.py:188} INFO - [2025-07-28T14:01:36.506-0300] {dagbag.py:545} INFO - Filling up the DagBag from /mnt/c/Users/Usuario/Downloads/Automações/Climate-AgriTech-MLOps/.venv/lib/python3.12/site-packages/airflow/example_dags/example_external_task_marker_dag.py
[2025-07-28T14:01:36.533-0300] {processor.py:840} INFO - DAG(s) 'example_external_task_marker_child', 'example_external_task_marker_parent' retrieved from /mnt/c/Users/Usuario/Downloads/Automações/Climate-AgriTech-MLOps/.venv/lib/python3.12/site-packages/airflow/example_dags/example_external_task_marker_dag.py
[2025-07-28T14:01:36.578-0300] {logging_mixin.py:188} INFO - [2025-07-28T14:01:36.577-0300] {dag.py:3096} INFO - Sync 2 DAGs
[2025-07-28T14:01:36.595-0300] {logging_mixin.py:188} INFO - [2025-07-28T14:01:36.593-0300] {dag.py:3954} INFO - Setting next_dagrun for example_external_task_marker_child to None, run_after=None
[2025-07-28T14:01:36.603-0300] {logging_mixin.py:188} INFO - [2025-07-28T14:01:36.602-0300] {dag.py:3954} INFO - Setting next_dagrun for example_external_task_marker_parent to None, run_after=None
[2025-07-28T14:01:36.709-0300] {processor.py:183} INFO - Processing /mnt/c/Users/Usuario/Downloads/Automações/Climate-AgriTech-MLOps/.venv/lib/python3.12/site-packages/airflow/example_dags/example_external_task_marker_dag.py took 0.224 seconds
