[2025-07-28T12:48:50.127-0300] {processor.py:161} INFO - Started process (PID=7975) to work on /mnt/c/Users/Usuario/Downloads/Automações/Climate-AgriTech-MLOps/.venv/lib/python3.12/site-packages/airflow/example_dags/example_xcomargs.py
[2025-07-28T12:48:50.131-0300] {processor.py:830} INFO - Processing file /mnt/c/Users/Usuario/Downloads/Automações/Climate-AgriTech-MLOps/.venv/lib/python3.12/site-packages/airflow/example_dags/example_xcomargs.py for tasks to queue
[2025-07-28T12:48:50.140-0300] {logging_mixin.py:188} INFO - [2025-07-28T12:48:50.137-0300] {dagbag.py:545} INFO - Filling up the DagBag from /mnt/c/Users/Usuario/Downloads/Automações/Climate-AgriTech-MLOps/.venv/lib/python3.12/site-packages/airflow/example_dags/example_xcomargs.py
[2025-07-28T12:48:50.464-0300] {processor.py:840} INFO - DAG(s) 'example_xcom_args_with_operators', 'example_xcom_args' retrieved from /mnt/c/Users/Usuario/Downloads/Automações/Climate-AgriTech-MLOps/.venv/lib/python3.12/site-packages/airflow/example_dags/example_xcomargs.py
[2025-07-28T12:48:54.241-0300] {logging_mixin.py:188} INFO - [2025-07-28T12:48:54.237-0300] {override.py:1829} INFO - Created Permission View: can read on DAG:example_xcom_args_with_operators
[2025-07-28T12:48:54.337-0300] {logging_mixin.py:188} INFO - [2025-07-28T12:48:54.334-0300] {override.py:1829} INFO - Created Permission View: can edit on DAG:example_xcom_args_with_operators
[2025-07-28T12:48:54.428-0300] {logging_mixin.py:188} INFO - [2025-07-28T12:48:54.425-0300] {override.py:1829} INFO - Created Permission View: can delete on DAG:example_xcom_args_with_operators
[2025-07-28T12:48:54.607-0300] {logging_mixin.py:188} INFO - [2025-07-28T12:48:54.605-0300] {override.py:1829} INFO - Created Permission View: can read on DAG:example_xcom_args
[2025-07-28T12:48:54.694-0300] {logging_mixin.py:188} INFO - [2025-07-28T12:48:54.692-0300] {override.py:1829} INFO - Created Permission View: can edit on DAG:example_xcom_args
[2025-07-28T12:48:54.781-0300] {logging_mixin.py:188} INFO - [2025-07-28T12:48:54.778-0300] {override.py:1829} INFO - Created Permission View: can delete on DAG:example_xcom_args
[2025-07-28T12:48:54.786-0300] {logging_mixin.py:188} INFO - [2025-07-28T12:48:54.784-0300] {dag.py:3096} INFO - Sync 2 DAGs
[2025-07-28T12:48:54.838-0300] {logging_mixin.py:188} INFO - [2025-07-28T12:48:54.835-0300] {dag.py:3118} INFO - Creating ORM DAG for example_xcom_args_with_operators
[2025-07-28T12:48:54.845-0300] {logging_mixin.py:188} INFO - [2025-07-28T12:48:54.842-0300] {dag.py:3118} INFO - Creating ORM DAG for example_xcom_args
[2025-07-28T12:48:54.850-0300] {logging_mixin.py:188} INFO - [2025-07-28T12:48:54.848-0300] {dag.py:3954} INFO - Setting next_dagrun for example_xcom_args to None, run_after=None
[2025-07-28T12:48:54.856-0300] {logging_mixin.py:188} INFO - [2025-07-28T12:48:54.854-0300] {dag.py:3954} INFO - Setting next_dagrun for example_xcom_args_with_operators to None, run_after=None
[2025-07-28T12:48:55.052-0300] {processor.py:183} INFO - Processing /mnt/c/Users/Usuario/Downloads/Automações/Climate-AgriTech-MLOps/.venv/lib/python3.12/site-packages/airflow/example_dags/example_xcomargs.py took 4.956 seconds
[2025-07-28T12:57:13.245-0300] {processor.py:161} INFO - Started process (PID=8228) to work on /mnt/c/Users/Usuario/Downloads/Automações/Climate-AgriTech-MLOps/.venv/lib/python3.12/site-packages/airflow/example_dags/example_xcomargs.py
[2025-07-28T12:57:13.251-0300] {processor.py:830} INFO - Processing file /mnt/c/Users/Usuario/Downloads/Automações/Climate-AgriTech-MLOps/.venv/lib/python3.12/site-packages/airflow/example_dags/example_xcomargs.py for tasks to queue
[2025-07-28T12:57:13.262-0300] {logging_mixin.py:188} INFO - [2025-07-28T12:57:13.258-0300] {dagbag.py:545} INFO - Filling up the DagBag from /mnt/c/Users/Usuario/Downloads/Automações/Climate-AgriTech-MLOps/.venv/lib/python3.12/site-packages/airflow/example_dags/example_xcomargs.py
[2025-07-28T12:57:13.611-0300] {processor.py:840} INFO - DAG(s) 'example_xcom_args_with_operators', 'example_xcom_args' retrieved from /mnt/c/Users/Usuario/Downloads/Automações/Climate-AgriTech-MLOps/.venv/lib/python3.12/site-packages/airflow/example_dags/example_xcomargs.py
[2025-07-28T12:57:17.008-0300] {logging_mixin.py:188} INFO - [2025-07-28T12:57:17.006-0300] {dag.py:3096} INFO - Sync 2 DAGs
[2025-07-28T12:57:17.053-0300] {logging_mixin.py:188} INFO - [2025-07-28T12:57:17.050-0300] {dag.py:3954} INFO - Setting next_dagrun for example_xcom_args to None, run_after=None
[2025-07-28T12:57:17.069-0300] {logging_mixin.py:188} INFO - [2025-07-28T12:57:17.066-0300] {dag.py:3954} INFO - Setting next_dagrun for example_xcom_args_with_operators to None, run_after=None
[2025-07-28T12:57:17.238-0300] {processor.py:183} INFO - Processing /mnt/c/Users/Usuario/Downloads/Automações/Climate-AgriTech-MLOps/.venv/lib/python3.12/site-packages/airflow/example_dags/example_xcomargs.py took 4.596 seconds
[2025-07-28T13:08:24.903-0300] {processor.py:161} INFO - Started process (PID=8646) to work on /mnt/c/Users/Usuario/Downloads/Automações/Climate-AgriTech-MLOps/.venv/lib/python3.12/site-packages/airflow/example_dags/example_xcomargs.py
[2025-07-28T13:08:24.911-0300] {processor.py:830} INFO - Processing file /mnt/c/Users/Usuario/Downloads/Automações/Climate-AgriTech-MLOps/.venv/lib/python3.12/site-packages/airflow/example_dags/example_xcomargs.py for tasks to queue
[2025-07-28T13:08:24.920-0300] {logging_mixin.py:188} INFO - [2025-07-28T13:08:24.916-0300] {dagbag.py:545} INFO - Filling up the DagBag from /mnt/c/Users/Usuario/Downloads/Automações/Climate-AgriTech-MLOps/.venv/lib/python3.12/site-packages/airflow/example_dags/example_xcomargs.py
[2025-07-28T13:08:25.010-0300] {processor.py:840} INFO - DAG(s) 'example_xcom_args', 'example_xcom_args_with_operators' retrieved from /mnt/c/Users/Usuario/Downloads/Automações/Climate-AgriTech-MLOps/.venv/lib/python3.12/site-packages/airflow/example_dags/example_xcomargs.py
[2025-07-28T13:08:24.913-0300] {logging_mixin.py:188} INFO - [2025-07-28T13:08:24.911-0300] {dag.py:3096} INFO - Sync 2 DAGs
[2025-07-28T13:08:24.945-0300] {logging_mixin.py:188} INFO - [2025-07-28T13:08:24.942-0300] {dag.py:3954} INFO - Setting next_dagrun for example_xcom_args to None, run_after=None
[2025-07-28T13:08:24.959-0300] {logging_mixin.py:188} INFO - [2025-07-28T13:08:24.956-0300] {dag.py:3954} INFO - Setting next_dagrun for example_xcom_args_with_operators to None, run_after=None
[2025-07-28T13:08:25.140-0300] {processor.py:183} INFO - Processing /mnt/c/Users/Usuario/Downloads/Automações/Climate-AgriTech-MLOps/.venv/lib/python3.12/site-packages/airflow/example_dags/example_xcomargs.py took 0.811 seconds
[2025-07-28T13:46:11.975-0300] {processor.py:161} INFO - Started process (PID=8733) to work on /mnt/c/Users/Usuario/Downloads/Automações/Climate-AgriTech-MLOps/.venv/lib/python3.12/site-packages/airflow/example_dags/example_xcomargs.py
[2025-07-28T13:46:11.978-0300] {processor.py:830} INFO - Processing file /mnt/c/Users/Usuario/Downloads/Automações/Climate-AgriTech-MLOps/.venv/lib/python3.12/site-packages/airflow/example_dags/example_xcomargs.py for tasks to queue
[2025-07-28T13:46:11.982-0300] {logging_mixin.py:188} INFO - [2025-07-28T13:46:11.980-0300] {dagbag.py:545} INFO - Filling up the DagBag from /mnt/c/Users/Usuario/Downloads/Automações/Climate-AgriTech-MLOps/.venv/lib/python3.12/site-packages/airflow/example_dags/example_xcomargs.py
[2025-07-28T13:46:12.023-0300] {processor.py:840} INFO - DAG(s) 'example_xcom_args_with_operators', 'example_xcom_args' retrieved from /mnt/c/Users/Usuario/Downloads/Automações/Climate-AgriTech-MLOps/.venv/lib/python3.12/site-packages/airflow/example_dags/example_xcomargs.py
[2025-07-28T13:46:12.079-0300] {logging_mixin.py:188} INFO - [2025-07-28T13:46:12.077-0300] {dag.py:3096} INFO - Sync 2 DAGs
[2025-07-28T13:46:12.097-0300] {logging_mixin.py:188} INFO - [2025-07-28T13:46:12.095-0300] {dag.py:3954} INFO - Setting next_dagrun for example_xcom_args to None, run_after=None
[2025-07-28T13:46:12.106-0300] {logging_mixin.py:188} INFO - [2025-07-28T13:46:12.104-0300] {dag.py:3954} INFO - Setting next_dagrun for example_xcom_args_with_operators to None, run_after=None
[2025-07-28T13:46:12.209-0300] {processor.py:183} INFO - Processing /mnt/c/Users/Usuario/Downloads/Automações/Climate-AgriTech-MLOps/.venv/lib/python3.12/site-packages/airflow/example_dags/example_xcomargs.py took 0.252 seconds
[2025-07-28T13:47:43.125-0300] {processor.py:161} INFO - Started process (PID=8784) to work on /mnt/c/Users/Usuario/Downloads/Automações/Climate-AgriTech-MLOps/.venv/lib/python3.12/site-packages/airflow/example_dags/example_xcomargs.py
[2025-07-28T13:47:43.136-0300] {processor.py:830} INFO - Processing file /mnt/c/Users/Usuario/Downloads/Automações/Climate-AgriTech-MLOps/.venv/lib/python3.12/site-packages/airflow/example_dags/example_xcomargs.py for tasks to queue
[2025-07-28T13:47:43.142-0300] {logging_mixin.py:188} INFO - [2025-07-28T13:47:43.140-0300] {dagbag.py:545} INFO - Filling up the DagBag from /mnt/c/Users/Usuario/Downloads/Automações/Climate-AgriTech-MLOps/.venv/lib/python3.12/site-packages/airflow/example_dags/example_xcomargs.py
[2025-07-28T13:47:43.211-0300] {processor.py:840} INFO - DAG(s) 'example_xcom_args_with_operators', 'example_xcom_args' retrieved from /mnt/c/Users/Usuario/Downloads/Automações/Climate-AgriTech-MLOps/.venv/lib/python3.12/site-packages/airflow/example_dags/example_xcomargs.py
[2025-07-28T13:47:43.308-0300] {logging_mixin.py:188} INFO - [2025-07-28T13:47:43.305-0300] {dag.py:3096} INFO - Sync 2 DAGs
[2025-07-28T13:47:43.568-0300] {logging_mixin.py:188} INFO - [2025-07-28T13:47:43.566-0300] {dag.py:3954} INFO - Setting next_dagrun for example_xcom_args to None, run_after=None
[2025-07-28T13:47:43.583-0300] {logging_mixin.py:188} INFO - [2025-07-28T13:47:43.580-0300] {dag.py:3954} INFO - Setting next_dagrun for example_xcom_args_with_operators to None, run_after=None
[2025-07-28T13:47:43.765-0300] {processor.py:183} INFO - Processing /mnt/c/Users/Usuario/Downloads/Automações/Climate-AgriTech-MLOps/.venv/lib/python3.12/site-packages/airflow/example_dags/example_xcomargs.py took 0.673 seconds
[2025-07-28T13:49:16.978-0300] {processor.py:161} INFO - Started process (PID=8834) to work on /mnt/c/Users/Usuario/Downloads/Automações/Climate-AgriTech-MLOps/.venv/lib/python3.12/site-packages/airflow/example_dags/example_xcomargs.py
[2025-07-28T13:49:16.997-0300] {processor.py:830} INFO - Processing file /mnt/c/Users/Usuario/Downloads/Automações/Climate-AgriTech-MLOps/.venv/lib/python3.12/site-packages/airflow/example_dags/example_xcomargs.py for tasks to queue
[2025-07-28T13:49:17.005-0300] {logging_mixin.py:188} INFO - [2025-07-28T13:49:17.001-0300] {dagbag.py:545} INFO - Filling up the DagBag from /mnt/c/Users/Usuario/Downloads/Automações/Climate-AgriTech-MLOps/.venv/lib/python3.12/site-packages/airflow/example_dags/example_xcomargs.py
[2025-07-28T13:49:17.075-0300] {processor.py:840} INFO - DAG(s) 'example_xcom_args_with_operators', 'example_xcom_args' retrieved from /mnt/c/Users/Usuario/Downloads/Automações/Climate-AgriTech-MLOps/.venv/lib/python3.12/site-packages/airflow/example_dags/example_xcomargs.py
[2025-07-28T13:49:17.163-0300] {logging_mixin.py:188} INFO - [2025-07-28T13:49:17.161-0300] {dag.py:3096} INFO - Sync 2 DAGs
[2025-07-28T13:49:17.194-0300] {logging_mixin.py:188} INFO - [2025-07-28T13:49:17.192-0300] {dag.py:3954} INFO - Setting next_dagrun for example_xcom_args to None, run_after=None
[2025-07-28T13:49:17.207-0300] {logging_mixin.py:188} INFO - [2025-07-28T13:49:17.205-0300] {dag.py:3954} INFO - Setting next_dagrun for example_xcom_args_with_operators to None, run_after=None
[2025-07-28T13:49:17.356-0300] {processor.py:183} INFO - Processing /mnt/c/Users/Usuario/Downloads/Automações/Climate-AgriTech-MLOps/.venv/lib/python3.12/site-packages/airflow/example_dags/example_xcomargs.py took 0.412 seconds
[2025-07-28T13:50:49.781-0300] {processor.py:161} INFO - Started process (PID=8888) to work on /mnt/c/Users/Usuario/Downloads/Automações/Climate-AgriTech-MLOps/.venv/lib/python3.12/site-packages/airflow/example_dags/example_xcomargs.py
[2025-07-28T13:50:49.785-0300] {processor.py:830} INFO - Processing file /mnt/c/Users/Usuario/Downloads/Automações/Climate-AgriTech-MLOps/.venv/lib/python3.12/site-packages/airflow/example_dags/example_xcomargs.py for tasks to queue
[2025-07-28T13:50:49.793-0300] {logging_mixin.py:188} INFO - [2025-07-28T13:50:49.789-0300] {dagbag.py:545} INFO - Filling up the DagBag from /mnt/c/Users/Usuario/Downloads/Automações/Climate-AgriTech-MLOps/.venv/lib/python3.12/site-packages/airflow/example_dags/example_xcomargs.py
[2025-07-28T13:50:49.862-0300] {processor.py:840} INFO - DAG(s) 'example_xcom_args_with_operators', 'example_xcom_args' retrieved from /mnt/c/Users/Usuario/Downloads/Automações/Climate-AgriTech-MLOps/.venv/lib/python3.12/site-packages/airflow/example_dags/example_xcomargs.py
[2025-07-28T13:50:49.953-0300] {logging_mixin.py:188} INFO - [2025-07-28T13:50:49.951-0300] {dag.py:3096} INFO - Sync 2 DAGs
[2025-07-28T13:50:49.993-0300] {logging_mixin.py:188} INFO - [2025-07-28T13:50:49.990-0300] {dag.py:3954} INFO - Setting next_dagrun for example_xcom_args to None, run_after=None
[2025-07-28T13:50:50.008-0300] {logging_mixin.py:188} INFO - [2025-07-28T13:50:50.005-0300] {dag.py:3954} INFO - Setting next_dagrun for example_xcom_args_with_operators to None, run_after=None
[2025-07-28T13:50:50.185-0300] {processor.py:183} INFO - Processing /mnt/c/Users/Usuario/Downloads/Automações/Climate-AgriTech-MLOps/.venv/lib/python3.12/site-packages/airflow/example_dags/example_xcomargs.py took 0.442 seconds
[2025-07-28T13:52:22.403-0300] {processor.py:161} INFO - Started process (PID=8952) to work on /mnt/c/Users/Usuario/Downloads/Automações/Climate-AgriTech-MLOps/.venv/lib/python3.12/site-packages/airflow/example_dags/example_xcomargs.py
[2025-07-28T13:52:22.421-0300] {processor.py:830} INFO - Processing file /mnt/c/Users/Usuario/Downloads/Automações/Climate-AgriTech-MLOps/.venv/lib/python3.12/site-packages/airflow/example_dags/example_xcomargs.py for tasks to queue
[2025-07-28T13:52:22.428-0300] {logging_mixin.py:188} INFO - [2025-07-28T13:52:22.425-0300] {dagbag.py:545} INFO - Filling up the DagBag from /mnt/c/Users/Usuario/Downloads/Automações/Climate-AgriTech-MLOps/.venv/lib/python3.12/site-packages/airflow/example_dags/example_xcomargs.py
[2025-07-28T13:52:22.508-0300] {processor.py:840} INFO - DAG(s) 'example_xcom_args_with_operators', 'example_xcom_args' retrieved from /mnt/c/Users/Usuario/Downloads/Automações/Climate-AgriTech-MLOps/.venv/lib/python3.12/site-packages/airflow/example_dags/example_xcomargs.py
[2025-07-28T13:52:22.606-0300] {logging_mixin.py:188} INFO - [2025-07-28T13:52:22.603-0300] {dag.py:3096} INFO - Sync 2 DAGs
[2025-07-28T13:52:22.644-0300] {logging_mixin.py:188} INFO - [2025-07-28T13:52:22.641-0300] {dag.py:3954} INFO - Setting next_dagrun for example_xcom_args to None, run_after=None
[2025-07-28T13:52:22.662-0300] {logging_mixin.py:188} INFO - [2025-07-28T13:52:22.659-0300] {dag.py:3954} INFO - Setting next_dagrun for example_xcom_args_with_operators to None, run_after=None
[2025-07-28T13:52:22.867-0300] {processor.py:183} INFO - Processing /mnt/c/Users/Usuario/Downloads/Automações/Climate-AgriTech-MLOps/.venv/lib/python3.12/site-packages/airflow/example_dags/example_xcomargs.py took 0.500 seconds
[2025-07-28T13:53:54.957-0300] {processor.py:161} INFO - Started process (PID=9003) to work on /mnt/c/Users/Usuario/Downloads/Automações/Climate-AgriTech-MLOps/.venv/lib/python3.12/site-packages/airflow/example_dags/example_xcomargs.py
[2025-07-28T13:53:54.964-0300] {processor.py:830} INFO - Processing file /mnt/c/Users/Usuario/Downloads/Automações/Climate-AgriTech-MLOps/.venv/lib/python3.12/site-packages/airflow/example_dags/example_xcomargs.py for tasks to queue
[2025-07-28T13:53:54.973-0300] {logging_mixin.py:188} INFO - [2025-07-28T13:53:54.969-0300] {dagbag.py:545} INFO - Filling up the DagBag from /mnt/c/Users/Usuario/Downloads/Automações/Climate-AgriTech-MLOps/.venv/lib/python3.12/site-packages/airflow/example_dags/example_xcomargs.py
[2025-07-28T13:53:55.074-0300] {processor.py:840} INFO - DAG(s) 'example_xcom_args', 'example_xcom_args_with_operators' retrieved from /mnt/c/Users/Usuario/Downloads/Automações/Climate-AgriTech-MLOps/.venv/lib/python3.12/site-packages/airflow/example_dags/example_xcomargs.py
[2025-07-28T13:53:55.194-0300] {logging_mixin.py:188} INFO - [2025-07-28T13:53:55.191-0300] {dag.py:3096} INFO - Sync 2 DAGs
[2025-07-28T13:53:55.241-0300] {logging_mixin.py:188} INFO - [2025-07-28T13:53:55.238-0300] {dag.py:3954} INFO - Setting next_dagrun for example_xcom_args to None, run_after=None
[2025-07-28T13:53:55.259-0300] {logging_mixin.py:188} INFO - [2025-07-28T13:53:55.256-0300] {dag.py:3954} INFO - Setting next_dagrun for example_xcom_args_with_operators to None, run_after=None
[2025-07-28T13:53:55.452-0300] {processor.py:183} INFO - Processing /mnt/c/Users/Usuario/Downloads/Automações/Climate-AgriTech-MLOps/.venv/lib/python3.12/site-packages/airflow/example_dags/example_xcomargs.py took 0.540 seconds
[2025-07-28T13:55:30.723-0300] {processor.py:161} INFO - Started process (PID=9057) to work on /mnt/c/Users/Usuario/Downloads/Automações/Climate-AgriTech-MLOps/.venv/lib/python3.12/site-packages/airflow/example_dags/example_xcomargs.py
[2025-07-28T13:55:30.728-0300] {processor.py:830} INFO - Processing file /mnt/c/Users/Usuario/Downloads/Automações/Climate-AgriTech-MLOps/.venv/lib/python3.12/site-packages/airflow/example_dags/example_xcomargs.py for tasks to queue
[2025-07-28T13:55:30.736-0300] {logging_mixin.py:188} INFO - [2025-07-28T13:55:30.732-0300] {dagbag.py:545} INFO - Filling up the DagBag from /mnt/c/Users/Usuario/Downloads/Automações/Climate-AgriTech-MLOps/.venv/lib/python3.12/site-packages/airflow/example_dags/example_xcomargs.py
[2025-07-28T13:55:30.821-0300] {processor.py:840} INFO - DAG(s) 'example_xcom_args', 'example_xcom_args_with_operators' retrieved from /mnt/c/Users/Usuario/Downloads/Automações/Climate-AgriTech-MLOps/.venv/lib/python3.12/site-packages/airflow/example_dags/example_xcomargs.py
[2025-07-28T13:55:30.933-0300] {logging_mixin.py:188} INFO - [2025-07-28T13:55:30.930-0300] {dag.py:3096} INFO - Sync 2 DAGs
[2025-07-28T13:55:30.985-0300] {logging_mixin.py:188} INFO - [2025-07-28T13:55:30.983-0300] {dag.py:3954} INFO - Setting next_dagrun for example_xcom_args to None, run_after=None
[2025-07-28T13:55:31.002-0300] {logging_mixin.py:188} INFO - [2025-07-28T13:55:30.999-0300] {dag.py:3954} INFO - Setting next_dagrun for example_xcom_args_with_operators to None, run_after=None
[2025-07-28T13:55:31.205-0300] {processor.py:183} INFO - Processing /mnt/c/Users/Usuario/Downloads/Automações/Climate-AgriTech-MLOps/.venv/lib/python3.12/site-packages/airflow/example_dags/example_xcomargs.py took 0.523 seconds
[2025-07-28T13:56:41.641-0300] {processor.py:161} INFO - Started process (PID=9112) to work on /mnt/c/Users/Usuario/Downloads/Automações/Climate-AgriTech-MLOps/.venv/lib/python3.12/site-packages/airflow/example_dags/example_xcomargs.py
[2025-07-28T13:56:41.644-0300] {processor.py:830} INFO - Processing file /mnt/c/Users/Usuario/Downloads/Automações/Climate-AgriTech-MLOps/.venv/lib/python3.12/site-packages/airflow/example_dags/example_xcomargs.py for tasks to queue
[2025-07-28T13:56:41.648-0300] {logging_mixin.py:188} INFO - [2025-07-28T13:56:41.646-0300] {dagbag.py:545} INFO - Filling up the DagBag from /mnt/c/Users/Usuario/Downloads/Automações/Climate-AgriTech-MLOps/.venv/lib/python3.12/site-packages/airflow/example_dags/example_xcomargs.py
[2025-07-28T13:56:41.678-0300] {processor.py:840} INFO - DAG(s) 'example_xcom_args_with_operators', 'example_xcom_args' retrieved from /mnt/c/Users/Usuario/Downloads/Automações/Climate-AgriTech-MLOps/.venv/lib/python3.12/site-packages/airflow/example_dags/example_xcomargs.py
[2025-07-28T13:56:41.734-0300] {logging_mixin.py:188} INFO - [2025-07-28T13:56:41.732-0300] {dag.py:3096} INFO - Sync 2 DAGs
[2025-07-28T13:56:41.751-0300] {logging_mixin.py:188} INFO - [2025-07-28T13:56:41.750-0300] {dag.py:3954} INFO - Setting next_dagrun for example_xcom_args to None, run_after=None
[2025-07-28T13:56:41.757-0300] {logging_mixin.py:188} INFO - [2025-07-28T13:56:41.756-0300] {dag.py:3954} INFO - Setting next_dagrun for example_xcom_args_with_operators to None, run_after=None
[2025-07-28T13:56:41.833-0300] {processor.py:183} INFO - Processing /mnt/c/Users/Usuario/Downloads/Automações/Climate-AgriTech-MLOps/.venv/lib/python3.12/site-packages/airflow/example_dags/example_xcomargs.py took 0.208 seconds
[2025-07-28T13:57:34.614-0300] {processor.py:161} INFO - Started process (PID=9160) to work on /mnt/c/Users/Usuario/Downloads/Automações/Climate-AgriTech-MLOps/.venv/lib/python3.12/site-packages/airflow/example_dags/example_xcomargs.py
[2025-07-28T13:57:34.616-0300] {processor.py:830} INFO - Processing file /mnt/c/Users/Usuario/Downloads/Automações/Climate-AgriTech-MLOps/.venv/lib/python3.12/site-packages/airflow/example_dags/example_xcomargs.py for tasks to queue
[2025-07-28T13:57:34.619-0300] {logging_mixin.py:188} INFO - [2025-07-28T13:57:34.618-0300] {dagbag.py:545} INFO - Filling up the DagBag from /mnt/c/Users/Usuario/Downloads/Automações/Climate-AgriTech-MLOps/.venv/lib/python3.12/site-packages/airflow/example_dags/example_xcomargs.py
[2025-07-28T13:57:34.646-0300] {processor.py:840} INFO - DAG(s) 'example_xcom_args_with_operators', 'example_xcom_args' retrieved from /mnt/c/Users/Usuario/Downloads/Automações/Climate-AgriTech-MLOps/.venv/lib/python3.12/site-packages/airflow/example_dags/example_xcomargs.py
[2025-07-28T13:57:34.693-0300] {logging_mixin.py:188} INFO - [2025-07-28T13:57:34.692-0300] {dag.py:3096} INFO - Sync 2 DAGs
[2025-07-28T13:57:34.710-0300] {logging_mixin.py:188} INFO - [2025-07-28T13:57:34.708-0300] {dag.py:3954} INFO - Setting next_dagrun for example_xcom_args to None, run_after=None
[2025-07-28T13:57:34.718-0300] {logging_mixin.py:188} INFO - [2025-07-28T13:57:34.716-0300] {dag.py:3954} INFO - Setting next_dagrun for example_xcom_args_with_operators to None, run_after=None
[2025-07-28T13:57:34.796-0300] {processor.py:183} INFO - Processing /mnt/c/Users/Usuario/Downloads/Automações/Climate-AgriTech-MLOps/.venv/lib/python3.12/site-packages/airflow/example_dags/example_xcomargs.py took 0.198 seconds
[2025-07-28T13:59:32.391-0300] {processor.py:161} INFO - Started process (PID=9244) to work on /mnt/c/Users/Usuario/Downloads/Automações/Climate-AgriTech-MLOps/.venv/lib/python3.12/site-packages/airflow/example_dags/example_xcomargs.py
[2025-07-28T13:59:32.393-0300] {processor.py:830} INFO - Processing file /mnt/c/Users/Usuario/Downloads/Automações/Climate-AgriTech-MLOps/.venv/lib/python3.12/site-packages/airflow/example_dags/example_xcomargs.py for tasks to queue
[2025-07-28T13:59:32.397-0300] {logging_mixin.py:188} INFO - [2025-07-28T13:59:32.395-0300] {dagbag.py:545} INFO - Filling up the DagBag from /mnt/c/Users/Usuario/Downloads/Automações/Climate-AgriTech-MLOps/.venv/lib/python3.12/site-packages/airflow/example_dags/example_xcomargs.py
[2025-07-28T13:59:32.424-0300] {processor.py:840} INFO - DAG(s) 'example_xcom_args_with_operators', 'example_xcom_args' retrieved from /mnt/c/Users/Usuario/Downloads/Automações/Climate-AgriTech-MLOps/.venv/lib/python3.12/site-packages/airflow/example_dags/example_xcomargs.py
[2025-07-28T13:59:32.469-0300] {logging_mixin.py:188} INFO - [2025-07-28T13:59:32.468-0300] {dag.py:3096} INFO - Sync 2 DAGs
[2025-07-28T13:59:32.487-0300] {logging_mixin.py:188} INFO - [2025-07-28T13:59:32.485-0300] {dag.py:3954} INFO - Setting next_dagrun for example_xcom_args to None, run_after=None
[2025-07-28T13:59:32.495-0300] {logging_mixin.py:188} INFO - [2025-07-28T13:59:32.493-0300] {dag.py:3954} INFO - Setting next_dagrun for example_xcom_args_with_operators to None, run_after=None
[2025-07-28T13:59:32.578-0300] {processor.py:183} INFO - Processing /mnt/c/Users/Usuario/Downloads/Automações/Climate-AgriTech-MLOps/.venv/lib/python3.12/site-packages/airflow/example_dags/example_xcomargs.py took 0.203 seconds
[2025-07-28T14:00:31.677-0300] {processor.py:161} INFO - Started process (PID=9294) to work on /mnt/c/Users/Usuario/Downloads/Automações/Climate-AgriTech-MLOps/.venv/lib/python3.12/site-packages/airflow/example_dags/example_xcomargs.py
[2025-07-28T14:00:31.680-0300] {processor.py:830} INFO - Processing file /mnt/c/Users/Usuario/Downloads/Automações/Climate-AgriTech-MLOps/.venv/lib/python3.12/site-packages/airflow/example_dags/example_xcomargs.py for tasks to queue
[2025-07-28T14:00:31.683-0300] {logging_mixin.py:188} INFO - [2025-07-28T14:00:31.681-0300] {dagbag.py:545} INFO - Filling up the DagBag from /mnt/c/Users/Usuario/Downloads/Automações/Climate-AgriTech-MLOps/.venv/lib/python3.12/site-packages/airflow/example_dags/example_xcomargs.py
[2025-07-28T14:00:31.709-0300] {processor.py:840} INFO - DAG(s) 'example_xcom_args_with_operators', 'example_xcom_args' retrieved from /mnt/c/Users/Usuario/Downloads/Automações/Climate-AgriTech-MLOps/.venv/lib/python3.12/site-packages/airflow/example_dags/example_xcomargs.py
[2025-07-28T14:00:31.755-0300] {logging_mixin.py:188} INFO - [2025-07-28T14:00:31.754-0300] {dag.py:3096} INFO - Sync 2 DAGs
[2025-07-28T14:00:31.773-0300] {logging_mixin.py:188} INFO - [2025-07-28T14:00:31.771-0300] {dag.py:3954} INFO - Setting next_dagrun for example_xcom_args to None, run_after=None
[2025-07-28T14:00:31.781-0300] {logging_mixin.py:188} INFO - [2025-07-28T14:00:31.779-0300] {dag.py:3954} INFO - Setting next_dagrun for example_xcom_args_with_operators to None, run_after=None
[2025-07-28T14:00:31.874-0300] {processor.py:183} INFO - Processing /mnt/c/Users/Usuario/Downloads/Automações/Climate-AgriTech-MLOps/.venv/lib/python3.12/site-packages/airflow/example_dags/example_xcomargs.py took 0.210 seconds
[2025-07-28T14:01:18.555-0300] {processor.py:161} INFO - Started process (PID=9336) to work on /mnt/c/Users/Usuario/Downloads/Automações/Climate-AgriTech-MLOps/.venv/lib/python3.12/site-packages/airflow/example_dags/example_xcomargs.py
[2025-07-28T14:01:18.557-0300] {processor.py:830} INFO - Processing file /mnt/c/Users/Usuario/Downloads/Automações/Climate-AgriTech-MLOps/.venv/lib/python3.12/site-packages/airflow/example_dags/example_xcomargs.py for tasks to queue
[2025-07-28T14:01:18.560-0300] {logging_mixin.py:188} INFO - [2025-07-28T14:01:18.559-0300] {dagbag.py:545} INFO - Filling up the DagBag from /mnt/c/Users/Usuario/Downloads/Automações/Climate-AgriTech-MLOps/.venv/lib/python3.12/site-packages/airflow/example_dags/example_xcomargs.py
[2025-07-28T14:01:18.587-0300] {processor.py:840} INFO - DAG(s) 'example_xcom_args', 'example_xcom_args_with_operators' retrieved from /mnt/c/Users/Usuario/Downloads/Automações/Climate-AgriTech-MLOps/.venv/lib/python3.12/site-packages/airflow/example_dags/example_xcomargs.py
[2025-07-28T14:01:18.643-0300] {logging_mixin.py:188} INFO - [2025-07-28T14:01:18.641-0300] {dag.py:3096} INFO - Sync 2 DAGs
[2025-07-28T14:01:18.660-0300] {logging_mixin.py:188} INFO - [2025-07-28T14:01:18.658-0300] {dag.py:3954} INFO - Setting next_dagrun for example_xcom_args to None, run_after=None
[2025-07-28T14:01:18.669-0300] {logging_mixin.py:188} INFO - [2025-07-28T14:01:18.667-0300] {dag.py:3954} INFO - Setting next_dagrun for example_xcom_args_with_operators to None, run_after=None
[2025-07-28T14:01:18.757-0300] {processor.py:183} INFO - Processing /mnt/c/Users/Usuario/Downloads/Automações/Climate-AgriTech-MLOps/.venv/lib/python3.12/site-packages/airflow/example_dags/example_xcomargs.py took 0.216 seconds
