[2025-07-28T12:49:02.743-0300] {processor.py:161} INFO - Started process (PID=7979) to work on /mnt/c/Users/Usuario/Downloads/Automações/Climate-AgriTech-MLOps/.venv/lib/python3.12/site-packages/airflow/example_dags/example_trigger_target_dag.py
[2025-07-28T12:49:02.748-0300] {processor.py:830} INFO - Processing file /mnt/c/Users/Usuario/Downloads/Automações/Climate-AgriTech-MLOps/.venv/lib/python3.12/site-packages/airflow/example_dags/example_trigger_target_dag.py for tasks to queue
[2025-07-28T12:49:02.756-0300] {logging_mixin.py:188} INFO - [2025-07-28T12:49:02.753-0300] {dagbag.py:545} INFO - Filling up the DagBag from /mnt/c/Users/Usuario/Downloads/Automações/Climate-AgriTech-MLOps/.venv/lib/python3.12/site-packages/airflow/example_dags/example_trigger_target_dag.py
[2025-07-28T12:49:03.046-0300] {processor.py:840} INFO - DAG(s) 'example_trigger_target_dag' retrieved from /mnt/c/Users/Usuario/Downloads/Automações/Climate-AgriTech-MLOps/.venv/lib/python3.12/site-packages/airflow/example_dags/example_trigger_target_dag.py
[2025-07-28T12:49:07.132-0300] {logging_mixin.py:188} INFO - [2025-07-28T12:49:07.127-0300] {override.py:1829} INFO - Created Permission View: can read on DAG:example_trigger_target_dag
[2025-07-28T12:49:07.257-0300] {logging_mixin.py:188} INFO - [2025-07-28T12:49:07.254-0300] {override.py:1829} INFO - Created Permission View: can edit on DAG:example_trigger_target_dag
[2025-07-28T12:49:07.344-0300] {logging_mixin.py:188} INFO - [2025-07-28T12:49:07.341-0300] {override.py:1829} INFO - Created Permission View: can delete on DAG:example_trigger_target_dag
[2025-07-28T12:49:07.351-0300] {logging_mixin.py:188} INFO - [2025-07-28T12:49:07.348-0300] {dag.py:3096} INFO - Sync 1 DAGs
[2025-07-28T12:49:07.401-0300] {logging_mixin.py:188} INFO - [2025-07-28T12:49:07.398-0300] {dag.py:3118} INFO - Creating ORM DAG for example_trigger_target_dag
[2025-07-28T12:49:07.407-0300] {logging_mixin.py:188} INFO - [2025-07-28T12:49:07.404-0300] {dag.py:3954} INFO - Setting next_dagrun for example_trigger_target_dag to None, run_after=None
[2025-07-28T12:49:07.623-0300] {processor.py:183} INFO - Processing /mnt/c/Users/Usuario/Downloads/Automações/Climate-AgriTech-MLOps/.venv/lib/python3.12/site-packages/airflow/example_dags/example_trigger_target_dag.py took 4.911 seconds
[2025-07-28T13:08:28.651-0300] {processor.py:161} INFO - Started process (PID=8648) to work on /mnt/c/Users/Usuario/Downloads/Automações/Climate-AgriTech-MLOps/.venv/lib/python3.12/site-packages/airflow/example_dags/example_trigger_target_dag.py
[2025-07-28T13:08:28.669-0300] {processor.py:830} INFO - Processing file /mnt/c/Users/Usuario/Downloads/Automações/Climate-AgriTech-MLOps/.venv/lib/python3.12/site-packages/airflow/example_dags/example_trigger_target_dag.py for tasks to queue
[2025-07-28T13:08:28.677-0300] {logging_mixin.py:188} INFO - [2025-07-28T13:08:28.673-0300] {dagbag.py:545} INFO - Filling up the DagBag from /mnt/c/Users/Usuario/Downloads/Automações/Climate-AgriTech-MLOps/.venv/lib/python3.12/site-packages/airflow/example_dags/example_trigger_target_dag.py
[2025-07-28T13:08:28.752-0300] {processor.py:840} INFO - DAG(s) 'example_trigger_target_dag' retrieved from /mnt/c/Users/Usuario/Downloads/Automações/Climate-AgriTech-MLOps/.venv/lib/python3.12/site-packages/airflow/example_dags/example_trigger_target_dag.py
[2025-07-28T13:08:32.486-0300] {logging_mixin.py:188} INFO - [2025-07-28T13:08:32.483-0300] {dag.py:3096} INFO - Sync 1 DAGs
[2025-07-28T13:08:32.520-0300] {logging_mixin.py:188} INFO - [2025-07-28T13:08:32.518-0300] {dag.py:3954} INFO - Setting next_dagrun for example_trigger_target_dag to None, run_after=None
[2025-07-28T13:08:32.687-0300] {processor.py:183} INFO - Processing /mnt/c/Users/Usuario/Downloads/Automações/Climate-AgriTech-MLOps/.venv/lib/python3.12/site-packages/airflow/example_dags/example_trigger_target_dag.py took 4.073 seconds
[2025-07-28T13:46:14.538-0300] {processor.py:161} INFO - Started process (PID=8735) to work on /mnt/c/Users/Usuario/Downloads/Automações/Climate-AgriTech-MLOps/.venv/lib/python3.12/site-packages/airflow/example_dags/example_trigger_target_dag.py
[2025-07-28T13:46:14.542-0300] {processor.py:830} INFO - Processing file /mnt/c/Users/Usuario/Downloads/Automações/Climate-AgriTech-MLOps/.venv/lib/python3.12/site-packages/airflow/example_dags/example_trigger_target_dag.py for tasks to queue
[2025-07-28T13:46:14.545-0300] {logging_mixin.py:188} INFO - [2025-07-28T13:46:14.544-0300] {dagbag.py:545} INFO - Filling up the DagBag from /mnt/c/Users/Usuario/Downloads/Automações/Climate-AgriTech-MLOps/.venv/lib/python3.12/site-packages/airflow/example_dags/example_trigger_target_dag.py
[2025-07-28T13:46:14.575-0300] {processor.py:840} INFO - DAG(s) 'example_trigger_target_dag' retrieved from /mnt/c/Users/Usuario/Downloads/Automações/Climate-AgriTech-MLOps/.venv/lib/python3.12/site-packages/airflow/example_dags/example_trigger_target_dag.py
[2025-07-28T13:46:14.614-0300] {logging_mixin.py:188} INFO - [2025-07-28T13:46:14.613-0300] {dag.py:3096} INFO - Sync 1 DAGs
[2025-07-28T13:46:14.630-0300] {logging_mixin.py:188} INFO - [2025-07-28T13:46:14.628-0300] {dag.py:3954} INFO - Setting next_dagrun for example_trigger_target_dag to None, run_after=None
[2025-07-28T13:46:14.716-0300] {processor.py:183} INFO - Processing /mnt/c/Users/Usuario/Downloads/Automações/Climate-AgriTech-MLOps/.venv/lib/python3.12/site-packages/airflow/example_dags/example_trigger_target_dag.py took 0.204 seconds
[2025-07-28T13:47:47.355-0300] {processor.py:161} INFO - Started process (PID=8786) to work on /mnt/c/Users/Usuario/Downloads/Automações/Climate-AgriTech-MLOps/.venv/lib/python3.12/site-packages/airflow/example_dags/example_trigger_target_dag.py
[2025-07-28T13:47:47.361-0300] {processor.py:830} INFO - Processing file /mnt/c/Users/Usuario/Downloads/Automações/Climate-AgriTech-MLOps/.venv/lib/python3.12/site-packages/airflow/example_dags/example_trigger_target_dag.py for tasks to queue
[2025-07-28T13:47:47.368-0300] {logging_mixin.py:188} INFO - [2025-07-28T13:47:47.365-0300] {dagbag.py:545} INFO - Filling up the DagBag from /mnt/c/Users/Usuario/Downloads/Automações/Climate-AgriTech-MLOps/.venv/lib/python3.12/site-packages/airflow/example_dags/example_trigger_target_dag.py
[2025-07-28T13:47:47.436-0300] {processor.py:840} INFO - DAG(s) 'example_trigger_target_dag' retrieved from /mnt/c/Users/Usuario/Downloads/Automações/Climate-AgriTech-MLOps/.venv/lib/python3.12/site-packages/airflow/example_dags/example_trigger_target_dag.py
[2025-07-28T13:47:47.514-0300] {logging_mixin.py:188} INFO - [2025-07-28T13:47:47.512-0300] {dag.py:3096} INFO - Sync 1 DAGs
[2025-07-28T13:47:47.827-0300] {logging_mixin.py:188} INFO - [2025-07-28T13:47:47.824-0300] {dag.py:3954} INFO - Setting next_dagrun for example_trigger_target_dag to None, run_after=None
[2025-07-28T13:47:47.990-0300] {processor.py:183} INFO - Processing /mnt/c/Users/Usuario/Downloads/Automações/Climate-AgriTech-MLOps/.venv/lib/python3.12/site-packages/airflow/example_dags/example_trigger_target_dag.py took 0.668 seconds
[2025-07-28T13:49:20.642-0300] {processor.py:161} INFO - Started process (PID=8836) to work on /mnt/c/Users/Usuario/Downloads/Automações/Climate-AgriTech-MLOps/.venv/lib/python3.12/site-packages/airflow/example_dags/example_trigger_target_dag.py
[2025-07-28T13:49:20.648-0300] {processor.py:830} INFO - Processing file /mnt/c/Users/Usuario/Downloads/Automações/Climate-AgriTech-MLOps/.venv/lib/python3.12/site-packages/airflow/example_dags/example_trigger_target_dag.py for tasks to queue
[2025-07-28T13:49:20.657-0300] {logging_mixin.py:188} INFO - [2025-07-28T13:49:20.653-0300] {dagbag.py:545} INFO - Filling up the DagBag from /mnt/c/Users/Usuario/Downloads/Automações/Climate-AgriTech-MLOps/.venv/lib/python3.12/site-packages/airflow/example_dags/example_trigger_target_dag.py
[2025-07-28T13:49:20.736-0300] {processor.py:840} INFO - DAG(s) 'example_trigger_target_dag' retrieved from /mnt/c/Users/Usuario/Downloads/Automações/Climate-AgriTech-MLOps/.venv/lib/python3.12/site-packages/airflow/example_dags/example_trigger_target_dag.py
[2025-07-28T13:49:20.819-0300] {logging_mixin.py:188} INFO - [2025-07-28T13:49:20.816-0300] {dag.py:3096} INFO - Sync 1 DAGs
[2025-07-28T13:49:20.856-0300] {logging_mixin.py:188} INFO - [2025-07-28T13:49:20.853-0300] {dag.py:3954} INFO - Setting next_dagrun for example_trigger_target_dag to None, run_after=None
[2025-07-28T13:49:21.042-0300] {processor.py:183} INFO - Processing /mnt/c/Users/Usuario/Downloads/Automações/Climate-AgriTech-MLOps/.venv/lib/python3.12/site-packages/airflow/example_dags/example_trigger_target_dag.py took 0.450 seconds
[2025-07-28T13:50:52.600-0300] {processor.py:161} INFO - Started process (PID=8890) to work on /mnt/c/Users/Usuario/Downloads/Automações/Climate-AgriTech-MLOps/.venv/lib/python3.12/site-packages/airflow/example_dags/example_trigger_target_dag.py
[2025-07-28T13:50:52.604-0300] {processor.py:830} INFO - Processing file /mnt/c/Users/Usuario/Downloads/Automações/Climate-AgriTech-MLOps/.venv/lib/python3.12/site-packages/airflow/example_dags/example_trigger_target_dag.py for tasks to queue
[2025-07-28T13:50:52.611-0300] {logging_mixin.py:188} INFO - [2025-07-28T13:50:52.607-0300] {dagbag.py:545} INFO - Filling up the DagBag from /mnt/c/Users/Usuario/Downloads/Automações/Climate-AgriTech-MLOps/.venv/lib/python3.12/site-packages/airflow/example_dags/example_trigger_target_dag.py
[2025-07-28T13:50:52.672-0300] {processor.py:840} INFO - DAG(s) 'example_trigger_target_dag' retrieved from /mnt/c/Users/Usuario/Downloads/Automações/Climate-AgriTech-MLOps/.venv/lib/python3.12/site-packages/airflow/example_dags/example_trigger_target_dag.py
[2025-07-28T13:50:52.751-0300] {logging_mixin.py:188} INFO - [2025-07-28T13:50:52.748-0300] {dag.py:3096} INFO - Sync 1 DAGs
[2025-07-28T13:50:52.783-0300] {logging_mixin.py:188} INFO - [2025-07-28T13:50:52.780-0300] {dag.py:3954} INFO - Setting next_dagrun for example_trigger_target_dag to None, run_after=None
[2025-07-28T13:50:52.940-0300] {processor.py:183} INFO - Processing /mnt/c/Users/Usuario/Downloads/Automações/Climate-AgriTech-MLOps/.venv/lib/python3.12/site-packages/airflow/example_dags/example_trigger_target_dag.py took 0.371 seconds
[2025-07-28T13:52:26.245-0300] {processor.py:161} INFO - Started process (PID=8957) to work on /mnt/c/Users/Usuario/Downloads/Automações/Climate-AgriTech-MLOps/.venv/lib/python3.12/site-packages/airflow/example_dags/example_trigger_target_dag.py
[2025-07-28T13:52:26.262-0300] {processor.py:830} INFO - Processing file /mnt/c/Users/Usuario/Downloads/Automações/Climate-AgriTech-MLOps/.venv/lib/python3.12/site-packages/airflow/example_dags/example_trigger_target_dag.py for tasks to queue
[2025-07-28T13:52:26.270-0300] {logging_mixin.py:188} INFO - [2025-07-28T13:52:26.267-0300] {dagbag.py:545} INFO - Filling up the DagBag from /mnt/c/Users/Usuario/Downloads/Automações/Climate-AgriTech-MLOps/.venv/lib/python3.12/site-packages/airflow/example_dags/example_trigger_target_dag.py
[2025-07-28T13:52:26.348-0300] {processor.py:840} INFO - DAG(s) 'example_trigger_target_dag' retrieved from /mnt/c/Users/Usuario/Downloads/Automações/Climate-AgriTech-MLOps/.venv/lib/python3.12/site-packages/airflow/example_dags/example_trigger_target_dag.py
[2025-07-28T13:52:26.440-0300] {logging_mixin.py:188} INFO - [2025-07-28T13:52:26.437-0300] {dag.py:3096} INFO - Sync 1 DAGs
[2025-07-28T13:52:26.479-0300] {logging_mixin.py:188} INFO - [2025-07-28T13:52:26.476-0300] {dag.py:3954} INFO - Setting next_dagrun for example_trigger_target_dag to None, run_after=None
[2025-07-28T13:52:26.662-0300] {processor.py:183} INFO - Processing /mnt/c/Users/Usuario/Downloads/Automações/Climate-AgriTech-MLOps/.venv/lib/python3.12/site-packages/airflow/example_dags/example_trigger_target_dag.py took 0.457 seconds
[2025-07-28T13:53:57.803-0300] {processor.py:161} INFO - Started process (PID=9005) to work on /mnt/c/Users/Usuario/Downloads/Automações/Climate-AgriTech-MLOps/.venv/lib/python3.12/site-packages/airflow/example_dags/example_trigger_target_dag.py
[2025-07-28T13:53:57.809-0300] {processor.py:830} INFO - Processing file /mnt/c/Users/Usuario/Downloads/Automações/Climate-AgriTech-MLOps/.venv/lib/python3.12/site-packages/airflow/example_dags/example_trigger_target_dag.py for tasks to queue
[2025-07-28T13:53:57.821-0300] {logging_mixin.py:188} INFO - [2025-07-28T13:53:57.816-0300] {dagbag.py:545} INFO - Filling up the DagBag from /mnt/c/Users/Usuario/Downloads/Automações/Climate-AgriTech-MLOps/.venv/lib/python3.12/site-packages/airflow/example_dags/example_trigger_target_dag.py
[2025-07-28T13:53:57.903-0300] {processor.py:840} INFO - DAG(s) 'example_trigger_target_dag' retrieved from /mnt/c/Users/Usuario/Downloads/Automações/Climate-AgriTech-MLOps/.venv/lib/python3.12/site-packages/airflow/example_dags/example_trigger_target_dag.py
[2025-07-28T13:53:57.992-0300] {logging_mixin.py:188} INFO - [2025-07-28T13:53:57.989-0300] {dag.py:3096} INFO - Sync 1 DAGs
[2025-07-28T13:53:58.032-0300] {logging_mixin.py:188} INFO - [2025-07-28T13:53:58.028-0300] {dag.py:3954} INFO - Setting next_dagrun for example_trigger_target_dag to None, run_after=None
[2025-07-28T13:53:58.241-0300] {processor.py:183} INFO - Processing /mnt/c/Users/Usuario/Downloads/Automações/Climate-AgriTech-MLOps/.venv/lib/python3.12/site-packages/airflow/example_dags/example_trigger_target_dag.py took 0.480 seconds
[2025-07-28T13:55:34.684-0300] {processor.py:161} INFO - Started process (PID=9059) to work on /mnt/c/Users/Usuario/Downloads/Automações/Climate-AgriTech-MLOps/.venv/lib/python3.12/site-packages/airflow/example_dags/example_trigger_target_dag.py
[2025-07-28T13:55:34.688-0300] {processor.py:830} INFO - Processing file /mnt/c/Users/Usuario/Downloads/Automações/Climate-AgriTech-MLOps/.venv/lib/python3.12/site-packages/airflow/example_dags/example_trigger_target_dag.py for tasks to queue
[2025-07-28T13:55:34.694-0300] {logging_mixin.py:188} INFO - [2025-07-28T13:55:34.692-0300] {dagbag.py:545} INFO - Filling up the DagBag from /mnt/c/Users/Usuario/Downloads/Automações/Climate-AgriTech-MLOps/.venv/lib/python3.12/site-packages/airflow/example_dags/example_trigger_target_dag.py
[2025-07-28T13:55:34.744-0300] {processor.py:840} INFO - DAG(s) 'example_trigger_target_dag' retrieved from /mnt/c/Users/Usuario/Downloads/Automações/Climate-AgriTech-MLOps/.venv/lib/python3.12/site-packages/airflow/example_dags/example_trigger_target_dag.py
[2025-07-28T13:55:34.812-0300] {logging_mixin.py:188} INFO - [2025-07-28T13:55:34.810-0300] {dag.py:3096} INFO - Sync 1 DAGs
[2025-07-28T13:55:34.843-0300] {logging_mixin.py:188} INFO - [2025-07-28T13:55:34.841-0300] {dag.py:3954} INFO - Setting next_dagrun for example_trigger_target_dag to None, run_after=None
[2025-07-28T13:55:34.998-0300] {processor.py:183} INFO - Processing /mnt/c/Users/Usuario/Downloads/Automações/Climate-AgriTech-MLOps/.venv/lib/python3.12/site-packages/airflow/example_dags/example_trigger_target_dag.py took 0.352 seconds
[2025-07-28T13:56:44.551-0300] {processor.py:161} INFO - Started process (PID=9114) to work on /mnt/c/Users/Usuario/Downloads/Automações/Climate-AgriTech-MLOps/.venv/lib/python3.12/site-packages/airflow/example_dags/example_trigger_target_dag.py
[2025-07-28T13:56:44.553-0300] {processor.py:830} INFO - Processing file /mnt/c/Users/Usuario/Downloads/Automações/Climate-AgriTech-MLOps/.venv/lib/python3.12/site-packages/airflow/example_dags/example_trigger_target_dag.py for tasks to queue
[2025-07-28T13:56:44.557-0300] {logging_mixin.py:188} INFO - [2025-07-28T13:56:44.555-0300] {dagbag.py:545} INFO - Filling up the DagBag from /mnt/c/Users/Usuario/Downloads/Automações/Climate-AgriTech-MLOps/.venv/lib/python3.12/site-packages/airflow/example_dags/example_trigger_target_dag.py
[2025-07-28T13:56:44.581-0300] {processor.py:840} INFO - DAG(s) 'example_trigger_target_dag' retrieved from /mnt/c/Users/Usuario/Downloads/Automações/Climate-AgriTech-MLOps/.venv/lib/python3.12/site-packages/airflow/example_dags/example_trigger_target_dag.py
[2025-07-28T13:56:44.620-0300] {logging_mixin.py:188} INFO - [2025-07-28T13:56:44.618-0300] {dag.py:3096} INFO - Sync 1 DAGs
[2025-07-28T13:56:44.637-0300] {logging_mixin.py:188} INFO - [2025-07-28T13:56:44.636-0300] {dag.py:3954} INFO - Setting next_dagrun for example_trigger_target_dag to None, run_after=None
[2025-07-28T13:56:44.723-0300] {processor.py:183} INFO - Processing /mnt/c/Users/Usuario/Downloads/Automações/Climate-AgriTech-MLOps/.venv/lib/python3.12/site-packages/airflow/example_dags/example_trigger_target_dag.py took 0.186 seconds
[2025-07-28T13:57:37.447-0300] {processor.py:161} INFO - Started process (PID=9164) to work on /mnt/c/Users/Usuario/Downloads/Automações/Climate-AgriTech-MLOps/.venv/lib/python3.12/site-packages/airflow/example_dags/example_trigger_target_dag.py
[2025-07-28T13:57:37.450-0300] {processor.py:830} INFO - Processing file /mnt/c/Users/Usuario/Downloads/Automações/Climate-AgriTech-MLOps/.venv/lib/python3.12/site-packages/airflow/example_dags/example_trigger_target_dag.py for tasks to queue
[2025-07-28T13:57:37.453-0300] {logging_mixin.py:188} INFO - [2025-07-28T13:57:37.452-0300] {dagbag.py:545} INFO - Filling up the DagBag from /mnt/c/Users/Usuario/Downloads/Automações/Climate-AgriTech-MLOps/.venv/lib/python3.12/site-packages/airflow/example_dags/example_trigger_target_dag.py
[2025-07-28T13:57:37.477-0300] {processor.py:840} INFO - DAG(s) 'example_trigger_target_dag' retrieved from /mnt/c/Users/Usuario/Downloads/Automações/Climate-AgriTech-MLOps/.venv/lib/python3.12/site-packages/airflow/example_dags/example_trigger_target_dag.py
[2025-07-28T13:57:37.515-0300] {logging_mixin.py:188} INFO - [2025-07-28T13:57:37.514-0300] {dag.py:3096} INFO - Sync 1 DAGs
[2025-07-28T13:57:37.532-0300] {logging_mixin.py:188} INFO - [2025-07-28T13:57:37.530-0300] {dag.py:3954} INFO - Setting next_dagrun for example_trigger_target_dag to None, run_after=None
[2025-07-28T13:57:37.619-0300] {processor.py:183} INFO - Processing /mnt/c/Users/Usuario/Downloads/Automações/Climate-AgriTech-MLOps/.venv/lib/python3.12/site-packages/airflow/example_dags/example_trigger_target_dag.py took 0.188 seconds
[2025-07-28T13:59:35.242-0300] {processor.py:161} INFO - Started process (PID=9246) to work on /mnt/c/Users/Usuario/Downloads/Automações/Climate-AgriTech-MLOps/.venv/lib/python3.12/site-packages/airflow/example_dags/example_trigger_target_dag.py
[2025-07-28T13:59:35.245-0300] {processor.py:830} INFO - Processing file /mnt/c/Users/Usuario/Downloads/Automações/Climate-AgriTech-MLOps/.venv/lib/python3.12/site-packages/airflow/example_dags/example_trigger_target_dag.py for tasks to queue
[2025-07-28T13:59:35.248-0300] {logging_mixin.py:188} INFO - [2025-07-28T13:59:35.246-0300] {dagbag.py:545} INFO - Filling up the DagBag from /mnt/c/Users/Usuario/Downloads/Automações/Climate-AgriTech-MLOps/.venv/lib/python3.12/site-packages/airflow/example_dags/example_trigger_target_dag.py
[2025-07-28T13:59:35.272-0300] {processor.py:840} INFO - DAG(s) 'example_trigger_target_dag' retrieved from /mnt/c/Users/Usuario/Downloads/Automações/Climate-AgriTech-MLOps/.venv/lib/python3.12/site-packages/airflow/example_dags/example_trigger_target_dag.py
[2025-07-28T13:59:35.313-0300] {logging_mixin.py:188} INFO - [2025-07-28T13:59:35.311-0300] {dag.py:3096} INFO - Sync 1 DAGs
[2025-07-28T13:59:35.330-0300] {logging_mixin.py:188} INFO - [2025-07-28T13:59:35.328-0300] {dag.py:3954} INFO - Setting next_dagrun for example_trigger_target_dag to None, run_after=None
[2025-07-28T13:59:35.431-0300] {processor.py:183} INFO - Processing /mnt/c/Users/Usuario/Downloads/Automações/Climate-AgriTech-MLOps/.venv/lib/python3.12/site-packages/airflow/example_dags/example_trigger_target_dag.py took 0.203 seconds
[2025-07-28T14:00:33.342-0300] {processor.py:161} INFO - Started process (PID=9296) to work on /mnt/c/Users/Usuario/Downloads/Automações/Climate-AgriTech-MLOps/.venv/lib/python3.12/site-packages/airflow/example_dags/example_trigger_target_dag.py
[2025-07-28T14:00:33.344-0300] {processor.py:830} INFO - Processing file /mnt/c/Users/Usuario/Downloads/Automações/Climate-AgriTech-MLOps/.venv/lib/python3.12/site-packages/airflow/example_dags/example_trigger_target_dag.py for tasks to queue
[2025-07-28T14:00:33.347-0300] {logging_mixin.py:188} INFO - [2025-07-28T14:00:33.346-0300] {dagbag.py:545} INFO - Filling up the DagBag from /mnt/c/Users/Usuario/Downloads/Automações/Climate-AgriTech-MLOps/.venv/lib/python3.12/site-packages/airflow/example_dags/example_trigger_target_dag.py
[2025-07-28T14:00:33.378-0300] {processor.py:840} INFO - DAG(s) 'example_trigger_target_dag' retrieved from /mnt/c/Users/Usuario/Downloads/Automações/Climate-AgriTech-MLOps/.venv/lib/python3.12/site-packages/airflow/example_dags/example_trigger_target_dag.py
[2025-07-28T14:00:33.415-0300] {logging_mixin.py:188} INFO - [2025-07-28T14:00:33.414-0300] {dag.py:3096} INFO - Sync 1 DAGs
[2025-07-28T14:00:33.431-0300] {logging_mixin.py:188} INFO - [2025-07-28T14:00:33.430-0300] {dag.py:3954} INFO - Setting next_dagrun for example_trigger_target_dag to None, run_after=None
[2025-07-28T14:00:33.505-0300] {processor.py:183} INFO - Processing /mnt/c/Users/Usuario/Downloads/Automações/Climate-AgriTech-MLOps/.venv/lib/python3.12/site-packages/airflow/example_dags/example_trigger_target_dag.py took 0.178 seconds
[2025-07-28T14:01:20.580-0300] {processor.py:161} INFO - Started process (PID=9338) to work on /mnt/c/Users/Usuario/Downloads/Automações/Climate-AgriTech-MLOps/.venv/lib/python3.12/site-packages/airflow/example_dags/example_trigger_target_dag.py
[2025-07-28T14:01:20.583-0300] {processor.py:830} INFO - Processing file /mnt/c/Users/Usuario/Downloads/Automações/Climate-AgriTech-MLOps/.venv/lib/python3.12/site-packages/airflow/example_dags/example_trigger_target_dag.py for tasks to queue
[2025-07-28T14:01:20.586-0300] {logging_mixin.py:188} INFO - [2025-07-28T14:01:20.585-0300] {dagbag.py:545} INFO - Filling up the DagBag from /mnt/c/Users/Usuario/Downloads/Automações/Climate-AgriTech-MLOps/.venv/lib/python3.12/site-packages/airflow/example_dags/example_trigger_target_dag.py
[2025-07-28T14:01:20.614-0300] {processor.py:840} INFO - DAG(s) 'example_trigger_target_dag' retrieved from /mnt/c/Users/Usuario/Downloads/Automações/Climate-AgriTech-MLOps/.venv/lib/python3.12/site-packages/airflow/example_dags/example_trigger_target_dag.py
[2025-07-28T14:01:20.655-0300] {logging_mixin.py:188} INFO - [2025-07-28T14:01:20.653-0300] {dag.py:3096} INFO - Sync 1 DAGs
[2025-07-28T14:01:20.673-0300] {logging_mixin.py:188} INFO - [2025-07-28T14:01:20.671-0300] {dag.py:3954} INFO - Setting next_dagrun for example_trigger_target_dag to None, run_after=None
[2025-07-28T14:01:20.761-0300] {processor.py:183} INFO - Processing /mnt/c/Users/Usuario/Downloads/Automações/Climate-AgriTech-MLOps/.venv/lib/python3.12/site-packages/airflow/example_dags/example_trigger_target_dag.py took 0.196 seconds
