[2025-07-28T13:45:35.888-0300] {processor.py:161} INFO - Started process (PID=8709) to work on /mnt/c/Users/Usuario/Downloads/Automações/Climate-AgriTech-MLOps/.venv/lib/python3.12/site-packages/airflow/example_dags/example_bash_decorator.py
[2025-07-28T13:45:35.890-0300] {processor.py:830} INFO - Processing file /mnt/c/Users/Usuario/Downloads/Automações/Climate-AgriTech-MLOps/.venv/lib/python3.12/site-packages/airflow/example_dags/example_bash_decorator.py for tasks to queue
[2025-07-28T13:45:35.894-0300] {logging_mixin.py:188} INFO - [2025-07-28T13:45:35.892-0300] {dagbag.py:545} INFO - Filling up the DagBag from /mnt/c/Users/Usuario/Downloads/Automações/Climate-AgriTech-MLOps/.venv/lib/python3.12/site-packages/airflow/example_dags/example_bash_decorator.py
[2025-07-28T13:45:35.947-0300] {processor.py:840} INFO - DAG(s) 'example_bash_decorator' retrieved from /mnt/c/Users/Usuario/Downloads/Automações/Climate-AgriTech-MLOps/.venv/lib/python3.12/site-packages/airflow/example_dags/example_bash_decorator.py
[2025-07-28T13:45:37.572-0300] {logging_mixin.py:188} INFO - [2025-07-28T13:45:37.571-0300] {dag.py:3096} INFO - Sync 1 DAGs
[2025-07-28T13:45:37.583-0300] {logging_mixin.py:188} INFO - [2025-07-28T13:45:37.582-0300] {dag.py:3954} INFO - Setting next_dagrun for example_bash_decorator to None, run_after=None
[2025-07-28T13:45:37.688-0300] {processor.py:183} INFO - Processing /mnt/c/Users/Usuario/Downloads/Automações/Climate-AgriTech-MLOps/.venv/lib/python3.12/site-packages/airflow/example_dags/example_bash_decorator.py took 1.816 seconds
[2025-07-28T13:48:38.221-0300] {processor.py:161} INFO - Started process (PID=8814) to work on /mnt/c/Users/Usuario/Downloads/Automações/Climate-AgriTech-MLOps/.venv/lib/python3.12/site-packages/airflow/example_dags/example_bash_decorator.py
[2025-07-28T13:48:38.238-0300] {processor.py:830} INFO - Processing file /mnt/c/Users/Usuario/Downloads/Automações/Climate-AgriTech-MLOps/.venv/lib/python3.12/site-packages/airflow/example_dags/example_bash_decorator.py for tasks to queue
[2025-07-28T13:48:38.246-0300] {logging_mixin.py:188} INFO - [2025-07-28T13:48:38.242-0300] {dagbag.py:545} INFO - Filling up the DagBag from /mnt/c/Users/Usuario/Downloads/Automações/Climate-AgriTech-MLOps/.venv/lib/python3.12/site-packages/airflow/example_dags/example_bash_decorator.py
[2025-07-28T13:48:38.356-0300] {processor.py:840} INFO - DAG(s) 'example_bash_decorator' retrieved from /mnt/c/Users/Usuario/Downloads/Automações/Climate-AgriTech-MLOps/.venv/lib/python3.12/site-packages/airflow/example_dags/example_bash_decorator.py
[2025-07-28T13:48:38.440-0300] {logging_mixin.py:188} INFO - [2025-07-28T13:48:38.438-0300] {dag.py:3096} INFO - Sync 1 DAGs
[2025-07-28T13:48:38.476-0300] {logging_mixin.py:188} INFO - [2025-07-28T13:48:38.473-0300] {dag.py:3954} INFO - Setting next_dagrun for example_bash_decorator to None, run_after=None
[2025-07-28T13:48:38.686-0300] {processor.py:183} INFO - Processing /mnt/c/Users/Usuario/Downloads/Automações/Climate-AgriTech-MLOps/.venv/lib/python3.12/site-packages/airflow/example_dags/example_bash_decorator.py took 0.500 seconds
[2025-07-28T13:51:42.812-0300] {processor.py:161} INFO - Started process (PID=8926) to work on /mnt/c/Users/Usuario/Downloads/Automações/Climate-AgriTech-MLOps/.venv/lib/python3.12/site-packages/airflow/example_dags/example_bash_decorator.py
[2025-07-28T13:51:42.818-0300] {processor.py:830} INFO - Processing file /mnt/c/Users/Usuario/Downloads/Automações/Climate-AgriTech-MLOps/.venv/lib/python3.12/site-packages/airflow/example_dags/example_bash_decorator.py for tasks to queue
[2025-07-28T13:51:42.844-0300] {logging_mixin.py:188} INFO - [2025-07-28T13:51:42.822-0300] {dagbag.py:545} INFO - Filling up the DagBag from /mnt/c/Users/Usuario/Downloads/Automações/Climate-AgriTech-MLOps/.venv/lib/python3.12/site-packages/airflow/example_dags/example_bash_decorator.py
[2025-07-28T13:51:42.952-0300] {processor.py:840} INFO - DAG(s) 'example_bash_decorator' retrieved from /mnt/c/Users/Usuario/Downloads/Automações/Climate-AgriTech-MLOps/.venv/lib/python3.12/site-packages/airflow/example_dags/example_bash_decorator.py
[2025-07-28T13:51:43.032-0300] {logging_mixin.py:188} INFO - [2025-07-28T13:51:43.030-0300] {dag.py:3096} INFO - Sync 1 DAGs
[2025-07-28T13:51:43.068-0300] {logging_mixin.py:188} INFO - [2025-07-28T13:51:43.066-0300] {dag.py:3954} INFO - Setting next_dagrun for example_bash_decorator to None, run_after=None
[2025-07-28T13:51:43.233-0300] {processor.py:183} INFO - Processing /mnt/c/Users/Usuario/Downloads/Automações/Climate-AgriTech-MLOps/.venv/lib/python3.12/site-packages/airflow/example_dags/example_bash_decorator.py took 0.465 seconds
[2025-07-28T13:54:43.743-0300] {processor.py:161} INFO - Started process (PID=9031) to work on /mnt/c/Users/Usuario/Downloads/Automações/Climate-AgriTech-MLOps/.venv/lib/python3.12/site-packages/airflow/example_dags/example_bash_decorator.py
[2025-07-28T13:54:43.750-0300] {processor.py:830} INFO - Processing file /mnt/c/Users/Usuario/Downloads/Automações/Climate-AgriTech-MLOps/.venv/lib/python3.12/site-packages/airflow/example_dags/example_bash_decorator.py for tasks to queue
[2025-07-28T13:54:43.758-0300] {logging_mixin.py:188} INFO - [2025-07-28T13:54:43.754-0300] {dagbag.py:545} INFO - Filling up the DagBag from /mnt/c/Users/Usuario/Downloads/Automações/Climate-AgriTech-MLOps/.venv/lib/python3.12/site-packages/airflow/example_dags/example_bash_decorator.py
[2025-07-28T13:54:43.874-0300] {processor.py:840} INFO - DAG(s) 'example_bash_decorator' retrieved from /mnt/c/Users/Usuario/Downloads/Automações/Climate-AgriTech-MLOps/.venv/lib/python3.12/site-packages/airflow/example_dags/example_bash_decorator.py
[2025-07-28T13:54:43.972-0300] {logging_mixin.py:188} INFO - [2025-07-28T13:54:43.969-0300] {dag.py:3096} INFO - Sync 1 DAGs
[2025-07-28T13:54:44.010-0300] {logging_mixin.py:188} INFO - [2025-07-28T13:54:44.007-0300] {dag.py:3954} INFO - Setting next_dagrun for example_bash_decorator to None, run_after=None
[2025-07-28T13:54:44.245-0300] {processor.py:183} INFO - Processing /mnt/c/Users/Usuario/Downloads/Automações/Climate-AgriTech-MLOps/.venv/lib/python3.12/site-packages/airflow/example_dags/example_bash_decorator.py took 0.547 seconds
[2025-07-28T13:57:11.484-0300] {processor.py:161} INFO - Started process (PID=9140) to work on /mnt/c/Users/Usuario/Downloads/Automações/Climate-AgriTech-MLOps/.venv/lib/python3.12/site-packages/airflow/example_dags/example_bash_decorator.py
[2025-07-28T13:57:11.486-0300] {processor.py:830} INFO - Processing file /mnt/c/Users/Usuario/Downloads/Automações/Climate-AgriTech-MLOps/.venv/lib/python3.12/site-packages/airflow/example_dags/example_bash_decorator.py for tasks to queue
[2025-07-28T13:57:11.488-0300] {logging_mixin.py:188} INFO - [2025-07-28T13:57:11.487-0300] {dagbag.py:545} INFO - Filling up the DagBag from /mnt/c/Users/Usuario/Downloads/Automações/Climate-AgriTech-MLOps/.venv/lib/python3.12/site-packages/airflow/example_dags/example_bash_decorator.py
[2025-07-28T13:57:11.527-0300] {processor.py:840} INFO - DAG(s) 'example_bash_decorator' retrieved from /mnt/c/Users/Usuario/Downloads/Automações/Climate-AgriTech-MLOps/.venv/lib/python3.12/site-packages/airflow/example_dags/example_bash_decorator.py
[2025-07-28T13:57:11.568-0300] {logging_mixin.py:188} INFO - [2025-07-28T13:57:11.567-0300] {dag.py:3096} INFO - Sync 1 DAGs
[2025-07-28T13:57:11.584-0300] {logging_mixin.py:188} INFO - [2025-07-28T13:57:11.582-0300] {dag.py:3954} INFO - Setting next_dagrun for example_bash_decorator to None, run_after=None
[2025-07-28T13:57:11.668-0300] {processor.py:183} INFO - Processing /mnt/c/Users/Usuario/Downloads/Automações/Climate-AgriTech-MLOps/.venv/lib/python3.12/site-packages/airflow/example_dags/example_bash_decorator.py took 0.199 seconds
[2025-07-28T13:58:53.249-0300] {processor.py:161} INFO - Started process (PID=9220) to work on /mnt/c/Users/Usuario/Downloads/Automações/Climate-AgriTech-MLOps/.venv/lib/python3.12/site-packages/airflow/example_dags/example_bash_decorator.py
[2025-07-28T13:58:53.254-0300] {processor.py:830} INFO - Processing file /mnt/c/Users/Usuario/Downloads/Automações/Climate-AgriTech-MLOps/.venv/lib/python3.12/site-packages/airflow/example_dags/example_bash_decorator.py for tasks to queue
[2025-07-28T13:58:53.262-0300] {logging_mixin.py:188} INFO - [2025-07-28T13:58:53.258-0300] {dagbag.py:545} INFO - Filling up the DagBag from /mnt/c/Users/Usuario/Downloads/Automações/Climate-AgriTech-MLOps/.venv/lib/python3.12/site-packages/airflow/example_dags/example_bash_decorator.py
[2025-07-28T13:58:53.378-0300] {processor.py:840} INFO - DAG(s) 'example_bash_decorator' retrieved from /mnt/c/Users/Usuario/Downloads/Automações/Climate-AgriTech-MLOps/.venv/lib/python3.12/site-packages/airflow/example_dags/example_bash_decorator.py
[2025-07-28T13:58:53.475-0300] {logging_mixin.py:188} INFO - [2025-07-28T13:58:53.473-0300] {dag.py:3096} INFO - Sync 1 DAGs
[2025-07-28T13:58:53.512-0300] {logging_mixin.py:188} INFO - [2025-07-28T13:58:53.510-0300] {dag.py:3954} INFO - Setting next_dagrun for example_bash_decorator to None, run_after=None
[2025-07-28T13:58:53.716-0300] {processor.py:183} INFO - Processing /mnt/c/Users/Usuario/Downloads/Automações/Climate-AgriTech-MLOps/.venv/lib/python3.12/site-packages/airflow/example_dags/example_bash_decorator.py took 0.508 seconds
[2025-07-28T14:00:57.318-0300] {processor.py:161} INFO - Started process (PID=9316) to work on /mnt/c/Users/Usuario/Downloads/Automações/Climate-AgriTech-MLOps/.venv/lib/python3.12/site-packages/airflow/example_dags/example_bash_decorator.py
[2025-07-28T14:00:57.321-0300] {processor.py:830} INFO - Processing file /mnt/c/Users/Usuario/Downloads/Automações/Climate-AgriTech-MLOps/.venv/lib/python3.12/site-packages/airflow/example_dags/example_bash_decorator.py for tasks to queue
[2025-07-28T14:00:57.324-0300] {logging_mixin.py:188} INFO - [2025-07-28T14:00:57.323-0300] {dagbag.py:545} INFO - Filling up the DagBag from /mnt/c/Users/Usuario/Downloads/Automações/Climate-AgriTech-MLOps/.venv/lib/python3.12/site-packages/airflow/example_dags/example_bash_decorator.py
[2025-07-28T14:00:57.367-0300] {processor.py:840} INFO - DAG(s) 'example_bash_decorator' retrieved from /mnt/c/Users/Usuario/Downloads/Automações/Climate-AgriTech-MLOps/.venv/lib/python3.12/site-packages/airflow/example_dags/example_bash_decorator.py
[2025-07-28T14:00:57.409-0300] {logging_mixin.py:188} INFO - [2025-07-28T14:00:57.408-0300] {dag.py:3096} INFO - Sync 1 DAGs
[2025-07-28T14:00:57.426-0300] {logging_mixin.py:188} INFO - [2025-07-28T14:00:57.425-0300] {dag.py:3954} INFO - Setting next_dagrun for example_bash_decorator to None, run_after=None
[2025-07-28T14:00:57.524-0300] {processor.py:183} INFO - Processing /mnt/c/Users/Usuario/Downloads/Automações/Climate-AgriTech-MLOps/.venv/lib/python3.12/site-packages/airflow/example_dags/example_bash_decorator.py took 0.224 seconds
