[2025-07-28T12:50:02.437-0300] {processor.py:161} INFO - Started process (PID=8033) to work on /mnt/c/Users/Usuario/Downloads/Automações/Climate-AgriTech-MLOps/.venv/lib/python3.12/site-packages/airflow/example_dags/example_setup_teardown_taskflow.py
[2025-07-28T12:50:02.442-0300] {processor.py:830} INFO - Processing file /mnt/c/Users/Usuario/Downloads/Automações/Climate-AgriTech-MLOps/.venv/lib/python3.12/site-packages/airflow/example_dags/example_setup_teardown_taskflow.py for tasks to queue
[2025-07-28T12:50:02.452-0300] {logging_mixin.py:188} INFO - [2025-07-28T12:50:02.449-0300] {dagbag.py:545} INFO - Filling up the DagBag from /mnt/c/Users/Usuario/Downloads/Automações/Climate-AgriTech-MLOps/.venv/lib/python3.12/site-packages/airflow/example_dags/example_setup_teardown_taskflow.py
[2025-07-28T12:50:02.553-0300] {processor.py:840} INFO - DAG(s) 'example_setup_teardown_taskflow' retrieved from /mnt/c/Users/Usuario/Downloads/Automações/Climate-AgriTech-MLOps/.venv/lib/python3.12/site-packages/airflow/example_dags/example_setup_teardown_taskflow.py
[2025-07-28T12:50:06.291-0300] {logging_mixin.py:188} INFO - [2025-07-28T12:50:06.286-0300] {override.py:1829} INFO - Created Permission View: can read on DAG:example_setup_teardown_taskflow
[2025-07-28T12:50:06.414-0300] {logging_mixin.py:188} INFO - [2025-07-28T12:50:06.411-0300] {override.py:1829} INFO - Created Permission View: can edit on DAG:example_setup_teardown_taskflow
[2025-07-28T12:50:06.515-0300] {logging_mixin.py:188} INFO - [2025-07-28T12:50:06.512-0300] {override.py:1829} INFO - Created Permission View: can delete on DAG:example_setup_teardown_taskflow
[2025-07-28T12:50:06.522-0300] {logging_mixin.py:188} INFO - [2025-07-28T12:50:06.519-0300] {dag.py:3096} INFO - Sync 1 DAGs
[2025-07-28T12:50:06.577-0300] {logging_mixin.py:188} INFO - [2025-07-28T12:50:06.575-0300] {dag.py:3118} INFO - Creating ORM DAG for example_setup_teardown_taskflow
[2025-07-28T12:50:06.620-0300] {logging_mixin.py:188} INFO - [2025-07-28T12:50:06.618-0300] {dag.py:3954} INFO - Setting next_dagrun for example_setup_teardown_taskflow to 2025-07-27 00:00:00+00:00, run_after=2025-07-28 00:00:00+00:00
[2025-07-28T12:50:06.812-0300] {processor.py:183} INFO - Processing /mnt/c/Users/Usuario/Downloads/Automações/Climate-AgriTech-MLOps/.venv/lib/python3.12/site-packages/airflow/example_dags/example_setup_teardown_taskflow.py took 4.409 seconds
[2025-07-28T13:09:23.951-0300] {processor.py:161} INFO - Started process (PID=8662) to work on /mnt/c/Users/Usuario/Downloads/Automações/Climate-AgriTech-MLOps/.venv/lib/python3.12/site-packages/airflow/example_dags/example_setup_teardown_taskflow.py
[2025-07-28T13:09:23.959-0300] {processor.py:830} INFO - Processing file /mnt/c/Users/Usuario/Downloads/Automações/Climate-AgriTech-MLOps/.venv/lib/python3.12/site-packages/airflow/example_dags/example_setup_teardown_taskflow.py for tasks to queue
[2025-07-28T13:09:23.969-0300] {logging_mixin.py:188} INFO - [2025-07-28T13:09:23.965-0300] {dagbag.py:545} INFO - Filling up the DagBag from /mnt/c/Users/Usuario/Downloads/Automações/Climate-AgriTech-MLOps/.venv/lib/python3.12/site-packages/airflow/example_dags/example_setup_teardown_taskflow.py
[2025-07-28T13:09:24.054-0300] {processor.py:840} INFO - DAG(s) 'example_setup_teardown_taskflow' retrieved from /mnt/c/Users/Usuario/Downloads/Automações/Climate-AgriTech-MLOps/.venv/lib/python3.12/site-packages/airflow/example_dags/example_setup_teardown_taskflow.py
[2025-07-28T13:09:27.572-0300] {logging_mixin.py:188} INFO - [2025-07-28T13:09:27.569-0300] {dag.py:3096} INFO - Sync 1 DAGs
[2025-07-28T13:09:27.644-0300] {logging_mixin.py:188} INFO - [2025-07-28T13:09:27.641-0300] {dag.py:3954} INFO - Setting next_dagrun for example_setup_teardown_taskflow to 2025-07-27 00:00:00+00:00, run_after=2025-07-28 00:00:00+00:00
[2025-07-28T13:09:27.862-0300] {processor.py:183} INFO - Processing /mnt/c/Users/Usuario/Downloads/Automações/Climate-AgriTech-MLOps/.venv/lib/python3.12/site-packages/airflow/example_dags/example_setup_teardown_taskflow.py took 3.960 seconds
[2025-07-28T13:46:27.759-0300] {processor.py:161} INFO - Started process (PID=8745) to work on /mnt/c/Users/Usuario/Downloads/Automações/Climate-AgriTech-MLOps/.venv/lib/python3.12/site-packages/airflow/example_dags/example_setup_teardown_taskflow.py
[2025-07-28T13:46:27.764-0300] {processor.py:830} INFO - Processing file /mnt/c/Users/Usuario/Downloads/Automações/Climate-AgriTech-MLOps/.venv/lib/python3.12/site-packages/airflow/example_dags/example_setup_teardown_taskflow.py for tasks to queue
[2025-07-28T13:46:27.770-0300] {logging_mixin.py:188} INFO - [2025-07-28T13:46:27.767-0300] {dagbag.py:545} INFO - Filling up the DagBag from /mnt/c/Users/Usuario/Downloads/Automações/Climate-AgriTech-MLOps/.venv/lib/python3.12/site-packages/airflow/example_dags/example_setup_teardown_taskflow.py
[2025-07-28T13:46:27.831-0300] {processor.py:840} INFO - DAG(s) 'example_setup_teardown_taskflow' retrieved from /mnt/c/Users/Usuario/Downloads/Automações/Climate-AgriTech-MLOps/.venv/lib/python3.12/site-packages/airflow/example_dags/example_setup_teardown_taskflow.py
[2025-07-28T13:46:27.904-0300] {logging_mixin.py:188} INFO - [2025-07-28T13:46:27.901-0300] {dag.py:3096} INFO - Sync 1 DAGs
[2025-07-28T13:46:27.969-0300] {logging_mixin.py:188} INFO - [2025-07-28T13:46:27.967-0300] {dag.py:3954} INFO - Setting next_dagrun for example_setup_teardown_taskflow to 2025-07-27 00:00:00+00:00, run_after=2025-07-28 00:00:00+00:00
[2025-07-28T13:46:28.161-0300] {processor.py:183} INFO - Processing /mnt/c/Users/Usuario/Downloads/Automações/Climate-AgriTech-MLOps/.venv/lib/python3.12/site-packages/airflow/example_dags/example_setup_teardown_taskflow.py took 0.434 seconds
[2025-07-28T13:48:06.816-0300] {processor.py:161} INFO - Started process (PID=8796) to work on /mnt/c/Users/Usuario/Downloads/Automações/Climate-AgriTech-MLOps/.venv/lib/python3.12/site-packages/airflow/example_dags/example_setup_teardown_taskflow.py
[2025-07-28T13:48:06.822-0300] {processor.py:830} INFO - Processing file /mnt/c/Users/Usuario/Downloads/Automações/Climate-AgriTech-MLOps/.venv/lib/python3.12/site-packages/airflow/example_dags/example_setup_teardown_taskflow.py for tasks to queue
[2025-07-28T13:48:06.829-0300] {logging_mixin.py:188} INFO - [2025-07-28T13:48:06.826-0300] {dagbag.py:545} INFO - Filling up the DagBag from /mnt/c/Users/Usuario/Downloads/Automações/Climate-AgriTech-MLOps/.venv/lib/python3.12/site-packages/airflow/example_dags/example_setup_teardown_taskflow.py
[2025-07-28T13:48:06.902-0300] {processor.py:840} INFO - DAG(s) 'example_setup_teardown_taskflow' retrieved from /mnt/c/Users/Usuario/Downloads/Automações/Climate-AgriTech-MLOps/.venv/lib/python3.12/site-packages/airflow/example_dags/example_setup_teardown_taskflow.py
[2025-07-28T13:48:07.228-0300] {logging_mixin.py:188} INFO - [2025-07-28T13:48:07.225-0300] {dag.py:3096} INFO - Sync 1 DAGs
[2025-07-28T13:48:07.291-0300] {logging_mixin.py:188} INFO - [2025-07-28T13:48:07.289-0300] {dag.py:3954} INFO - Setting next_dagrun for example_setup_teardown_taskflow to 2025-07-27 00:00:00+00:00, run_after=2025-07-28 00:00:00+00:00
[2025-07-28T13:48:07.444-0300] {processor.py:183} INFO - Processing /mnt/c/Users/Usuario/Downloads/Automações/Climate-AgriTech-MLOps/.venv/lib/python3.12/site-packages/airflow/example_dags/example_setup_teardown_taskflow.py took 0.660 seconds
[2025-07-28T13:49:37.979-0300] {processor.py:161} INFO - Started process (PID=8846) to work on /mnt/c/Users/Usuario/Downloads/Automações/Climate-AgriTech-MLOps/.venv/lib/python3.12/site-packages/airflow/example_dags/example_setup_teardown_taskflow.py
[2025-07-28T13:49:37.984-0300] {processor.py:830} INFO - Processing file /mnt/c/Users/Usuario/Downloads/Automações/Climate-AgriTech-MLOps/.venv/lib/python3.12/site-packages/airflow/example_dags/example_setup_teardown_taskflow.py for tasks to queue
[2025-07-28T13:49:37.990-0300] {logging_mixin.py:188} INFO - [2025-07-28T13:49:37.987-0300] {dagbag.py:545} INFO - Filling up the DagBag from /mnt/c/Users/Usuario/Downloads/Automações/Climate-AgriTech-MLOps/.venv/lib/python3.12/site-packages/airflow/example_dags/example_setup_teardown_taskflow.py
[2025-07-28T13:49:38.056-0300] {processor.py:840} INFO - DAG(s) 'example_setup_teardown_taskflow' retrieved from /mnt/c/Users/Usuario/Downloads/Automações/Climate-AgriTech-MLOps/.venv/lib/python3.12/site-packages/airflow/example_dags/example_setup_teardown_taskflow.py
[2025-07-28T13:49:38.136-0300] {logging_mixin.py:188} INFO - [2025-07-28T13:49:38.133-0300] {dag.py:3096} INFO - Sync 1 DAGs
[2025-07-28T13:49:38.213-0300] {logging_mixin.py:188} INFO - [2025-07-28T13:49:38.211-0300] {dag.py:3954} INFO - Setting next_dagrun for example_setup_teardown_taskflow to 2025-07-27 00:00:00+00:00, run_after=2025-07-28 00:00:00+00:00
[2025-07-28T13:49:38.375-0300] {processor.py:183} INFO - Processing /mnt/c/Users/Usuario/Downloads/Automações/Climate-AgriTech-MLOps/.venv/lib/python3.12/site-packages/airflow/example_dags/example_setup_teardown_taskflow.py took 0.428 seconds
[2025-07-28T13:51:08.568-0300] {processor.py:161} INFO - Started process (PID=8900) to work on /mnt/c/Users/Usuario/Downloads/Automações/Climate-AgriTech-MLOps/.venv/lib/python3.12/site-packages/airflow/example_dags/example_setup_teardown_taskflow.py
[2025-07-28T13:51:08.573-0300] {processor.py:830} INFO - Processing file /mnt/c/Users/Usuario/Downloads/Automações/Climate-AgriTech-MLOps/.venv/lib/python3.12/site-packages/airflow/example_dags/example_setup_teardown_taskflow.py for tasks to queue
[2025-07-28T13:51:08.581-0300] {logging_mixin.py:188} INFO - [2025-07-28T13:51:08.577-0300] {dagbag.py:545} INFO - Filling up the DagBag from /mnt/c/Users/Usuario/Downloads/Automações/Climate-AgriTech-MLOps/.venv/lib/python3.12/site-packages/airflow/example_dags/example_setup_teardown_taskflow.py
[2025-07-28T13:51:08.647-0300] {processor.py:840} INFO - DAG(s) 'example_setup_teardown_taskflow' retrieved from /mnt/c/Users/Usuario/Downloads/Automações/Climate-AgriTech-MLOps/.venv/lib/python3.12/site-packages/airflow/example_dags/example_setup_teardown_taskflow.py
[2025-07-28T13:51:08.726-0300] {logging_mixin.py:188} INFO - [2025-07-28T13:51:08.724-0300] {dag.py:3096} INFO - Sync 1 DAGs
[2025-07-28T13:51:08.802-0300] {logging_mixin.py:188} INFO - [2025-07-28T13:51:08.800-0300] {dag.py:3954} INFO - Setting next_dagrun for example_setup_teardown_taskflow to 2025-07-27 00:00:00+00:00, run_after=2025-07-28 00:00:00+00:00
[2025-07-28T13:51:09.018-0300] {processor.py:183} INFO - Processing /mnt/c/Users/Usuario/Downloads/Automações/Climate-AgriTech-MLOps/.venv/lib/python3.12/site-packages/airflow/example_dags/example_setup_teardown_taskflow.py took 0.488 seconds
[2025-07-28T13:52:43.202-0300] {processor.py:161} INFO - Started process (PID=8967) to work on /mnt/c/Users/Usuario/Downloads/Automações/Climate-AgriTech-MLOps/.venv/lib/python3.12/site-packages/airflow/example_dags/example_setup_teardown_taskflow.py
[2025-07-28T13:52:43.209-0300] {processor.py:830} INFO - Processing file /mnt/c/Users/Usuario/Downloads/Automações/Climate-AgriTech-MLOps/.venv/lib/python3.12/site-packages/airflow/example_dags/example_setup_teardown_taskflow.py for tasks to queue
[2025-07-28T13:52:43.221-0300] {logging_mixin.py:188} INFO - [2025-07-28T13:52:43.217-0300] {dagbag.py:545} INFO - Filling up the DagBag from /mnt/c/Users/Usuario/Downloads/Automações/Climate-AgriTech-MLOps/.venv/lib/python3.12/site-packages/airflow/example_dags/example_setup_teardown_taskflow.py
[2025-07-28T13:52:43.337-0300] {processor.py:840} INFO - DAG(s) 'example_setup_teardown_taskflow' retrieved from /mnt/c/Users/Usuario/Downloads/Automações/Climate-AgriTech-MLOps/.venv/lib/python3.12/site-packages/airflow/example_dags/example_setup_teardown_taskflow.py
[2025-07-28T13:52:43.445-0300] {logging_mixin.py:188} INFO - [2025-07-28T13:52:43.442-0300] {dag.py:3096} INFO - Sync 1 DAGs
[2025-07-28T13:52:43.518-0300] {logging_mixin.py:188} INFO - [2025-07-28T13:52:43.515-0300] {dag.py:3954} INFO - Setting next_dagrun for example_setup_teardown_taskflow to 2025-07-27 00:00:00+00:00, run_after=2025-07-28 00:00:00+00:00
[2025-07-28T13:52:43.707-0300] {processor.py:183} INFO - Processing /mnt/c/Users/Usuario/Downloads/Automações/Climate-AgriTech-MLOps/.venv/lib/python3.12/site-packages/airflow/example_dags/example_setup_teardown_taskflow.py took 0.549 seconds
[2025-07-28T13:54:17.035-0300] {processor.py:161} INFO - Started process (PID=9015) to work on /mnt/c/Users/Usuario/Downloads/Automações/Climate-AgriTech-MLOps/.venv/lib/python3.12/site-packages/airflow/example_dags/example_setup_teardown_taskflow.py
[2025-07-28T13:54:17.040-0300] {processor.py:830} INFO - Processing file /mnt/c/Users/Usuario/Downloads/Automações/Climate-AgriTech-MLOps/.venv/lib/python3.12/site-packages/airflow/example_dags/example_setup_teardown_taskflow.py for tasks to queue
[2025-07-28T13:54:17.047-0300] {logging_mixin.py:188} INFO - [2025-07-28T13:54:17.044-0300] {dagbag.py:545} INFO - Filling up the DagBag from /mnt/c/Users/Usuario/Downloads/Automações/Climate-AgriTech-MLOps/.venv/lib/python3.12/site-packages/airflow/example_dags/example_setup_teardown_taskflow.py
[2025-07-28T13:54:17.120-0300] {processor.py:840} INFO - DAG(s) 'example_setup_teardown_taskflow' retrieved from /mnt/c/Users/Usuario/Downloads/Automações/Climate-AgriTech-MLOps/.venv/lib/python3.12/site-packages/airflow/example_dags/example_setup_teardown_taskflow.py
[2025-07-28T13:54:17.198-0300] {logging_mixin.py:188} INFO - [2025-07-28T13:54:17.196-0300] {dag.py:3096} INFO - Sync 1 DAGs
[2025-07-28T13:54:17.274-0300] {logging_mixin.py:188} INFO - [2025-07-28T13:54:17.271-0300] {dag.py:3954} INFO - Setting next_dagrun for example_setup_teardown_taskflow to 2025-07-27 00:00:00+00:00, run_after=2025-07-28 00:00:00+00:00
[2025-07-28T13:54:17.453-0300] {processor.py:183} INFO - Processing /mnt/c/Users/Usuario/Downloads/Automações/Climate-AgriTech-MLOps/.venv/lib/python3.12/site-packages/airflow/example_dags/example_setup_teardown_taskflow.py took 0.455 seconds
[2025-07-28T13:55:52.829-0300] {processor.py:161} INFO - Started process (PID=9075) to work on /mnt/c/Users/Usuario/Downloads/Automações/Climate-AgriTech-MLOps/.venv/lib/python3.12/site-packages/airflow/example_dags/example_setup_teardown_taskflow.py
[2025-07-28T13:55:52.835-0300] {processor.py:830} INFO - Processing file /mnt/c/Users/Usuario/Downloads/Automações/Climate-AgriTech-MLOps/.venv/lib/python3.12/site-packages/airflow/example_dags/example_setup_teardown_taskflow.py for tasks to queue
[2025-07-28T13:55:52.842-0300] {logging_mixin.py:188} INFO - [2025-07-28T13:55:52.839-0300] {dagbag.py:545} INFO - Filling up the DagBag from /mnt/c/Users/Usuario/Downloads/Automações/Climate-AgriTech-MLOps/.venv/lib/python3.12/site-packages/airflow/example_dags/example_setup_teardown_taskflow.py
[2025-07-28T13:55:52.922-0300] {processor.py:840} INFO - DAG(s) 'example_setup_teardown_taskflow' retrieved from /mnt/c/Users/Usuario/Downloads/Automações/Climate-AgriTech-MLOps/.venv/lib/python3.12/site-packages/airflow/example_dags/example_setup_teardown_taskflow.py
[2025-07-28T13:55:53.012-0300] {logging_mixin.py:188} INFO - [2025-07-28T13:55:53.009-0300] {dag.py:3096} INFO - Sync 1 DAGs
[2025-07-28T13:55:53.098-0300] {logging_mixin.py:188} INFO - [2025-07-28T13:55:53.095-0300] {dag.py:3954} INFO - Setting next_dagrun for example_setup_teardown_taskflow to 2025-07-27 00:00:00+00:00, run_after=2025-07-28 00:00:00+00:00
[2025-07-28T13:55:53.302-0300] {processor.py:183} INFO - Processing /mnt/c/Users/Usuario/Downloads/Automações/Climate-AgriTech-MLOps/.venv/lib/python3.12/site-packages/airflow/example_dags/example_setup_teardown_taskflow.py took 0.514 seconds
[2025-07-28T13:56:57.727-0300] {processor.py:161} INFO - Started process (PID=9126) to work on /mnt/c/Users/Usuario/Downloads/Automações/Climate-AgriTech-MLOps/.venv/lib/python3.12/site-packages/airflow/example_dags/example_setup_teardown_taskflow.py
[2025-07-28T13:56:57.730-0300] {processor.py:830} INFO - Processing file /mnt/c/Users/Usuario/Downloads/Automações/Climate-AgriTech-MLOps/.venv/lib/python3.12/site-packages/airflow/example_dags/example_setup_teardown_taskflow.py for tasks to queue
[2025-07-28T13:56:57.733-0300] {logging_mixin.py:188} INFO - [2025-07-28T13:56:57.731-0300] {dagbag.py:545} INFO - Filling up the DagBag from /mnt/c/Users/Usuario/Downloads/Automações/Climate-AgriTech-MLOps/.venv/lib/python3.12/site-packages/airflow/example_dags/example_setup_teardown_taskflow.py
[2025-07-28T13:56:57.766-0300] {processor.py:840} INFO - DAG(s) 'example_setup_teardown_taskflow' retrieved from /mnt/c/Users/Usuario/Downloads/Automações/Climate-AgriTech-MLOps/.venv/lib/python3.12/site-packages/airflow/example_dags/example_setup_teardown_taskflow.py
[2025-07-28T13:56:57.801-0300] {logging_mixin.py:188} INFO - [2025-07-28T13:56:57.800-0300] {dag.py:3096} INFO - Sync 1 DAGs
[2025-07-28T13:56:57.841-0300] {logging_mixin.py:188} INFO - [2025-07-28T13:56:57.840-0300] {dag.py:3954} INFO - Setting next_dagrun for example_setup_teardown_taskflow to 2025-07-27 00:00:00+00:00, run_after=2025-07-28 00:00:00+00:00
[2025-07-28T13:56:57.943-0300] {processor.py:183} INFO - Processing /mnt/c/Users/Usuario/Downloads/Automações/Climate-AgriTech-MLOps/.venv/lib/python3.12/site-packages/airflow/example_dags/example_setup_teardown_taskflow.py took 0.230 seconds
[2025-07-28T13:58:33.961-0300] {processor.py:161} INFO - Started process (PID=9209) to work on /mnt/c/Users/Usuario/Downloads/Automações/Climate-AgriTech-MLOps/.venv/lib/python3.12/site-packages/airflow/example_dags/example_setup_teardown_taskflow.py
[2025-07-28T13:58:33.967-0300] {processor.py:830} INFO - Processing file /mnt/c/Users/Usuario/Downloads/Automações/Climate-AgriTech-MLOps/.venv/lib/python3.12/site-packages/airflow/example_dags/example_setup_teardown_taskflow.py for tasks to queue
[2025-07-28T13:58:33.976-0300] {logging_mixin.py:188} INFO - [2025-07-28T13:58:33.972-0300] {dagbag.py:545} INFO - Filling up the DagBag from /mnt/c/Users/Usuario/Downloads/Automações/Climate-AgriTech-MLOps/.venv/lib/python3.12/site-packages/airflow/example_dags/example_setup_teardown_taskflow.py
[2025-07-28T13:58:34.060-0300] {processor.py:840} INFO - DAG(s) 'example_setup_teardown_taskflow' retrieved from /mnt/c/Users/Usuario/Downloads/Automações/Climate-AgriTech-MLOps/.venv/lib/python3.12/site-packages/airflow/example_dags/example_setup_teardown_taskflow.py
[2025-07-28T13:58:34.149-0300] {logging_mixin.py:188} INFO - [2025-07-28T13:58:34.146-0300] {dag.py:3096} INFO - Sync 1 DAGs
[2025-07-28T13:58:34.225-0300] {logging_mixin.py:188} INFO - [2025-07-28T13:58:34.222-0300] {dag.py:3954} INFO - Setting next_dagrun for example_setup_teardown_taskflow to 2025-07-27 00:00:00+00:00, run_after=2025-07-28 00:00:00+00:00
[2025-07-28T13:58:34.445-0300] {processor.py:183} INFO - Processing /mnt/c/Users/Usuario/Downloads/Automações/Climate-AgriTech-MLOps/.venv/lib/python3.12/site-packages/airflow/example_dags/example_setup_teardown_taskflow.py took 0.524 seconds
[2025-07-28T13:59:48.772-0300] {processor.py:161} INFO - Started process (PID=9256) to work on /mnt/c/Users/Usuario/Downloads/Automações/Climate-AgriTech-MLOps/.venv/lib/python3.12/site-packages/airflow/example_dags/example_setup_teardown_taskflow.py
[2025-07-28T13:59:48.775-0300] {processor.py:830} INFO - Processing file /mnt/c/Users/Usuario/Downloads/Automações/Climate-AgriTech-MLOps/.venv/lib/python3.12/site-packages/airflow/example_dags/example_setup_teardown_taskflow.py for tasks to queue
[2025-07-28T13:59:48.778-0300] {logging_mixin.py:188} INFO - [2025-07-28T13:59:48.777-0300] {dagbag.py:545} INFO - Filling up the DagBag from /mnt/c/Users/Usuario/Downloads/Automações/Climate-AgriTech-MLOps/.venv/lib/python3.12/site-packages/airflow/example_dags/example_setup_teardown_taskflow.py
[2025-07-28T13:59:48.807-0300] {processor.py:840} INFO - DAG(s) 'example_setup_teardown_taskflow' retrieved from /mnt/c/Users/Usuario/Downloads/Automações/Climate-AgriTech-MLOps/.venv/lib/python3.12/site-packages/airflow/example_dags/example_setup_teardown_taskflow.py
[2025-07-28T13:59:48.853-0300] {logging_mixin.py:188} INFO - [2025-07-28T13:59:48.852-0300] {dag.py:3096} INFO - Sync 1 DAGs
[2025-07-28T13:59:48.889-0300] {logging_mixin.py:188} INFO - [2025-07-28T13:59:48.888-0300] {dag.py:3954} INFO - Setting next_dagrun for example_setup_teardown_taskflow to 2025-07-27 00:00:00+00:00, run_after=2025-07-28 00:00:00+00:00
[2025-07-28T13:59:48.991-0300] {processor.py:183} INFO - Processing /mnt/c/Users/Usuario/Downloads/Automações/Climate-AgriTech-MLOps/.venv/lib/python3.12/site-packages/airflow/example_dags/example_setup_teardown_taskflow.py took 0.236 seconds
[2025-07-28T14:01:23.462-0300] {processor.py:161} INFO - Started process (PID=9340) to work on /mnt/c/Users/Usuario/Downloads/Automações/Climate-AgriTech-MLOps/.venv/lib/python3.12/site-packages/airflow/example_dags/example_setup_teardown_taskflow.py
[2025-07-28T14:01:23.465-0300] {processor.py:830} INFO - Processing file /mnt/c/Users/Usuario/Downloads/Automações/Climate-AgriTech-MLOps/.venv/lib/python3.12/site-packages/airflow/example_dags/example_setup_teardown_taskflow.py for tasks to queue
[2025-07-28T14:01:23.468-0300] {logging_mixin.py:188} INFO - [2025-07-28T14:01:23.466-0300] {dagbag.py:545} INFO - Filling up the DagBag from /mnt/c/Users/Usuario/Downloads/Automações/Climate-AgriTech-MLOps/.venv/lib/python3.12/site-packages/airflow/example_dags/example_setup_teardown_taskflow.py
[2025-07-28T14:01:23.495-0300] {processor.py:840} INFO - DAG(s) 'example_setup_teardown_taskflow' retrieved from /mnt/c/Users/Usuario/Downloads/Automações/Climate-AgriTech-MLOps/.venv/lib/python3.12/site-packages/airflow/example_dags/example_setup_teardown_taskflow.py
[2025-07-28T14:01:23.532-0300] {logging_mixin.py:188} INFO - [2025-07-28T14:01:23.531-0300] {dag.py:3096} INFO - Sync 1 DAGs
[2025-07-28T14:01:23.563-0300] {logging_mixin.py:188} INFO - [2025-07-28T14:01:23.562-0300] {dag.py:3954} INFO - Setting next_dagrun for example_setup_teardown_taskflow to 2025-07-27 00:00:00+00:00, run_after=2025-07-28 00:00:00+00:00
[2025-07-28T14:01:23.682-0300] {processor.py:183} INFO - Processing /mnt/c/Users/Usuario/Downloads/Automações/Climate-AgriTech-MLOps/.venv/lib/python3.12/site-packages/airflow/example_dags/example_setup_teardown_taskflow.py took 0.235 seconds
