[2025-07-28T12:49:27.069-0300] {processor.py:161} INFO - Started process (PID=7995) to work on /mnt/c/Users/Usuario/Downloads/Automações/Climate-AgriTech-MLOps/.venv/lib/python3.12/site-packages/airflow/example_dags/example_task_group.py
[2025-07-28T12:49:27.075-0300] {processor.py:830} INFO - Processing file /mnt/c/Users/Usuario/Downloads/Automações/Climate-AgriTech-MLOps/.venv/lib/python3.12/site-packages/airflow/example_dags/example_task_group.py for tasks to queue
[2025-07-28T12:49:27.089-0300] {logging_mixin.py:188} INFO - [2025-07-28T12:49:27.086-0300] {dagbag.py:545} INFO - Filling up the DagBag from /mnt/c/Users/Usuario/Downloads/Automações/Climate-AgriTech-MLOps/.venv/lib/python3.12/site-packages/airflow/example_dags/example_task_group.py
[2025-07-28T12:49:27.324-0300] {processor.py:840} INFO - DAG(s) 'example_task_group' retrieved from /mnt/c/Users/Usuario/Downloads/Automações/Climate-AgriTech-MLOps/.venv/lib/python3.12/site-packages/airflow/example_dags/example_task_group.py
[2025-07-28T12:49:31.297-0300] {logging_mixin.py:188} INFO - [2025-07-28T12:49:31.293-0300] {override.py:1829} INFO - Created Permission View: can read on DAG:example_task_group
[2025-07-28T12:49:31.411-0300] {logging_mixin.py:188} INFO - [2025-07-28T12:49:31.407-0300] {override.py:1829} INFO - Created Permission View: can edit on DAG:example_task_group
[2025-07-28T12:49:31.518-0300] {logging_mixin.py:188} INFO - [2025-07-28T12:49:31.515-0300] {override.py:1829} INFO - Created Permission View: can delete on DAG:example_task_group
[2025-07-28T12:49:31.526-0300] {logging_mixin.py:188} INFO - [2025-07-28T12:49:31.523-0300] {dag.py:3096} INFO - Sync 1 DAGs
[2025-07-28T12:49:31.588-0300] {logging_mixin.py:188} INFO - [2025-07-28T12:49:31.585-0300] {dag.py:3118} INFO - Creating ORM DAG for example_task_group
[2025-07-28T12:49:31.631-0300] {logging_mixin.py:188} INFO - [2025-07-28T12:49:31.628-0300] {dag.py:3954} INFO - Setting next_dagrun for example_task_group to 2025-07-27 00:00:00+00:00, run_after=2025-07-28 00:00:00+00:00
[2025-07-28T12:49:31.842-0300] {processor.py:183} INFO - Processing /mnt/c/Users/Usuario/Downloads/Automações/Climate-AgriTech-MLOps/.venv/lib/python3.12/site-packages/airflow/example_dags/example_task_group.py took 4.813 seconds
[2025-07-28T13:08:51.088-0300] {processor.py:161} INFO - Started process (PID=8654) to work on /mnt/c/Users/Usuario/Downloads/Automações/Climate-AgriTech-MLOps/.venv/lib/python3.12/site-packages/airflow/example_dags/example_task_group.py
[2025-07-28T13:08:51.106-0300] {processor.py:830} INFO - Processing file /mnt/c/Users/Usuario/Downloads/Automações/Climate-AgriTech-MLOps/.venv/lib/python3.12/site-packages/airflow/example_dags/example_task_group.py for tasks to queue
[2025-07-28T13:08:51.114-0300] {logging_mixin.py:188} INFO - [2025-07-28T13:08:51.111-0300] {dagbag.py:545} INFO - Filling up the DagBag from /mnt/c/Users/Usuario/Downloads/Automações/Climate-AgriTech-MLOps/.venv/lib/python3.12/site-packages/airflow/example_dags/example_task_group.py
[2025-07-28T13:08:51.188-0300] {processor.py:840} INFO - DAG(s) 'example_task_group' retrieved from /mnt/c/Users/Usuario/Downloads/Automações/Climate-AgriTech-MLOps/.venv/lib/python3.12/site-packages/airflow/example_dags/example_task_group.py
[2025-07-28T13:08:54.720-0300] {logging_mixin.py:188} INFO - [2025-07-28T13:08:54.718-0300] {dag.py:3096} INFO - Sync 1 DAGs
[2025-07-28T13:08:54.786-0300] {logging_mixin.py:188} INFO - [2025-07-28T13:08:54.783-0300] {dag.py:3954} INFO - Setting next_dagrun for example_task_group to 2025-07-27 00:00:00+00:00, run_after=2025-07-28 00:00:00+00:00
[2025-07-28T13:08:54.997-0300] {processor.py:183} INFO - Processing /mnt/c/Users/Usuario/Downloads/Automações/Climate-AgriTech-MLOps/.venv/lib/python3.12/site-packages/airflow/example_dags/example_task_group.py took 3.947 seconds
[2025-07-28T13:46:19.525-0300] {processor.py:161} INFO - Started process (PID=8739) to work on /mnt/c/Users/Usuario/Downloads/Automações/Climate-AgriTech-MLOps/.venv/lib/python3.12/site-packages/airflow/example_dags/example_task_group.py
[2025-07-28T13:46:19.528-0300] {processor.py:830} INFO - Processing file /mnt/c/Users/Usuario/Downloads/Automações/Climate-AgriTech-MLOps/.venv/lib/python3.12/site-packages/airflow/example_dags/example_task_group.py for tasks to queue
[2025-07-28T13:46:19.532-0300] {logging_mixin.py:188} INFO - [2025-07-28T13:46:19.531-0300] {dagbag.py:545} INFO - Filling up the DagBag from /mnt/c/Users/Usuario/Downloads/Automações/Climate-AgriTech-MLOps/.venv/lib/python3.12/site-packages/airflow/example_dags/example_task_group.py
[2025-07-28T13:46:19.568-0300] {processor.py:840} INFO - DAG(s) 'example_task_group' retrieved from /mnt/c/Users/Usuario/Downloads/Automações/Climate-AgriTech-MLOps/.venv/lib/python3.12/site-packages/airflow/example_dags/example_task_group.py
[2025-07-28T13:46:19.612-0300] {logging_mixin.py:188} INFO - [2025-07-28T13:46:19.611-0300] {dag.py:3096} INFO - Sync 1 DAGs
[2025-07-28T13:46:19.649-0300] {logging_mixin.py:188} INFO - [2025-07-28T13:46:19.648-0300] {dag.py:3954} INFO - Setting next_dagrun for example_task_group to 2025-07-27 00:00:00+00:00, run_after=2025-07-28 00:00:00+00:00
[2025-07-28T13:46:19.744-0300] {processor.py:183} INFO - Processing /mnt/c/Users/Usuario/Downloads/Automações/Climate-AgriTech-MLOps/.venv/lib/python3.12/site-packages/airflow/example_dags/example_task_group.py took 0.236 seconds
[2025-07-28T13:47:55.114-0300] {processor.py:161} INFO - Started process (PID=8790) to work on /mnt/c/Users/Usuario/Downloads/Automações/Climate-AgriTech-MLOps/.venv/lib/python3.12/site-packages/airflow/example_dags/example_task_group.py
[2025-07-28T13:47:55.119-0300] {processor.py:830} INFO - Processing file /mnt/c/Users/Usuario/Downloads/Automações/Climate-AgriTech-MLOps/.venv/lib/python3.12/site-packages/airflow/example_dags/example_task_group.py for tasks to queue
[2025-07-28T13:47:55.124-0300] {logging_mixin.py:188} INFO - [2025-07-28T13:47:55.122-0300] {dagbag.py:545} INFO - Filling up the DagBag from /mnt/c/Users/Usuario/Downloads/Automações/Climate-AgriTech-MLOps/.venv/lib/python3.12/site-packages/airflow/example_dags/example_task_group.py
[2025-07-28T13:47:55.185-0300] {processor.py:840} INFO - DAG(s) 'example_task_group' retrieved from /mnt/c/Users/Usuario/Downloads/Automações/Climate-AgriTech-MLOps/.venv/lib/python3.12/site-packages/airflow/example_dags/example_task_group.py
[2025-07-28T13:47:55.267-0300] {logging_mixin.py:188} INFO - [2025-07-28T13:47:55.265-0300] {dag.py:3096} INFO - Sync 1 DAGs
[2025-07-28T13:47:55.629-0300] {logging_mixin.py:188} INFO - [2025-07-28T13:47:55.627-0300] {dag.py:3954} INFO - Setting next_dagrun for example_task_group to 2025-07-27 00:00:00+00:00, run_after=2025-07-28 00:00:00+00:00
[2025-07-28T13:47:55.805-0300] {processor.py:183} INFO - Processing /mnt/c/Users/Usuario/Downloads/Automações/Climate-AgriTech-MLOps/.venv/lib/python3.12/site-packages/airflow/example_dags/example_task_group.py took 0.726 seconds
[2025-07-28T13:49:28.173-0300] {processor.py:161} INFO - Started process (PID=8840) to work on /mnt/c/Users/Usuario/Downloads/Automações/Climate-AgriTech-MLOps/.venv/lib/python3.12/site-packages/airflow/example_dags/example_task_group.py
[2025-07-28T13:49:28.189-0300] {processor.py:830} INFO - Processing file /mnt/c/Users/Usuario/Downloads/Automações/Climate-AgriTech-MLOps/.venv/lib/python3.12/site-packages/airflow/example_dags/example_task_group.py for tasks to queue
[2025-07-28T13:49:28.197-0300] {logging_mixin.py:188} INFO - [2025-07-28T13:49:28.193-0300] {dagbag.py:545} INFO - Filling up the DagBag from /mnt/c/Users/Usuario/Downloads/Automações/Climate-AgriTech-MLOps/.venv/lib/python3.12/site-packages/airflow/example_dags/example_task_group.py
[2025-07-28T13:49:28.268-0300] {processor.py:840} INFO - DAG(s) 'example_task_group' retrieved from /mnt/c/Users/Usuario/Downloads/Automações/Climate-AgriTech-MLOps/.venv/lib/python3.12/site-packages/airflow/example_dags/example_task_group.py
[2025-07-28T13:49:28.354-0300] {logging_mixin.py:188} INFO - [2025-07-28T13:49:28.351-0300] {dag.py:3096} INFO - Sync 1 DAGs
[2025-07-28T13:49:28.441-0300] {logging_mixin.py:188} INFO - [2025-07-28T13:49:28.435-0300] {dag.py:3954} INFO - Setting next_dagrun for example_task_group to 2025-07-27 00:00:00+00:00, run_after=2025-07-28 00:00:00+00:00
[2025-07-28T13:49:28.622-0300] {processor.py:183} INFO - Processing /mnt/c/Users/Usuario/Downloads/Automações/Climate-AgriTech-MLOps/.venv/lib/python3.12/site-packages/airflow/example_dags/example_task_group.py took 0.483 seconds
[2025-07-28T13:50:57.803-0300] {processor.py:161} INFO - Started process (PID=8894) to work on /mnt/c/Users/Usuario/Downloads/Automações/Climate-AgriTech-MLOps/.venv/lib/python3.12/site-packages/airflow/example_dags/example_task_group.py
[2025-07-28T13:50:57.809-0300] {processor.py:830} INFO - Processing file /mnt/c/Users/Usuario/Downloads/Automações/Climate-AgriTech-MLOps/.venv/lib/python3.12/site-packages/airflow/example_dags/example_task_group.py for tasks to queue
[2025-07-28T13:50:57.815-0300] {logging_mixin.py:188} INFO - [2025-07-28T13:50:57.812-0300] {dagbag.py:545} INFO - Filling up the DagBag from /mnt/c/Users/Usuario/Downloads/Automações/Climate-AgriTech-MLOps/.venv/lib/python3.12/site-packages/airflow/example_dags/example_task_group.py
[2025-07-28T13:50:57.877-0300] {processor.py:840} INFO - DAG(s) 'example_task_group' retrieved from /mnt/c/Users/Usuario/Downloads/Automações/Climate-AgriTech-MLOps/.venv/lib/python3.12/site-packages/airflow/example_dags/example_task_group.py
[2025-07-28T13:50:57.964-0300] {logging_mixin.py:188} INFO - [2025-07-28T13:50:57.962-0300] {dag.py:3096} INFO - Sync 1 DAGs
[2025-07-28T13:50:58.035-0300] {logging_mixin.py:188} INFO - [2025-07-28T13:50:58.032-0300] {dag.py:3954} INFO - Setting next_dagrun for example_task_group to 2025-07-27 00:00:00+00:00, run_after=2025-07-28 00:00:00+00:00
[2025-07-28T13:50:58.204-0300] {processor.py:183} INFO - Processing /mnt/c/Users/Usuario/Downloads/Automações/Climate-AgriTech-MLOps/.venv/lib/python3.12/site-packages/airflow/example_dags/example_task_group.py took 0.439 seconds
[2025-07-28T13:52:32.248-0300] {processor.py:161} INFO - Started process (PID=8961) to work on /mnt/c/Users/Usuario/Downloads/Automações/Climate-AgriTech-MLOps/.venv/lib/python3.12/site-packages/airflow/example_dags/example_task_group.py
[2025-07-28T13:52:32.266-0300] {processor.py:830} INFO - Processing file /mnt/c/Users/Usuario/Downloads/Automações/Climate-AgriTech-MLOps/.venv/lib/python3.12/site-packages/airflow/example_dags/example_task_group.py for tasks to queue
[2025-07-28T13:52:32.274-0300] {logging_mixin.py:188} INFO - [2025-07-28T13:52:32.270-0300] {dagbag.py:545} INFO - Filling up the DagBag from /mnt/c/Users/Usuario/Downloads/Automações/Climate-AgriTech-MLOps/.venv/lib/python3.12/site-packages/airflow/example_dags/example_task_group.py
[2025-07-28T13:52:32.342-0300] {processor.py:840} INFO - DAG(s) 'example_task_group' retrieved from /mnt/c/Users/Usuario/Downloads/Automações/Climate-AgriTech-MLOps/.venv/lib/python3.12/site-packages/airflow/example_dags/example_task_group.py
[2025-07-28T13:52:32.426-0300] {logging_mixin.py:188} INFO - [2025-07-28T13:52:32.423-0300] {dag.py:3096} INFO - Sync 1 DAGs
[2025-07-28T13:52:32.504-0300] {logging_mixin.py:188} INFO - [2025-07-28T13:52:32.501-0300] {dag.py:3954} INFO - Setting next_dagrun for example_task_group to 2025-07-27 00:00:00+00:00, run_after=2025-07-28 00:00:00+00:00
[2025-07-28T13:52:32.712-0300] {processor.py:183} INFO - Processing /mnt/c/Users/Usuario/Downloads/Automações/Climate-AgriTech-MLOps/.venv/lib/python3.12/site-packages/airflow/example_dags/example_task_group.py took 0.508 seconds
[2025-07-28T13:54:04.829-0300] {processor.py:161} INFO - Started process (PID=9009) to work on /mnt/c/Users/Usuario/Downloads/Automações/Climate-AgriTech-MLOps/.venv/lib/python3.12/site-packages/airflow/example_dags/example_task_group.py
[2025-07-28T13:54:04.836-0300] {processor.py:830} INFO - Processing file /mnt/c/Users/Usuario/Downloads/Automações/Climate-AgriTech-MLOps/.venv/lib/python3.12/site-packages/airflow/example_dags/example_task_group.py for tasks to queue
[2025-07-28T13:54:04.845-0300] {logging_mixin.py:188} INFO - [2025-07-28T13:54:04.841-0300] {dagbag.py:545} INFO - Filling up the DagBag from /mnt/c/Users/Usuario/Downloads/Automações/Climate-AgriTech-MLOps/.venv/lib/python3.12/site-packages/airflow/example_dags/example_task_group.py
[2025-07-28T13:54:04.926-0300] {processor.py:840} INFO - DAG(s) 'example_task_group' retrieved from /mnt/c/Users/Usuario/Downloads/Automações/Climate-AgriTech-MLOps/.venv/lib/python3.12/site-packages/airflow/example_dags/example_task_group.py
[2025-07-28T13:54:05.019-0300] {logging_mixin.py:188} INFO - [2025-07-28T13:54:05.016-0300] {dag.py:3096} INFO - Sync 1 DAGs
[2025-07-28T13:54:05.108-0300] {logging_mixin.py:188} INFO - [2025-07-28T13:54:05.104-0300] {dag.py:3954} INFO - Setting next_dagrun for example_task_group to 2025-07-27 00:00:00+00:00, run_after=2025-07-28 00:00:00+00:00
[2025-07-28T13:54:05.333-0300] {processor.py:183} INFO - Processing /mnt/c/Users/Usuario/Downloads/Automações/Climate-AgriTech-MLOps/.venv/lib/python3.12/site-packages/airflow/example_dags/example_task_group.py took 0.546 seconds
[2025-07-28T13:55:40.667-0300] {processor.py:161} INFO - Started process (PID=9065) to work on /mnt/c/Users/Usuario/Downloads/Automações/Climate-AgriTech-MLOps/.venv/lib/python3.12/site-packages/airflow/example_dags/example_task_group.py
[2025-07-28T13:55:40.674-0300] {processor.py:830} INFO - Processing file /mnt/c/Users/Usuario/Downloads/Automações/Climate-AgriTech-MLOps/.venv/lib/python3.12/site-packages/airflow/example_dags/example_task_group.py for tasks to queue
[2025-07-28T13:55:40.682-0300] {logging_mixin.py:188} INFO - [2025-07-28T13:55:40.678-0300] {dagbag.py:545} INFO - Filling up the DagBag from /mnt/c/Users/Usuario/Downloads/Automações/Climate-AgriTech-MLOps/.venv/lib/python3.12/site-packages/airflow/example_dags/example_task_group.py
[2025-07-28T13:55:40.765-0300] {processor.py:840} INFO - DAG(s) 'example_task_group' retrieved from /mnt/c/Users/Usuario/Downloads/Automações/Climate-AgriTech-MLOps/.venv/lib/python3.12/site-packages/airflow/example_dags/example_task_group.py
[2025-07-28T13:55:40.854-0300] {logging_mixin.py:188} INFO - [2025-07-28T13:55:40.850-0300] {dag.py:3096} INFO - Sync 1 DAGs
[2025-07-28T13:55:40.947-0300] {logging_mixin.py:188} INFO - [2025-07-28T13:55:40.943-0300] {dag.py:3954} INFO - Setting next_dagrun for example_task_group to 2025-07-27 00:00:00+00:00, run_after=2025-07-28 00:00:00+00:00
[2025-07-28T13:55:41.147-0300] {processor.py:183} INFO - Processing /mnt/c/Users/Usuario/Downloads/Automações/Climate-AgriTech-MLOps/.venv/lib/python3.12/site-packages/airflow/example_dags/example_task_group.py took 0.523 seconds
[2025-07-28T13:56:50.059-0300] {processor.py:161} INFO - Started process (PID=9120) to work on /mnt/c/Users/Usuario/Downloads/Automações/Climate-AgriTech-MLOps/.venv/lib/python3.12/site-packages/airflow/example_dags/example_task_group.py
[2025-07-28T13:56:50.061-0300] {processor.py:830} INFO - Processing file /mnt/c/Users/Usuario/Downloads/Automações/Climate-AgriTech-MLOps/.venv/lib/python3.12/site-packages/airflow/example_dags/example_task_group.py for tasks to queue
[2025-07-28T13:56:50.064-0300] {logging_mixin.py:188} INFO - [2025-07-28T13:56:50.063-0300] {dagbag.py:545} INFO - Filling up the DagBag from /mnt/c/Users/Usuario/Downloads/Automações/Climate-AgriTech-MLOps/.venv/lib/python3.12/site-packages/airflow/example_dags/example_task_group.py
[2025-07-28T13:56:50.092-0300] {processor.py:840} INFO - DAG(s) 'example_task_group' retrieved from /mnt/c/Users/Usuario/Downloads/Automações/Climate-AgriTech-MLOps/.venv/lib/python3.12/site-packages/airflow/example_dags/example_task_group.py
[2025-07-28T13:56:50.131-0300] {logging_mixin.py:188} INFO - [2025-07-28T13:56:50.130-0300] {dag.py:3096} INFO - Sync 1 DAGs
[2025-07-28T13:56:50.168-0300] {logging_mixin.py:188} INFO - [2025-07-28T13:56:50.167-0300] {dag.py:3954} INFO - Setting next_dagrun for example_task_group to 2025-07-27 00:00:00+00:00, run_after=2025-07-28 00:00:00+00:00
[2025-07-28T13:56:50.244-0300] {processor.py:183} INFO - Processing /mnt/c/Users/Usuario/Downloads/Automações/Climate-AgriTech-MLOps/.venv/lib/python3.12/site-packages/airflow/example_dags/example_task_group.py took 0.200 seconds
[2025-07-28T13:58:22.122-0300] {processor.py:161} INFO - Started process (PID=9201) to work on /mnt/c/Users/Usuario/Downloads/Automações/Climate-AgriTech-MLOps/.venv/lib/python3.12/site-packages/airflow/example_dags/example_task_group.py
[2025-07-28T13:58:22.125-0300] {processor.py:830} INFO - Processing file /mnt/c/Users/Usuario/Downloads/Automações/Climate-AgriTech-MLOps/.venv/lib/python3.12/site-packages/airflow/example_dags/example_task_group.py for tasks to queue
[2025-07-28T13:58:22.128-0300] {logging_mixin.py:188} INFO - [2025-07-28T13:58:22.127-0300] {dagbag.py:545} INFO - Filling up the DagBag from /mnt/c/Users/Usuario/Downloads/Automações/Climate-AgriTech-MLOps/.venv/lib/python3.12/site-packages/airflow/example_dags/example_task_group.py
[2025-07-28T13:58:22.154-0300] {processor.py:840} INFO - DAG(s) 'example_task_group' retrieved from /mnt/c/Users/Usuario/Downloads/Automações/Climate-AgriTech-MLOps/.venv/lib/python3.12/site-packages/airflow/example_dags/example_task_group.py
[2025-07-28T13:58:22.197-0300] {logging_mixin.py:188} INFO - [2025-07-28T13:58:22.195-0300] {dag.py:3096} INFO - Sync 1 DAGs
[2025-07-28T13:58:22.232-0300] {logging_mixin.py:188} INFO - [2025-07-28T13:58:22.231-0300] {dag.py:3954} INFO - Setting next_dagrun for example_task_group to 2025-07-27 00:00:00+00:00, run_after=2025-07-28 00:00:00+00:00
[2025-07-28T13:58:22.309-0300] {processor.py:183} INFO - Processing /mnt/c/Users/Usuario/Downloads/Automações/Climate-AgriTech-MLOps/.venv/lib/python3.12/site-packages/airflow/example_dags/example_task_group.py took 0.202 seconds
[2025-07-28T13:59:40.221-0300] {processor.py:161} INFO - Started process (PID=9250) to work on /mnt/c/Users/Usuario/Downloads/Automações/Climate-AgriTech-MLOps/.venv/lib/python3.12/site-packages/airflow/example_dags/example_task_group.py
[2025-07-28T13:59:40.224-0300] {processor.py:830} INFO - Processing file /mnt/c/Users/Usuario/Downloads/Automações/Climate-AgriTech-MLOps/.venv/lib/python3.12/site-packages/airflow/example_dags/example_task_group.py for tasks to queue
[2025-07-28T13:59:40.228-0300] {logging_mixin.py:188} INFO - [2025-07-28T13:59:40.226-0300] {dagbag.py:545} INFO - Filling up the DagBag from /mnt/c/Users/Usuario/Downloads/Automações/Climate-AgriTech-MLOps/.venv/lib/python3.12/site-packages/airflow/example_dags/example_task_group.py
[2025-07-28T13:59:40.257-0300] {processor.py:840} INFO - DAG(s) 'example_task_group' retrieved from /mnt/c/Users/Usuario/Downloads/Automações/Climate-AgriTech-MLOps/.venv/lib/python3.12/site-packages/airflow/example_dags/example_task_group.py
[2025-07-28T13:59:40.301-0300] {logging_mixin.py:188} INFO - [2025-07-28T13:59:40.300-0300] {dag.py:3096} INFO - Sync 1 DAGs
[2025-07-28T13:59:40.339-0300] {logging_mixin.py:188} INFO - [2025-07-28T13:59:40.338-0300] {dag.py:3954} INFO - Setting next_dagrun for example_task_group to 2025-07-27 00:00:00+00:00, run_after=2025-07-28 00:00:00+00:00
[2025-07-28T13:59:40.422-0300] {processor.py:183} INFO - Processing /mnt/c/Users/Usuario/Downloads/Automações/Climate-AgriTech-MLOps/.venv/lib/python3.12/site-packages/airflow/example_dags/example_task_group.py took 0.217 seconds
[2025-07-28T14:00:38.351-0300] {processor.py:161} INFO - Started process (PID=9300) to work on /mnt/c/Users/Usuario/Downloads/Automações/Climate-AgriTech-MLOps/.venv/lib/python3.12/site-packages/airflow/example_dags/example_task_group.py
[2025-07-28T14:00:38.353-0300] {processor.py:830} INFO - Processing file /mnt/c/Users/Usuario/Downloads/Automações/Climate-AgriTech-MLOps/.venv/lib/python3.12/site-packages/airflow/example_dags/example_task_group.py for tasks to queue
[2025-07-28T14:00:38.357-0300] {logging_mixin.py:188} INFO - [2025-07-28T14:00:38.355-0300] {dagbag.py:545} INFO - Filling up the DagBag from /mnt/c/Users/Usuario/Downloads/Automações/Climate-AgriTech-MLOps/.venv/lib/python3.12/site-packages/airflow/example_dags/example_task_group.py
[2025-07-28T14:00:38.384-0300] {processor.py:840} INFO - DAG(s) 'example_task_group' retrieved from /mnt/c/Users/Usuario/Downloads/Automações/Climate-AgriTech-MLOps/.venv/lib/python3.12/site-packages/airflow/example_dags/example_task_group.py
[2025-07-28T14:00:38.423-0300] {logging_mixin.py:188} INFO - [2025-07-28T14:00:38.421-0300] {dag.py:3096} INFO - Sync 1 DAGs
[2025-07-28T14:00:38.460-0300] {logging_mixin.py:188} INFO - [2025-07-28T14:00:38.459-0300] {dag.py:3954} INFO - Setting next_dagrun for example_task_group to 2025-07-27 00:00:00+00:00, run_after=2025-07-28 00:00:00+00:00
[2025-07-28T14:00:38.557-0300] {processor.py:183} INFO - Processing /mnt/c/Users/Usuario/Downloads/Automações/Climate-AgriTech-MLOps/.venv/lib/python3.12/site-packages/airflow/example_dags/example_task_group.py took 0.222 seconds
