[2025-07-28T12:51:39.369-0300] {processor.py:161} INFO - Started process (PID=8068) to work on /mnt/c/Users/Usuario/Downloads/Automações/Climate-AgriTech-MLOps/.venv/lib/python3.12/site-packages/airflow/example_dags/example_datasets.py
[2025-07-28T12:51:39.375-0300] {processor.py:830} INFO - Processing file /mnt/c/Users/Usuario/Downloads/Automações/Climate-AgriTech-MLOps/.venv/lib/python3.12/site-packages/airflow/example_dags/example_datasets.py for tasks to queue
[2025-07-28T12:51:39.386-0300] {logging_mixin.py:188} INFO - [2025-07-28T12:51:39.382-0300] {dagbag.py:545} INFO - Filling up the DagBag from /mnt/c/Users/Usuario/Downloads/Automações/Climate-AgriTech-MLOps/.venv/lib/python3.12/site-packages/airflow/example_dags/example_datasets.py
[2025-07-28T12:51:39.521-0300] {processor.py:840} INFO - DAG(s) 'consume_1_or_both_2_and_3_with_dataset_expressions', 'consume_1_and_2_with_dataset_expressions', 'dataset_produces_2', 'dataset_produces_1', 'dataset_consumes_1_never_scheduled', 'consume_1_or_2_with_dataset_expressions', 'dataset_consumes_unknown_never_scheduled', 'conditional_dataset_and_time_based_timetable', 'dataset_consumes_1', 'dataset_consumes_1_and_2' retrieved from /mnt/c/Users/Usuario/Downloads/Automações/Climate-AgriTech-MLOps/.venv/lib/python3.12/site-packages/airflow/example_dags/example_datasets.py
[2025-07-28T12:51:43.022-0300] {logging_mixin.py:188} INFO - [2025-07-28T12:51:43.017-0300] {override.py:1829} INFO - Created Permission View: can read on DAG:consume_1_or_both_2_and_3_with_dataset_expressions
[2025-07-28T12:51:43.137-0300] {logging_mixin.py:188} INFO - [2025-07-28T12:51:43.133-0300] {override.py:1829} INFO - Created Permission View: can edit on DAG:consume_1_or_both_2_and_3_with_dataset_expressions
[2025-07-28T12:51:43.247-0300] {logging_mixin.py:188} INFO - [2025-07-28T12:51:43.244-0300] {override.py:1829} INFO - Created Permission View: can delete on DAG:consume_1_or_both_2_and_3_with_dataset_expressions
[2025-07-28T12:51:43.450-0300] {logging_mixin.py:188} INFO - [2025-07-28T12:51:43.446-0300] {override.py:1829} INFO - Created Permission View: can read on DAG:consume_1_and_2_with_dataset_expressions
[2025-07-28T12:51:43.550-0300] {logging_mixin.py:188} INFO - [2025-07-28T12:51:43.548-0300] {override.py:1829} INFO - Created Permission View: can edit on DAG:consume_1_and_2_with_dataset_expressions
[2025-07-28T12:51:43.639-0300] {logging_mixin.py:188} INFO - [2025-07-28T12:51:43.636-0300] {override.py:1829} INFO - Created Permission View: can delete on DAG:consume_1_and_2_with_dataset_expressions
[2025-07-28T12:51:43.825-0300] {logging_mixin.py:188} INFO - [2025-07-28T12:51:43.822-0300] {override.py:1829} INFO - Created Permission View: can read on DAG:dataset_produces_2
[2025-07-28T12:51:43.924-0300] {logging_mixin.py:188} INFO - [2025-07-28T12:51:43.921-0300] {override.py:1829} INFO - Created Permission View: can edit on DAG:dataset_produces_2
[2025-07-28T12:51:44.032-0300] {logging_mixin.py:188} INFO - [2025-07-28T12:51:44.028-0300] {override.py:1829} INFO - Created Permission View: can delete on DAG:dataset_produces_2
[2025-07-28T12:51:44.230-0300] {logging_mixin.py:188} INFO - [2025-07-28T12:51:44.227-0300] {override.py:1829} INFO - Created Permission View: can read on DAG:dataset_produces_1
[2025-07-28T12:51:44.315-0300] {logging_mixin.py:188} INFO - [2025-07-28T12:51:44.313-0300] {override.py:1829} INFO - Created Permission View: can edit on DAG:dataset_produces_1
[2025-07-28T12:51:44.403-0300] {logging_mixin.py:188} INFO - [2025-07-28T12:51:44.401-0300] {override.py:1829} INFO - Created Permission View: can delete on DAG:dataset_produces_1
[2025-07-28T12:51:44.579-0300] {logging_mixin.py:188} INFO - [2025-07-28T12:51:44.574-0300] {override.py:1829} INFO - Created Permission View: can read on DAG:dataset_consumes_1_never_scheduled
[2025-07-28T12:51:44.674-0300] {logging_mixin.py:188} INFO - [2025-07-28T12:51:44.671-0300] {override.py:1829} INFO - Created Permission View: can edit on DAG:dataset_consumes_1_never_scheduled
[2025-07-28T12:51:44.772-0300] {logging_mixin.py:188} INFO - [2025-07-28T12:51:44.769-0300] {override.py:1829} INFO - Created Permission View: can delete on DAG:dataset_consumes_1_never_scheduled
[2025-07-28T12:51:44.964-0300] {logging_mixin.py:188} INFO - [2025-07-28T12:51:44.961-0300] {override.py:1829} INFO - Created Permission View: can read on DAG:consume_1_or_2_with_dataset_expressions
[2025-07-28T12:51:45.066-0300] {logging_mixin.py:188} INFO - [2025-07-28T12:51:45.064-0300] {override.py:1829} INFO - Created Permission View: can edit on DAG:consume_1_or_2_with_dataset_expressions
[2025-07-28T12:51:45.168-0300] {logging_mixin.py:188} INFO - [2025-07-28T12:51:45.165-0300] {override.py:1829} INFO - Created Permission View: can delete on DAG:consume_1_or_2_with_dataset_expressions
[2025-07-28T12:51:45.407-0300] {logging_mixin.py:188} INFO - [2025-07-28T12:51:45.405-0300] {override.py:1829} INFO - Created Permission View: can read on DAG:dataset_consumes_unknown_never_scheduled
[2025-07-28T12:51:45.491-0300] {logging_mixin.py:188} INFO - [2025-07-28T12:51:45.488-0300] {override.py:1829} INFO - Created Permission View: can edit on DAG:dataset_consumes_unknown_never_scheduled
[2025-07-28T12:51:45.596-0300] {logging_mixin.py:188} INFO - [2025-07-28T12:51:45.592-0300] {override.py:1829} INFO - Created Permission View: can delete on DAG:dataset_consumes_unknown_never_scheduled
[2025-07-28T12:51:45.817-0300] {logging_mixin.py:188} INFO - [2025-07-28T12:51:45.813-0300] {override.py:1829} INFO - Created Permission View: can read on DAG:conditional_dataset_and_time_based_timetable
[2025-07-28T12:51:45.933-0300] {logging_mixin.py:188} INFO - [2025-07-28T12:51:45.930-0300] {override.py:1829} INFO - Created Permission View: can edit on DAG:conditional_dataset_and_time_based_timetable
[2025-07-28T12:51:46.020-0300] {logging_mixin.py:188} INFO - [2025-07-28T12:51:46.017-0300] {override.py:1829} INFO - Created Permission View: can delete on DAG:conditional_dataset_and_time_based_timetable
[2025-07-28T12:51:46.213-0300] {logging_mixin.py:188} INFO - [2025-07-28T12:51:46.210-0300] {override.py:1829} INFO - Created Permission View: can read on DAG:dataset_consumes_1
[2025-07-28T12:51:46.320-0300] {logging_mixin.py:188} INFO - [2025-07-28T12:51:46.317-0300] {override.py:1829} INFO - Created Permission View: can edit on DAG:dataset_consumes_1
[2025-07-28T12:51:46.424-0300] {logging_mixin.py:188} INFO - [2025-07-28T12:51:46.420-0300] {override.py:1829} INFO - Created Permission View: can delete on DAG:dataset_consumes_1
[2025-07-28T12:51:46.616-0300] {logging_mixin.py:188} INFO - [2025-07-28T12:51:46.613-0300] {override.py:1829} INFO - Created Permission View: can read on DAG:dataset_consumes_1_and_2
[2025-07-28T12:51:46.719-0300] {logging_mixin.py:188} INFO - [2025-07-28T12:51:46.715-0300] {override.py:1829} INFO - Created Permission View: can edit on DAG:dataset_consumes_1_and_2
[2025-07-28T12:51:46.820-0300] {logging_mixin.py:188} INFO - [2025-07-28T12:51:46.817-0300] {override.py:1829} INFO - Created Permission View: can delete on DAG:dataset_consumes_1_and_2
[2025-07-28T12:51:46.826-0300] {logging_mixin.py:188} INFO - [2025-07-28T12:51:46.824-0300] {dag.py:3096} INFO - Sync 10 DAGs
[2025-07-28T12:51:46.890-0300] {logging_mixin.py:188} INFO - [2025-07-28T12:51:46.887-0300] {dag.py:3118} INFO - Creating ORM DAG for dataset_consumes_1_and_2
[2025-07-28T12:51:46.897-0300] {logging_mixin.py:188} INFO - [2025-07-28T12:51:46.894-0300] {dag.py:3118} INFO - Creating ORM DAG for dataset_consumes_1
[2025-07-28T12:51:46.904-0300] {logging_mixin.py:188} INFO - [2025-07-28T12:51:46.901-0300] {dag.py:3118} INFO - Creating ORM DAG for consume_1_or_2_with_dataset_expressions
[2025-07-28T12:51:46.912-0300] {logging_mixin.py:188} INFO - [2025-07-28T12:51:46.909-0300] {dag.py:3118} INFO - Creating ORM DAG for consume_1_or_both_2_and_3_with_dataset_expressions
[2025-07-28T12:51:46.924-0300] {logging_mixin.py:188} INFO - [2025-07-28T12:51:46.919-0300] {dag.py:3118} INFO - Creating ORM DAG for conditional_dataset_and_time_based_timetable
[2025-07-28T12:51:46.933-0300] {logging_mixin.py:188} INFO - [2025-07-28T12:51:46.929-0300] {dag.py:3118} INFO - Creating ORM DAG for dataset_consumes_1_never_scheduled
[2025-07-28T12:51:46.940-0300] {logging_mixin.py:188} INFO - [2025-07-28T12:51:46.937-0300] {dag.py:3118} INFO - Creating ORM DAG for dataset_produces_1
[2025-07-28T12:51:46.947-0300] {logging_mixin.py:188} INFO - [2025-07-28T12:51:46.944-0300] {dag.py:3118} INFO - Creating ORM DAG for dataset_consumes_unknown_never_scheduled
[2025-07-28T12:51:46.955-0300] {logging_mixin.py:188} INFO - [2025-07-28T12:51:46.952-0300] {dag.py:3118} INFO - Creating ORM DAG for consume_1_and_2_with_dataset_expressions
[2025-07-28T12:51:46.961-0300] {logging_mixin.py:188} INFO - [2025-07-28T12:51:46.959-0300] {dag.py:3118} INFO - Creating ORM DAG for dataset_produces_2
[2025-07-28T12:51:47.000-0300] {logging_mixin.py:188} INFO - [2025-07-28T12:51:46.997-0300] {dag.py:3954} INFO - Setting next_dagrun for conditional_dataset_and_time_based_timetable to 2025-07-23 01:00:00+00:00, run_after=2025-07-23 01:00:00+00:00
[2025-07-28T12:51:47.006-0300] {logging_mixin.py:188} INFO - [2025-07-28T12:51:47.004-0300] {dag.py:3954} INFO - Setting next_dagrun for consume_1_and_2_with_dataset_expressions to None, run_after=None
[2025-07-28T12:51:47.012-0300] {logging_mixin.py:188} INFO - [2025-07-28T12:51:47.009-0300] {dag.py:3954} INFO - Setting next_dagrun for consume_1_or_2_with_dataset_expressions to None, run_after=None
[2025-07-28T12:51:47.017-0300] {logging_mixin.py:188} INFO - [2025-07-28T12:51:47.014-0300] {dag.py:3954} INFO - Setting next_dagrun for consume_1_or_both_2_and_3_with_dataset_expressions to None, run_after=None
[2025-07-28T12:51:47.022-0300] {logging_mixin.py:188} INFO - [2025-07-28T12:51:47.020-0300] {dag.py:3954} INFO - Setting next_dagrun for dataset_consumes_1 to None, run_after=None
[2025-07-28T12:51:47.028-0300] {logging_mixin.py:188} INFO - [2025-07-28T12:51:47.026-0300] {dag.py:3954} INFO - Setting next_dagrun for dataset_consumes_1_and_2 to None, run_after=None
[2025-07-28T12:51:47.034-0300] {logging_mixin.py:188} INFO - [2025-07-28T12:51:47.031-0300] {dag.py:3954} INFO - Setting next_dagrun for dataset_consumes_1_never_scheduled to None, run_after=None
[2025-07-28T12:51:47.040-0300] {logging_mixin.py:188} INFO - [2025-07-28T12:51:47.037-0300] {dag.py:3954} INFO - Setting next_dagrun for dataset_consumes_unknown_never_scheduled to None, run_after=None
[2025-07-28T12:51:47.047-0300] {logging_mixin.py:188} INFO - [2025-07-28T12:51:47.045-0300] {dag.py:3954} INFO - Setting next_dagrun for dataset_produces_1 to 2025-07-27 00:00:00+00:00, run_after=2025-07-28 00:00:00+00:00
[2025-07-28T12:51:47.053-0300] {logging_mixin.py:188} INFO - [2025-07-28T12:51:47.051-0300] {dag.py:3954} INFO - Setting next_dagrun for dataset_produces_2 to None, run_after=None
[2025-07-28T12:51:47.358-0300] {processor.py:183} INFO - Processing /mnt/c/Users/Usuario/Downloads/Automações/Climate-AgriTech-MLOps/.venv/lib/python3.12/site-packages/airflow/example_dags/example_datasets.py took 8.033 seconds
[2025-07-28T13:10:53.543-0300] {processor.py:161} INFO - Started process (PID=8689) to work on /mnt/c/Users/Usuario/Downloads/Automações/Climate-AgriTech-MLOps/.venv/lib/python3.12/site-packages/airflow/example_dags/example_datasets.py
[2025-07-28T13:10:53.547-0300] {processor.py:830} INFO - Processing file /mnt/c/Users/Usuario/Downloads/Automações/Climate-AgriTech-MLOps/.venv/lib/python3.12/site-packages/airflow/example_dags/example_datasets.py for tasks to queue
[2025-07-28T13:10:53.553-0300] {logging_mixin.py:188} INFO - [2025-07-28T13:10:53.550-0300] {dagbag.py:545} INFO - Filling up the DagBag from /mnt/c/Users/Usuario/Downloads/Automações/Climate-AgriTech-MLOps/.venv/lib/python3.12/site-packages/airflow/example_dags/example_datasets.py
[2025-07-28T13:10:53.630-0300] {processor.py:840} INFO - DAG(s) 'dataset_consumes_1_and_2', 'dataset_consumes_1_never_scheduled', 'consume_1_or_2_with_dataset_expressions', 'consume_1_or_both_2_and_3_with_dataset_expressions', 'dataset_produces_2', 'dataset_consumes_unknown_never_scheduled', 'dataset_produces_1', 'consume_1_and_2_with_dataset_expressions', 'dataset_consumes_1', 'conditional_dataset_and_time_based_timetable' retrieved from /mnt/c/Users/Usuario/Downloads/Automações/Climate-AgriTech-MLOps/.venv/lib/python3.12/site-packages/airflow/example_dags/example_datasets.py
[2025-07-28T13:44:57.630-0300] {logging_mixin.py:188} INFO - [2025-07-28T13:44:57.628-0300] {dag.py:3096} INFO - Sync 10 DAGs
[2025-07-28T13:44:57.673-0300] {logging_mixin.py:188} INFO - [2025-07-28T13:44:57.670-0300] {dag.py:3954} INFO - Setting next_dagrun for conditional_dataset_and_time_based_timetable to 2025-07-23 01:00:00+00:00, run_after=2025-07-23 01:00:00+00:00
[2025-07-28T13:44:57.684-0300] {logging_mixin.py:188} INFO - [2025-07-28T13:44:57.682-0300] {dag.py:3954} INFO - Setting next_dagrun for consume_1_and_2_with_dataset_expressions to None, run_after=None
[2025-07-28T13:44:57.693-0300] {logging_mixin.py:188} INFO - [2025-07-28T13:44:57.691-0300] {dag.py:3954} INFO - Setting next_dagrun for consume_1_or_2_with_dataset_expressions to None, run_after=None
[2025-07-28T13:44:57.701-0300] {logging_mixin.py:188} INFO - [2025-07-28T13:44:57.699-0300] {dag.py:3954} INFO - Setting next_dagrun for consume_1_or_both_2_and_3_with_dataset_expressions to None, run_after=None
[2025-07-28T13:44:57.710-0300] {logging_mixin.py:188} INFO - [2025-07-28T13:44:57.708-0300] {dag.py:3954} INFO - Setting next_dagrun for dataset_consumes_1 to None, run_after=None
[2025-07-28T13:44:57.719-0300] {logging_mixin.py:188} INFO - [2025-07-28T13:44:57.717-0300] {dag.py:3954} INFO - Setting next_dagrun for dataset_consumes_1_and_2 to None, run_after=None
[2025-07-28T13:44:57.728-0300] {logging_mixin.py:188} INFO - [2025-07-28T13:44:57.726-0300] {dag.py:3954} INFO - Setting next_dagrun for dataset_consumes_1_never_scheduled to None, run_after=None
[2025-07-28T13:44:57.738-0300] {logging_mixin.py:188} INFO - [2025-07-28T13:44:57.736-0300] {dag.py:3954} INFO - Setting next_dagrun for dataset_consumes_unknown_never_scheduled to None, run_after=None
[2025-07-28T13:44:57.751-0300] {logging_mixin.py:188} INFO - [2025-07-28T13:44:57.748-0300] {dag.py:3954} INFO - Setting next_dagrun for dataset_produces_1 to 2025-07-27 00:00:00+00:00, run_after=2025-07-28 00:00:00+00:00
[2025-07-28T13:44:57.759-0300] {logging_mixin.py:188} INFO - [2025-07-28T13:44:57.757-0300] {dag.py:3954} INFO - Setting next_dagrun for dataset_produces_2 to None, run_after=None
[2025-07-28T13:44:57.986-0300] {processor.py:183} INFO - Processing /mnt/c/Users/Usuario/Downloads/Automações/Climate-AgriTech-MLOps/.venv/lib/python3.12/site-packages/airflow/example_dags/example_datasets.py took 9.021 seconds
[2025-07-28T13:46:58.917-0300] {processor.py:161} INFO - Started process (PID=8765) to work on /mnt/c/Users/Usuario/Downloads/Automações/Climate-AgriTech-MLOps/.venv/lib/python3.12/site-packages/airflow/example_dags/example_datasets.py
[2025-07-28T13:46:58.927-0300] {processor.py:830} INFO - Processing file /mnt/c/Users/Usuario/Downloads/Automações/Climate-AgriTech-MLOps/.venv/lib/python3.12/site-packages/airflow/example_dags/example_datasets.py for tasks to queue
[2025-07-28T13:46:58.935-0300] {logging_mixin.py:188} INFO - [2025-07-28T13:46:58.931-0300] {dagbag.py:545} INFO - Filling up the DagBag from /mnt/c/Users/Usuario/Downloads/Automações/Climate-AgriTech-MLOps/.venv/lib/python3.12/site-packages/airflow/example_dags/example_datasets.py
[2025-07-28T13:46:59.052-0300] {processor.py:840} INFO - DAG(s) 'dataset_produces_2', 'dataset_produces_1', 'dataset_consumes_1_and_2', 'dataset_consumes_1', 'dataset_consumes_1_never_scheduled', 'consume_1_and_2_with_dataset_expressions', 'dataset_consumes_unknown_never_scheduled', 'consume_1_or_both_2_and_3_with_dataset_expressions', 'conditional_dataset_and_time_based_timetable', 'consume_1_or_2_with_dataset_expressions' retrieved from /mnt/c/Users/Usuario/Downloads/Automações/Climate-AgriTech-MLOps/.venv/lib/python3.12/site-packages/airflow/example_dags/example_datasets.py
[2025-07-28T13:46:59.240-0300] {logging_mixin.py:188} INFO - [2025-07-28T13:46:59.237-0300] {dag.py:3096} INFO - Sync 10 DAGs
[2025-07-28T13:46:59.552-0300] {logging_mixin.py:188} INFO - [2025-07-28T13:46:59.549-0300] {dag.py:3954} INFO - Setting next_dagrun for conditional_dataset_and_time_based_timetable to 2025-07-23 01:00:00+00:00, run_after=2025-07-23 01:00:00+00:00
[2025-07-28T13:46:59.564-0300] {logging_mixin.py:188} INFO - [2025-07-28T13:46:59.562-0300] {dag.py:3954} INFO - Setting next_dagrun for consume_1_and_2_with_dataset_expressions to None, run_after=None
[2025-07-28T13:46:59.574-0300] {logging_mixin.py:188} INFO - [2025-07-28T13:46:59.572-0300] {dag.py:3954} INFO - Setting next_dagrun for consume_1_or_2_with_dataset_expressions to None, run_after=None
[2025-07-28T13:46:59.584-0300] {logging_mixin.py:188} INFO - [2025-07-28T13:46:59.582-0300] {dag.py:3954} INFO - Setting next_dagrun for consume_1_or_both_2_and_3_with_dataset_expressions to None, run_after=None
[2025-07-28T13:46:59.593-0300] {logging_mixin.py:188} INFO - [2025-07-28T13:46:59.591-0300] {dag.py:3954} INFO - Setting next_dagrun for dataset_consumes_1 to None, run_after=None
[2025-07-28T13:46:59.603-0300] {logging_mixin.py:188} INFO - [2025-07-28T13:46:59.601-0300] {dag.py:3954} INFO - Setting next_dagrun for dataset_consumes_1_and_2 to None, run_after=None
[2025-07-28T13:46:59.613-0300] {logging_mixin.py:188} INFO - [2025-07-28T13:46:59.611-0300] {dag.py:3954} INFO - Setting next_dagrun for dataset_consumes_1_never_scheduled to None, run_after=None
[2025-07-28T13:46:59.624-0300] {logging_mixin.py:188} INFO - [2025-07-28T13:46:59.621-0300] {dag.py:3954} INFO - Setting next_dagrun for dataset_consumes_unknown_never_scheduled to None, run_after=None
[2025-07-28T13:46:59.636-0300] {logging_mixin.py:188} INFO - [2025-07-28T13:46:59.633-0300] {dag.py:3954} INFO - Setting next_dagrun for dataset_produces_1 to 2025-07-27 00:00:00+00:00, run_after=2025-07-28 00:00:00+00:00
[2025-07-28T13:46:59.645-0300] {logging_mixin.py:188} INFO - [2025-07-28T13:46:59.643-0300] {dag.py:3954} INFO - Setting next_dagrun for dataset_produces_2 to None, run_after=None
[2025-07-28T13:46:59.881-0300] {processor.py:183} INFO - Processing /mnt/c/Users/Usuario/Downloads/Automações/Climate-AgriTech-MLOps/.venv/lib/python3.12/site-packages/airflow/example_dags/example_datasets.py took 0.997 seconds
[2025-07-28T13:50:08.852-0300] {processor.py:161} INFO - Started process (PID=8863) to work on /mnt/c/Users/Usuario/Downloads/Automações/Climate-AgriTech-MLOps/.venv/lib/python3.12/site-packages/airflow/example_dags/example_datasets.py
[2025-07-28T13:50:08.859-0300] {processor.py:830} INFO - Processing file /mnt/c/Users/Usuario/Downloads/Automações/Climate-AgriTech-MLOps/.venv/lib/python3.12/site-packages/airflow/example_dags/example_datasets.py for tasks to queue
[2025-07-28T13:50:08.867-0300] {logging_mixin.py:188} INFO - [2025-07-28T13:50:08.863-0300] {dagbag.py:545} INFO - Filling up the DagBag from /mnt/c/Users/Usuario/Downloads/Automações/Climate-AgriTech-MLOps/.venv/lib/python3.12/site-packages/airflow/example_dags/example_datasets.py
[2025-07-28T13:50:09.015-0300] {processor.py:840} INFO - DAG(s) 'dataset_consumes_1_and_2', 'dataset_consumes_1_never_scheduled', 'consume_1_or_both_2_and_3_with_dataset_expressions', 'dataset_consumes_1', 'consume_1_or_2_with_dataset_expressions', 'dataset_consumes_unknown_never_scheduled', 'dataset_produces_1', 'consume_1_and_2_with_dataset_expressions', 'conditional_dataset_and_time_based_timetable', 'dataset_produces_2' retrieved from /mnt/c/Users/Usuario/Downloads/Automações/Climate-AgriTech-MLOps/.venv/lib/python3.12/site-packages/airflow/example_dags/example_datasets.py
[2025-07-28T13:50:09.262-0300] {logging_mixin.py:188} INFO - [2025-07-28T13:50:09.258-0300] {dag.py:3096} INFO - Sync 10 DAGs
[2025-07-28T13:50:09.334-0300] {logging_mixin.py:188} INFO - [2025-07-28T13:50:09.331-0300] {dag.py:3954} INFO - Setting next_dagrun for conditional_dataset_and_time_based_timetable to 2025-07-23 01:00:00+00:00, run_after=2025-07-23 01:00:00+00:00
[2025-07-28T13:50:09.351-0300] {logging_mixin.py:188} INFO - [2025-07-28T13:50:09.348-0300] {dag.py:3954} INFO - Setting next_dagrun for consume_1_and_2_with_dataset_expressions to None, run_after=None
[2025-07-28T13:50:09.363-0300] {logging_mixin.py:188} INFO - [2025-07-28T13:50:09.361-0300] {dag.py:3954} INFO - Setting next_dagrun for consume_1_or_2_with_dataset_expressions to None, run_after=None
[2025-07-28T13:50:09.377-0300] {logging_mixin.py:188} INFO - [2025-07-28T13:50:09.373-0300] {dag.py:3954} INFO - Setting next_dagrun for consume_1_or_both_2_and_3_with_dataset_expressions to None, run_after=None
[2025-07-28T13:50:09.388-0300] {logging_mixin.py:188} INFO - [2025-07-28T13:50:09.385-0300] {dag.py:3954} INFO - Setting next_dagrun for dataset_consumes_1 to None, run_after=None
[2025-07-28T13:50:09.400-0300] {logging_mixin.py:188} INFO - [2025-07-28T13:50:09.397-0300] {dag.py:3954} INFO - Setting next_dagrun for dataset_consumes_1_and_2 to None, run_after=None
[2025-07-28T13:50:09.413-0300] {logging_mixin.py:188} INFO - [2025-07-28T13:50:09.409-0300] {dag.py:3954} INFO - Setting next_dagrun for dataset_consumes_1_never_scheduled to None, run_after=None
[2025-07-28T13:50:09.426-0300] {logging_mixin.py:188} INFO - [2025-07-28T13:50:09.422-0300] {dag.py:3954} INFO - Setting next_dagrun for dataset_consumes_unknown_never_scheduled to None, run_after=None
[2025-07-28T13:50:09.440-0300] {logging_mixin.py:188} INFO - [2025-07-28T13:50:09.438-0300] {dag.py:3954} INFO - Setting next_dagrun for dataset_produces_1 to 2025-07-27 00:00:00+00:00, run_after=2025-07-28 00:00:00+00:00
[2025-07-28T13:50:09.453-0300] {logging_mixin.py:188} INFO - [2025-07-28T13:50:09.450-0300] {dag.py:3954} INFO - Setting next_dagrun for dataset_produces_2 to None, run_after=None
[2025-07-28T13:50:09.743-0300] {processor.py:183} INFO - Processing /mnt/c/Users/Usuario/Downloads/Automações/Climate-AgriTech-MLOps/.venv/lib/python3.12/site-packages/airflow/example_dags/example_datasets.py took 0.928 seconds
[2025-07-28T13:53:12.002-0300] {processor.py:161} INFO - Started process (PID=8982) to work on /mnt/c/Users/Usuario/Downloads/Automações/Climate-AgriTech-MLOps/.venv/lib/python3.12/site-packages/airflow/example_dags/example_datasets.py
[2025-07-28T13:53:12.018-0300] {processor.py:830} INFO - Processing file /mnt/c/Users/Usuario/Downloads/Automações/Climate-AgriTech-MLOps/.venv/lib/python3.12/site-packages/airflow/example_dags/example_datasets.py for tasks to queue
[2025-07-28T13:53:12.027-0300] {logging_mixin.py:188} INFO - [2025-07-28T13:53:12.023-0300] {dagbag.py:545} INFO - Filling up the DagBag from /mnt/c/Users/Usuario/Downloads/Automações/Climate-AgriTech-MLOps/.venv/lib/python3.12/site-packages/airflow/example_dags/example_datasets.py
[2025-07-28T13:53:12.160-0300] {processor.py:840} INFO - DAG(s) 'dataset_consumes_1', 'dataset_consumes_1_never_scheduled', 'consume_1_or_both_2_and_3_with_dataset_expressions', 'dataset_consumes_1_and_2', 'dataset_produces_1', 'consume_1_or_2_with_dataset_expressions', 'dataset_produces_2', 'dataset_consumes_unknown_never_scheduled', 'conditional_dataset_and_time_based_timetable', 'consume_1_and_2_with_dataset_expressions' retrieved from /mnt/c/Users/Usuario/Downloads/Automações/Climate-AgriTech-MLOps/.venv/lib/python3.12/site-packages/airflow/example_dags/example_datasets.py
[2025-07-28T13:53:12.397-0300] {logging_mixin.py:188} INFO - [2025-07-28T13:53:12.394-0300] {dag.py:3096} INFO - Sync 10 DAGs
[2025-07-28T13:53:12.485-0300] {logging_mixin.py:188} INFO - [2025-07-28T13:53:12.480-0300] {dag.py:3954} INFO - Setting next_dagrun for conditional_dataset_and_time_based_timetable to 2025-07-23 01:00:00+00:00, run_after=2025-07-23 01:00:00+00:00
[2025-07-28T13:53:12.502-0300] {logging_mixin.py:188} INFO - [2025-07-28T13:53:12.499-0300] {dag.py:3954} INFO - Setting next_dagrun for consume_1_and_2_with_dataset_expressions to None, run_after=None
[2025-07-28T13:53:12.513-0300] {logging_mixin.py:188} INFO - [2025-07-28T13:53:12.510-0300] {dag.py:3954} INFO - Setting next_dagrun for consume_1_or_2_with_dataset_expressions to None, run_after=None
[2025-07-28T13:53:12.525-0300] {logging_mixin.py:188} INFO - [2025-07-28T13:53:12.522-0300] {dag.py:3954} INFO - Setting next_dagrun for consume_1_or_both_2_and_3_with_dataset_expressions to None, run_after=None
[2025-07-28T13:53:12.538-0300] {logging_mixin.py:188} INFO - [2025-07-28T13:53:12.535-0300] {dag.py:3954} INFO - Setting next_dagrun for dataset_consumes_1 to None, run_after=None
[2025-07-28T13:53:12.551-0300] {logging_mixin.py:188} INFO - [2025-07-28T13:53:12.547-0300] {dag.py:3954} INFO - Setting next_dagrun for dataset_consumes_1_and_2 to None, run_after=None
[2025-07-28T13:53:12.564-0300] {logging_mixin.py:188} INFO - [2025-07-28T13:53:12.561-0300] {dag.py:3954} INFO - Setting next_dagrun for dataset_consumes_1_never_scheduled to None, run_after=None
[2025-07-28T13:53:12.576-0300] {logging_mixin.py:188} INFO - [2025-07-28T13:53:12.573-0300] {dag.py:3954} INFO - Setting next_dagrun for dataset_consumes_unknown_never_scheduled to None, run_after=None
[2025-07-28T13:53:12.588-0300] {logging_mixin.py:188} INFO - [2025-07-28T13:53:12.586-0300] {dag.py:3954} INFO - Setting next_dagrun for dataset_produces_1 to 2025-07-27 00:00:00+00:00, run_after=2025-07-28 00:00:00+00:00
[2025-07-28T13:53:12.599-0300] {logging_mixin.py:188} INFO - [2025-07-28T13:53:12.597-0300] {dag.py:3954} INFO - Setting next_dagrun for dataset_produces_2 to None, run_after=None
[2025-07-28T13:53:12.877-0300] {processor.py:183} INFO - Processing /mnt/c/Users/Usuario/Downloads/Automações/Climate-AgriTech-MLOps/.venv/lib/python3.12/site-packages/airflow/example_dags/example_datasets.py took 0.913 seconds
[2025-07-28T13:56:16.816-0300] {processor.py:161} INFO - Started process (PID=9091) to work on /mnt/c/Users/Usuario/Downloads/Automações/Climate-AgriTech-MLOps/.venv/lib/python3.12/site-packages/airflow/example_dags/example_datasets.py
[2025-07-28T13:56:16.819-0300] {processor.py:830} INFO - Processing file /mnt/c/Users/Usuario/Downloads/Automações/Climate-AgriTech-MLOps/.venv/lib/python3.12/site-packages/airflow/example_dags/example_datasets.py for tasks to queue
[2025-07-28T13:56:16.822-0300] {logging_mixin.py:188} INFO - [2025-07-28T13:56:16.821-0300] {dagbag.py:545} INFO - Filling up the DagBag from /mnt/c/Users/Usuario/Downloads/Automações/Climate-AgriTech-MLOps/.venv/lib/python3.12/site-packages/airflow/example_dags/example_datasets.py
[2025-07-28T13:56:16.873-0300] {processor.py:840} INFO - DAG(s) 'dataset_consumes_unknown_never_scheduled', 'dataset_consumes_1_and_2', 'dataset_consumes_1', 'dataset_produces_2', 'dataset_produces_1', 'consume_1_or_both_2_and_3_with_dataset_expressions', 'dataset_consumes_1_never_scheduled', 'consume_1_or_2_with_dataset_expressions', 'consume_1_and_2_with_dataset_expressions', 'conditional_dataset_and_time_based_timetable' retrieved from /mnt/c/Users/Usuario/Downloads/Automações/Climate-AgriTech-MLOps/.venv/lib/python3.12/site-packages/airflow/example_dags/example_datasets.py
[2025-07-28T13:56:16.969-0300] {logging_mixin.py:188} INFO - [2025-07-28T13:56:16.968-0300] {dag.py:3096} INFO - Sync 10 DAGs
[2025-07-28T13:56:17.002-0300] {logging_mixin.py:188} INFO - [2025-07-28T13:56:17.000-0300] {dag.py:3954} INFO - Setting next_dagrun for conditional_dataset_and_time_based_timetable to 2025-07-23 01:00:00+00:00, run_after=2025-07-23 01:00:00+00:00
[2025-07-28T13:56:17.010-0300] {logging_mixin.py:188} INFO - [2025-07-28T13:56:17.008-0300] {dag.py:3954} INFO - Setting next_dagrun for consume_1_and_2_with_dataset_expressions to None, run_after=None
[2025-07-28T13:56:17.015-0300] {logging_mixin.py:188} INFO - [2025-07-28T13:56:17.014-0300] {dag.py:3954} INFO - Setting next_dagrun for consume_1_or_2_with_dataset_expressions to None, run_after=None
[2025-07-28T13:56:17.020-0300] {logging_mixin.py:188} INFO - [2025-07-28T13:56:17.019-0300] {dag.py:3954} INFO - Setting next_dagrun for consume_1_or_both_2_and_3_with_dataset_expressions to None, run_after=None
[2025-07-28T13:56:17.025-0300] {logging_mixin.py:188} INFO - [2025-07-28T13:56:17.023-0300] {dag.py:3954} INFO - Setting next_dagrun for dataset_consumes_1 to None, run_after=None
[2025-07-28T13:56:17.029-0300] {logging_mixin.py:188} INFO - [2025-07-28T13:56:17.028-0300] {dag.py:3954} INFO - Setting next_dagrun for dataset_consumes_1_and_2 to None, run_after=None
[2025-07-28T13:56:17.034-0300] {logging_mixin.py:188} INFO - [2025-07-28T13:56:17.033-0300] {dag.py:3954} INFO - Setting next_dagrun for dataset_consumes_1_never_scheduled to None, run_after=None
[2025-07-28T13:56:17.038-0300] {logging_mixin.py:188} INFO - [2025-07-28T13:56:17.037-0300] {dag.py:3954} INFO - Setting next_dagrun for dataset_consumes_unknown_never_scheduled to None, run_after=None
[2025-07-28T13:56:17.043-0300] {logging_mixin.py:188} INFO - [2025-07-28T13:56:17.042-0300] {dag.py:3954} INFO - Setting next_dagrun for dataset_produces_1 to 2025-07-27 00:00:00+00:00, run_after=2025-07-28 00:00:00+00:00
[2025-07-28T13:56:17.047-0300] {logging_mixin.py:188} INFO - [2025-07-28T13:56:17.046-0300] {dag.py:3954} INFO - Setting next_dagrun for dataset_produces_2 to None, run_after=None
[2025-07-28T13:56:17.160-0300] {processor.py:183} INFO - Processing /mnt/c/Users/Usuario/Downloads/Automações/Climate-AgriTech-MLOps/.venv/lib/python3.12/site-packages/airflow/example_dags/example_datasets.py took 0.361 seconds
[2025-07-28T13:57:56.362-0300] {processor.py:161} INFO - Started process (PID=9179) to work on /mnt/c/Users/Usuario/Downloads/Automações/Climate-AgriTech-MLOps/.venv/lib/python3.12/site-packages/airflow/example_dags/example_datasets.py
[2025-07-28T13:57:56.364-0300] {processor.py:830} INFO - Processing file /mnt/c/Users/Usuario/Downloads/Automações/Climate-AgriTech-MLOps/.venv/lib/python3.12/site-packages/airflow/example_dags/example_datasets.py for tasks to queue
[2025-07-28T13:57:56.367-0300] {logging_mixin.py:188} INFO - [2025-07-28T13:57:56.366-0300] {dagbag.py:545} INFO - Filling up the DagBag from /mnt/c/Users/Usuario/Downloads/Automações/Climate-AgriTech-MLOps/.venv/lib/python3.12/site-packages/airflow/example_dags/example_datasets.py
[2025-07-28T13:57:56.413-0300] {processor.py:840} INFO - DAG(s) 'dataset_consumes_unknown_never_scheduled', 'dataset_consumes_1_and_2', 'consume_1_or_2_with_dataset_expressions', 'dataset_consumes_1_never_scheduled', 'dataset_produces_1', 'dataset_consumes_1', 'dataset_produces_2', 'consume_1_and_2_with_dataset_expressions', 'consume_1_or_both_2_and_3_with_dataset_expressions', 'conditional_dataset_and_time_based_timetable' retrieved from /mnt/c/Users/Usuario/Downloads/Automações/Climate-AgriTech-MLOps/.venv/lib/python3.12/site-packages/airflow/example_dags/example_datasets.py
[2025-07-28T13:57:56.503-0300] {logging_mixin.py:188} INFO - [2025-07-28T13:57:56.502-0300] {dag.py:3096} INFO - Sync 10 DAGs
[2025-07-28T13:57:56.537-0300] {logging_mixin.py:188} INFO - [2025-07-28T13:57:56.535-0300] {dag.py:3954} INFO - Setting next_dagrun for conditional_dataset_and_time_based_timetable to 2025-07-23 01:00:00+00:00, run_after=2025-07-23 01:00:00+00:00
[2025-07-28T13:57:56.546-0300] {logging_mixin.py:188} INFO - [2025-07-28T13:57:56.544-0300] {dag.py:3954} INFO - Setting next_dagrun for consume_1_and_2_with_dataset_expressions to None, run_after=None
[2025-07-28T13:57:56.551-0300] {logging_mixin.py:188} INFO - [2025-07-28T13:57:56.550-0300] {dag.py:3954} INFO - Setting next_dagrun for consume_1_or_2_with_dataset_expressions to None, run_after=None
[2025-07-28T13:57:56.557-0300] {logging_mixin.py:188} INFO - [2025-07-28T13:57:56.555-0300] {dag.py:3954} INFO - Setting next_dagrun for consume_1_or_both_2_and_3_with_dataset_expressions to None, run_after=None
[2025-07-28T13:57:56.561-0300] {logging_mixin.py:188} INFO - [2025-07-28T13:57:56.560-0300] {dag.py:3954} INFO - Setting next_dagrun for dataset_consumes_1 to None, run_after=None
[2025-07-28T13:57:56.566-0300] {logging_mixin.py:188} INFO - [2025-07-28T13:57:56.565-0300] {dag.py:3954} INFO - Setting next_dagrun for dataset_consumes_1_and_2 to None, run_after=None
[2025-07-28T13:57:56.571-0300] {logging_mixin.py:188} INFO - [2025-07-28T13:57:56.570-0300] {dag.py:3954} INFO - Setting next_dagrun for dataset_consumes_1_never_scheduled to None, run_after=None
[2025-07-28T13:57:56.576-0300] {logging_mixin.py:188} INFO - [2025-07-28T13:57:56.575-0300] {dag.py:3954} INFO - Setting next_dagrun for dataset_consumes_unknown_never_scheduled to None, run_after=None
[2025-07-28T13:57:56.580-0300] {logging_mixin.py:188} INFO - [2025-07-28T13:57:56.579-0300] {dag.py:3954} INFO - Setting next_dagrun for dataset_produces_1 to 2025-07-27 00:00:00+00:00, run_after=2025-07-28 00:00:00+00:00
[2025-07-28T13:57:56.585-0300] {logging_mixin.py:188} INFO - [2025-07-28T13:57:56.584-0300] {dag.py:3954} INFO - Setting next_dagrun for dataset_produces_2 to None, run_after=None
[2025-07-28T13:57:56.701-0300] {processor.py:183} INFO - Processing /mnt/c/Users/Usuario/Downloads/Automações/Climate-AgriTech-MLOps/.venv/lib/python3.12/site-packages/airflow/example_dags/example_datasets.py took 0.354 seconds
[2025-07-28T14:00:08.047-0300] {processor.py:161} INFO - Started process (PID=9274) to work on /mnt/c/Users/Usuario/Downloads/Automações/Climate-AgriTech-MLOps/.venv/lib/python3.12/site-packages/airflow/example_dags/example_datasets.py
[2025-07-28T14:00:08.050-0300] {processor.py:830} INFO - Processing file /mnt/c/Users/Usuario/Downloads/Automações/Climate-AgriTech-MLOps/.venv/lib/python3.12/site-packages/airflow/example_dags/example_datasets.py for tasks to queue
[2025-07-28T14:00:08.054-0300] {logging_mixin.py:188} INFO - [2025-07-28T14:00:08.052-0300] {dagbag.py:545} INFO - Filling up the DagBag from /mnt/c/Users/Usuario/Downloads/Automações/Climate-AgriTech-MLOps/.venv/lib/python3.12/site-packages/airflow/example_dags/example_datasets.py
[2025-07-28T14:00:08.102-0300] {processor.py:840} INFO - DAG(s) 'consume_1_or_both_2_and_3_with_dataset_expressions', 'consume_1_or_2_with_dataset_expressions', 'dataset_consumes_1_and_2', 'dataset_consumes_unknown_never_scheduled', 'dataset_produces_1', 'consume_1_and_2_with_dataset_expressions', 'conditional_dataset_and_time_based_timetable', 'dataset_produces_2', 'dataset_consumes_1', 'dataset_consumes_1_never_scheduled' retrieved from /mnt/c/Users/Usuario/Downloads/Automações/Climate-AgriTech-MLOps/.venv/lib/python3.12/site-packages/airflow/example_dags/example_datasets.py
[2025-07-28T14:00:08.192-0300] {logging_mixin.py:188} INFO - [2025-07-28T14:00:08.191-0300] {dag.py:3096} INFO - Sync 10 DAGs
[2025-07-28T14:00:08.223-0300] {logging_mixin.py:188} INFO - [2025-07-28T14:00:08.220-0300] {dag.py:3954} INFO - Setting next_dagrun for conditional_dataset_and_time_based_timetable to 2025-07-23 01:00:00+00:00, run_after=2025-07-23 01:00:00+00:00
[2025-07-28T14:00:08.232-0300] {logging_mixin.py:188} INFO - [2025-07-28T14:00:08.230-0300] {dag.py:3954} INFO - Setting next_dagrun for consume_1_and_2_with_dataset_expressions to None, run_after=None
[2025-07-28T14:00:08.237-0300] {logging_mixin.py:188} INFO - [2025-07-28T14:00:08.236-0300] {dag.py:3954} INFO - Setting next_dagrun for consume_1_or_2_with_dataset_expressions to None, run_after=None
[2025-07-28T14:00:08.242-0300] {logging_mixin.py:188} INFO - [2025-07-28T14:00:08.241-0300] {dag.py:3954} INFO - Setting next_dagrun for consume_1_or_both_2_and_3_with_dataset_expressions to None, run_after=None
[2025-07-28T14:00:08.245-0300] {logging_mixin.py:188} INFO - [2025-07-28T14:00:08.244-0300] {dag.py:3954} INFO - Setting next_dagrun for dataset_consumes_1 to None, run_after=None
[2025-07-28T14:00:08.249-0300] {logging_mixin.py:188} INFO - [2025-07-28T14:00:08.248-0300] {dag.py:3954} INFO - Setting next_dagrun for dataset_consumes_1_and_2 to None, run_after=None
[2025-07-28T14:00:08.253-0300] {logging_mixin.py:188} INFO - [2025-07-28T14:00:08.252-0300] {dag.py:3954} INFO - Setting next_dagrun for dataset_consumes_1_never_scheduled to None, run_after=None
[2025-07-28T14:00:08.257-0300] {logging_mixin.py:188} INFO - [2025-07-28T14:00:08.256-0300] {dag.py:3954} INFO - Setting next_dagrun for dataset_consumes_unknown_never_scheduled to None, run_after=None
[2025-07-28T14:00:08.263-0300] {logging_mixin.py:188} INFO - [2025-07-28T14:00:08.262-0300] {dag.py:3954} INFO - Setting next_dagrun for dataset_produces_1 to 2025-07-27 00:00:00+00:00, run_after=2025-07-28 00:00:00+00:00
[2025-07-28T14:00:08.268-0300] {logging_mixin.py:188} INFO - [2025-07-28T14:00:08.267-0300] {dag.py:3954} INFO - Setting next_dagrun for dataset_produces_2 to None, run_after=None
[2025-07-28T14:00:08.379-0300] {processor.py:183} INFO - Processing /mnt/c/Users/Usuario/Downloads/Automações/Climate-AgriTech-MLOps/.venv/lib/python3.12/site-packages/airflow/example_dags/example_datasets.py took 0.347 seconds
[2025-07-28T14:01:40.511-0300] {processor.py:161} INFO - Started process (PID=9356) to work on /mnt/c/Users/Usuario/Downloads/Automações/Climate-AgriTech-MLOps/.venv/lib/python3.12/site-packages/airflow/example_dags/example_datasets.py
[2025-07-28T14:01:40.513-0300] {processor.py:830} INFO - Processing file /mnt/c/Users/Usuario/Downloads/Automações/Climate-AgriTech-MLOps/.venv/lib/python3.12/site-packages/airflow/example_dags/example_datasets.py for tasks to queue
[2025-07-28T14:01:40.517-0300] {logging_mixin.py:188} INFO - [2025-07-28T14:01:40.515-0300] {dagbag.py:545} INFO - Filling up the DagBag from /mnt/c/Users/Usuario/Downloads/Automações/Climate-AgriTech-MLOps/.venv/lib/python3.12/site-packages/airflow/example_dags/example_datasets.py
[2025-07-28T14:01:40.565-0300] {processor.py:840} INFO - DAG(s) 'dataset_consumes_1_and_2', 'consume_1_or_both_2_and_3_with_dataset_expressions', 'dataset_consumes_1_never_scheduled', 'dataset_produces_2', 'dataset_consumes_unknown_never_scheduled', 'consume_1_and_2_with_dataset_expressions', 'dataset_produces_1', 'dataset_consumes_1', 'consume_1_or_2_with_dataset_expressions', 'conditional_dataset_and_time_based_timetable' retrieved from /mnt/c/Users/Usuario/Downloads/Automações/Climate-AgriTech-MLOps/.venv/lib/python3.12/site-packages/airflow/example_dags/example_datasets.py
[2025-07-28T14:01:40.655-0300] {logging_mixin.py:188} INFO - [2025-07-28T14:01:40.654-0300] {dag.py:3096} INFO - Sync 10 DAGs
[2025-07-28T14:01:40.687-0300] {logging_mixin.py:188} INFO - [2025-07-28T14:01:40.685-0300] {dag.py:3954} INFO - Setting next_dagrun for conditional_dataset_and_time_based_timetable to 2025-07-23 01:00:00+00:00, run_after=2025-07-23 01:00:00+00:00
[2025-07-28T14:01:40.696-0300] {logging_mixin.py:188} INFO - [2025-07-28T14:01:40.695-0300] {dag.py:3954} INFO - Setting next_dagrun for consume_1_and_2_with_dataset_expressions to None, run_after=None
[2025-07-28T14:01:40.702-0300] {logging_mixin.py:188} INFO - [2025-07-28T14:01:40.701-0300] {dag.py:3954} INFO - Setting next_dagrun for consume_1_or_2_with_dataset_expressions to None, run_after=None
[2025-07-28T14:01:40.707-0300] {logging_mixin.py:188} INFO - [2025-07-28T14:01:40.706-0300] {dag.py:3954} INFO - Setting next_dagrun for consume_1_or_both_2_and_3_with_dataset_expressions to None, run_after=None
[2025-07-28T14:01:40.712-0300] {logging_mixin.py:188} INFO - [2025-07-28T14:01:40.711-0300] {dag.py:3954} INFO - Setting next_dagrun for dataset_consumes_1 to None, run_after=None
[2025-07-28T14:01:40.717-0300] {logging_mixin.py:188} INFO - [2025-07-28T14:01:40.715-0300] {dag.py:3954} INFO - Setting next_dagrun for dataset_consumes_1_and_2 to None, run_after=None
[2025-07-28T14:01:40.721-0300] {logging_mixin.py:188} INFO - [2025-07-28T14:01:40.720-0300] {dag.py:3954} INFO - Setting next_dagrun for dataset_consumes_1_never_scheduled to None, run_after=None
[2025-07-28T14:01:40.725-0300] {logging_mixin.py:188} INFO - [2025-07-28T14:01:40.724-0300] {dag.py:3954} INFO - Setting next_dagrun for dataset_consumes_unknown_never_scheduled to None, run_after=None
[2025-07-28T14:01:40.730-0300] {logging_mixin.py:188} INFO - [2025-07-28T14:01:40.729-0300] {dag.py:3954} INFO - Setting next_dagrun for dataset_produces_1 to 2025-07-27 00:00:00+00:00, run_after=2025-07-28 00:00:00+00:00
[2025-07-28T14:01:40.735-0300] {logging_mixin.py:188} INFO - [2025-07-28T14:01:40.734-0300] {dag.py:3954} INFO - Setting next_dagrun for dataset_produces_2 to None, run_after=None
[2025-07-28T14:01:40.862-0300] {processor.py:183} INFO - Processing /mnt/c/Users/Usuario/Downloads/Automações/Climate-AgriTech-MLOps/.venv/lib/python3.12/site-packages/airflow/example_dags/example_datasets.py took 0.368 seconds
