[2025-07-28T12:49:09.560-0300] {processor.py:161} INFO - Started process (PID=7983) to work on /mnt/c/Users/Usuario/Downloads/Automações/Climate-AgriTech-MLOps/.venv/lib/python3.12/site-packages/airflow/example_dags/example_trigger_controller_dag.py
[2025-07-28T12:49:09.564-0300] {processor.py:830} INFO - Processing file /mnt/c/Users/Usuario/Downloads/Automações/Climate-AgriTech-MLOps/.venv/lib/python3.12/site-packages/airflow/example_dags/example_trigger_controller_dag.py for tasks to queue
[2025-07-28T12:49:09.573-0300] {logging_mixin.py:188} INFO - [2025-07-28T12:49:09.570-0300] {dagbag.py:545} INFO - Filling up the DagBag from /mnt/c/Users/Usuario/Downloads/Automações/Climate-AgriTech-MLOps/.venv/lib/python3.12/site-packages/airflow/example_dags/example_trigger_controller_dag.py
[2025-07-28T12:49:09.818-0300] {processor.py:840} INFO - DAG(s) 'example_trigger_controller_dag' retrieved from /mnt/c/Users/Usuario/Downloads/Automações/Climate-AgriTech-MLOps/.venv/lib/python3.12/site-packages/airflow/example_dags/example_trigger_controller_dag.py
[2025-07-28T12:49:13.648-0300] {logging_mixin.py:188} INFO - [2025-07-28T12:49:13.643-0300] {override.py:1829} INFO - Created Permission View: can read on DAG:example_trigger_controller_dag
[2025-07-28T12:49:13.754-0300] {logging_mixin.py:188} INFO - [2025-07-28T12:49:13.752-0300] {override.py:1829} INFO - Created Permission View: can edit on DAG:example_trigger_controller_dag
[2025-07-28T12:49:13.857-0300] {logging_mixin.py:188} INFO - [2025-07-28T12:49:13.855-0300] {override.py:1829} INFO - Created Permission View: can delete on DAG:example_trigger_controller_dag
[2025-07-28T12:49:13.862-0300] {logging_mixin.py:188} INFO - [2025-07-28T12:49:13.860-0300] {dag.py:3096} INFO - Sync 1 DAGs
[2025-07-28T12:49:13.913-0300] {logging_mixin.py:188} INFO - [2025-07-28T12:49:13.910-0300] {dag.py:3118} INFO - Creating ORM DAG for example_trigger_controller_dag
[2025-07-28T12:49:13.942-0300] {logging_mixin.py:188} INFO - [2025-07-28T12:49:13.939-0300] {dag.py:3954} INFO - Setting next_dagrun for example_trigger_controller_dag to 2021-01-01 00:00:00+00:00, run_after=2021-01-01 00:00:00+00:00
[2025-07-28T12:49:14.145-0300] {processor.py:183} INFO - Processing /mnt/c/Users/Usuario/Downloads/Automações/Climate-AgriTech-MLOps/.venv/lib/python3.12/site-packages/airflow/example_dags/example_trigger_controller_dag.py took 4.615 seconds
[2025-07-28T13:08:34.570-0300] {processor.py:161} INFO - Started process (PID=8649) to work on /mnt/c/Users/Usuario/Downloads/Automações/Climate-AgriTech-MLOps/.venv/lib/python3.12/site-packages/airflow/example_dags/example_trigger_controller_dag.py
[2025-07-28T13:08:34.588-0300] {processor.py:830} INFO - Processing file /mnt/c/Users/Usuario/Downloads/Automações/Climate-AgriTech-MLOps/.venv/lib/python3.12/site-packages/airflow/example_dags/example_trigger_controller_dag.py for tasks to queue
[2025-07-28T13:08:34.599-0300] {logging_mixin.py:188} INFO - [2025-07-28T13:08:34.595-0300] {dagbag.py:545} INFO - Filling up the DagBag from /mnt/c/Users/Usuario/Downloads/Automações/Climate-AgriTech-MLOps/.venv/lib/python3.12/site-packages/airflow/example_dags/example_trigger_controller_dag.py
[2025-07-28T13:08:34.663-0300] {processor.py:840} INFO - DAG(s) 'example_trigger_controller_dag' retrieved from /mnt/c/Users/Usuario/Downloads/Automações/Climate-AgriTech-MLOps/.venv/lib/python3.12/site-packages/airflow/example_dags/example_trigger_controller_dag.py
[2025-07-28T13:08:38.056-0300] {logging_mixin.py:188} INFO - [2025-07-28T13:08:38.054-0300] {dag.py:3096} INFO - Sync 1 DAGs
[2025-07-28T13:08:38.107-0300] {logging_mixin.py:188} INFO - [2025-07-28T13:08:38.104-0300] {dag.py:3954} INFO - Setting next_dagrun for example_trigger_controller_dag to 2021-01-01 00:00:00+00:00, run_after=2021-01-01 00:00:00+00:00
[2025-07-28T13:08:38.290-0300] {processor.py:183} INFO - Processing /mnt/c/Users/Usuario/Downloads/Automações/Climate-AgriTech-MLOps/.venv/lib/python3.12/site-packages/airflow/example_dags/example_trigger_controller_dag.py took 3.752 seconds
[2025-07-28T13:46:16.011-0300] {processor.py:161} INFO - Started process (PID=8736) to work on /mnt/c/Users/Usuario/Downloads/Automações/Climate-AgriTech-MLOps/.venv/lib/python3.12/site-packages/airflow/example_dags/example_trigger_controller_dag.py
[2025-07-28T13:46:16.015-0300] {processor.py:830} INFO - Processing file /mnt/c/Users/Usuario/Downloads/Automações/Climate-AgriTech-MLOps/.venv/lib/python3.12/site-packages/airflow/example_dags/example_trigger_controller_dag.py for tasks to queue
[2025-07-28T13:46:16.019-0300] {logging_mixin.py:188} INFO - [2025-07-28T13:46:16.017-0300] {dagbag.py:545} INFO - Filling up the DagBag from /mnt/c/Users/Usuario/Downloads/Automações/Climate-AgriTech-MLOps/.venv/lib/python3.12/site-packages/airflow/example_dags/example_trigger_controller_dag.py
[2025-07-28T13:46:16.051-0300] {processor.py:840} INFO - DAG(s) 'example_trigger_controller_dag' retrieved from /mnt/c/Users/Usuario/Downloads/Automações/Climate-AgriTech-MLOps/.venv/lib/python3.12/site-packages/airflow/example_dags/example_trigger_controller_dag.py
[2025-07-28T13:46:16.093-0300] {logging_mixin.py:188} INFO - [2025-07-28T13:46:16.091-0300] {dag.py:3096} INFO - Sync 1 DAGs
[2025-07-28T13:46:16.120-0300] {logging_mixin.py:188} INFO - [2025-07-28T13:46:16.119-0300] {dag.py:3954} INFO - Setting next_dagrun for example_trigger_controller_dag to 2021-01-01 00:00:00+00:00, run_after=2021-01-01 00:00:00+00:00
[2025-07-28T13:46:16.220-0300] {processor.py:183} INFO - Processing /mnt/c/Users/Usuario/Downloads/Automações/Climate-AgriTech-MLOps/.venv/lib/python3.12/site-packages/airflow/example_dags/example_trigger_controller_dag.py took 0.227 seconds
[2025-07-28T13:47:48.987-0300] {processor.py:161} INFO - Started process (PID=8787) to work on /mnt/c/Users/Usuario/Downloads/Automações/Climate-AgriTech-MLOps/.venv/lib/python3.12/site-packages/airflow/example_dags/example_trigger_controller_dag.py
[2025-07-28T13:47:48.991-0300] {processor.py:830} INFO - Processing file /mnt/c/Users/Usuario/Downloads/Automações/Climate-AgriTech-MLOps/.venv/lib/python3.12/site-packages/airflow/example_dags/example_trigger_controller_dag.py for tasks to queue
[2025-07-28T13:47:48.998-0300] {logging_mixin.py:188} INFO - [2025-07-28T13:47:48.995-0300] {dagbag.py:545} INFO - Filling up the DagBag from /mnt/c/Users/Usuario/Downloads/Automações/Climate-AgriTech-MLOps/.venv/lib/python3.12/site-packages/airflow/example_dags/example_trigger_controller_dag.py
[2025-07-28T13:47:49.057-0300] {processor.py:840} INFO - DAG(s) 'example_trigger_controller_dag' retrieved from /mnt/c/Users/Usuario/Downloads/Automações/Climate-AgriTech-MLOps/.venv/lib/python3.12/site-packages/airflow/example_dags/example_trigger_controller_dag.py
[2025-07-28T13:47:49.138-0300] {logging_mixin.py:188} INFO - [2025-07-28T13:47:49.135-0300] {dag.py:3096} INFO - Sync 1 DAGs
[2025-07-28T13:47:49.412-0300] {logging_mixin.py:188} INFO - [2025-07-28T13:47:49.410-0300] {dag.py:3954} INFO - Setting next_dagrun for example_trigger_controller_dag to 2021-01-01 00:00:00+00:00, run_after=2021-01-01 00:00:00+00:00
[2025-07-28T13:47:49.584-0300] {processor.py:183} INFO - Processing /mnt/c/Users/Usuario/Downloads/Automações/Climate-AgriTech-MLOps/.venv/lib/python3.12/site-packages/airflow/example_dags/example_trigger_controller_dag.py took 0.629 seconds
[2025-07-28T13:49:22.412-0300] {processor.py:161} INFO - Started process (PID=8837) to work on /mnt/c/Users/Usuario/Downloads/Automações/Climate-AgriTech-MLOps/.venv/lib/python3.12/site-packages/airflow/example_dags/example_trigger_controller_dag.py
[2025-07-28T13:49:22.424-0300] {processor.py:830} INFO - Processing file /mnt/c/Users/Usuario/Downloads/Automações/Climate-AgriTech-MLOps/.venv/lib/python3.12/site-packages/airflow/example_dags/example_trigger_controller_dag.py for tasks to queue
[2025-07-28T13:49:22.430-0300] {logging_mixin.py:188} INFO - [2025-07-28T13:49:22.427-0300] {dagbag.py:545} INFO - Filling up the DagBag from /mnt/c/Users/Usuario/Downloads/Automações/Climate-AgriTech-MLOps/.venv/lib/python3.12/site-packages/airflow/example_dags/example_trigger_controller_dag.py
[2025-07-28T13:49:22.499-0300] {processor.py:840} INFO - DAG(s) 'example_trigger_controller_dag' retrieved from /mnt/c/Users/Usuario/Downloads/Automações/Climate-AgriTech-MLOps/.venv/lib/python3.12/site-packages/airflow/example_dags/example_trigger_controller_dag.py
[2025-07-28T13:49:22.584-0300] {logging_mixin.py:188} INFO - [2025-07-28T13:49:22.582-0300] {dag.py:3096} INFO - Sync 1 DAGs
[2025-07-28T13:49:22.645-0300] {logging_mixin.py:188} INFO - [2025-07-28T13:49:22.643-0300] {dag.py:3954} INFO - Setting next_dagrun for example_trigger_controller_dag to 2021-01-01 00:00:00+00:00, run_after=2021-01-01 00:00:00+00:00
[2025-07-28T13:49:22.846-0300] {processor.py:183} INFO - Processing /mnt/c/Users/Usuario/Downloads/Automações/Climate-AgriTech-MLOps/.venv/lib/python3.12/site-packages/airflow/example_dags/example_trigger_controller_dag.py took 0.468 seconds
[2025-07-28T13:50:53.765-0300] {processor.py:161} INFO - Started process (PID=8891) to work on /mnt/c/Users/Usuario/Downloads/Automações/Climate-AgriTech-MLOps/.venv/lib/python3.12/site-packages/airflow/example_dags/example_trigger_controller_dag.py
[2025-07-28T13:50:53.771-0300] {processor.py:830} INFO - Processing file /mnt/c/Users/Usuario/Downloads/Automações/Climate-AgriTech-MLOps/.venv/lib/python3.12/site-packages/airflow/example_dags/example_trigger_controller_dag.py for tasks to queue
[2025-07-28T13:50:53.779-0300] {logging_mixin.py:188} INFO - [2025-07-28T13:50:53.776-0300] {dagbag.py:545} INFO - Filling up the DagBag from /mnt/c/Users/Usuario/Downloads/Automações/Climate-AgriTech-MLOps/.venv/lib/python3.12/site-packages/airflow/example_dags/example_trigger_controller_dag.py
[2025-07-28T13:50:53.846-0300] {processor.py:840} INFO - DAG(s) 'example_trigger_controller_dag' retrieved from /mnt/c/Users/Usuario/Downloads/Automações/Climate-AgriTech-MLOps/.venv/lib/python3.12/site-packages/airflow/example_dags/example_trigger_controller_dag.py
[2025-07-28T13:50:53.926-0300] {logging_mixin.py:188} INFO - [2025-07-28T13:50:53.924-0300] {dag.py:3096} INFO - Sync 1 DAGs
[2025-07-28T13:50:53.981-0300] {logging_mixin.py:188} INFO - [2025-07-28T13:50:53.978-0300] {dag.py:3954} INFO - Setting next_dagrun for example_trigger_controller_dag to 2021-01-01 00:00:00+00:00, run_after=2021-01-01 00:00:00+00:00
[2025-07-28T13:50:54.167-0300] {processor.py:183} INFO - Processing /mnt/c/Users/Usuario/Downloads/Automações/Climate-AgriTech-MLOps/.venv/lib/python3.12/site-packages/airflow/example_dags/example_trigger_controller_dag.py took 0.436 seconds
[2025-07-28T13:52:27.323-0300] {processor.py:161} INFO - Started process (PID=8958) to work on /mnt/c/Users/Usuario/Downloads/Automações/Climate-AgriTech-MLOps/.venv/lib/python3.12/site-packages/airflow/example_dags/example_trigger_controller_dag.py
[2025-07-28T13:52:27.330-0300] {processor.py:830} INFO - Processing file /mnt/c/Users/Usuario/Downloads/Automações/Climate-AgriTech-MLOps/.venv/lib/python3.12/site-packages/airflow/example_dags/example_trigger_controller_dag.py for tasks to queue
[2025-07-28T13:52:27.338-0300] {logging_mixin.py:188} INFO - [2025-07-28T13:52:27.334-0300] {dagbag.py:545} INFO - Filling up the DagBag from /mnt/c/Users/Usuario/Downloads/Automações/Climate-AgriTech-MLOps/.venv/lib/python3.12/site-packages/airflow/example_dags/example_trigger_controller_dag.py
[2025-07-28T13:52:27.410-0300] {processor.py:840} INFO - DAG(s) 'example_trigger_controller_dag' retrieved from /mnt/c/Users/Usuario/Downloads/Automações/Climate-AgriTech-MLOps/.venv/lib/python3.12/site-packages/airflow/example_dags/example_trigger_controller_dag.py
[2025-07-28T13:52:27.499-0300] {logging_mixin.py:188} INFO - [2025-07-28T13:52:27.495-0300] {dag.py:3096} INFO - Sync 1 DAGs
[2025-07-28T13:52:27.560-0300] {logging_mixin.py:188} INFO - [2025-07-28T13:52:27.557-0300] {dag.py:3954} INFO - Setting next_dagrun for example_trigger_controller_dag to 2021-01-01 00:00:00+00:00, run_after=2021-01-01 00:00:00+00:00
[2025-07-28T13:52:27.778-0300] {processor.py:183} INFO - Processing /mnt/c/Users/Usuario/Downloads/Automações/Climate-AgriTech-MLOps/.venv/lib/python3.12/site-packages/airflow/example_dags/example_trigger_controller_dag.py took 0.493 seconds
[2025-07-28T13:53:59.776-0300] {processor.py:161} INFO - Started process (PID=9006) to work on /mnt/c/Users/Usuario/Downloads/Automações/Climate-AgriTech-MLOps/.venv/lib/python3.12/site-packages/airflow/example_dags/example_trigger_controller_dag.py
[2025-07-28T13:53:59.785-0300] {processor.py:830} INFO - Processing file /mnt/c/Users/Usuario/Downloads/Automações/Climate-AgriTech-MLOps/.venv/lib/python3.12/site-packages/airflow/example_dags/example_trigger_controller_dag.py for tasks to queue
[2025-07-28T13:53:59.793-0300] {logging_mixin.py:188} INFO - [2025-07-28T13:53:59.789-0300] {dagbag.py:545} INFO - Filling up the DagBag from /mnt/c/Users/Usuario/Downloads/Automações/Climate-AgriTech-MLOps/.venv/lib/python3.12/site-packages/airflow/example_dags/example_trigger_controller_dag.py
[2025-07-28T13:53:59.878-0300] {processor.py:840} INFO - DAG(s) 'example_trigger_controller_dag' retrieved from /mnt/c/Users/Usuario/Downloads/Automações/Climate-AgriTech-MLOps/.venv/lib/python3.12/site-packages/airflow/example_dags/example_trigger_controller_dag.py
[2025-07-28T13:53:59.970-0300] {logging_mixin.py:188} INFO - [2025-07-28T13:53:59.966-0300] {dag.py:3096} INFO - Sync 1 DAGs
[2025-07-28T13:54:00.060-0300] {logging_mixin.py:188} INFO - [2025-07-28T13:54:00.057-0300] {dag.py:3954} INFO - Setting next_dagrun for example_trigger_controller_dag to 2021-01-01 00:00:00+00:00, run_after=2021-01-01 00:00:00+00:00
[2025-07-28T13:54:00.313-0300] {processor.py:183} INFO - Processing /mnt/c/Users/Usuario/Downloads/Automações/Climate-AgriTech-MLOps/.venv/lib/python3.12/site-packages/airflow/example_dags/example_trigger_controller_dag.py took 0.580 seconds
[2025-07-28T13:55:35.705-0300] {processor.py:161} INFO - Started process (PID=9060) to work on /mnt/c/Users/Usuario/Downloads/Automações/Climate-AgriTech-MLOps/.venv/lib/python3.12/site-packages/airflow/example_dags/example_trigger_controller_dag.py
[2025-07-28T13:55:35.711-0300] {processor.py:830} INFO - Processing file /mnt/c/Users/Usuario/Downloads/Automações/Climate-AgriTech-MLOps/.venv/lib/python3.12/site-packages/airflow/example_dags/example_trigger_controller_dag.py for tasks to queue
[2025-07-28T13:55:35.720-0300] {logging_mixin.py:188} INFO - [2025-07-28T13:55:35.716-0300] {dagbag.py:545} INFO - Filling up the DagBag from /mnt/c/Users/Usuario/Downloads/Automações/Climate-AgriTech-MLOps/.venv/lib/python3.12/site-packages/airflow/example_dags/example_trigger_controller_dag.py
[2025-07-28T13:55:35.788-0300] {processor.py:840} INFO - DAG(s) 'example_trigger_controller_dag' retrieved from /mnt/c/Users/Usuario/Downloads/Automações/Climate-AgriTech-MLOps/.venv/lib/python3.12/site-packages/airflow/example_dags/example_trigger_controller_dag.py
[2025-07-28T13:55:35.869-0300] {logging_mixin.py:188} INFO - [2025-07-28T13:55:35.866-0300] {dag.py:3096} INFO - Sync 1 DAGs
[2025-07-28T13:55:35.941-0300] {logging_mixin.py:188} INFO - [2025-07-28T13:55:35.938-0300] {dag.py:3954} INFO - Setting next_dagrun for example_trigger_controller_dag to 2021-01-01 00:00:00+00:00, run_after=2021-01-01 00:00:00+00:00
[2025-07-28T13:55:36.138-0300] {processor.py:183} INFO - Processing /mnt/c/Users/Usuario/Downloads/Automações/Climate-AgriTech-MLOps/.venv/lib/python3.12/site-packages/airflow/example_dags/example_trigger_controller_dag.py took 0.475 seconds
[2025-07-28T13:56:45.984-0300] {processor.py:161} INFO - Started process (PID=9115) to work on /mnt/c/Users/Usuario/Downloads/Automações/Climate-AgriTech-MLOps/.venv/lib/python3.12/site-packages/airflow/example_dags/example_trigger_controller_dag.py
[2025-07-28T13:56:45.986-0300] {processor.py:830} INFO - Processing file /mnt/c/Users/Usuario/Downloads/Automações/Climate-AgriTech-MLOps/.venv/lib/python3.12/site-packages/airflow/example_dags/example_trigger_controller_dag.py for tasks to queue
[2025-07-28T13:56:45.989-0300] {logging_mixin.py:188} INFO - [2025-07-28T13:56:45.988-0300] {dagbag.py:545} INFO - Filling up the DagBag from /mnt/c/Users/Usuario/Downloads/Automações/Climate-AgriTech-MLOps/.venv/lib/python3.12/site-packages/airflow/example_dags/example_trigger_controller_dag.py
[2025-07-28T13:56:46.014-0300] {processor.py:840} INFO - DAG(s) 'example_trigger_controller_dag' retrieved from /mnt/c/Users/Usuario/Downloads/Automações/Climate-AgriTech-MLOps/.venv/lib/python3.12/site-packages/airflow/example_dags/example_trigger_controller_dag.py
[2025-07-28T13:56:46.045-0300] {logging_mixin.py:188} INFO - [2025-07-28T13:56:46.044-0300] {dag.py:3096} INFO - Sync 1 DAGs
[2025-07-28T13:56:46.091-0300] {logging_mixin.py:188} INFO - [2025-07-28T13:56:46.089-0300] {dag.py:3954} INFO - Setting next_dagrun for example_trigger_controller_dag to 2021-01-01 00:00:00+00:00, run_after=2021-01-01 00:00:00+00:00
[2025-07-28T13:56:46.172-0300] {processor.py:183} INFO - Processing /mnt/c/Users/Usuario/Downloads/Automações/Climate-AgriTech-MLOps/.venv/lib/python3.12/site-packages/airflow/example_dags/example_trigger_controller_dag.py took 0.207 seconds
[2025-07-28T13:57:38.601-0300] {processor.py:161} INFO - Started process (PID=9165) to work on /mnt/c/Users/Usuario/Downloads/Automações/Climate-AgriTech-MLOps/.venv/lib/python3.12/site-packages/airflow/example_dags/example_trigger_controller_dag.py
[2025-07-28T13:57:38.603-0300] {processor.py:830} INFO - Processing file /mnt/c/Users/Usuario/Downloads/Automações/Climate-AgriTech-MLOps/.venv/lib/python3.12/site-packages/airflow/example_dags/example_trigger_controller_dag.py for tasks to queue
[2025-07-28T13:57:38.607-0300] {logging_mixin.py:188} INFO - [2025-07-28T13:57:38.605-0300] {dagbag.py:545} INFO - Filling up the DagBag from /mnt/c/Users/Usuario/Downloads/Automações/Climate-AgriTech-MLOps/.venv/lib/python3.12/site-packages/airflow/example_dags/example_trigger_controller_dag.py
[2025-07-28T13:57:38.630-0300] {processor.py:840} INFO - DAG(s) 'example_trigger_controller_dag' retrieved from /mnt/c/Users/Usuario/Downloads/Automações/Climate-AgriTech-MLOps/.venv/lib/python3.12/site-packages/airflow/example_dags/example_trigger_controller_dag.py
[2025-07-28T13:57:38.672-0300] {logging_mixin.py:188} INFO - [2025-07-28T13:57:38.671-0300] {dag.py:3096} INFO - Sync 1 DAGs
[2025-07-28T13:57:38.699-0300] {logging_mixin.py:188} INFO - [2025-07-28T13:57:38.698-0300] {dag.py:3954} INFO - Setting next_dagrun for example_trigger_controller_dag to 2021-01-01 00:00:00+00:00, run_after=2021-01-01 00:00:00+00:00
[2025-07-28T13:57:38.789-0300] {processor.py:183} INFO - Processing /mnt/c/Users/Usuario/Downloads/Automações/Climate-AgriTech-MLOps/.venv/lib/python3.12/site-packages/airflow/example_dags/example_trigger_controller_dag.py took 0.204 seconds
[2025-07-28T13:59:36.392-0300] {processor.py:161} INFO - Started process (PID=9247) to work on /mnt/c/Users/Usuario/Downloads/Automações/Climate-AgriTech-MLOps/.venv/lib/python3.12/site-packages/airflow/example_dags/example_trigger_controller_dag.py
[2025-07-28T13:59:36.395-0300] {processor.py:830} INFO - Processing file /mnt/c/Users/Usuario/Downloads/Automações/Climate-AgriTech-MLOps/.venv/lib/python3.12/site-packages/airflow/example_dags/example_trigger_controller_dag.py for tasks to queue
[2025-07-28T13:59:36.399-0300] {logging_mixin.py:188} INFO - [2025-07-28T13:59:36.397-0300] {dagbag.py:545} INFO - Filling up the DagBag from /mnt/c/Users/Usuario/Downloads/Automações/Climate-AgriTech-MLOps/.venv/lib/python3.12/site-packages/airflow/example_dags/example_trigger_controller_dag.py
[2025-07-28T13:59:36.422-0300] {processor.py:840} INFO - DAG(s) 'example_trigger_controller_dag' retrieved from /mnt/c/Users/Usuario/Downloads/Automações/Climate-AgriTech-MLOps/.venv/lib/python3.12/site-packages/airflow/example_dags/example_trigger_controller_dag.py
[2025-07-28T13:59:36.464-0300] {logging_mixin.py:188} INFO - [2025-07-28T13:59:36.462-0300] {dag.py:3096} INFO - Sync 1 DAGs
[2025-07-28T13:59:36.493-0300] {logging_mixin.py:188} INFO - [2025-07-28T13:59:36.491-0300] {dag.py:3954} INFO - Setting next_dagrun for example_trigger_controller_dag to 2021-01-01 00:00:00+00:00, run_after=2021-01-01 00:00:00+00:00
[2025-07-28T13:59:36.596-0300] {processor.py:183} INFO - Processing /mnt/c/Users/Usuario/Downloads/Automações/Climate-AgriTech-MLOps/.venv/lib/python3.12/site-packages/airflow/example_dags/example_trigger_controller_dag.py took 0.222 seconds
[2025-07-28T14:00:34.775-0300] {processor.py:161} INFO - Started process (PID=9297) to work on /mnt/c/Users/Usuario/Downloads/Automações/Climate-AgriTech-MLOps/.venv/lib/python3.12/site-packages/airflow/example_dags/example_trigger_controller_dag.py
[2025-07-28T14:00:34.778-0300] {processor.py:830} INFO - Processing file /mnt/c/Users/Usuario/Downloads/Automações/Climate-AgriTech-MLOps/.venv/lib/python3.12/site-packages/airflow/example_dags/example_trigger_controller_dag.py for tasks to queue
[2025-07-28T14:00:34.781-0300] {logging_mixin.py:188} INFO - [2025-07-28T14:00:34.779-0300] {dagbag.py:545} INFO - Filling up the DagBag from /mnt/c/Users/Usuario/Downloads/Automações/Climate-AgriTech-MLOps/.venv/lib/python3.12/site-packages/airflow/example_dags/example_trigger_controller_dag.py
[2025-07-28T14:00:34.805-0300] {processor.py:840} INFO - DAG(s) 'example_trigger_controller_dag' retrieved from /mnt/c/Users/Usuario/Downloads/Automações/Climate-AgriTech-MLOps/.venv/lib/python3.12/site-packages/airflow/example_dags/example_trigger_controller_dag.py
[2025-07-28T14:00:34.843-0300] {logging_mixin.py:188} INFO - [2025-07-28T14:00:34.842-0300] {dag.py:3096} INFO - Sync 1 DAGs
[2025-07-28T14:00:34.871-0300] {logging_mixin.py:188} INFO - [2025-07-28T14:00:34.869-0300] {dag.py:3954} INFO - Setting next_dagrun for example_trigger_controller_dag to 2021-01-01 00:00:00+00:00, run_after=2021-01-01 00:00:00+00:00
[2025-07-28T14:00:34.949-0300] {processor.py:183} INFO - Processing /mnt/c/Users/Usuario/Downloads/Automações/Climate-AgriTech-MLOps/.venv/lib/python3.12/site-packages/airflow/example_dags/example_trigger_controller_dag.py took 0.188 seconds
