[2025-07-28T12:49:56.113-0300] {processor.py:161} INFO - Started process (PID=8032) to work on /mnt/c/Users/Usuario/Downloads/Automações/Climate-AgriTech-MLOps/.venv/lib/python3.12/site-packages/airflow/example_dags/example_short_circuit_decorator.py
[2025-07-28T12:49:56.120-0300] {processor.py:830} INFO - Processing file /mnt/c/Users/Usuario/Downloads/Automações/Climate-AgriTech-MLOps/.venv/lib/python3.12/site-packages/airflow/example_dags/example_short_circuit_decorator.py for tasks to queue
[2025-07-28T12:49:56.134-0300] {logging_mixin.py:188} INFO - [2025-07-28T12:49:56.129-0300] {dagbag.py:545} INFO - Filling up the DagBag from /mnt/c/Users/Usuario/Downloads/Automações/Climate-AgriTech-MLOps/.venv/lib/python3.12/site-packages/airflow/example_dags/example_short_circuit_decorator.py
[2025-07-28T12:49:56.243-0300] {processor.py:840} INFO - DAG(s) 'example_short_circuit_decorator' retrieved from /mnt/c/Users/Usuario/Downloads/Automações/Climate-AgriTech-MLOps/.venv/lib/python3.12/site-packages/airflow/example_dags/example_short_circuit_decorator.py
[2025-07-28T12:50:00.397-0300] {logging_mixin.py:188} INFO - [2025-07-28T12:50:00.394-0300] {override.py:1829} INFO - Created Permission View: can read on DAG:example_short_circuit_decorator
[2025-07-28T12:50:00.491-0300] {logging_mixin.py:188} INFO - [2025-07-28T12:50:00.488-0300] {override.py:1829} INFO - Created Permission View: can edit on DAG:example_short_circuit_decorator
[2025-07-28T12:50:00.585-0300] {logging_mixin.py:188} INFO - [2025-07-28T12:50:00.582-0300] {override.py:1829} INFO - Created Permission View: can delete on DAG:example_short_circuit_decorator
[2025-07-28T12:50:00.590-0300] {logging_mixin.py:188} INFO - [2025-07-28T12:50:00.587-0300] {dag.py:3096} INFO - Sync 1 DAGs
[2025-07-28T12:50:00.639-0300] {logging_mixin.py:188} INFO - [2025-07-28T12:50:00.636-0300] {dag.py:3118} INFO - Creating ORM DAG for example_short_circuit_decorator
[2025-07-28T12:50:00.694-0300] {logging_mixin.py:188} INFO - [2025-07-28T12:50:00.692-0300] {dag.py:3954} INFO - Setting next_dagrun for example_short_circuit_decorator to 2025-07-27 00:00:00+00:00, run_after=2025-07-28 00:00:00+00:00
[2025-07-28T12:50:00.880-0300] {processor.py:183} INFO - Processing /mnt/c/Users/Usuario/Downloads/Automações/Climate-AgriTech-MLOps/.venv/lib/python3.12/site-packages/airflow/example_dags/example_short_circuit_decorator.py took 4.811 seconds
[2025-07-28T13:09:18.450-0300] {processor.py:161} INFO - Started process (PID=8659) to work on /mnt/c/Users/Usuario/Downloads/Automações/Climate-AgriTech-MLOps/.venv/lib/python3.12/site-packages/airflow/example_dags/example_short_circuit_decorator.py
[2025-07-28T13:09:18.468-0300] {processor.py:830} INFO - Processing file /mnt/c/Users/Usuario/Downloads/Automações/Climate-AgriTech-MLOps/.venv/lib/python3.12/site-packages/airflow/example_dags/example_short_circuit_decorator.py for tasks to queue
[2025-07-28T13:09:18.477-0300] {logging_mixin.py:188} INFO - [2025-07-28T13:09:18.473-0300] {dagbag.py:545} INFO - Filling up the DagBag from /mnt/c/Users/Usuario/Downloads/Automações/Climate-AgriTech-MLOps/.venv/lib/python3.12/site-packages/airflow/example_dags/example_short_circuit_decorator.py
[2025-07-28T13:09:18.563-0300] {processor.py:840} INFO - DAG(s) 'example_short_circuit_decorator' retrieved from /mnt/c/Users/Usuario/Downloads/Automações/Climate-AgriTech-MLOps/.venv/lib/python3.12/site-packages/airflow/example_dags/example_short_circuit_decorator.py
[2025-07-28T13:09:22.059-0300] {logging_mixin.py:188} INFO - [2025-07-28T13:09:22.056-0300] {dag.py:3096} INFO - Sync 1 DAGs
[2025-07-28T13:09:22.134-0300] {logging_mixin.py:188} INFO - [2025-07-28T13:09:22.131-0300] {dag.py:3954} INFO - Setting next_dagrun for example_short_circuit_decorator to 2025-07-27 00:00:00+00:00, run_after=2025-07-28 00:00:00+00:00
[2025-07-28T13:09:22.354-0300] {processor.py:183} INFO - Processing /mnt/c/Users/Usuario/Downloads/Automações/Climate-AgriTech-MLOps/.venv/lib/python3.12/site-packages/airflow/example_dags/example_short_circuit_decorator.py took 3.948 seconds
[2025-07-28T13:46:25.753-0300] {processor.py:161} INFO - Started process (PID=8744) to work on /mnt/c/Users/Usuario/Downloads/Automações/Climate-AgriTech-MLOps/.venv/lib/python3.12/site-packages/airflow/example_dags/example_short_circuit_decorator.py
[2025-07-28T13:46:25.759-0300] {processor.py:830} INFO - Processing file /mnt/c/Users/Usuario/Downloads/Automações/Climate-AgriTech-MLOps/.venv/lib/python3.12/site-packages/airflow/example_dags/example_short_circuit_decorator.py for tasks to queue
[2025-07-28T13:46:25.767-0300] {logging_mixin.py:188} INFO - [2025-07-28T13:46:25.763-0300] {dagbag.py:545} INFO - Filling up the DagBag from /mnt/c/Users/Usuario/Downloads/Automações/Climate-AgriTech-MLOps/.venv/lib/python3.12/site-packages/airflow/example_dags/example_short_circuit_decorator.py
[2025-07-28T13:46:25.848-0300] {processor.py:840} INFO - DAG(s) 'example_short_circuit_decorator' retrieved from /mnt/c/Users/Usuario/Downloads/Automações/Climate-AgriTech-MLOps/.venv/lib/python3.12/site-packages/airflow/example_dags/example_short_circuit_decorator.py
[2025-07-28T13:46:25.939-0300] {logging_mixin.py:188} INFO - [2025-07-28T13:46:25.937-0300] {dag.py:3096} INFO - Sync 1 DAGs
[2025-07-28T13:46:26.007-0300] {logging_mixin.py:188} INFO - [2025-07-28T13:46:26.005-0300] {dag.py:3954} INFO - Setting next_dagrun for example_short_circuit_decorator to 2025-07-27 00:00:00+00:00, run_after=2025-07-28 00:00:00+00:00
[2025-07-28T13:46:26.171-0300] {processor.py:183} INFO - Processing /mnt/c/Users/Usuario/Downloads/Automações/Climate-AgriTech-MLOps/.venv/lib/python3.12/site-packages/airflow/example_dags/example_short_circuit_decorator.py took 0.460 seconds
[2025-07-28T13:48:04.945-0300] {processor.py:161} INFO - Started process (PID=8795) to work on /mnt/c/Users/Usuario/Downloads/Automações/Climate-AgriTech-MLOps/.venv/lib/python3.12/site-packages/airflow/example_dags/example_short_circuit_decorator.py
[2025-07-28T13:48:04.949-0300] {processor.py:830} INFO - Processing file /mnt/c/Users/Usuario/Downloads/Automações/Climate-AgriTech-MLOps/.venv/lib/python3.12/site-packages/airflow/example_dags/example_short_circuit_decorator.py for tasks to queue
[2025-07-28T13:48:04.956-0300] {logging_mixin.py:188} INFO - [2025-07-28T13:48:04.953-0300] {dagbag.py:545} INFO - Filling up the DagBag from /mnt/c/Users/Usuario/Downloads/Automações/Climate-AgriTech-MLOps/.venv/lib/python3.12/site-packages/airflow/example_dags/example_short_circuit_decorator.py
[2025-07-28T13:48:05.024-0300] {processor.py:840} INFO - DAG(s) 'example_short_circuit_decorator' retrieved from /mnt/c/Users/Usuario/Downloads/Automações/Climate-AgriTech-MLOps/.venv/lib/python3.12/site-packages/airflow/example_dags/example_short_circuit_decorator.py
[2025-07-28T13:48:05.353-0300] {logging_mixin.py:188} INFO - [2025-07-28T13:48:05.350-0300] {dag.py:3096} INFO - Sync 1 DAGs
[2025-07-28T13:48:05.408-0300] {logging_mixin.py:188} INFO - [2025-07-28T13:48:05.406-0300] {dag.py:3954} INFO - Setting next_dagrun for example_short_circuit_decorator to 2025-07-27 00:00:00+00:00, run_after=2025-07-28 00:00:00+00:00
[2025-07-28T13:48:05.557-0300] {processor.py:183} INFO - Processing /mnt/c/Users/Usuario/Downloads/Automações/Climate-AgriTech-MLOps/.venv/lib/python3.12/site-packages/airflow/example_dags/example_short_circuit_decorator.py took 0.645 seconds
[2025-07-28T13:49:36.956-0300] {processor.py:161} INFO - Started process (PID=8845) to work on /mnt/c/Users/Usuario/Downloads/Automações/Climate-AgriTech-MLOps/.venv/lib/python3.12/site-packages/airflow/example_dags/example_short_circuit_decorator.py
[2025-07-28T13:49:36.963-0300] {processor.py:830} INFO - Processing file /mnt/c/Users/Usuario/Downloads/Automações/Climate-AgriTech-MLOps/.venv/lib/python3.12/site-packages/airflow/example_dags/example_short_circuit_decorator.py for tasks to queue
[2025-07-28T13:49:36.971-0300] {logging_mixin.py:188} INFO - [2025-07-28T13:49:36.967-0300] {dagbag.py:545} INFO - Filling up the DagBag from /mnt/c/Users/Usuario/Downloads/Automações/Climate-AgriTech-MLOps/.venv/lib/python3.12/site-packages/airflow/example_dags/example_short_circuit_decorator.py
[2025-07-28T13:49:37.047-0300] {processor.py:840} INFO - DAG(s) 'example_short_circuit_decorator' retrieved from /mnt/c/Users/Usuario/Downloads/Automações/Climate-AgriTech-MLOps/.venv/lib/python3.12/site-packages/airflow/example_dags/example_short_circuit_decorator.py
[2025-07-28T13:49:37.130-0300] {logging_mixin.py:188} INFO - [2025-07-28T13:49:37.127-0300] {dag.py:3096} INFO - Sync 1 DAGs
[2025-07-28T13:49:37.202-0300] {logging_mixin.py:188} INFO - [2025-07-28T13:49:37.200-0300] {dag.py:3954} INFO - Setting next_dagrun for example_short_circuit_decorator to 2025-07-27 00:00:00+00:00, run_after=2025-07-28 00:00:00+00:00
[2025-07-28T13:49:37.355-0300] {processor.py:183} INFO - Processing /mnt/c/Users/Usuario/Downloads/Automações/Climate-AgriTech-MLOps/.venv/lib/python3.12/site-packages/airflow/example_dags/example_short_circuit_decorator.py took 0.440 seconds
[2025-07-28T13:51:07.182-0300] {processor.py:161} INFO - Started process (PID=8899) to work on /mnt/c/Users/Usuario/Downloads/Automações/Climate-AgriTech-MLOps/.venv/lib/python3.12/site-packages/airflow/example_dags/example_short_circuit_decorator.py
[2025-07-28T13:51:07.186-0300] {processor.py:830} INFO - Processing file /mnt/c/Users/Usuario/Downloads/Automações/Climate-AgriTech-MLOps/.venv/lib/python3.12/site-packages/airflow/example_dags/example_short_circuit_decorator.py for tasks to queue
[2025-07-28T13:51:07.192-0300] {logging_mixin.py:188} INFO - [2025-07-28T13:51:07.189-0300] {dagbag.py:545} INFO - Filling up the DagBag from /mnt/c/Users/Usuario/Downloads/Automações/Climate-AgriTech-MLOps/.venv/lib/python3.12/site-packages/airflow/example_dags/example_short_circuit_decorator.py
[2025-07-28T13:51:07.261-0300] {processor.py:840} INFO - DAG(s) 'example_short_circuit_decorator' retrieved from /mnt/c/Users/Usuario/Downloads/Automações/Climate-AgriTech-MLOps/.venv/lib/python3.12/site-packages/airflow/example_dags/example_short_circuit_decorator.py
[2025-07-28T13:51:07.344-0300] {logging_mixin.py:188} INFO - [2025-07-28T13:51:07.341-0300] {dag.py:3096} INFO - Sync 1 DAGs
[2025-07-28T13:51:07.418-0300] {logging_mixin.py:188} INFO - [2025-07-28T13:51:07.416-0300] {dag.py:3954} INFO - Setting next_dagrun for example_short_circuit_decorator to 2025-07-27 00:00:00+00:00, run_after=2025-07-28 00:00:00+00:00
[2025-07-28T13:51:07.614-0300] {processor.py:183} INFO - Processing /mnt/c/Users/Usuario/Downloads/Automações/Climate-AgriTech-MLOps/.venv/lib/python3.12/site-packages/airflow/example_dags/example_short_circuit_decorator.py took 0.463 seconds
[2025-07-28T13:52:41.257-0300] {processor.py:161} INFO - Started process (PID=8966) to work on /mnt/c/Users/Usuario/Downloads/Automações/Climate-AgriTech-MLOps/.venv/lib/python3.12/site-packages/airflow/example_dags/example_short_circuit_decorator.py
[2025-07-28T13:52:41.263-0300] {processor.py:830} INFO - Processing file /mnt/c/Users/Usuario/Downloads/Automações/Climate-AgriTech-MLOps/.venv/lib/python3.12/site-packages/airflow/example_dags/example_short_circuit_decorator.py for tasks to queue
[2025-07-28T13:52:41.271-0300] {logging_mixin.py:188} INFO - [2025-07-28T13:52:41.267-0300] {dagbag.py:545} INFO - Filling up the DagBag from /mnt/c/Users/Usuario/Downloads/Automações/Climate-AgriTech-MLOps/.venv/lib/python3.12/site-packages/airflow/example_dags/example_short_circuit_decorator.py
[2025-07-28T13:52:41.355-0300] {processor.py:840} INFO - DAG(s) 'example_short_circuit_decorator' retrieved from /mnt/c/Users/Usuario/Downloads/Automações/Climate-AgriTech-MLOps/.venv/lib/python3.12/site-packages/airflow/example_dags/example_short_circuit_decorator.py
[2025-07-28T13:52:41.459-0300] {logging_mixin.py:188} INFO - [2025-07-28T13:52:41.456-0300] {dag.py:3096} INFO - Sync 1 DAGs
[2025-07-28T13:52:41.538-0300] {logging_mixin.py:188} INFO - [2025-07-28T13:52:41.535-0300] {dag.py:3954} INFO - Setting next_dagrun for example_short_circuit_decorator to 2025-07-27 00:00:00+00:00, run_after=2025-07-28 00:00:00+00:00
[2025-07-28T13:52:41.718-0300] {processor.py:183} INFO - Processing /mnt/c/Users/Usuario/Downloads/Automações/Climate-AgriTech-MLOps/.venv/lib/python3.12/site-packages/airflow/example_dags/example_short_circuit_decorator.py took 0.500 seconds
[2025-07-28T13:54:15.162-0300] {processor.py:161} INFO - Started process (PID=9014) to work on /mnt/c/Users/Usuario/Downloads/Automações/Climate-AgriTech-MLOps/.venv/lib/python3.12/site-packages/airflow/example_dags/example_short_circuit_decorator.py
[2025-07-28T13:54:15.168-0300] {processor.py:830} INFO - Processing file /mnt/c/Users/Usuario/Downloads/Automações/Climate-AgriTech-MLOps/.venv/lib/python3.12/site-packages/airflow/example_dags/example_short_circuit_decorator.py for tasks to queue
[2025-07-28T13:54:15.175-0300] {logging_mixin.py:188} INFO - [2025-07-28T13:54:15.172-0300] {dagbag.py:545} INFO - Filling up the DagBag from /mnt/c/Users/Usuario/Downloads/Automações/Climate-AgriTech-MLOps/.venv/lib/python3.12/site-packages/airflow/example_dags/example_short_circuit_decorator.py
[2025-07-28T13:54:15.252-0300] {processor.py:840} INFO - DAG(s) 'example_short_circuit_decorator' retrieved from /mnt/c/Users/Usuario/Downloads/Automações/Climate-AgriTech-MLOps/.venv/lib/python3.12/site-packages/airflow/example_dags/example_short_circuit_decorator.py
[2025-07-28T13:54:15.364-0300] {logging_mixin.py:188} INFO - [2025-07-28T13:54:15.361-0300] {dag.py:3096} INFO - Sync 1 DAGs
[2025-07-28T13:54:15.446-0300] {logging_mixin.py:188} INFO - [2025-07-28T13:54:15.444-0300] {dag.py:3954} INFO - Setting next_dagrun for example_short_circuit_decorator to 2025-07-27 00:00:00+00:00, run_after=2025-07-28 00:00:00+00:00
[2025-07-28T13:54:15.649-0300] {processor.py:183} INFO - Processing /mnt/c/Users/Usuario/Downloads/Automações/Climate-AgriTech-MLOps/.venv/lib/python3.12/site-packages/airflow/example_dags/example_short_circuit_decorator.py took 0.528 seconds
[2025-07-28T13:55:50.819-0300] {processor.py:161} INFO - Started process (PID=9071) to work on /mnt/c/Users/Usuario/Downloads/Automações/Climate-AgriTech-MLOps/.venv/lib/python3.12/site-packages/airflow/example_dags/example_short_circuit_decorator.py
[2025-07-28T13:55:50.825-0300] {processor.py:830} INFO - Processing file /mnt/c/Users/Usuario/Downloads/Automações/Climate-AgriTech-MLOps/.venv/lib/python3.12/site-packages/airflow/example_dags/example_short_circuit_decorator.py for tasks to queue
[2025-07-28T13:55:50.833-0300] {logging_mixin.py:188} INFO - [2025-07-28T13:55:50.829-0300] {dagbag.py:545} INFO - Filling up the DagBag from /mnt/c/Users/Usuario/Downloads/Automações/Climate-AgriTech-MLOps/.venv/lib/python3.12/site-packages/airflow/example_dags/example_short_circuit_decorator.py
[2025-07-28T13:55:50.927-0300] {processor.py:840} INFO - DAG(s) 'example_short_circuit_decorator' retrieved from /mnt/c/Users/Usuario/Downloads/Automações/Climate-AgriTech-MLOps/.venv/lib/python3.12/site-packages/airflow/example_dags/example_short_circuit_decorator.py
[2025-07-28T13:55:51.036-0300] {logging_mixin.py:188} INFO - [2025-07-28T13:55:51.033-0300] {dag.py:3096} INFO - Sync 1 DAGs
[2025-07-28T13:55:51.136-0300] {logging_mixin.py:188} INFO - [2025-07-28T13:55:51.132-0300] {dag.py:3954} INFO - Setting next_dagrun for example_short_circuit_decorator to 2025-07-27 00:00:00+00:00, run_after=2025-07-28 00:00:00+00:00
[2025-07-28T13:55:51.385-0300] {processor.py:183} INFO - Processing /mnt/c/Users/Usuario/Downloads/Automações/Climate-AgriTech-MLOps/.venv/lib/python3.12/site-packages/airflow/example_dags/example_short_circuit_decorator.py took 0.612 seconds
[2025-07-28T13:56:56.595-0300] {processor.py:161} INFO - Started process (PID=9125) to work on /mnt/c/Users/Usuario/Downloads/Automações/Climate-AgriTech-MLOps/.venv/lib/python3.12/site-packages/airflow/example_dags/example_short_circuit_decorator.py
[2025-07-28T13:56:56.597-0300] {processor.py:830} INFO - Processing file /mnt/c/Users/Usuario/Downloads/Automações/Climate-AgriTech-MLOps/.venv/lib/python3.12/site-packages/airflow/example_dags/example_short_circuit_decorator.py for tasks to queue
[2025-07-28T13:56:56.600-0300] {logging_mixin.py:188} INFO - [2025-07-28T13:56:56.599-0300] {dagbag.py:545} INFO - Filling up the DagBag from /mnt/c/Users/Usuario/Downloads/Automações/Climate-AgriTech-MLOps/.venv/lib/python3.12/site-packages/airflow/example_dags/example_short_circuit_decorator.py
[2025-07-28T13:56:56.627-0300] {processor.py:840} INFO - DAG(s) 'example_short_circuit_decorator' retrieved from /mnt/c/Users/Usuario/Downloads/Automações/Climate-AgriTech-MLOps/.venv/lib/python3.12/site-packages/airflow/example_dags/example_short_circuit_decorator.py
[2025-07-28T13:56:56.665-0300] {logging_mixin.py:188} INFO - [2025-07-28T13:56:56.664-0300] {dag.py:3096} INFO - Sync 1 DAGs
[2025-07-28T13:56:56.697-0300] {logging_mixin.py:188} INFO - [2025-07-28T13:56:56.696-0300] {dag.py:3954} INFO - Setting next_dagrun for example_short_circuit_decorator to 2025-07-27 00:00:00+00:00, run_after=2025-07-28 00:00:00+00:00
[2025-07-28T13:56:56.791-0300] {processor.py:183} INFO - Processing /mnt/c/Users/Usuario/Downloads/Automações/Climate-AgriTech-MLOps/.venv/lib/python3.12/site-packages/airflow/example_dags/example_short_circuit_decorator.py took 0.211 seconds
[2025-07-28T13:58:32.034-0300] {processor.py:161} INFO - Started process (PID=9208) to work on /mnt/c/Users/Usuario/Downloads/Automações/Climate-AgriTech-MLOps/.venv/lib/python3.12/site-packages/airflow/example_dags/example_short_circuit_decorator.py
[2025-07-28T13:58:32.040-0300] {processor.py:830} INFO - Processing file /mnt/c/Users/Usuario/Downloads/Automações/Climate-AgriTech-MLOps/.venv/lib/python3.12/site-packages/airflow/example_dags/example_short_circuit_decorator.py for tasks to queue
[2025-07-28T13:58:32.049-0300] {logging_mixin.py:188} INFO - [2025-07-28T13:58:32.045-0300] {dagbag.py:545} INFO - Filling up the DagBag from /mnt/c/Users/Usuario/Downloads/Automações/Climate-AgriTech-MLOps/.venv/lib/python3.12/site-packages/airflow/example_dags/example_short_circuit_decorator.py
[2025-07-28T13:58:32.138-0300] {processor.py:840} INFO - DAG(s) 'example_short_circuit_decorator' retrieved from /mnt/c/Users/Usuario/Downloads/Automações/Climate-AgriTech-MLOps/.venv/lib/python3.12/site-packages/airflow/example_dags/example_short_circuit_decorator.py
[2025-07-28T13:58:32.235-0300] {logging_mixin.py:188} INFO - [2025-07-28T13:58:32.232-0300] {dag.py:3096} INFO - Sync 1 DAGs
[2025-07-28T13:58:32.319-0300] {logging_mixin.py:188} INFO - [2025-07-28T13:58:32.317-0300] {dag.py:3954} INFO - Setting next_dagrun for example_short_circuit_decorator to 2025-07-27 00:00:00+00:00, run_after=2025-07-28 00:00:00+00:00
[2025-07-28T13:58:32.518-0300] {processor.py:183} INFO - Processing /mnt/c/Users/Usuario/Downloads/Automações/Climate-AgriTech-MLOps/.venv/lib/python3.12/site-packages/airflow/example_dags/example_short_circuit_decorator.py took 0.523 seconds
[2025-07-28T13:59:47.290-0300] {processor.py:161} INFO - Started process (PID=9255) to work on /mnt/c/Users/Usuario/Downloads/Automações/Climate-AgriTech-MLOps/.venv/lib/python3.12/site-packages/airflow/example_dags/example_short_circuit_decorator.py
[2025-07-28T13:59:47.293-0300] {processor.py:830} INFO - Processing file /mnt/c/Users/Usuario/Downloads/Automações/Climate-AgriTech-MLOps/.venv/lib/python3.12/site-packages/airflow/example_dags/example_short_circuit_decorator.py for tasks to queue
[2025-07-28T13:59:47.297-0300] {logging_mixin.py:188} INFO - [2025-07-28T13:59:47.295-0300] {dagbag.py:545} INFO - Filling up the DagBag from /mnt/c/Users/Usuario/Downloads/Automações/Climate-AgriTech-MLOps/.venv/lib/python3.12/site-packages/airflow/example_dags/example_short_circuit_decorator.py
[2025-07-28T13:59:47.326-0300] {processor.py:840} INFO - DAG(s) 'example_short_circuit_decorator' retrieved from /mnt/c/Users/Usuario/Downloads/Automações/Climate-AgriTech-MLOps/.venv/lib/python3.12/site-packages/airflow/example_dags/example_short_circuit_decorator.py
[2025-07-28T13:59:47.369-0300] {logging_mixin.py:188} INFO - [2025-07-28T13:59:47.367-0300] {dag.py:3096} INFO - Sync 1 DAGs
[2025-07-28T13:59:47.409-0300] {logging_mixin.py:188} INFO - [2025-07-28T13:59:47.408-0300] {dag.py:3954} INFO - Setting next_dagrun for example_short_circuit_decorator to 2025-07-27 00:00:00+00:00, run_after=2025-07-28 00:00:00+00:00
[2025-07-28T13:59:47.517-0300] {processor.py:183} INFO - Processing /mnt/c/Users/Usuario/Downloads/Automações/Climate-AgriTech-MLOps/.venv/lib/python3.12/site-packages/airflow/example_dags/example_short_circuit_decorator.py took 0.244 seconds
[2025-07-28T14:01:22.032-0300] {processor.py:161} INFO - Started process (PID=9339) to work on /mnt/c/Users/Usuario/Downloads/Automações/Climate-AgriTech-MLOps/.venv/lib/python3.12/site-packages/airflow/example_dags/example_short_circuit_decorator.py
[2025-07-28T14:01:22.035-0300] {processor.py:830} INFO - Processing file /mnt/c/Users/Usuario/Downloads/Automações/Climate-AgriTech-MLOps/.venv/lib/python3.12/site-packages/airflow/example_dags/example_short_circuit_decorator.py for tasks to queue
[2025-07-28T14:01:22.038-0300] {logging_mixin.py:188} INFO - [2025-07-28T14:01:22.036-0300] {dagbag.py:545} INFO - Filling up the DagBag from /mnt/c/Users/Usuario/Downloads/Automações/Climate-AgriTech-MLOps/.venv/lib/python3.12/site-packages/airflow/example_dags/example_short_circuit_decorator.py
[2025-07-28T14:01:22.067-0300] {processor.py:840} INFO - DAG(s) 'example_short_circuit_decorator' retrieved from /mnt/c/Users/Usuario/Downloads/Automações/Climate-AgriTech-MLOps/.venv/lib/python3.12/site-packages/airflow/example_dags/example_short_circuit_decorator.py
[2025-07-28T14:01:22.110-0300] {logging_mixin.py:188} INFO - [2025-07-28T14:01:22.109-0300] {dag.py:3096} INFO - Sync 1 DAGs
[2025-07-28T14:01:22.146-0300] {logging_mixin.py:188} INFO - [2025-07-28T14:01:22.145-0300] {dag.py:3954} INFO - Setting next_dagrun for example_short_circuit_decorator to 2025-07-27 00:00:00+00:00, run_after=2025-07-28 00:00:00+00:00
[2025-07-28T14:01:22.244-0300] {processor.py:183} INFO - Processing /mnt/c/Users/Usuario/Downloads/Automações/Climate-AgriTech-MLOps/.venv/lib/python3.12/site-packages/airflow/example_dags/example_short_circuit_decorator.py took 0.228 seconds
