[2025-07-28T12:52:08.227-0300] {processor.py:161} INFO - Started process (PID=8077) to work on /mnt/c/Users/Usuario/Downloads/Automações/Climate-AgriTech-MLOps/.venv/lib/python3.12/site-packages/airflow/example_dags/example_branch_operator_decorator.py
[2025-07-28T12:52:08.234-0300] {processor.py:830} INFO - Processing file /mnt/c/Users/Usuario/Downloads/Automações/Climate-AgriTech-MLOps/.venv/lib/python3.12/site-packages/airflow/example_dags/example_branch_operator_decorator.py for tasks to queue
[2025-07-28T12:52:08.248-0300] {logging_mixin.py:188} INFO - [2025-07-28T12:52:08.243-0300] {dagbag.py:545} INFO - Filling up the DagBag from /mnt/c/Users/Usuario/Downloads/Automações/Climate-AgriTech-MLOps/.venv/lib/python3.12/site-packages/airflow/example_dags/example_branch_operator_decorator.py
[2025-07-28T12:52:08.438-0300] {processor.py:840} INFO - DAG(s) 'example_branch_python_operator_decorator' retrieved from /mnt/c/Users/Usuario/Downloads/Automações/Climate-AgriTech-MLOps/.venv/lib/python3.12/site-packages/airflow/example_dags/example_branch_operator_decorator.py
[2025-07-28T12:52:12.247-0300] {logging_mixin.py:188} INFO - [2025-07-28T12:52:12.244-0300] {override.py:1829} INFO - Created Permission View: can read on DAG:example_branch_python_operator_decorator
[2025-07-28T12:52:12.337-0300] {logging_mixin.py:188} INFO - [2025-07-28T12:52:12.334-0300] {override.py:1829} INFO - Created Permission View: can edit on DAG:example_branch_python_operator_decorator
[2025-07-28T12:52:12.425-0300] {logging_mixin.py:188} INFO - [2025-07-28T12:52:12.422-0300] {override.py:1829} INFO - Created Permission View: can delete on DAG:example_branch_python_operator_decorator
[2025-07-28T12:52:12.431-0300] {logging_mixin.py:188} INFO - [2025-07-28T12:52:12.428-0300] {dag.py:3096} INFO - Sync 1 DAGs
[2025-07-28T12:52:12.496-0300] {logging_mixin.py:188} INFO - [2025-07-28T12:52:12.493-0300] {dag.py:3118} INFO - Creating ORM DAG for example_branch_python_operator_decorator
[2025-07-28T12:52:12.538-0300] {logging_mixin.py:188} INFO - [2025-07-28T12:52:12.535-0300] {dag.py:3954} INFO - Setting next_dagrun for example_branch_python_operator_decorator to 2025-07-27 00:00:00+00:00, run_after=2025-07-28 00:00:00+00:00
[2025-07-28T12:52:12.724-0300] {processor.py:183} INFO - Processing /mnt/c/Users/Usuario/Downloads/Automações/Climate-AgriTech-MLOps/.venv/lib/python3.12/site-packages/airflow/example_dags/example_branch_operator_decorator.py took 4.539 seconds
[2025-07-28T13:45:17.088-0300] {processor.py:161} INFO - Started process (PID=8701) to work on /mnt/c/Users/Usuario/Downloads/Automações/Climate-AgriTech-MLOps/.venv/lib/python3.12/site-packages/airflow/example_dags/example_branch_operator_decorator.py
[2025-07-28T13:45:17.090-0300] {processor.py:830} INFO - Processing file /mnt/c/Users/Usuario/Downloads/Automações/Climate-AgriTech-MLOps/.venv/lib/python3.12/site-packages/airflow/example_dags/example_branch_operator_decorator.py for tasks to queue
[2025-07-28T13:45:17.094-0300] {logging_mixin.py:188} INFO - [2025-07-28T13:45:17.092-0300] {dagbag.py:545} INFO - Filling up the DagBag from /mnt/c/Users/Usuario/Downloads/Automações/Climate-AgriTech-MLOps/.venv/lib/python3.12/site-packages/airflow/example_dags/example_branch_operator_decorator.py
[2025-07-28T13:45:17.169-0300] {processor.py:840} INFO - DAG(s) 'example_branch_python_operator_decorator' retrieved from /mnt/c/Users/Usuario/Downloads/Automações/Climate-AgriTech-MLOps/.venv/lib/python3.12/site-packages/airflow/example_dags/example_branch_operator_decorator.py
[2025-07-28T13:45:19.329-0300] {logging_mixin.py:188} INFO - [2025-07-28T13:45:19.328-0300] {dag.py:3096} INFO - Sync 1 DAGs
[2025-07-28T13:45:19.352-0300] {logging_mixin.py:188} INFO - [2025-07-28T13:45:19.350-0300] {dag.py:3954} INFO - Setting next_dagrun for example_branch_python_operator_decorator to 2025-07-27 00:00:00+00:00, run_after=2025-07-28 00:00:00+00:00
[2025-07-28T13:45:19.456-0300] {processor.py:183} INFO - Processing /mnt/c/Users/Usuario/Downloads/Automações/Climate-AgriTech-MLOps/.venv/lib/python3.12/site-packages/airflow/example_dags/example_branch_operator_decorator.py took 2.386 seconds
[2025-07-28T13:47:13.101-0300] {processor.py:161} INFO - Started process (PID=8769) to work on /mnt/c/Users/Usuario/Downloads/Automações/Climate-AgriTech-MLOps/.venv/lib/python3.12/site-packages/airflow/example_dags/example_branch_operator_decorator.py
[2025-07-28T13:47:13.106-0300] {processor.py:830} INFO - Processing file /mnt/c/Users/Usuario/Downloads/Automações/Climate-AgriTech-MLOps/.venv/lib/python3.12/site-packages/airflow/example_dags/example_branch_operator_decorator.py for tasks to queue
[2025-07-28T13:47:13.112-0300] {logging_mixin.py:188} INFO - [2025-07-28T13:47:13.109-0300] {dagbag.py:545} INFO - Filling up the DagBag from /mnt/c/Users/Usuario/Downloads/Automações/Climate-AgriTech-MLOps/.venv/lib/python3.12/site-packages/airflow/example_dags/example_branch_operator_decorator.py
[2025-07-28T13:47:13.253-0300] {processor.py:840} INFO - DAG(s) 'example_branch_python_operator_decorator' retrieved from /mnt/c/Users/Usuario/Downloads/Automações/Climate-AgriTech-MLOps/.venv/lib/python3.12/site-packages/airflow/example_dags/example_branch_operator_decorator.py
[2025-07-28T13:47:13.339-0300] {logging_mixin.py:188} INFO - [2025-07-28T13:47:13.337-0300] {dag.py:3096} INFO - Sync 1 DAGs
[2025-07-28T13:47:13.607-0300] {logging_mixin.py:188} INFO - [2025-07-28T13:47:13.605-0300] {dag.py:3954} INFO - Setting next_dagrun for example_branch_python_operator_decorator to 2025-07-27 00:00:00+00:00, run_after=2025-07-28 00:00:00+00:00
[2025-07-28T13:47:13.785-0300] {processor.py:183} INFO - Processing /mnt/c/Users/Usuario/Downloads/Automações/Climate-AgriTech-MLOps/.venv/lib/python3.12/site-packages/airflow/example_dags/example_branch_operator_decorator.py took 0.715 seconds
[2025-07-28T13:50:23.890-0300] {processor.py:161} INFO - Started process (PID=8870) to work on /mnt/c/Users/Usuario/Downloads/Automações/Climate-AgriTech-MLOps/.venv/lib/python3.12/site-packages/airflow/example_dags/example_branch_operator_decorator.py
[2025-07-28T13:50:23.896-0300] {processor.py:830} INFO - Processing file /mnt/c/Users/Usuario/Downloads/Automações/Climate-AgriTech-MLOps/.venv/lib/python3.12/site-packages/airflow/example_dags/example_branch_operator_decorator.py for tasks to queue
[2025-07-28T13:50:23.906-0300] {logging_mixin.py:188} INFO - [2025-07-28T13:50:23.902-0300] {dagbag.py:545} INFO - Filling up the DagBag from /mnt/c/Users/Usuario/Downloads/Automações/Climate-AgriTech-MLOps/.venv/lib/python3.12/site-packages/airflow/example_dags/example_branch_operator_decorator.py
[2025-07-28T13:50:24.106-0300] {processor.py:840} INFO - DAG(s) 'example_branch_python_operator_decorator' retrieved from /mnt/c/Users/Usuario/Downloads/Automações/Climate-AgriTech-MLOps/.venv/lib/python3.12/site-packages/airflow/example_dags/example_branch_operator_decorator.py
[2025-07-28T13:50:24.219-0300] {logging_mixin.py:188} INFO - [2025-07-28T13:50:24.216-0300] {dag.py:3096} INFO - Sync 1 DAGs
[2025-07-28T13:50:24.294-0300] {logging_mixin.py:188} INFO - [2025-07-28T13:50:24.290-0300] {dag.py:3954} INFO - Setting next_dagrun for example_branch_python_operator_decorator to 2025-07-27 00:00:00+00:00, run_after=2025-07-28 00:00:00+00:00
[2025-07-28T13:50:24.525-0300] {processor.py:183} INFO - Processing /mnt/c/Users/Usuario/Downloads/Automações/Climate-AgriTech-MLOps/.venv/lib/python3.12/site-packages/airflow/example_dags/example_branch_operator_decorator.py took 0.685 seconds
[2025-07-28T13:53:25.367-0300] {processor.py:161} INFO - Started process (PID=8988) to work on /mnt/c/Users/Usuario/Downloads/Automações/Climate-AgriTech-MLOps/.venv/lib/python3.12/site-packages/airflow/example_dags/example_branch_operator_decorator.py
[2025-07-28T13:53:25.372-0300] {processor.py:830} INFO - Processing file /mnt/c/Users/Usuario/Downloads/Automações/Climate-AgriTech-MLOps/.venv/lib/python3.12/site-packages/airflow/example_dags/example_branch_operator_decorator.py for tasks to queue
[2025-07-28T13:53:25.380-0300] {logging_mixin.py:188} INFO - [2025-07-28T13:53:25.377-0300] {dagbag.py:545} INFO - Filling up the DagBag from /mnt/c/Users/Usuario/Downloads/Automações/Climate-AgriTech-MLOps/.venv/lib/python3.12/site-packages/airflow/example_dags/example_branch_operator_decorator.py
[2025-07-28T13:53:25.568-0300] {processor.py:840} INFO - DAG(s) 'example_branch_python_operator_decorator' retrieved from /mnt/c/Users/Usuario/Downloads/Automações/Climate-AgriTech-MLOps/.venv/lib/python3.12/site-packages/airflow/example_dags/example_branch_operator_decorator.py
[2025-07-28T13:53:25.686-0300] {logging_mixin.py:188} INFO - [2025-07-28T13:53:25.683-0300] {dag.py:3096} INFO - Sync 1 DAGs
[2025-07-28T13:53:25.754-0300] {logging_mixin.py:188} INFO - [2025-07-28T13:53:25.750-0300] {dag.py:3954} INFO - Setting next_dagrun for example_branch_python_operator_decorator to 2025-07-27 00:00:00+00:00, run_after=2025-07-28 00:00:00+00:00
[2025-07-28T13:53:25.971-0300] {processor.py:183} INFO - Processing /mnt/c/Users/Usuario/Downloads/Automações/Climate-AgriTech-MLOps/.venv/lib/python3.12/site-packages/airflow/example_dags/example_branch_operator_decorator.py took 0.643 seconds
[2025-07-28T13:56:24.202-0300] {processor.py:161} INFO - Started process (PID=9095) to work on /mnt/c/Users/Usuario/Downloads/Automações/Climate-AgriTech-MLOps/.venv/lib/python3.12/site-packages/airflow/example_dags/example_branch_operator_decorator.py
[2025-07-28T13:56:24.204-0300] {processor.py:830} INFO - Processing file /mnt/c/Users/Usuario/Downloads/Automações/Climate-AgriTech-MLOps/.venv/lib/python3.12/site-packages/airflow/example_dags/example_branch_operator_decorator.py for tasks to queue
[2025-07-28T13:56:24.207-0300] {logging_mixin.py:188} INFO - [2025-07-28T13:56:24.206-0300] {dagbag.py:545} INFO - Filling up the DagBag from /mnt/c/Users/Usuario/Downloads/Automações/Climate-AgriTech-MLOps/.venv/lib/python3.12/site-packages/airflow/example_dags/example_branch_operator_decorator.py
[2025-07-28T13:56:24.268-0300] {processor.py:840} INFO - DAG(s) 'example_branch_python_operator_decorator' retrieved from /mnt/c/Users/Usuario/Downloads/Automações/Climate-AgriTech-MLOps/.venv/lib/python3.12/site-packages/airflow/example_dags/example_branch_operator_decorator.py
[2025-07-28T13:56:24.309-0300] {logging_mixin.py:188} INFO - [2025-07-28T13:56:24.307-0300] {dag.py:3096} INFO - Sync 1 DAGs
[2025-07-28T13:56:24.341-0300] {logging_mixin.py:188} INFO - [2025-07-28T13:56:24.338-0300] {dag.py:3954} INFO - Setting next_dagrun for example_branch_python_operator_decorator to 2025-07-27 00:00:00+00:00, run_after=2025-07-28 00:00:00+00:00
[2025-07-28T13:56:24.448-0300] {processor.py:183} INFO - Processing /mnt/c/Users/Usuario/Downloads/Automações/Climate-AgriTech-MLOps/.venv/lib/python3.12/site-packages/airflow/example_dags/example_branch_operator_decorator.py took 0.260 seconds
[2025-07-28T13:58:03.122-0300] {processor.py:161} INFO - Started process (PID=9183) to work on /mnt/c/Users/Usuario/Downloads/Automações/Climate-AgriTech-MLOps/.venv/lib/python3.12/site-packages/airflow/example_dags/example_branch_operator_decorator.py
[2025-07-28T13:58:03.125-0300] {processor.py:830} INFO - Processing file /mnt/c/Users/Usuario/Downloads/Automações/Climate-AgriTech-MLOps/.venv/lib/python3.12/site-packages/airflow/example_dags/example_branch_operator_decorator.py for tasks to queue
[2025-07-28T13:58:03.129-0300] {logging_mixin.py:188} INFO - [2025-07-28T13:58:03.127-0300] {dagbag.py:545} INFO - Filling up the DagBag from /mnt/c/Users/Usuario/Downloads/Automações/Climate-AgriTech-MLOps/.venv/lib/python3.12/site-packages/airflow/example_dags/example_branch_operator_decorator.py
[2025-07-28T13:58:03.192-0300] {processor.py:840} INFO - DAG(s) 'example_branch_python_operator_decorator' retrieved from /mnt/c/Users/Usuario/Downloads/Automações/Climate-AgriTech-MLOps/.venv/lib/python3.12/site-packages/airflow/example_dags/example_branch_operator_decorator.py
[2025-07-28T13:58:03.236-0300] {logging_mixin.py:188} INFO - [2025-07-28T13:58:03.235-0300] {dag.py:3096} INFO - Sync 1 DAGs
[2025-07-28T13:58:03.266-0300] {logging_mixin.py:188} INFO - [2025-07-28T13:58:03.264-0300] {dag.py:3954} INFO - Setting next_dagrun for example_branch_python_operator_decorator to 2025-07-27 00:00:00+00:00, run_after=2025-07-28 00:00:00+00:00
[2025-07-28T13:58:03.365-0300] {processor.py:183} INFO - Processing /mnt/c/Users/Usuario/Downloads/Automações/Climate-AgriTech-MLOps/.venv/lib/python3.12/site-packages/airflow/example_dags/example_branch_operator_decorator.py took 0.257 seconds
[2025-07-28T14:00:15.460-0300] {processor.py:161} INFO - Started process (PID=9279) to work on /mnt/c/Users/Usuario/Downloads/Automações/Climate-AgriTech-MLOps/.venv/lib/python3.12/site-packages/airflow/example_dags/example_branch_operator_decorator.py
[2025-07-28T14:00:15.462-0300] {processor.py:830} INFO - Processing file /mnt/c/Users/Usuario/Downloads/Automações/Climate-AgriTech-MLOps/.venv/lib/python3.12/site-packages/airflow/example_dags/example_branch_operator_decorator.py for tasks to queue
[2025-07-28T14:00:15.466-0300] {logging_mixin.py:188} INFO - [2025-07-28T14:00:15.465-0300] {dagbag.py:545} INFO - Filling up the DagBag from /mnt/c/Users/Usuario/Downloads/Automações/Climate-AgriTech-MLOps/.venv/lib/python3.12/site-packages/airflow/example_dags/example_branch_operator_decorator.py
[2025-07-28T14:00:15.532-0300] {processor.py:840} INFO - DAG(s) 'example_branch_python_operator_decorator' retrieved from /mnt/c/Users/Usuario/Downloads/Automações/Climate-AgriTech-MLOps/.venv/lib/python3.12/site-packages/airflow/example_dags/example_branch_operator_decorator.py
[2025-07-28T14:00:15.575-0300] {logging_mixin.py:188} INFO - [2025-07-28T14:00:15.574-0300] {dag.py:3096} INFO - Sync 1 DAGs
[2025-07-28T14:00:15.604-0300] {logging_mixin.py:188} INFO - [2025-07-28T14:00:15.602-0300] {dag.py:3954} INFO - Setting next_dagrun for example_branch_python_operator_decorator to 2025-07-27 00:00:00+00:00, run_after=2025-07-28 00:00:00+00:00
[2025-07-28T14:00:15.721-0300] {processor.py:183} INFO - Processing /mnt/c/Users/Usuario/Downloads/Automações/Climate-AgriTech-MLOps/.venv/lib/python3.12/site-packages/airflow/example_dags/example_branch_operator_decorator.py took 0.276 seconds
[2025-07-28T14:01:47.550-0300] {processor.py:161} INFO - Started process (PID=9360) to work on /mnt/c/Users/Usuario/Downloads/Automações/Climate-AgriTech-MLOps/.venv/lib/python3.12/site-packages/airflow/example_dags/example_branch_operator_decorator.py
[2025-07-28T14:01:47.553-0300] {processor.py:830} INFO - Processing file /mnt/c/Users/Usuario/Downloads/Automações/Climate-AgriTech-MLOps/.venv/lib/python3.12/site-packages/airflow/example_dags/example_branch_operator_decorator.py for tasks to queue
[2025-07-28T14:01:47.556-0300] {logging_mixin.py:188} INFO - [2025-07-28T14:01:47.555-0300] {dagbag.py:545} INFO - Filling up the DagBag from /mnt/c/Users/Usuario/Downloads/Automações/Climate-AgriTech-MLOps/.venv/lib/python3.12/site-packages/airflow/example_dags/example_branch_operator_decorator.py
[2025-07-28T14:01:47.619-0300] {processor.py:840} INFO - DAG(s) 'example_branch_python_operator_decorator' retrieved from /mnt/c/Users/Usuario/Downloads/Automações/Climate-AgriTech-MLOps/.venv/lib/python3.12/site-packages/airflow/example_dags/example_branch_operator_decorator.py
[2025-07-28T14:01:47.664-0300] {logging_mixin.py:188} INFO - [2025-07-28T14:01:47.662-0300] {dag.py:3096} INFO - Sync 1 DAGs
[2025-07-28T14:01:47.692-0300] {logging_mixin.py:188} INFO - [2025-07-28T14:01:47.691-0300] {dag.py:3954} INFO - Setting next_dagrun for example_branch_python_operator_decorator to 2025-07-27 00:00:00+00:00, run_after=2025-07-28 00:00:00+00:00
[2025-07-28T14:01:47.796-0300] {processor.py:183} INFO - Processing /mnt/c/Users/Usuario/Downloads/Automações/Climate-AgriTech-MLOps/.venv/lib/python3.12/site-packages/airflow/example_dags/example_branch_operator_decorator.py took 0.262 seconds
