[2025-07-28T12:52:02.102-0300] {processor.py:161} INFO - Started process (PID=8074) to work on /mnt/c/Users/Usuario/Downloads/Automações/Climate-AgriTech-MLOps/.venv/lib/python3.12/site-packages/airflow/example_dags/example_branch_python_dop_operator_3.py
[2025-07-28T12:52:02.108-0300] {processor.py:830} INFO - Processing file /mnt/c/Users/Usuario/Downloads/Automações/Climate-AgriTech-MLOps/.venv/lib/python3.12/site-packages/airflow/example_dags/example_branch_python_dop_operator_3.py for tasks to queue
[2025-07-28T12:52:02.120-0300] {logging_mixin.py:188} INFO - [2025-07-28T12:52:02.116-0300] {dagbag.py:545} INFO - Filling up the DagBag from /mnt/c/Users/Usuario/Downloads/Automações/Climate-AgriTech-MLOps/.venv/lib/python3.12/site-packages/airflow/example_dags/example_branch_python_dop_operator_3.py
[2025-07-28T12:52:02.241-0300] {processor.py:840} INFO - DAG(s) 'example_branch_dop_operator_v3' retrieved from /mnt/c/Users/Usuario/Downloads/Automações/Climate-AgriTech-MLOps/.venv/lib/python3.12/site-packages/airflow/example_dags/example_branch_python_dop_operator_3.py
[2025-07-28T12:52:05.945-0300] {logging_mixin.py:188} INFO - [2025-07-28T12:52:05.942-0300] {override.py:1829} INFO - Created Permission View: can read on DAG:example_branch_dop_operator_v3
[2025-07-28T12:52:06.080-0300] {logging_mixin.py:188} INFO - [2025-07-28T12:52:06.076-0300] {override.py:1829} INFO - Created Permission View: can edit on DAG:example_branch_dop_operator_v3
[2025-07-28T12:52:06.187-0300] {logging_mixin.py:188} INFO - [2025-07-28T12:52:06.184-0300] {override.py:1829} INFO - Created Permission View: can delete on DAG:example_branch_dop_operator_v3
[2025-07-28T12:52:06.195-0300] {logging_mixin.py:188} INFO - [2025-07-28T12:52:06.191-0300] {dag.py:3096} INFO - Sync 1 DAGs
[2025-07-28T12:52:06.249-0300] {logging_mixin.py:188} INFO - [2025-07-28T12:52:06.246-0300] {dag.py:3118} INFO - Creating ORM DAG for example_branch_dop_operator_v3
[2025-07-28T12:52:06.370-0300] {logging_mixin.py:188} INFO - [2025-07-28T12:52:06.368-0300] {dag.py:3954} INFO - Setting next_dagrun for example_branch_dop_operator_v3 to 2025-07-28 15:51:00+00:00, run_after=2025-07-28 15:52:00+00:00
[2025-07-28T12:52:06.607-0300] {processor.py:183} INFO - Processing /mnt/c/Users/Usuario/Downloads/Automações/Climate-AgriTech-MLOps/.venv/lib/python3.12/site-packages/airflow/example_dags/example_branch_python_dop_operator_3.py took 4.542 seconds
[2025-07-28T13:45:11.813-0300] {processor.py:161} INFO - Started process (PID=8696) to work on /mnt/c/Users/Usuario/Downloads/Automações/Climate-AgriTech-MLOps/.venv/lib/python3.12/site-packages/airflow/example_dags/example_branch_python_dop_operator_3.py
[2025-07-28T13:45:11.816-0300] {processor.py:830} INFO - Processing file /mnt/c/Users/Usuario/Downloads/Automações/Climate-AgriTech-MLOps/.venv/lib/python3.12/site-packages/airflow/example_dags/example_branch_python_dop_operator_3.py for tasks to queue
[2025-07-28T13:45:11.821-0300] {logging_mixin.py:188} INFO - [2025-07-28T13:45:11.819-0300] {dagbag.py:545} INFO - Filling up the DagBag from /mnt/c/Users/Usuario/Downloads/Automações/Climate-AgriTech-MLOps/.venv/lib/python3.12/site-packages/airflow/example_dags/example_branch_python_dop_operator_3.py
[2025-07-28T13:45:11.871-0300] {processor.py:840} INFO - DAG(s) 'example_branch_dop_operator_v3' retrieved from /mnt/c/Users/Usuario/Downloads/Automações/Climate-AgriTech-MLOps/.venv/lib/python3.12/site-packages/airflow/example_dags/example_branch_python_dop_operator_3.py
[2025-07-28T13:45:14.631-0300] {logging_mixin.py:188} INFO - [2025-07-28T13:45:14.630-0300] {dag.py:3096} INFO - Sync 1 DAGs
[2025-07-28T13:45:14.903-0300] {logging_mixin.py:188} INFO - [2025-07-28T13:45:14.902-0300] {dag.py:3954} INFO - Setting next_dagrun for example_branch_dop_operator_v3 to 2025-07-28 16:44:00+00:00, run_after=2025-07-28 16:45:00+00:00
[2025-07-28T13:45:15.345-0300] {processor.py:183} INFO - Processing /mnt/c/Users/Usuario/Downloads/Automações/Climate-AgriTech-MLOps/.venv/lib/python3.12/site-packages/airflow/example_dags/example_branch_python_dop_operator_3.py took 3.573 seconds
[2025-07-28T13:47:11.209-0300] {processor.py:161} INFO - Started process (PID=8768) to work on /mnt/c/Users/Usuario/Downloads/Automações/Climate-AgriTech-MLOps/.venv/lib/python3.12/site-packages/airflow/example_dags/example_branch_python_dop_operator_3.py
[2025-07-28T13:47:11.215-0300] {processor.py:830} INFO - Processing file /mnt/c/Users/Usuario/Downloads/Automações/Climate-AgriTech-MLOps/.venv/lib/python3.12/site-packages/airflow/example_dags/example_branch_python_dop_operator_3.py for tasks to queue
[2025-07-28T13:47:11.221-0300] {logging_mixin.py:188} INFO - [2025-07-28T13:47:11.219-0300] {dagbag.py:545} INFO - Filling up the DagBag from /mnt/c/Users/Usuario/Downloads/Automações/Climate-AgriTech-MLOps/.venv/lib/python3.12/site-packages/airflow/example_dags/example_branch_python_dop_operator_3.py
[2025-07-28T13:47:11.294-0300] {processor.py:840} INFO - DAG(s) 'example_branch_dop_operator_v3' retrieved from /mnt/c/Users/Usuario/Downloads/Automações/Climate-AgriTech-MLOps/.venv/lib/python3.12/site-packages/airflow/example_dags/example_branch_python_dop_operator_3.py
[2025-07-28T13:47:11.381-0300] {logging_mixin.py:188} INFO - [2025-07-28T13:47:11.377-0300] {dag.py:3096} INFO - Sync 1 DAGs
[2025-07-28T13:47:11.471-0300] {logging_mixin.py:188} INFO - [2025-07-28T13:47:11.469-0300] {dag.py:3954} INFO - Setting next_dagrun for example_branch_dop_operator_v3 to 2025-07-28 16:46:00+00:00, run_after=2025-07-28 16:47:00+00:00
[2025-07-28T13:47:11.873-0300] {processor.py:183} INFO - Processing /mnt/c/Users/Usuario/Downloads/Automações/Climate-AgriTech-MLOps/.venv/lib/python3.12/site-packages/airflow/example_dags/example_branch_python_dop_operator_3.py took 0.696 seconds
[2025-07-28T13:50:21.876-0300] {processor.py:161} INFO - Started process (PID=8867) to work on /mnt/c/Users/Usuario/Downloads/Automações/Climate-AgriTech-MLOps/.venv/lib/python3.12/site-packages/airflow/example_dags/example_branch_python_dop_operator_3.py
[2025-07-28T13:50:21.883-0300] {processor.py:830} INFO - Processing file /mnt/c/Users/Usuario/Downloads/Automações/Climate-AgriTech-MLOps/.venv/lib/python3.12/site-packages/airflow/example_dags/example_branch_python_dop_operator_3.py for tasks to queue
[2025-07-28T13:50:21.893-0300] {logging_mixin.py:188} INFO - [2025-07-28T13:50:21.888-0300] {dagbag.py:545} INFO - Filling up the DagBag from /mnt/c/Users/Usuario/Downloads/Automações/Climate-AgriTech-MLOps/.venv/lib/python3.12/site-packages/airflow/example_dags/example_branch_python_dop_operator_3.py
[2025-07-28T13:50:22.004-0300] {processor.py:840} INFO - DAG(s) 'example_branch_dop_operator_v3' retrieved from /mnt/c/Users/Usuario/Downloads/Automações/Climate-AgriTech-MLOps/.venv/lib/python3.12/site-packages/airflow/example_dags/example_branch_python_dop_operator_3.py
[2025-07-28T13:50:22.153-0300] {logging_mixin.py:188} INFO - [2025-07-28T13:50:22.151-0300] {dag.py:3096} INFO - Sync 1 DAGs
[2025-07-28T13:50:22.257-0300] {logging_mixin.py:188} INFO - [2025-07-28T13:50:22.254-0300] {dag.py:3954} INFO - Setting next_dagrun for example_branch_dop_operator_v3 to 2025-07-28 16:49:00+00:00, run_after=2025-07-28 16:50:00+00:00
[2025-07-28T13:50:22.477-0300] {processor.py:183} INFO - Processing /mnt/c/Users/Usuario/Downloads/Automações/Climate-AgriTech-MLOps/.venv/lib/python3.12/site-packages/airflow/example_dags/example_branch_python_dop_operator_3.py took 0.657 seconds
[2025-07-28T13:53:23.444-0300] {processor.py:161} INFO - Started process (PID=8987) to work on /mnt/c/Users/Usuario/Downloads/Automações/Climate-AgriTech-MLOps/.venv/lib/python3.12/site-packages/airflow/example_dags/example_branch_python_dop_operator_3.py
[2025-07-28T13:53:23.452-0300] {processor.py:830} INFO - Processing file /mnt/c/Users/Usuario/Downloads/Automações/Climate-AgriTech-MLOps/.venv/lib/python3.12/site-packages/airflow/example_dags/example_branch_python_dop_operator_3.py for tasks to queue
[2025-07-28T13:53:23.460-0300] {logging_mixin.py:188} INFO - [2025-07-28T13:53:23.456-0300] {dagbag.py:545} INFO - Filling up the DagBag from /mnt/c/Users/Usuario/Downloads/Automações/Climate-AgriTech-MLOps/.venv/lib/python3.12/site-packages/airflow/example_dags/example_branch_python_dop_operator_3.py
[2025-07-28T13:53:23.551-0300] {processor.py:840} INFO - DAG(s) 'example_branch_dop_operator_v3' retrieved from /mnt/c/Users/Usuario/Downloads/Automações/Climate-AgriTech-MLOps/.venv/lib/python3.12/site-packages/airflow/example_dags/example_branch_python_dop_operator_3.py
[2025-07-28T13:53:23.636-0300] {logging_mixin.py:188} INFO - [2025-07-28T13:53:23.634-0300] {dag.py:3096} INFO - Sync 1 DAGs
[2025-07-28T13:53:23.737-0300] {logging_mixin.py:188} INFO - [2025-07-28T13:53:23.735-0300] {dag.py:3954} INFO - Setting next_dagrun for example_branch_dop_operator_v3 to 2025-07-28 16:52:00+00:00, run_after=2025-07-28 16:53:00+00:00
[2025-07-28T13:53:23.916-0300] {processor.py:183} INFO - Processing /mnt/c/Users/Usuario/Downloads/Automações/Climate-AgriTech-MLOps/.venv/lib/python3.12/site-packages/airflow/example_dags/example_branch_python_dop_operator_3.py took 0.515 seconds
[2025-07-28T13:56:22.777-0300] {processor.py:161} INFO - Started process (PID=9094) to work on /mnt/c/Users/Usuario/Downloads/Automações/Climate-AgriTech-MLOps/.venv/lib/python3.12/site-packages/airflow/example_dags/example_branch_python_dop_operator_3.py
[2025-07-28T13:56:22.780-0300] {processor.py:830} INFO - Processing file /mnt/c/Users/Usuario/Downloads/Automações/Climate-AgriTech-MLOps/.venv/lib/python3.12/site-packages/airflow/example_dags/example_branch_python_dop_operator_3.py for tasks to queue
[2025-07-28T13:56:22.783-0300] {logging_mixin.py:188} INFO - [2025-07-28T13:56:22.782-0300] {dagbag.py:545} INFO - Filling up the DagBag from /mnt/c/Users/Usuario/Downloads/Automações/Climate-AgriTech-MLOps/.venv/lib/python3.12/site-packages/airflow/example_dags/example_branch_python_dop_operator_3.py
[2025-07-28T13:56:22.813-0300] {processor.py:840} INFO - DAG(s) 'example_branch_dop_operator_v3' retrieved from /mnt/c/Users/Usuario/Downloads/Automações/Climate-AgriTech-MLOps/.venv/lib/python3.12/site-packages/airflow/example_dags/example_branch_python_dop_operator_3.py
[2025-07-28T13:56:22.855-0300] {logging_mixin.py:188} INFO - [2025-07-28T13:56:22.854-0300] {dag.py:3096} INFO - Sync 1 DAGs
[2025-07-28T13:56:22.900-0300] {logging_mixin.py:188} INFO - [2025-07-28T13:56:22.899-0300] {dag.py:3954} INFO - Setting next_dagrun for example_branch_dop_operator_v3 to 2025-07-28 16:55:00+00:00, run_after=2025-07-28 16:56:00+00:00
[2025-07-28T13:56:22.989-0300] {processor.py:183} INFO - Processing /mnt/c/Users/Usuario/Downloads/Automações/Climate-AgriTech-MLOps/.venv/lib/python3.12/site-packages/airflow/example_dags/example_branch_python_dop_operator_3.py took 0.226 seconds
[2025-07-28T13:58:01.698-0300] {processor.py:161} INFO - Started process (PID=9182) to work on /mnt/c/Users/Usuario/Downloads/Automações/Climate-AgriTech-MLOps/.venv/lib/python3.12/site-packages/airflow/example_dags/example_branch_python_dop_operator_3.py
[2025-07-28T13:58:01.700-0300] {processor.py:830} INFO - Processing file /mnt/c/Users/Usuario/Downloads/Automações/Climate-AgriTech-MLOps/.venv/lib/python3.12/site-packages/airflow/example_dags/example_branch_python_dop_operator_3.py for tasks to queue
[2025-07-28T13:58:01.703-0300] {logging_mixin.py:188} INFO - [2025-07-28T13:58:01.702-0300] {dagbag.py:545} INFO - Filling up the DagBag from /mnt/c/Users/Usuario/Downloads/Automações/Climate-AgriTech-MLOps/.venv/lib/python3.12/site-packages/airflow/example_dags/example_branch_python_dop_operator_3.py
[2025-07-28T13:58:01.735-0300] {processor.py:840} INFO - DAG(s) 'example_branch_dop_operator_v3' retrieved from /mnt/c/Users/Usuario/Downloads/Automações/Climate-AgriTech-MLOps/.venv/lib/python3.12/site-packages/airflow/example_dags/example_branch_python_dop_operator_3.py
[2025-07-28T13:58:01.773-0300] {logging_mixin.py:188} INFO - [2025-07-28T13:58:01.771-0300] {dag.py:3096} INFO - Sync 1 DAGs
[2025-07-28T13:58:01.821-0300] {logging_mixin.py:188} INFO - [2025-07-28T13:58:01.819-0300] {dag.py:3954} INFO - Setting next_dagrun for example_branch_dop_operator_v3 to 2025-07-28 16:57:00+00:00, run_after=2025-07-28 16:58:00+00:00
[2025-07-28T13:58:01.922-0300] {processor.py:183} INFO - Processing /mnt/c/Users/Usuario/Downloads/Automações/Climate-AgriTech-MLOps/.venv/lib/python3.12/site-packages/airflow/example_dags/example_branch_python_dop_operator_3.py took 0.239 seconds
[2025-07-28T14:00:13.996-0300] {processor.py:161} INFO - Started process (PID=9277) to work on /mnt/c/Users/Usuario/Downloads/Automações/Climate-AgriTech-MLOps/.venv/lib/python3.12/site-packages/airflow/example_dags/example_branch_python_dop_operator_3.py
[2025-07-28T14:00:14.000-0300] {processor.py:830} INFO - Processing file /mnt/c/Users/Usuario/Downloads/Automações/Climate-AgriTech-MLOps/.venv/lib/python3.12/site-packages/airflow/example_dags/example_branch_python_dop_operator_3.py for tasks to queue
[2025-07-28T14:00:14.004-0300] {logging_mixin.py:188} INFO - [2025-07-28T14:00:14.002-0300] {dagbag.py:545} INFO - Filling up the DagBag from /mnt/c/Users/Usuario/Downloads/Automações/Climate-AgriTech-MLOps/.venv/lib/python3.12/site-packages/airflow/example_dags/example_branch_python_dop_operator_3.py
[2025-07-28T14:00:14.035-0300] {processor.py:840} INFO - DAG(s) 'example_branch_dop_operator_v3' retrieved from /mnt/c/Users/Usuario/Downloads/Automações/Climate-AgriTech-MLOps/.venv/lib/python3.12/site-packages/airflow/example_dags/example_branch_python_dop_operator_3.py
[2025-07-28T14:00:14.075-0300] {logging_mixin.py:188} INFO - [2025-07-28T14:00:14.073-0300] {dag.py:3096} INFO - Sync 1 DAGs
[2025-07-28T14:00:14.121-0300] {logging_mixin.py:188} INFO - [2025-07-28T14:00:14.120-0300] {dag.py:3954} INFO - Setting next_dagrun for example_branch_dop_operator_v3 to 2025-07-28 16:59:00+00:00, run_after=2025-07-28 17:00:00+00:00
[2025-07-28T14:00:14.220-0300] {processor.py:183} INFO - Processing /mnt/c/Users/Usuario/Downloads/Automações/Climate-AgriTech-MLOps/.venv/lib/python3.12/site-packages/airflow/example_dags/example_branch_python_dop_operator_3.py took 0.240 seconds
[2025-07-28T14:01:46.075-0300] {processor.py:161} INFO - Started process (PID=9359) to work on /mnt/c/Users/Usuario/Downloads/Automações/Climate-AgriTech-MLOps/.venv/lib/python3.12/site-packages/airflow/example_dags/example_branch_python_dop_operator_3.py
[2025-07-28T14:01:46.079-0300] {processor.py:830} INFO - Processing file /mnt/c/Users/Usuario/Downloads/Automações/Climate-AgriTech-MLOps/.venv/lib/python3.12/site-packages/airflow/example_dags/example_branch_python_dop_operator_3.py for tasks to queue
[2025-07-28T14:01:46.084-0300] {logging_mixin.py:188} INFO - [2025-07-28T14:01:46.082-0300] {dagbag.py:545} INFO - Filling up the DagBag from /mnt/c/Users/Usuario/Downloads/Automações/Climate-AgriTech-MLOps/.venv/lib/python3.12/site-packages/airflow/example_dags/example_branch_python_dop_operator_3.py
[2025-07-28T14:01:46.120-0300] {processor.py:840} INFO - DAG(s) 'example_branch_dop_operator_v3' retrieved from /mnt/c/Users/Usuario/Downloads/Automações/Climate-AgriTech-MLOps/.venv/lib/python3.12/site-packages/airflow/example_dags/example_branch_python_dop_operator_3.py
[2025-07-28T14:01:46.159-0300] {logging_mixin.py:188} INFO - [2025-07-28T14:01:46.158-0300] {dag.py:3096} INFO - Sync 1 DAGs
[2025-07-28T14:01:46.203-0300] {logging_mixin.py:188} INFO - [2025-07-28T14:01:46.202-0300] {dag.py:3954} INFO - Setting next_dagrun for example_branch_dop_operator_v3 to 2025-07-28 17:00:00+00:00, run_after=2025-07-28 17:01:00+00:00
[2025-07-28T14:01:46.301-0300] {processor.py:183} INFO - Processing /mnt/c/Users/Usuario/Downloads/Automações/Climate-AgriTech-MLOps/.venv/lib/python3.12/site-packages/airflow/example_dags/example_branch_python_dop_operator_3.py took 0.245 seconds
