[2025-07-28T12:51:48.355-0300] {processor.py:161} INFO - Started process (PID=8069) to work on /mnt/c/Users/Usuario/Downloads/Automações/Climate-AgriTech-MLOps/.venv/lib/python3.12/site-packages/airflow/example_dags/example_dag_decorator.py
[2025-07-28T12:51:48.374-0300] {processor.py:830} INFO - Processing file /mnt/c/Users/Usuario/Downloads/Automações/Climate-AgriTech-MLOps/.venv/lib/python3.12/site-packages/airflow/example_dags/example_dag_decorator.py for tasks to queue
[2025-07-28T12:51:48.393-0300] {logging_mixin.py:188} INFO - [2025-07-28T12:51:48.389-0300] {dagbag.py:545} INFO - Filling up the DagBag from /mnt/c/Users/Usuario/Downloads/Automações/Climate-AgriTech-MLOps/.venv/lib/python3.12/site-packages/airflow/example_dags/example_dag_decorator.py
[2025-07-28T12:51:50.944-0300] {processor.py:840} INFO - DAG(s) 'example_dag_decorator' retrieved from /mnt/c/Users/Usuario/Downloads/Automações/Climate-AgriTech-MLOps/.venv/lib/python3.12/site-packages/airflow/example_dags/example_dag_decorator.py
[2025-07-28T12:51:54.504-0300] {logging_mixin.py:188} INFO - [2025-07-28T12:51:54.500-0300] {override.py:1829} INFO - Created Permission View: can read on DAG:example_dag_decorator
[2025-07-28T12:51:54.611-0300] {logging_mixin.py:188} INFO - [2025-07-28T12:51:54.607-0300] {override.py:1829} INFO - Created Permission View: can edit on DAG:example_dag_decorator
[2025-07-28T12:51:54.724-0300] {logging_mixin.py:188} INFO - [2025-07-28T12:51:54.721-0300] {override.py:1829} INFO - Created Permission View: can delete on DAG:example_dag_decorator
[2025-07-28T12:51:54.732-0300] {logging_mixin.py:188} INFO - [2025-07-28T12:51:54.729-0300] {dag.py:3096} INFO - Sync 1 DAGs
[2025-07-28T12:51:54.789-0300] {logging_mixin.py:188} INFO - [2025-07-28T12:51:54.786-0300] {dag.py:3118} INFO - Creating ORM DAG for example_dag_decorator
[2025-07-28T12:51:54.797-0300] {logging_mixin.py:188} INFO - [2025-07-28T12:51:54.794-0300] {dag.py:3954} INFO - Setting next_dagrun for example_dag_decorator to None, run_after=None
[2025-07-28T12:51:55.020-0300] {processor.py:183} INFO - Processing /mnt/c/Users/Usuario/Downloads/Automações/Climate-AgriTech-MLOps/.venv/lib/python3.12/site-packages/airflow/example_dags/example_dag_decorator.py took 6.705 seconds
[2025-07-28T13:45:02.287-0300] {processor.py:161} INFO - Started process (PID=8692) to work on /mnt/c/Users/Usuario/Downloads/Automações/Climate-AgriTech-MLOps/.venv/lib/python3.12/site-packages/airflow/example_dags/example_dag_decorator.py
[2025-07-28T13:45:02.291-0300] {processor.py:830} INFO - Processing file /mnt/c/Users/Usuario/Downloads/Automações/Climate-AgriTech-MLOps/.venv/lib/python3.12/site-packages/airflow/example_dags/example_dag_decorator.py for tasks to queue
[2025-07-28T13:45:02.295-0300] {logging_mixin.py:188} INFO - [2025-07-28T13:45:02.293-0300] {dagbag.py:545} INFO - Filling up the DagBag from /mnt/c/Users/Usuario/Downloads/Automações/Climate-AgriTech-MLOps/.venv/lib/python3.12/site-packages/airflow/example_dags/example_dag_decorator.py
[2025-07-28T13:45:04.148-0300] {processor.py:840} INFO - DAG(s) 'example_dag_decorator' retrieved from /mnt/c/Users/Usuario/Downloads/Automações/Climate-AgriTech-MLOps/.venv/lib/python3.12/site-packages/airflow/example_dags/example_dag_decorator.py
[2025-07-28T13:45:07.701-0300] {logging_mixin.py:188} INFO - [2025-07-28T13:45:07.700-0300] {dag.py:3096} INFO - Sync 1 DAGs
[2025-07-28T13:45:07.717-0300] {logging_mixin.py:188} INFO - [2025-07-28T13:45:07.715-0300] {dag.py:3954} INFO - Setting next_dagrun for example_dag_decorator to None, run_after=None
[2025-07-28T13:45:07.820-0300] {processor.py:183} INFO - Processing /mnt/c/Users/Usuario/Downloads/Automações/Climate-AgriTech-MLOps/.venv/lib/python3.12/site-packages/airflow/example_dags/example_dag_decorator.py took 5.552 seconds
[2025-07-28T13:47:01.415-0300] {processor.py:161} INFO - Started process (PID=8766) to work on /mnt/c/Users/Usuario/Downloads/Automações/Climate-AgriTech-MLOps/.venv/lib/python3.12/site-packages/airflow/example_dags/example_dag_decorator.py
[2025-07-28T13:47:01.420-0300] {processor.py:830} INFO - Processing file /mnt/c/Users/Usuario/Downloads/Automações/Climate-AgriTech-MLOps/.venv/lib/python3.12/site-packages/airflow/example_dags/example_dag_decorator.py for tasks to queue
[2025-07-28T13:47:01.428-0300] {logging_mixin.py:188} INFO - [2025-07-28T13:47:01.424-0300] {dagbag.py:545} INFO - Filling up the DagBag from /mnt/c/Users/Usuario/Downloads/Automações/Climate-AgriTech-MLOps/.venv/lib/python3.12/site-packages/airflow/example_dags/example_dag_decorator.py
[2025-07-28T13:47:03.807-0300] {processor.py:840} INFO - DAG(s) 'example_dag_decorator' retrieved from /mnt/c/Users/Usuario/Downloads/Automações/Climate-AgriTech-MLOps/.venv/lib/python3.12/site-packages/airflow/example_dags/example_dag_decorator.py
[2025-07-28T13:47:07.265-0300] {logging_mixin.py:188} INFO - [2025-07-28T13:47:07.262-0300] {dag.py:3096} INFO - Sync 1 DAGs
[2025-07-28T13:47:07.298-0300] {logging_mixin.py:188} INFO - [2025-07-28T13:47:07.295-0300] {dag.py:3954} INFO - Setting next_dagrun for example_dag_decorator to None, run_after=None
[2025-07-28T13:47:07.485-0300] {processor.py:183} INFO - Processing /mnt/c/Users/Usuario/Downloads/Automações/Climate-AgriTech-MLOps/.venv/lib/python3.12/site-packages/airflow/example_dags/example_dag_decorator.py took 6.103 seconds
[2025-07-28T13:50:10.794-0300] {processor.py:161} INFO - Started process (PID=8864) to work on /mnt/c/Users/Usuario/Downloads/Automações/Climate-AgriTech-MLOps/.venv/lib/python3.12/site-packages/airflow/example_dags/example_dag_decorator.py
[2025-07-28T13:50:10.801-0300] {processor.py:830} INFO - Processing file /mnt/c/Users/Usuario/Downloads/Automações/Climate-AgriTech-MLOps/.venv/lib/python3.12/site-packages/airflow/example_dags/example_dag_decorator.py for tasks to queue
[2025-07-28T13:50:10.810-0300] {logging_mixin.py:188} INFO - [2025-07-28T13:50:10.806-0300] {dagbag.py:545} INFO - Filling up the DagBag from /mnt/c/Users/Usuario/Downloads/Automações/Climate-AgriTech-MLOps/.venv/lib/python3.12/site-packages/airflow/example_dags/example_dag_decorator.py
[2025-07-28T13:50:13.584-0300] {processor.py:840} INFO - DAG(s) 'example_dag_decorator' retrieved from /mnt/c/Users/Usuario/Downloads/Automações/Climate-AgriTech-MLOps/.venv/lib/python3.12/site-packages/airflow/example_dags/example_dag_decorator.py
[2025-07-28T13:50:17.965-0300] {logging_mixin.py:188} INFO - [2025-07-28T13:50:17.962-0300] {dag.py:3096} INFO - Sync 1 DAGs
[2025-07-28T13:50:17.997-0300] {logging_mixin.py:188} INFO - [2025-07-28T13:50:17.994-0300] {dag.py:3954} INFO - Setting next_dagrun for example_dag_decorator to None, run_after=None
[2025-07-28T13:50:18.219-0300] {processor.py:183} INFO - Processing /mnt/c/Users/Usuario/Downloads/Automações/Climate-AgriTech-MLOps/.venv/lib/python3.12/site-packages/airflow/example_dags/example_dag_decorator.py took 7.476 seconds
[2025-07-28T13:53:14.453-0300] {processor.py:161} INFO - Started process (PID=8983) to work on /mnt/c/Users/Usuario/Downloads/Automações/Climate-AgriTech-MLOps/.venv/lib/python3.12/site-packages/airflow/example_dags/example_dag_decorator.py
[2025-07-28T13:53:14.472-0300] {processor.py:830} INFO - Processing file /mnt/c/Users/Usuario/Downloads/Automações/Climate-AgriTech-MLOps/.venv/lib/python3.12/site-packages/airflow/example_dags/example_dag_decorator.py for tasks to queue
[2025-07-28T13:53:14.481-0300] {logging_mixin.py:188} INFO - [2025-07-28T13:53:14.477-0300] {dagbag.py:545} INFO - Filling up the DagBag from /mnt/c/Users/Usuario/Downloads/Automações/Climate-AgriTech-MLOps/.venv/lib/python3.12/site-packages/airflow/example_dags/example_dag_decorator.py
[2025-07-28T13:53:16.815-0300] {processor.py:840} INFO - DAG(s) 'example_dag_decorator' retrieved from /mnt/c/Users/Usuario/Downloads/Automações/Climate-AgriTech-MLOps/.venv/lib/python3.12/site-packages/airflow/example_dags/example_dag_decorator.py
[2025-07-28T13:53:20.038-0300] {logging_mixin.py:188} INFO - [2025-07-28T13:53:20.034-0300] {dag.py:3096} INFO - Sync 1 DAGs
[2025-07-28T13:53:20.072-0300] {logging_mixin.py:188} INFO - [2025-07-28T13:53:20.069-0300] {dag.py:3954} INFO - Setting next_dagrun for example_dag_decorator to None, run_after=None
[2025-07-28T13:53:20.250-0300] {processor.py:183} INFO - Processing /mnt/c/Users/Usuario/Downloads/Automações/Climate-AgriTech-MLOps/.venv/lib/python3.12/site-packages/airflow/example_dags/example_dag_decorator.py took 5.843 seconds
[2025-07-28T13:56:17.970-0300] {processor.py:161} INFO - Started process (PID=9092) to work on /mnt/c/Users/Usuario/Downloads/Automações/Climate-AgriTech-MLOps/.venv/lib/python3.12/site-packages/airflow/example_dags/example_dag_decorator.py
[2025-07-28T13:56:17.974-0300] {processor.py:830} INFO - Processing file /mnt/c/Users/Usuario/Downloads/Automações/Climate-AgriTech-MLOps/.venv/lib/python3.12/site-packages/airflow/example_dags/example_dag_decorator.py for tasks to queue
[2025-07-28T13:56:17.978-0300] {logging_mixin.py:188} INFO - [2025-07-28T13:56:17.976-0300] {dagbag.py:545} INFO - Filling up the DagBag from /mnt/c/Users/Usuario/Downloads/Automações/Climate-AgriTech-MLOps/.venv/lib/python3.12/site-packages/airflow/example_dags/example_dag_decorator.py
[2025-07-28T13:56:18.789-0300] {processor.py:840} INFO - DAG(s) 'example_dag_decorator' retrieved from /mnt/c/Users/Usuario/Downloads/Automações/Climate-AgriTech-MLOps/.venv/lib/python3.12/site-packages/airflow/example_dags/example_dag_decorator.py
[2025-07-28T13:56:20.019-0300] {logging_mixin.py:188} INFO - [2025-07-28T13:56:20.018-0300] {dag.py:3096} INFO - Sync 1 DAGs
[2025-07-28T13:56:20.033-0300] {logging_mixin.py:188} INFO - [2025-07-28T13:56:20.031-0300] {dag.py:3954} INFO - Setting next_dagrun for example_dag_decorator to None, run_after=None
[2025-07-28T13:56:20.115-0300] {processor.py:183} INFO - Processing /mnt/c/Users/Usuario/Downloads/Automações/Climate-AgriTech-MLOps/.venv/lib/python3.12/site-packages/airflow/example_dags/example_dag_decorator.py took 2.162 seconds
[2025-07-28T13:57:57.741-0300] {processor.py:161} INFO - Started process (PID=9180) to work on /mnt/c/Users/Usuario/Downloads/Automações/Climate-AgriTech-MLOps/.venv/lib/python3.12/site-packages/airflow/example_dags/example_dag_decorator.py
[2025-07-28T13:57:57.744-0300] {processor.py:830} INFO - Processing file /mnt/c/Users/Usuario/Downloads/Automações/Climate-AgriTech-MLOps/.venv/lib/python3.12/site-packages/airflow/example_dags/example_dag_decorator.py for tasks to queue
[2025-07-28T13:57:57.746-0300] {logging_mixin.py:188} INFO - [2025-07-28T13:57:57.745-0300] {dagbag.py:545} INFO - Filling up the DagBag from /mnt/c/Users/Usuario/Downloads/Automações/Climate-AgriTech-MLOps/.venv/lib/python3.12/site-packages/airflow/example_dags/example_dag_decorator.py
[2025-07-28T13:57:58.545-0300] {processor.py:840} INFO - DAG(s) 'example_dag_decorator' retrieved from /mnt/c/Users/Usuario/Downloads/Automações/Climate-AgriTech-MLOps/.venv/lib/python3.12/site-packages/airflow/example_dags/example_dag_decorator.py
[2025-07-28T13:57:59.778-0300] {logging_mixin.py:188} INFO - [2025-07-28T13:57:59.777-0300] {dag.py:3096} INFO - Sync 1 DAGs
[2025-07-28T13:57:59.792-0300] {logging_mixin.py:188} INFO - [2025-07-28T13:57:59.791-0300] {dag.py:3954} INFO - Setting next_dagrun for example_dag_decorator to None, run_after=None
[2025-07-28T13:57:59.878-0300] {processor.py:183} INFO - Processing /mnt/c/Users/Usuario/Downloads/Automações/Climate-AgriTech-MLOps/.venv/lib/python3.12/site-packages/airflow/example_dags/example_dag_decorator.py took 2.152 seconds
[2025-07-28T14:00:09.178-0300] {processor.py:161} INFO - Started process (PID=9275) to work on /mnt/c/Users/Usuario/Downloads/Automações/Climate-AgriTech-MLOps/.venv/lib/python3.12/site-packages/airflow/example_dags/example_dag_decorator.py
[2025-07-28T14:00:09.181-0300] {processor.py:830} INFO - Processing file /mnt/c/Users/Usuario/Downloads/Automações/Climate-AgriTech-MLOps/.venv/lib/python3.12/site-packages/airflow/example_dags/example_dag_decorator.py for tasks to queue
[2025-07-28T14:00:09.184-0300] {logging_mixin.py:188} INFO - [2025-07-28T14:00:09.183-0300] {dagbag.py:545} INFO - Filling up the DagBag from /mnt/c/Users/Usuario/Downloads/Automações/Climate-AgriTech-MLOps/.venv/lib/python3.12/site-packages/airflow/example_dags/example_dag_decorator.py
[2025-07-28T14:00:09.990-0300] {processor.py:840} INFO - DAG(s) 'example_dag_decorator' retrieved from /mnt/c/Users/Usuario/Downloads/Automações/Climate-AgriTech-MLOps/.venv/lib/python3.12/site-packages/airflow/example_dags/example_dag_decorator.py
[2025-07-28T14:00:11.240-0300] {logging_mixin.py:188} INFO - [2025-07-28T14:00:11.239-0300] {dag.py:3096} INFO - Sync 1 DAGs
[2025-07-28T14:00:11.255-0300] {logging_mixin.py:188} INFO - [2025-07-28T14:00:11.253-0300] {dag.py:3954} INFO - Setting next_dagrun for example_dag_decorator to None, run_after=None
[2025-07-28T14:00:11.336-0300] {processor.py:183} INFO - Processing /mnt/c/Users/Usuario/Downloads/Automações/Climate-AgriTech-MLOps/.venv/lib/python3.12/site-packages/airflow/example_dags/example_dag_decorator.py took 2.175 seconds
[2025-07-28T14:01:42.080-0300] {processor.py:161} INFO - Started process (PID=9357) to work on /mnt/c/Users/Usuario/Downloads/Automações/Climate-AgriTech-MLOps/.venv/lib/python3.12/site-packages/airflow/example_dags/example_dag_decorator.py
[2025-07-28T14:01:42.082-0300] {processor.py:830} INFO - Processing file /mnt/c/Users/Usuario/Downloads/Automações/Climate-AgriTech-MLOps/.venv/lib/python3.12/site-packages/airflow/example_dags/example_dag_decorator.py for tasks to queue
[2025-07-28T14:01:42.087-0300] {logging_mixin.py:188} INFO - [2025-07-28T14:01:42.084-0300] {dagbag.py:545} INFO - Filling up the DagBag from /mnt/c/Users/Usuario/Downloads/Automações/Climate-AgriTech-MLOps/.venv/lib/python3.12/site-packages/airflow/example_dags/example_dag_decorator.py
[2025-07-28T14:01:42.908-0300] {processor.py:840} INFO - DAG(s) 'example_dag_decorator' retrieved from /mnt/c/Users/Usuario/Downloads/Automações/Climate-AgriTech-MLOps/.venv/lib/python3.12/site-packages/airflow/example_dags/example_dag_decorator.py
[2025-07-28T14:01:44.141-0300] {logging_mixin.py:188} INFO - [2025-07-28T14:01:44.140-0300] {dag.py:3096} INFO - Sync 1 DAGs
[2025-07-28T14:01:44.155-0300] {logging_mixin.py:188} INFO - [2025-07-28T14:01:44.154-0300] {dag.py:3954} INFO - Setting next_dagrun for example_dag_decorator to None, run_after=None
[2025-07-28T14:01:44.255-0300] {processor.py:183} INFO - Processing /mnt/c/Users/Usuario/Downloads/Automações/Climate-AgriTech-MLOps/.venv/lib/python3.12/site-packages/airflow/example_dags/example_dag_decorator.py took 2.192 seconds
