[2025-07-28T12:50:49.185-0300] {processor.py:161} INFO - Started process (PID=8050) to work on /mnt/c/Users/Usuario/Downloads/Automações/Climate-AgriTech-MLOps/.venv/lib/python3.12/site-packages/airflow/example_dags/example_params_trigger_ui.py
[2025-07-28T12:50:49.191-0300] {processor.py:830} INFO - Processing file /mnt/c/Users/Usuario/Downloads/Automações/Climate-AgriTech-MLOps/.venv/lib/python3.12/site-packages/airflow/example_dags/example_params_trigger_ui.py for tasks to queue
[2025-07-28T12:50:49.204-0300] {logging_mixin.py:188} INFO - [2025-07-28T12:50:49.200-0300] {dagbag.py:545} INFO - Filling up the DagBag from /mnt/c/Users/Usuario/Downloads/Automações/Climate-AgriTech-MLOps/.venv/lib/python3.12/site-packages/airflow/example_dags/example_params_trigger_ui.py
[2025-07-28T12:50:49.301-0300] {processor.py:840} INFO - DAG(s) 'example_params_trigger_ui' retrieved from /mnt/c/Users/Usuario/Downloads/Automações/Climate-AgriTech-MLOps/.venv/lib/python3.12/site-packages/airflow/example_dags/example_params_trigger_ui.py
[2025-07-28T12:50:53.180-0300] {logging_mixin.py:188} INFO - [2025-07-28T12:50:53.176-0300] {override.py:1829} INFO - Created Permission View: can read on DAG:example_params_trigger_ui
[2025-07-28T12:50:53.285-0300] {logging_mixin.py:188} INFO - [2025-07-28T12:50:53.282-0300] {override.py:1829} INFO - Created Permission View: can edit on DAG:example_params_trigger_ui
[2025-07-28T12:50:53.387-0300] {logging_mixin.py:188} INFO - [2025-07-28T12:50:53.384-0300] {override.py:1829} INFO - Created Permission View: can delete on DAG:example_params_trigger_ui
[2025-07-28T12:50:53.394-0300] {logging_mixin.py:188} INFO - [2025-07-28T12:50:53.391-0300] {dag.py:3096} INFO - Sync 1 DAGs
[2025-07-28T12:50:53.458-0300] {logging_mixin.py:188} INFO - [2025-07-28T12:50:53.455-0300] {dag.py:3118} INFO - Creating ORM DAG for example_params_trigger_ui
[2025-07-28T12:50:53.464-0300] {logging_mixin.py:188} INFO - [2025-07-28T12:50:53.461-0300] {dag.py:3954} INFO - Setting next_dagrun for example_params_trigger_ui to None, run_after=None
[2025-07-28T12:50:53.129-0300] {processor.py:183} INFO - Processing /mnt/c/Users/Usuario/Downloads/Automações/Climate-AgriTech-MLOps/.venv/lib/python3.12/site-packages/airflow/example_dags/example_params_trigger_ui.py took 4.553 seconds
[2025-07-28T13:10:07.295-0300] {processor.py:161} INFO - Started process (PID=8674) to work on /mnt/c/Users/Usuario/Downloads/Automações/Climate-AgriTech-MLOps/.venv/lib/python3.12/site-packages/airflow/example_dags/example_params_trigger_ui.py
[2025-07-28T13:10:07.313-0300] {processor.py:830} INFO - Processing file /mnt/c/Users/Usuario/Downloads/Automações/Climate-AgriTech-MLOps/.venv/lib/python3.12/site-packages/airflow/example_dags/example_params_trigger_ui.py for tasks to queue
[2025-07-28T13:10:07.319-0300] {logging_mixin.py:188} INFO - [2025-07-28T13:10:07.316-0300] {dagbag.py:545} INFO - Filling up the DagBag from /mnt/c/Users/Usuario/Downloads/Automações/Climate-AgriTech-MLOps/.venv/lib/python3.12/site-packages/airflow/example_dags/example_params_trigger_ui.py
[2025-07-28T13:10:07.410-0300] {processor.py:840} INFO - DAG(s) 'example_params_trigger_ui' retrieved from /mnt/c/Users/Usuario/Downloads/Automações/Climate-AgriTech-MLOps/.venv/lib/python3.12/site-packages/airflow/example_dags/example_params_trigger_ui.py
[2025-07-28T13:10:11.075-0300] {logging_mixin.py:188} INFO - [2025-07-28T13:10:11.072-0300] {dag.py:3096} INFO - Sync 1 DAGs
[2025-07-28T13:10:11.109-0300] {logging_mixin.py:188} INFO - [2025-07-28T13:10:11.106-0300] {dag.py:3954} INFO - Setting next_dagrun for example_params_trigger_ui to None, run_after=None
[2025-07-28T13:10:11.574-0300] {processor.py:183} INFO - Processing /mnt/c/Users/Usuario/Downloads/Automações/Climate-AgriTech-MLOps/.venv/lib/python3.12/site-packages/airflow/example_dags/example_params_trigger_ui.py took 4.317 seconds
[2025-07-28T13:46:40.365-0300] {processor.py:161} INFO - Started process (PID=8753) to work on /mnt/c/Users/Usuario/Downloads/Automações/Climate-AgriTech-MLOps/.venv/lib/python3.12/site-packages/airflow/example_dags/example_params_trigger_ui.py
[2025-07-28T13:46:40.378-0300] {processor.py:830} INFO - Processing file /mnt/c/Users/Usuario/Downloads/Automações/Climate-AgriTech-MLOps/.venv/lib/python3.12/site-packages/airflow/example_dags/example_params_trigger_ui.py for tasks to queue
[2025-07-28T13:46:40.385-0300] {logging_mixin.py:188} INFO - [2025-07-28T13:46:40.382-0300] {dagbag.py:545} INFO - Filling up the DagBag from /mnt/c/Users/Usuario/Downloads/Automações/Climate-AgriTech-MLOps/.venv/lib/python3.12/site-packages/airflow/example_dags/example_params_trigger_ui.py
[2025-07-28T13:46:40.474-0300] {processor.py:840} INFO - DAG(s) 'example_params_trigger_ui' retrieved from /mnt/c/Users/Usuario/Downloads/Automações/Climate-AgriTech-MLOps/.venv/lib/python3.12/site-packages/airflow/example_dags/example_params_trigger_ui.py
[2025-07-28T13:46:40.594-0300] {logging_mixin.py:188} INFO - [2025-07-28T13:46:40.592-0300] {dag.py:3096} INFO - Sync 1 DAGs
[2025-07-28T13:46:40.626-0300] {logging_mixin.py:188} INFO - [2025-07-28T13:46:40.623-0300] {dag.py:3954} INFO - Setting next_dagrun for example_params_trigger_ui to None, run_after=None
[2025-07-28T13:46:40.800-0300] {processor.py:183} INFO - Processing /mnt/c/Users/Usuario/Downloads/Automações/Climate-AgriTech-MLOps/.venv/lib/python3.12/site-packages/airflow/example_dags/example_params_trigger_ui.py took 0.466 seconds
[2025-07-28T13:48:23.501-0300] {processor.py:161} INFO - Started process (PID=8806) to work on /mnt/c/Users/Usuario/Downloads/Automações/Climate-AgriTech-MLOps/.venv/lib/python3.12/site-packages/airflow/example_dags/example_params_trigger_ui.py
[2025-07-28T13:48:23.505-0300] {processor.py:830} INFO - Processing file /mnt/c/Users/Usuario/Downloads/Automações/Climate-AgriTech-MLOps/.venv/lib/python3.12/site-packages/airflow/example_dags/example_params_trigger_ui.py for tasks to queue
[2025-07-28T13:48:23.512-0300] {logging_mixin.py:188} INFO - [2025-07-28T13:48:23.509-0300] {dagbag.py:545} INFO - Filling up the DagBag from /mnt/c/Users/Usuario/Downloads/Automações/Climate-AgriTech-MLOps/.venv/lib/python3.12/site-packages/airflow/example_dags/example_params_trigger_ui.py
[2025-07-28T13:48:23.616-0300] {processor.py:840} INFO - DAG(s) 'example_params_trigger_ui' retrieved from /mnt/c/Users/Usuario/Downloads/Automações/Climate-AgriTech-MLOps/.venv/lib/python3.12/site-packages/airflow/example_dags/example_params_trigger_ui.py
[2025-07-28T13:48:23.749-0300] {logging_mixin.py:188} INFO - [2025-07-28T13:48:23.746-0300] {dag.py:3096} INFO - Sync 1 DAGs
[2025-07-28T13:48:23.783-0300] {logging_mixin.py:188} INFO - [2025-07-28T13:48:23.781-0300] {dag.py:3954} INFO - Setting next_dagrun for example_params_trigger_ui to None, run_after=None
[2025-07-28T13:48:23.977-0300] {processor.py:183} INFO - Processing /mnt/c/Users/Usuario/Downloads/Automações/Climate-AgriTech-MLOps/.venv/lib/python3.12/site-packages/airflow/example_dags/example_params_trigger_ui.py took 0.512 seconds
[2025-07-28T13:51:23.356-0300] {processor.py:161} INFO - Started process (PID=8910) to work on /mnt/c/Users/Usuario/Downloads/Automações/Climate-AgriTech-MLOps/.venv/lib/python3.12/site-packages/airflow/example_dags/example_params_trigger_ui.py
[2025-07-28T13:51:23.370-0300] {processor.py:830} INFO - Processing file /mnt/c/Users/Usuario/Downloads/Automações/Climate-AgriTech-MLOps/.venv/lib/python3.12/site-packages/airflow/example_dags/example_params_trigger_ui.py for tasks to queue
[2025-07-28T13:51:23.377-0300] {logging_mixin.py:188} INFO - [2025-07-28T13:51:23.374-0300] {dagbag.py:545} INFO - Filling up the DagBag from /mnt/c/Users/Usuario/Downloads/Automações/Climate-AgriTech-MLOps/.venv/lib/python3.12/site-packages/airflow/example_dags/example_params_trigger_ui.py
[2025-07-28T13:51:23.476-0300] {processor.py:840} INFO - DAG(s) 'example_params_trigger_ui' retrieved from /mnt/c/Users/Usuario/Downloads/Automações/Climate-AgriTech-MLOps/.venv/lib/python3.12/site-packages/airflow/example_dags/example_params_trigger_ui.py
[2025-07-28T13:51:23.601-0300] {logging_mixin.py:188} INFO - [2025-07-28T13:51:23.598-0300] {dag.py:3096} INFO - Sync 1 DAGs
[2025-07-28T13:51:23.639-0300] {logging_mixin.py:188} INFO - [2025-07-28T13:51:23.636-0300] {dag.py:3954} INFO - Setting next_dagrun for example_params_trigger_ui to None, run_after=None
[2025-07-28T13:51:23.820-0300] {processor.py:183} INFO - Processing /mnt/c/Users/Usuario/Downloads/Automações/Climate-AgriTech-MLOps/.venv/lib/python3.12/site-packages/airflow/example_dags/example_params_trigger_ui.py took 0.496 seconds
[2025-07-28T13:52:58.834-0300] {processor.py:161} INFO - Started process (PID=8975) to work on /mnt/c/Users/Usuario/Downloads/Automações/Climate-AgriTech-MLOps/.venv/lib/python3.12/site-packages/airflow/example_dags/example_params_trigger_ui.py
[2025-07-28T13:52:58.839-0300] {processor.py:830} INFO - Processing file /mnt/c/Users/Usuario/Downloads/Automações/Climate-AgriTech-MLOps/.venv/lib/python3.12/site-packages/airflow/example_dags/example_params_trigger_ui.py for tasks to queue
[2025-07-28T13:52:58.850-0300] {logging_mixin.py:188} INFO - [2025-07-28T13:52:58.844-0300] {dagbag.py:545} INFO - Filling up the DagBag from /mnt/c/Users/Usuario/Downloads/Automações/Climate-AgriTech-MLOps/.venv/lib/python3.12/site-packages/airflow/example_dags/example_params_trigger_ui.py
[2025-07-28T13:52:58.964-0300] {processor.py:840} INFO - DAG(s) 'example_params_trigger_ui' retrieved from /mnt/c/Users/Usuario/Downloads/Automações/Climate-AgriTech-MLOps/.venv/lib/python3.12/site-packages/airflow/example_dags/example_params_trigger_ui.py
[2025-07-28T13:52:59.109-0300] {logging_mixin.py:188} INFO - [2025-07-28T13:52:59.106-0300] {dag.py:3096} INFO - Sync 1 DAGs
[2025-07-28T13:52:59.149-0300] {logging_mixin.py:188} INFO - [2025-07-28T13:52:59.146-0300] {dag.py:3954} INFO - Setting next_dagrun for example_params_trigger_ui to None, run_after=None
[2025-07-28T13:52:59.353-0300] {processor.py:183} INFO - Processing /mnt/c/Users/Usuario/Downloads/Automações/Climate-AgriTech-MLOps/.venv/lib/python3.12/site-packages/airflow/example_dags/example_params_trigger_ui.py took 0.561 seconds
[2025-07-28T13:56:06.877-0300] {processor.py:161} INFO - Started process (PID=9082) to work on /mnt/c/Users/Usuario/Downloads/Automações/Climate-AgriTech-MLOps/.venv/lib/python3.12/site-packages/airflow/example_dags/example_params_trigger_ui.py
[2025-07-28T13:56:06.884-0300] {processor.py:830} INFO - Processing file /mnt/c/Users/Usuario/Downloads/Automações/Climate-AgriTech-MLOps/.venv/lib/python3.12/site-packages/airflow/example_dags/example_params_trigger_ui.py for tasks to queue
[2025-07-28T13:56:06.892-0300] {logging_mixin.py:188} INFO - [2025-07-28T13:56:06.889-0300] {dagbag.py:545} INFO - Filling up the DagBag from /mnt/c/Users/Usuario/Downloads/Automações/Climate-AgriTech-MLOps/.venv/lib/python3.12/site-packages/airflow/example_dags/example_params_trigger_ui.py
[2025-07-28T13:56:07.006-0300] {processor.py:840} INFO - DAG(s) 'example_params_trigger_ui' retrieved from /mnt/c/Users/Usuario/Downloads/Automações/Climate-AgriTech-MLOps/.venv/lib/python3.12/site-packages/airflow/example_dags/example_params_trigger_ui.py
[2025-07-28T13:56:07.156-0300] {logging_mixin.py:188} INFO - [2025-07-28T13:56:07.153-0300] {dag.py:3096} INFO - Sync 1 DAGs
[2025-07-28T13:56:07.198-0300] {logging_mixin.py:188} INFO - [2025-07-28T13:56:07.196-0300] {dag.py:3954} INFO - Setting next_dagrun for example_params_trigger_ui to None, run_after=None
[2025-07-28T13:56:07.416-0300] {processor.py:183} INFO - Processing /mnt/c/Users/Usuario/Downloads/Automações/Climate-AgriTech-MLOps/.venv/lib/python3.12/site-packages/airflow/example_dags/example_params_trigger_ui.py took 0.580 seconds
[2025-07-28T13:57:46.975-0300] {processor.py:161} INFO - Started process (PID=9172) to work on /mnt/c/Users/Usuario/Downloads/Automações/Climate-AgriTech-MLOps/.venv/lib/python3.12/site-packages/airflow/example_dags/example_params_trigger_ui.py
[2025-07-28T13:57:46.978-0300] {processor.py:830} INFO - Processing file /mnt/c/Users/Usuario/Downloads/Automações/Climate-AgriTech-MLOps/.venv/lib/python3.12/site-packages/airflow/example_dags/example_params_trigger_ui.py for tasks to queue
[2025-07-28T13:57:46.981-0300] {logging_mixin.py:188} INFO - [2025-07-28T13:57:46.979-0300] {dagbag.py:545} INFO - Filling up the DagBag from /mnt/c/Users/Usuario/Downloads/Automações/Climate-AgriTech-MLOps/.venv/lib/python3.12/site-packages/airflow/example_dags/example_params_trigger_ui.py
[2025-07-28T13:57:47.019-0300] {processor.py:840} INFO - DAG(s) 'example_params_trigger_ui' retrieved from /mnt/c/Users/Usuario/Downloads/Automações/Climate-AgriTech-MLOps/.venv/lib/python3.12/site-packages/airflow/example_dags/example_params_trigger_ui.py
[2025-07-28T13:57:47.080-0300] {logging_mixin.py:188} INFO - [2025-07-28T13:57:47.078-0300] {dag.py:3096} INFO - Sync 1 DAGs
[2025-07-28T13:57:47.097-0300] {logging_mixin.py:188} INFO - [2025-07-28T13:57:47.095-0300] {dag.py:3954} INFO - Setting next_dagrun for example_params_trigger_ui to None, run_after=None
[2025-07-28T13:57:47.191-0300] {processor.py:183} INFO - Processing /mnt/c/Users/Usuario/Downloads/Automações/Climate-AgriTech-MLOps/.venv/lib/python3.12/site-packages/airflow/example_dags/example_params_trigger_ui.py took 0.230 seconds
[2025-07-28T13:59:57.122-0300] {processor.py:161} INFO - Started process (PID=9265) to work on /mnt/c/Users/Usuario/Downloads/Automações/Climate-AgriTech-MLOps/.venv/lib/python3.12/site-packages/airflow/example_dags/example_params_trigger_ui.py
[2025-07-28T13:59:57.125-0300] {processor.py:830} INFO - Processing file /mnt/c/Users/Usuario/Downloads/Automações/Climate-AgriTech-MLOps/.venv/lib/python3.12/site-packages/airflow/example_dags/example_params_trigger_ui.py for tasks to queue
[2025-07-28T13:59:57.128-0300] {logging_mixin.py:188} INFO - [2025-07-28T13:59:57.126-0300] {dagbag.py:545} INFO - Filling up the DagBag from /mnt/c/Users/Usuario/Downloads/Automações/Climate-AgriTech-MLOps/.venv/lib/python3.12/site-packages/airflow/example_dags/example_params_trigger_ui.py
[2025-07-28T13:59:57.171-0300] {processor.py:840} INFO - DAG(s) 'example_params_trigger_ui' retrieved from /mnt/c/Users/Usuario/Downloads/Automações/Climate-AgriTech-MLOps/.venv/lib/python3.12/site-packages/airflow/example_dags/example_params_trigger_ui.py
[2025-07-28T13:59:57.229-0300] {logging_mixin.py:188} INFO - [2025-07-28T13:59:57.228-0300] {dag.py:3096} INFO - Sync 1 DAGs
[2025-07-28T13:59:57.244-0300] {logging_mixin.py:188} INFO - [2025-07-28T13:59:57.243-0300] {dag.py:3954} INFO - Setting next_dagrun for example_params_trigger_ui to None, run_after=None
[2025-07-28T13:59:57.347-0300] {processor.py:183} INFO - Processing /mnt/c/Users/Usuario/Downloads/Automações/Climate-AgriTech-MLOps/.venv/lib/python3.12/site-packages/airflow/example_dags/example_params_trigger_ui.py took 0.240 seconds
[2025-07-28T14:01:32.671-0300] {processor.py:161} INFO - Started process (PID=9347) to work on /mnt/c/Users/Usuario/Downloads/Automações/Climate-AgriTech-MLOps/.venv/lib/python3.12/site-packages/airflow/example_dags/example_params_trigger_ui.py
[2025-07-28T14:01:32.674-0300] {processor.py:830} INFO - Processing file /mnt/c/Users/Usuario/Downloads/Automações/Climate-AgriTech-MLOps/.venv/lib/python3.12/site-packages/airflow/example_dags/example_params_trigger_ui.py for tasks to queue
[2025-07-28T14:01:32.676-0300] {logging_mixin.py:188} INFO - [2025-07-28T14:01:32.675-0300] {dagbag.py:545} INFO - Filling up the DagBag from /mnt/c/Users/Usuario/Downloads/Automações/Climate-AgriTech-MLOps/.venv/lib/python3.12/site-packages/airflow/example_dags/example_params_trigger_ui.py
[2025-07-28T14:01:32.717-0300] {processor.py:840} INFO - DAG(s) 'example_params_trigger_ui' retrieved from /mnt/c/Users/Usuario/Downloads/Automações/Climate-AgriTech-MLOps/.venv/lib/python3.12/site-packages/airflow/example_dags/example_params_trigger_ui.py
[2025-07-28T14:01:32.776-0300] {logging_mixin.py:188} INFO - [2025-07-28T14:01:32.775-0300] {dag.py:3096} INFO - Sync 1 DAGs
[2025-07-28T14:01:32.793-0300] {logging_mixin.py:188} INFO - [2025-07-28T14:01:32.792-0300] {dag.py:3954} INFO - Setting next_dagrun for example_params_trigger_ui to None, run_after=None
[2025-07-28T14:01:32.903-0300] {processor.py:183} INFO - Processing /mnt/c/Users/Usuario/Downloads/Automações/Climate-AgriTech-MLOps/.venv/lib/python3.12/site-packages/airflow/example_dags/example_params_trigger_ui.py took 0.246 seconds
