[2025-07-28T12:51:08.297-0300] {processor.py:161} INFO - Started process (PID=8056) to work on /mnt/c/Users/Usuario/Downloads/Automações/Climate-AgriTech-MLOps/.venv/lib/python3.12/site-packages/airflow/example_dags/example_latest_only.py
[2025-07-28T12:51:08.303-0300] {processor.py:830} INFO - Processing file /mnt/c/Users/Usuario/Downloads/Automações/Climate-AgriTech-MLOps/.venv/lib/python3.12/site-packages/airflow/example_dags/example_latest_only.py for tasks to queue
[2025-07-28T12:51:08.315-0300] {logging_mixin.py:188} INFO - [2025-07-28T12:51:08.311-0300] {dagbag.py:545} INFO - Filling up the DagBag from /mnt/c/Users/Usuario/Downloads/Automações/Climate-AgriTech-MLOps/.venv/lib/python3.12/site-packages/airflow/example_dags/example_latest_only.py
[2025-07-28T12:51:08.408-0300] {processor.py:840} INFO - DAG(s) 'latest_only' retrieved from /mnt/c/Users/Usuario/Downloads/Automações/Climate-AgriTech-MLOps/.venv/lib/python3.12/site-packages/airflow/example_dags/example_latest_only.py
[2025-07-28T12:51:11.877-0300] {logging_mixin.py:188} INFO - [2025-07-28T12:51:11.873-0300] {override.py:1829} INFO - Created Permission View: can read on DAG:latest_only
[2025-07-28T12:51:11.974-0300] {logging_mixin.py:188} INFO - [2025-07-28T12:51:11.971-0300] {override.py:1829} INFO - Created Permission View: can edit on DAG:latest_only
[2025-07-28T12:51:12.059-0300] {logging_mixin.py:188} INFO - [2025-07-28T12:51:12.056-0300] {override.py:1829} INFO - Created Permission View: can delete on DAG:latest_only
[2025-07-28T12:51:12.064-0300] {logging_mixin.py:188} INFO - [2025-07-28T12:51:12.062-0300] {dag.py:3096} INFO - Sync 1 DAGs
[2025-07-28T12:51:12.111-0300] {logging_mixin.py:188} INFO - [2025-07-28T12:51:12.108-0300] {dag.py:3118} INFO - Creating ORM DAG for latest_only
[2025-07-28T12:51:12.155-0300] {logging_mixin.py:188} INFO - [2025-07-28T12:51:12.152-0300] {dag.py:3954} INFO - Setting next_dagrun for latest_only to 2025-07-28 08:00:00+00:00, run_after=2025-07-28 12:00:00+00:00
[2025-07-28T12:51:12.342-0300] {processor.py:183} INFO - Processing /mnt/c/Users/Usuario/Downloads/Automações/Climate-AgriTech-MLOps/.venv/lib/python3.12/site-packages/airflow/example_dags/example_latest_only.py took 4.086 seconds
[2025-07-28T13:10:25.759-0300] {processor.py:161} INFO - Started process (PID=8678) to work on /mnt/c/Users/Usuario/Downloads/Automações/Climate-AgriTech-MLOps/.venv/lib/python3.12/site-packages/airflow/example_dags/example_latest_only.py
[2025-07-28T13:10:25.766-0300] {processor.py:830} INFO - Processing file /mnt/c/Users/Usuario/Downloads/Automações/Climate-AgriTech-MLOps/.venv/lib/python3.12/site-packages/airflow/example_dags/example_latest_only.py for tasks to queue
[2025-07-28T13:10:25.774-0300] {logging_mixin.py:188} INFO - [2025-07-28T13:10:25.770-0300] {dagbag.py:545} INFO - Filling up the DagBag from /mnt/c/Users/Usuario/Downloads/Automações/Climate-AgriTech-MLOps/.venv/lib/python3.12/site-packages/airflow/example_dags/example_latest_only.py
[2025-07-28T13:10:25.839-0300] {processor.py:840} INFO - DAG(s) 'latest_only' retrieved from /mnt/c/Users/Usuario/Downloads/Automações/Climate-AgriTech-MLOps/.venv/lib/python3.12/site-packages/airflow/example_dags/example_latest_only.py
[2025-07-28T13:10:29.117-0300] {logging_mixin.py:188} INFO - [2025-07-28T13:10:29.114-0300] {dag.py:3096} INFO - Sync 1 DAGs
[2025-07-28T13:10:29.178-0300] {logging_mixin.py:188} INFO - [2025-07-28T13:10:29.176-0300] {dag.py:3954} INFO - Setting next_dagrun for latest_only to 2025-07-28 12:00:00+00:00, run_after=2025-07-28 16:00:00+00:00
[2025-07-28T13:10:29.612-0300] {processor.py:183} INFO - Processing /mnt/c/Users/Usuario/Downloads/Automações/Climate-AgriTech-MLOps/.venv/lib/python3.12/site-packages/airflow/example_dags/example_latest_only.py took 3.885 seconds
[2025-07-28T13:46:47.575-0300] {processor.py:161} INFO - Started process (PID=8759) to work on /mnt/c/Users/Usuario/Downloads/Automações/Climate-AgriTech-MLOps/.venv/lib/python3.12/site-packages/airflow/example_dags/example_latest_only.py
[2025-07-28T13:46:47.580-0300] {processor.py:830} INFO - Processing file /mnt/c/Users/Usuario/Downloads/Automações/Climate-AgriTech-MLOps/.venv/lib/python3.12/site-packages/airflow/example_dags/example_latest_only.py for tasks to queue
[2025-07-28T13:46:47.587-0300] {logging_mixin.py:188} INFO - [2025-07-28T13:46:47.584-0300] {dagbag.py:545} INFO - Filling up the DagBag from /mnt/c/Users/Usuario/Downloads/Automações/Climate-AgriTech-MLOps/.venv/lib/python3.12/site-packages/airflow/example_dags/example_latest_only.py
[2025-07-28T13:46:47.651-0300] {processor.py:840} INFO - DAG(s) 'latest_only' retrieved from /mnt/c/Users/Usuario/Downloads/Automações/Climate-AgriTech-MLOps/.venv/lib/python3.12/site-packages/airflow/example_dags/example_latest_only.py
[2025-07-28T13:46:47.724-0300] {logging_mixin.py:188} INFO - [2025-07-28T13:46:47.722-0300] {dag.py:3096} INFO - Sync 1 DAGs
[2025-07-28T13:46:47.823-0300] {logging_mixin.py:188} INFO - [2025-07-28T13:46:47.820-0300] {dag.py:3954} INFO - Setting next_dagrun for latest_only to 2025-07-28 12:00:00+00:00, run_after=2025-07-28 16:00:00+00:00
[2025-07-28T13:46:47.984-0300] {processor.py:183} INFO - Processing /mnt/c/Users/Usuario/Downloads/Automações/Climate-AgriTech-MLOps/.venv/lib/python3.12/site-packages/airflow/example_dags/example_latest_only.py took 0.441 seconds
[2025-07-28T13:49:53.630-0300] {processor.py:161} INFO - Started process (PID=8857) to work on /mnt/c/Users/Usuario/Downloads/Automações/Climate-AgriTech-MLOps/.venv/lib/python3.12/site-packages/airflow/example_dags/example_latest_only.py
[2025-07-28T13:49:53.636-0300] {processor.py:830} INFO - Processing file /mnt/c/Users/Usuario/Downloads/Automações/Climate-AgriTech-MLOps/.venv/lib/python3.12/site-packages/airflow/example_dags/example_latest_only.py for tasks to queue
[2025-07-28T13:49:53.643-0300] {logging_mixin.py:188} INFO - [2025-07-28T13:49:53.640-0300] {dagbag.py:545} INFO - Filling up the DagBag from /mnt/c/Users/Usuario/Downloads/Automações/Climate-AgriTech-MLOps/.venv/lib/python3.12/site-packages/airflow/example_dags/example_latest_only.py
[2025-07-28T13:49:53.700-0300] {processor.py:840} INFO - DAG(s) 'latest_only' retrieved from /mnt/c/Users/Usuario/Downloads/Automações/Climate-AgriTech-MLOps/.venv/lib/python3.12/site-packages/airflow/example_dags/example_latest_only.py
[2025-07-28T13:49:53.774-0300] {logging_mixin.py:188} INFO - [2025-07-28T13:49:53.772-0300] {dag.py:3096} INFO - Sync 1 DAGs
[2025-07-28T13:49:53.841-0300] {logging_mixin.py:188} INFO - [2025-07-28T13:49:53.838-0300] {dag.py:3954} INFO - Setting next_dagrun for latest_only to 2025-07-28 12:00:00+00:00, run_after=2025-07-28 16:00:00+00:00
[2025-07-28T13:49:53.997-0300] {processor.py:183} INFO - Processing /mnt/c/Users/Usuario/Downloads/Automações/Climate-AgriTech-MLOps/.venv/lib/python3.12/site-packages/airflow/example_dags/example_latest_only.py took 0.406 seconds
[2025-07-28T13:51:30.100-0300] {processor.py:161} INFO - Started process (PID=8917) to work on /mnt/c/Users/Usuario/Downloads/Automações/Climate-AgriTech-MLOps/.venv/lib/python3.12/site-packages/airflow/example_dags/example_latest_only.py
[2025-07-28T13:51:30.117-0300] {processor.py:830} INFO - Processing file /mnt/c/Users/Usuario/Downloads/Automações/Climate-AgriTech-MLOps/.venv/lib/python3.12/site-packages/airflow/example_dags/example_latest_only.py for tasks to queue
[2025-07-28T13:51:30.124-0300] {logging_mixin.py:188} INFO - [2025-07-28T13:51:30.121-0300] {dagbag.py:545} INFO - Filling up the DagBag from /mnt/c/Users/Usuario/Downloads/Automações/Climate-AgriTech-MLOps/.venv/lib/python3.12/site-packages/airflow/example_dags/example_latest_only.py
[2025-07-28T13:51:30.193-0300] {processor.py:840} INFO - DAG(s) 'latest_only' retrieved from /mnt/c/Users/Usuario/Downloads/Automações/Climate-AgriTech-MLOps/.venv/lib/python3.12/site-packages/airflow/example_dags/example_latest_only.py
[2025-07-28T13:51:30.273-0300] {logging_mixin.py:188} INFO - [2025-07-28T13:51:30.271-0300] {dag.py:3096} INFO - Sync 1 DAGs
[2025-07-28T13:51:30.343-0300] {logging_mixin.py:188} INFO - [2025-07-28T13:51:30.340-0300] {dag.py:3954} INFO - Setting next_dagrun for latest_only to 2025-07-28 12:00:00+00:00, run_after=2025-07-28 16:00:00+00:00
[2025-07-28T13:51:30.507-0300] {processor.py:183} INFO - Processing /mnt/c/Users/Usuario/Downloads/Automações/Climate-AgriTech-MLOps/.venv/lib/python3.12/site-packages/airflow/example_dags/example_latest_only.py took 0.442 seconds
[2025-07-28T13:54:32.161-0300] {processor.py:161} INFO - Started process (PID=9024) to work on /mnt/c/Users/Usuario/Downloads/Automações/Climate-AgriTech-MLOps/.venv/lib/python3.12/site-packages/airflow/example_dags/example_latest_only.py
[2025-07-28T13:54:32.166-0300] {processor.py:830} INFO - Processing file /mnt/c/Users/Usuario/Downloads/Automações/Climate-AgriTech-MLOps/.venv/lib/python3.12/site-packages/airflow/example_dags/example_latest_only.py for tasks to queue
[2025-07-28T13:54:32.173-0300] {logging_mixin.py:188} INFO - [2025-07-28T13:54:32.170-0300] {dagbag.py:545} INFO - Filling up the DagBag from /mnt/c/Users/Usuario/Downloads/Automações/Climate-AgriTech-MLOps/.venv/lib/python3.12/site-packages/airflow/example_dags/example_latest_only.py
[2025-07-28T13:54:32.245-0300] {processor.py:840} INFO - DAG(s) 'latest_only' retrieved from /mnt/c/Users/Usuario/Downloads/Automações/Climate-AgriTech-MLOps/.venv/lib/python3.12/site-packages/airflow/example_dags/example_latest_only.py
[2025-07-28T13:54:32.333-0300] {logging_mixin.py:188} INFO - [2025-07-28T13:54:32.329-0300] {dag.py:3096} INFO - Sync 1 DAGs
[2025-07-28T13:54:32.424-0300] {logging_mixin.py:188} INFO - [2025-07-28T13:54:32.421-0300] {dag.py:3954} INFO - Setting next_dagrun for latest_only to 2025-07-28 12:00:00+00:00, run_after=2025-07-28 16:00:00+00:00
[2025-07-28T13:54:32.638-0300] {processor.py:183} INFO - Processing /mnt/c/Users/Usuario/Downloads/Automações/Climate-AgriTech-MLOps/.venv/lib/python3.12/site-packages/airflow/example_dags/example_latest_only.py took 0.518 seconds
[2025-07-28T13:57:02.633-0300] {processor.py:161} INFO - Started process (PID=9133) to work on /mnt/c/Users/Usuario/Downloads/Automações/Climate-AgriTech-MLOps/.venv/lib/python3.12/site-packages/airflow/example_dags/example_latest_only.py
[2025-07-28T13:57:02.635-0300] {processor.py:830} INFO - Processing file /mnt/c/Users/Usuario/Downloads/Automações/Climate-AgriTech-MLOps/.venv/lib/python3.12/site-packages/airflow/example_dags/example_latest_only.py for tasks to queue
[2025-07-28T13:57:02.639-0300] {logging_mixin.py:188} INFO - [2025-07-28T13:57:02.638-0300] {dagbag.py:545} INFO - Filling up the DagBag from /mnt/c/Users/Usuario/Downloads/Automações/Climate-AgriTech-MLOps/.venv/lib/python3.12/site-packages/airflow/example_dags/example_latest_only.py
[2025-07-28T13:57:02.665-0300] {processor.py:840} INFO - DAG(s) 'latest_only' retrieved from /mnt/c/Users/Usuario/Downloads/Automações/Climate-AgriTech-MLOps/.venv/lib/python3.12/site-packages/airflow/example_dags/example_latest_only.py
[2025-07-28T13:57:02.703-0300] {logging_mixin.py:188} INFO - [2025-07-28T13:57:02.702-0300] {dag.py:3096} INFO - Sync 1 DAGs
[2025-07-28T13:57:02.737-0300] {logging_mixin.py:188} INFO - [2025-07-28T13:57:02.736-0300] {dag.py:3954} INFO - Setting next_dagrun for latest_only to 2025-07-28 12:00:00+00:00, run_after=2025-07-28 16:00:00+00:00
[2025-07-28T13:57:02.814-0300] {processor.py:183} INFO - Processing /mnt/c/Users/Usuario/Downloads/Automações/Climate-AgriTech-MLOps/.venv/lib/python3.12/site-packages/airflow/example_dags/example_latest_only.py took 0.198 seconds
[2025-07-28T13:58:41.177-0300] {processor.py:161} INFO - Started process (PID=9213) to work on /mnt/c/Users/Usuario/Downloads/Automações/Climate-AgriTech-MLOps/.venv/lib/python3.12/site-packages/airflow/example_dags/example_latest_only.py
[2025-07-28T13:58:41.181-0300] {processor.py:830} INFO - Processing file /mnt/c/Users/Usuario/Downloads/Automações/Climate-AgriTech-MLOps/.venv/lib/python3.12/site-packages/airflow/example_dags/example_latest_only.py for tasks to queue
[2025-07-28T13:58:41.189-0300] {logging_mixin.py:188} INFO - [2025-07-28T13:58:41.185-0300] {dagbag.py:545} INFO - Filling up the DagBag from /mnt/c/Users/Usuario/Downloads/Automações/Climate-AgriTech-MLOps/.venv/lib/python3.12/site-packages/airflow/example_dags/example_latest_only.py
[2025-07-28T13:58:41.249-0300] {processor.py:840} INFO - DAG(s) 'latest_only' retrieved from /mnt/c/Users/Usuario/Downloads/Automações/Climate-AgriTech-MLOps/.venv/lib/python3.12/site-packages/airflow/example_dags/example_latest_only.py
[2025-07-28T13:58:41.327-0300] {logging_mixin.py:188} INFO - [2025-07-28T13:58:41.325-0300] {dag.py:3096} INFO - Sync 1 DAGs
[2025-07-28T13:58:41.397-0300] {logging_mixin.py:188} INFO - [2025-07-28T13:58:41.395-0300] {dag.py:3954} INFO - Setting next_dagrun for latest_only to 2025-07-28 12:00:00+00:00, run_after=2025-07-28 16:00:00+00:00
[2025-07-28T13:58:41.595-0300] {processor.py:183} INFO - Processing /mnt/c/Users/Usuario/Downloads/Automações/Climate-AgriTech-MLOps/.venv/lib/python3.12/site-packages/airflow/example_dags/example_latest_only.py took 0.455 seconds
[2025-07-28T14:00:48.158-0300] {processor.py:161} INFO - Started process (PID=9309) to work on /mnt/c/Users/Usuario/Downloads/Automações/Climate-AgriTech-MLOps/.venv/lib/python3.12/site-packages/airflow/example_dags/example_latest_only.py
[2025-07-28T14:00:48.160-0300] {processor.py:830} INFO - Processing file /mnt/c/Users/Usuario/Downloads/Automações/Climate-AgriTech-MLOps/.venv/lib/python3.12/site-packages/airflow/example_dags/example_latest_only.py for tasks to queue
[2025-07-28T14:00:48.163-0300] {logging_mixin.py:188} INFO - [2025-07-28T14:00:48.162-0300] {dagbag.py:545} INFO - Filling up the DagBag from /mnt/c/Users/Usuario/Downloads/Automações/Climate-AgriTech-MLOps/.venv/lib/python3.12/site-packages/airflow/example_dags/example_latest_only.py
[2025-07-28T14:00:48.189-0300] {processor.py:840} INFO - DAG(s) 'latest_only' retrieved from /mnt/c/Users/Usuario/Downloads/Automações/Climate-AgriTech-MLOps/.venv/lib/python3.12/site-packages/airflow/example_dags/example_latest_only.py
[2025-07-28T14:00:48.228-0300] {logging_mixin.py:188} INFO - [2025-07-28T14:00:48.227-0300] {dag.py:3096} INFO - Sync 1 DAGs
[2025-07-28T14:00:48.263-0300] {logging_mixin.py:188} INFO - [2025-07-28T14:00:48.262-0300] {dag.py:3954} INFO - Setting next_dagrun for latest_only to 2025-07-28 12:00:00+00:00, run_after=2025-07-28 16:00:00+00:00
[2025-07-28T14:00:48.357-0300] {processor.py:183} INFO - Processing /mnt/c/Users/Usuario/Downloads/Automações/Climate-AgriTech-MLOps/.venv/lib/python3.12/site-packages/airflow/example_dags/example_latest_only.py took 0.214 seconds
