[2025-07-28T12:52:14.264-0300] {processor.py:161} INFO - Started process (PID=8078) to work on /mnt/c/Users/Usuario/Downloads/Automações/Climate-AgriTech-MLOps/.venv/lib/python3.12/site-packages/airflow/example_dags/example_branch_operator.py
[2025-07-28T12:52:14.269-0300] {processor.py:830} INFO - Processing file /mnt/c/Users/Usuario/Downloads/Automações/Climate-AgriTech-MLOps/.venv/lib/python3.12/site-packages/airflow/example_dags/example_branch_operator.py for tasks to queue
[2025-07-28T12:52:14.279-0300] {logging_mixin.py:188} INFO - [2025-07-28T12:52:14.275-0300] {dagbag.py:545} INFO - Filling up the DagBag from /mnt/c/Users/Usuario/Downloads/Automações/Climate-AgriTech-MLOps/.venv/lib/python3.12/site-packages/airflow/example_dags/example_branch_operator.py
[2025-07-28T12:52:14.446-0300] {processor.py:840} INFO - DAG(s) 'example_branch_operator' retrieved from /mnt/c/Users/Usuario/Downloads/Automações/Climate-AgriTech-MLOps/.venv/lib/python3.12/site-packages/airflow/example_dags/example_branch_operator.py
[2025-07-28T12:52:18.362-0300] {logging_mixin.py:188} INFO - [2025-07-28T12:52:18.359-0300] {override.py:1829} INFO - Created Permission View: can read on DAG:example_branch_operator
[2025-07-28T12:52:18.461-0300] {logging_mixin.py:188} INFO - [2025-07-28T12:52:18.459-0300] {override.py:1829} INFO - Created Permission View: can edit on DAG:example_branch_operator
[2025-07-28T12:52:18.552-0300] {logging_mixin.py:188} INFO - [2025-07-28T12:52:18.549-0300] {override.py:1829} INFO - Created Permission View: can delete on DAG:example_branch_operator
[2025-07-28T12:52:18.559-0300] {logging_mixin.py:188} INFO - [2025-07-28T12:52:18.555-0300] {dag.py:3096} INFO - Sync 1 DAGs
[2025-07-28T12:52:18.622-0300] {logging_mixin.py:188} INFO - [2025-07-28T12:52:18.619-0300] {dag.py:3118} INFO - Creating ORM DAG for example_branch_operator
[2025-07-28T12:52:18.665-0300] {logging_mixin.py:188} INFO - [2025-07-28T12:52:18.662-0300] {dag.py:3954} INFO - Setting next_dagrun for example_branch_operator to 2025-07-27 00:00:00+00:00, run_after=2025-07-28 00:00:00+00:00
[2025-07-28T12:52:18.892-0300] {processor.py:183} INFO - Processing /mnt/c/Users/Usuario/Downloads/Automações/Climate-AgriTech-MLOps/.venv/lib/python3.12/site-packages/airflow/example_dags/example_branch_operator.py took 4.662 seconds
[2025-07-28T13:45:20.649-0300] {processor.py:161} INFO - Started process (PID=8702) to work on /mnt/c/Users/Usuario/Downloads/Automações/Climate-AgriTech-MLOps/.venv/lib/python3.12/site-packages/airflow/example_dags/example_branch_operator.py
[2025-07-28T13:45:20.652-0300] {processor.py:830} INFO - Processing file /mnt/c/Users/Usuario/Downloads/Automações/Climate-AgriTech-MLOps/.venv/lib/python3.12/site-packages/airflow/example_dags/example_branch_operator.py for tasks to queue
[2025-07-28T13:45:20.656-0300] {logging_mixin.py:188} INFO - [2025-07-28T13:45:20.654-0300] {dagbag.py:545} INFO - Filling up the DagBag from /mnt/c/Users/Usuario/Downloads/Automações/Climate-AgriTech-MLOps/.venv/lib/python3.12/site-packages/airflow/example_dags/example_branch_operator.py
[2025-07-28T13:45:20.722-0300] {processor.py:840} INFO - DAG(s) 'example_branch_operator' retrieved from /mnt/c/Users/Usuario/Downloads/Automações/Climate-AgriTech-MLOps/.venv/lib/python3.12/site-packages/airflow/example_dags/example_branch_operator.py
[2025-07-28T13:45:22.423-0300] {logging_mixin.py:188} INFO - [2025-07-28T13:45:22.422-0300] {dag.py:3096} INFO - Sync 1 DAGs
[2025-07-28T13:45:22.448-0300] {logging_mixin.py:188} INFO - [2025-07-28T13:45:22.446-0300] {dag.py:3954} INFO - Setting next_dagrun for example_branch_operator to 2025-07-27 00:00:00+00:00, run_after=2025-07-28 00:00:00+00:00
[2025-07-28T13:45:22.551-0300] {processor.py:183} INFO - Processing /mnt/c/Users/Usuario/Downloads/Automações/Climate-AgriTech-MLOps/.venv/lib/python3.12/site-packages/airflow/example_dags/example_branch_operator.py took 1.918 seconds
[2025-07-28T13:48:28.934-0300] {processor.py:161} INFO - Started process (PID=8809) to work on /mnt/c/Users/Usuario/Downloads/Automações/Climate-AgriTech-MLOps/.venv/lib/python3.12/site-packages/airflow/example_dags/example_branch_operator.py
[2025-07-28T13:48:28.939-0300] {processor.py:830} INFO - Processing file /mnt/c/Users/Usuario/Downloads/Automações/Climate-AgriTech-MLOps/.venv/lib/python3.12/site-packages/airflow/example_dags/example_branch_operator.py for tasks to queue
[2025-07-28T13:48:28.946-0300] {logging_mixin.py:188} INFO - [2025-07-28T13:48:28.943-0300] {dagbag.py:545} INFO - Filling up the DagBag from /mnt/c/Users/Usuario/Downloads/Automações/Climate-AgriTech-MLOps/.venv/lib/python3.12/site-packages/airflow/example_dags/example_branch_operator.py
[2025-07-28T13:48:29.084-0300] {processor.py:840} INFO - DAG(s) 'example_branch_operator' retrieved from /mnt/c/Users/Usuario/Downloads/Automações/Climate-AgriTech-MLOps/.venv/lib/python3.12/site-packages/airflow/example_dags/example_branch_operator.py
[2025-07-28T13:48:29.184-0300] {logging_mixin.py:188} INFO - [2025-07-28T13:48:29.182-0300] {dag.py:3096} INFO - Sync 1 DAGs
[2025-07-28T13:48:29.243-0300] {logging_mixin.py:188} INFO - [2025-07-28T13:48:29.241-0300] {dag.py:3954} INFO - Setting next_dagrun for example_branch_operator to 2025-07-27 00:00:00+00:00, run_after=2025-07-28 00:00:00+00:00
[2025-07-28T13:48:29.426-0300] {processor.py:183} INFO - Processing /mnt/c/Users/Usuario/Downloads/Automações/Climate-AgriTech-MLOps/.venv/lib/python3.12/site-packages/airflow/example_dags/example_branch_operator.py took 0.520 seconds
[2025-07-28T13:51:32.798-0300] {processor.py:161} INFO - Started process (PID=8919) to work on /mnt/c/Users/Usuario/Downloads/Automações/Climate-AgriTech-MLOps/.venv/lib/python3.12/site-packages/airflow/example_dags/example_branch_operator.py
[2025-07-28T13:51:32.804-0300] {processor.py:830} INFO - Processing file /mnt/c/Users/Usuario/Downloads/Automações/Climate-AgriTech-MLOps/.venv/lib/python3.12/site-packages/airflow/example_dags/example_branch_operator.py for tasks to queue
[2025-07-28T13:51:32.811-0300] {logging_mixin.py:188} INFO - [2025-07-28T13:51:32.807-0300] {dagbag.py:545} INFO - Filling up the DagBag from /mnt/c/Users/Usuario/Downloads/Automações/Climate-AgriTech-MLOps/.venv/lib/python3.12/site-packages/airflow/example_dags/example_branch_operator.py
[2025-07-28T13:51:32.988-0300] {processor.py:840} INFO - DAG(s) 'example_branch_operator' retrieved from /mnt/c/Users/Usuario/Downloads/Automações/Climate-AgriTech-MLOps/.venv/lib/python3.12/site-packages/airflow/example_dags/example_branch_operator.py
[2025-07-28T13:51:33.078-0300] {logging_mixin.py:188} INFO - [2025-07-28T13:51:33.076-0300] {dag.py:3096} INFO - Sync 1 DAGs
[2025-07-28T13:51:33.135-0300] {logging_mixin.py:188} INFO - [2025-07-28T13:51:33.133-0300] {dag.py:3954} INFO - Setting next_dagrun for example_branch_operator to 2025-07-27 00:00:00+00:00, run_after=2025-07-28 00:00:00+00:00
[2025-07-28T13:51:33.310-0300] {processor.py:183} INFO - Processing /mnt/c/Users/Usuario/Downloads/Automações/Climate-AgriTech-MLOps/.venv/lib/python3.12/site-packages/airflow/example_dags/example_branch_operator.py took 0.547 seconds
[2025-07-28T13:54:34.729-0300] {processor.py:161} INFO - Started process (PID=9026) to work on /mnt/c/Users/Usuario/Downloads/Automações/Climate-AgriTech-MLOps/.venv/lib/python3.12/site-packages/airflow/example_dags/example_branch_operator.py
[2025-07-28T13:54:34.734-0300] {processor.py:830} INFO - Processing file /mnt/c/Users/Usuario/Downloads/Automações/Climate-AgriTech-MLOps/.venv/lib/python3.12/site-packages/airflow/example_dags/example_branch_operator.py for tasks to queue
[2025-07-28T13:54:34.743-0300] {logging_mixin.py:188} INFO - [2025-07-28T13:54:34.738-0300] {dagbag.py:545} INFO - Filling up the DagBag from /mnt/c/Users/Usuario/Downloads/Automações/Climate-AgriTech-MLOps/.venv/lib/python3.12/site-packages/airflow/example_dags/example_branch_operator.py
[2025-07-28T13:54:34.908-0300] {processor.py:840} INFO - DAG(s) 'example_branch_operator' retrieved from /mnt/c/Users/Usuario/Downloads/Automações/Climate-AgriTech-MLOps/.venv/lib/python3.12/site-packages/airflow/example_dags/example_branch_operator.py
[2025-07-28T13:54:35.007-0300] {logging_mixin.py:188} INFO - [2025-07-28T13:54:35.004-0300] {dag.py:3096} INFO - Sync 1 DAGs
[2025-07-28T13:54:35.081-0300] {logging_mixin.py:188} INFO - [2025-07-28T13:54:35.078-0300] {dag.py:3954} INFO - Setting next_dagrun for example_branch_operator to 2025-07-27 00:00:00+00:00, run_after=2025-07-28 00:00:00+00:00
[2025-07-28T13:54:35.283-0300] {processor.py:183} INFO - Processing /mnt/c/Users/Usuario/Downloads/Automações/Climate-AgriTech-MLOps/.venv/lib/python3.12/site-packages/airflow/example_dags/example_branch_operator.py took 0.594 seconds
[2025-07-28T13:57:04.486-0300] {processor.py:161} INFO - Started process (PID=9135) to work on /mnt/c/Users/Usuario/Downloads/Automações/Climate-AgriTech-MLOps/.venv/lib/python3.12/site-packages/airflow/example_dags/example_branch_operator.py
[2025-07-28T13:57:04.489-0300] {processor.py:830} INFO - Processing file /mnt/c/Users/Usuario/Downloads/Automações/Climate-AgriTech-MLOps/.venv/lib/python3.12/site-packages/airflow/example_dags/example_branch_operator.py for tasks to queue
[2025-07-28T13:57:04.492-0300] {logging_mixin.py:188} INFO - [2025-07-28T13:57:04.490-0300] {dagbag.py:545} INFO - Filling up the DagBag from /mnt/c/Users/Usuario/Downloads/Automações/Climate-AgriTech-MLOps/.venv/lib/python3.12/site-packages/airflow/example_dags/example_branch_operator.py
[2025-07-28T13:57:04.552-0300] {processor.py:840} INFO - DAG(s) 'example_branch_operator' retrieved from /mnt/c/Users/Usuario/Downloads/Automações/Climate-AgriTech-MLOps/.venv/lib/python3.12/site-packages/airflow/example_dags/example_branch_operator.py
[2025-07-28T13:57:04.595-0300] {logging_mixin.py:188} INFO - [2025-07-28T13:57:04.593-0300] {dag.py:3096} INFO - Sync 1 DAGs
[2025-07-28T13:57:04.625-0300] {logging_mixin.py:188} INFO - [2025-07-28T13:57:04.623-0300] {dag.py:3954} INFO - Setting next_dagrun for example_branch_operator to 2025-07-27 00:00:00+00:00, run_after=2025-07-28 00:00:00+00:00
[2025-07-28T13:57:04.730-0300] {processor.py:183} INFO - Processing /mnt/c/Users/Usuario/Downloads/Automações/Climate-AgriTech-MLOps/.venv/lib/python3.12/site-packages/airflow/example_dags/example_branch_operator.py took 0.263 seconds
[2025-07-28T13:58:44.825-0300] {processor.py:161} INFO - Started process (PID=9215) to work on /mnt/c/Users/Usuario/Downloads/Automações/Climate-AgriTech-MLOps/.venv/lib/python3.12/site-packages/airflow/example_dags/example_branch_operator.py
[2025-07-28T13:58:44.831-0300] {processor.py:830} INFO - Processing file /mnt/c/Users/Usuario/Downloads/Automações/Climate-AgriTech-MLOps/.venv/lib/python3.12/site-packages/airflow/example_dags/example_branch_operator.py for tasks to queue
[2025-07-28T13:58:44.842-0300] {logging_mixin.py:188} INFO - [2025-07-28T13:58:44.837-0300] {dagbag.py:545} INFO - Filling up the DagBag from /mnt/c/Users/Usuario/Downloads/Automações/Climate-AgriTech-MLOps/.venv/lib/python3.12/site-packages/airflow/example_dags/example_branch_operator.py
[2025-07-28T13:58:45.015-0300] {processor.py:840} INFO - DAG(s) 'example_branch_operator' retrieved from /mnt/c/Users/Usuario/Downloads/Automações/Climate-AgriTech-MLOps/.venv/lib/python3.12/site-packages/airflow/example_dags/example_branch_operator.py
[2025-07-28T13:58:45.111-0300] {logging_mixin.py:188} INFO - [2025-07-28T13:58:45.108-0300] {dag.py:3096} INFO - Sync 1 DAGs
[2025-07-28T13:58:45.174-0300] {logging_mixin.py:188} INFO - [2025-07-28T13:58:45.171-0300] {dag.py:3954} INFO - Setting next_dagrun for example_branch_operator to 2025-07-27 00:00:00+00:00, run_after=2025-07-28 00:00:00+00:00
[2025-07-28T13:58:45.365-0300] {processor.py:183} INFO - Processing /mnt/c/Users/Usuario/Downloads/Automações/Climate-AgriTech-MLOps/.venv/lib/python3.12/site-packages/airflow/example_dags/example_branch_operator.py took 0.581 seconds
[2025-07-28T14:00:50.595-0300] {processor.py:161} INFO - Started process (PID=9311) to work on /mnt/c/Users/Usuario/Downloads/Automações/Climate-AgriTech-MLOps/.venv/lib/python3.12/site-packages/airflow/example_dags/example_branch_operator.py
[2025-07-28T14:00:50.598-0300] {processor.py:830} INFO - Processing file /mnt/c/Users/Usuario/Downloads/Automações/Climate-AgriTech-MLOps/.venv/lib/python3.12/site-packages/airflow/example_dags/example_branch_operator.py for tasks to queue
[2025-07-28T14:00:50.602-0300] {logging_mixin.py:188} INFO - [2025-07-28T14:00:50.600-0300] {dagbag.py:545} INFO - Filling up the DagBag from /mnt/c/Users/Usuario/Downloads/Automações/Climate-AgriTech-MLOps/.venv/lib/python3.12/site-packages/airflow/example_dags/example_branch_operator.py
[2025-07-28T14:00:50.660-0300] {processor.py:840} INFO - DAG(s) 'example_branch_operator' retrieved from /mnt/c/Users/Usuario/Downloads/Automações/Climate-AgriTech-MLOps/.venv/lib/python3.12/site-packages/airflow/example_dags/example_branch_operator.py
[2025-07-28T14:00:50.705-0300] {logging_mixin.py:188} INFO - [2025-07-28T14:00:50.704-0300] {dag.py:3096} INFO - Sync 1 DAGs
[2025-07-28T14:00:50.735-0300] {logging_mixin.py:188} INFO - [2025-07-28T14:00:50.734-0300] {dag.py:3954} INFO - Setting next_dagrun for example_branch_operator to 2025-07-27 00:00:00+00:00, run_after=2025-07-28 00:00:00+00:00
[2025-07-28T14:00:50.819-0300] {processor.py:183} INFO - Processing /mnt/c/Users/Usuario/Downloads/Automações/Climate-AgriTech-MLOps/.venv/lib/python3.12/site-packages/airflow/example_dags/example_branch_operator.py took 0.238 seconds
