[2025-07-28T12:50:14.372-0300] {processor.py:161} INFO - Started process (PID=8040) to work on /mnt/c/Users/Usuario/Downloads/Automações/Climate-AgriTech-MLOps/.venv/lib/python3.12/site-packages/airflow/example_dags/example_sensors.py
[2025-07-28T12:50:14.379-0300] {processor.py:830} INFO - Processing file /mnt/c/Users/Usuario/Downloads/Automações/Climate-AgriTech-MLOps/.venv/lib/python3.12/site-packages/airflow/example_dags/example_sensors.py for tasks to queue
[2025-07-28T12:50:14.388-0300] {logging_mixin.py:188} INFO - [2025-07-28T12:50:14.384-0300] {dagbag.py:545} INFO - Filling up the DagBag from /mnt/c/Users/Usuario/Downloads/Automações/Climate-AgriTech-MLOps/.venv/lib/python3.12/site-packages/airflow/example_dags/example_sensors.py
[2025-07-28T12:50:14.478-0300] {processor.py:840} INFO - DAG(s) 'example_sensors' retrieved from /mnt/c/Users/Usuario/Downloads/Automações/Climate-AgriTech-MLOps/.venv/lib/python3.12/site-packages/airflow/example_dags/example_sensors.py
[2025-07-28T12:50:18.362-0300] {logging_mixin.py:188} INFO - [2025-07-28T12:50:18.357-0300] {override.py:1829} INFO - Created Permission View: can read on DAG:example_sensors
[2025-07-28T12:50:18.484-0300] {logging_mixin.py:188} INFO - [2025-07-28T12:50:18.480-0300] {override.py:1829} INFO - Created Permission View: can edit on DAG:example_sensors
[2025-07-28T12:50:18.598-0300] {logging_mixin.py:188} INFO - [2025-07-28T12:50:18.595-0300] {override.py:1829} INFO - Created Permission View: can delete on DAG:example_sensors
[2025-07-28T12:50:18.604-0300] {logging_mixin.py:188} INFO - [2025-07-28T12:50:18.601-0300] {dag.py:3096} INFO - Sync 1 DAGs
[2025-07-28T12:50:18.672-0300] {logging_mixin.py:188} INFO - [2025-07-28T12:50:18.668-0300] {dag.py:3118} INFO - Creating ORM DAG for example_sensors
[2025-07-28T12:50:18.679-0300] {logging_mixin.py:188} INFO - [2025-07-28T12:50:18.676-0300] {dag.py:3954} INFO - Setting next_dagrun for example_sensors to None, run_after=None
[2025-07-28T12:50:18.878-0300] {processor.py:183} INFO - Processing /mnt/c/Users/Usuario/Downloads/Automações/Climate-AgriTech-MLOps/.venv/lib/python3.12/site-packages/airflow/example_dags/example_sensors.py took 4.552 seconds
[2025-07-28T13:09:34.740-0300] {processor.py:161} INFO - Started process (PID=8665) to work on /mnt/c/Users/Usuario/Downloads/Automações/Climate-AgriTech-MLOps/.venv/lib/python3.12/site-packages/airflow/example_dags/example_sensors.py
[2025-07-28T13:09:34.758-0300] {processor.py:830} INFO - Processing file /mnt/c/Users/Usuario/Downloads/Automações/Climate-AgriTech-MLOps/.venv/lib/python3.12/site-packages/airflow/example_dags/example_sensors.py for tasks to queue
[2025-07-28T13:09:34.765-0300] {logging_mixin.py:188} INFO - [2025-07-28T13:09:34.761-0300] {dagbag.py:545} INFO - Filling up the DagBag from /mnt/c/Users/Usuario/Downloads/Automações/Climate-AgriTech-MLOps/.venv/lib/python3.12/site-packages/airflow/example_dags/example_sensors.py
[2025-07-28T13:09:34.860-0300] {processor.py:840} INFO - DAG(s) 'example_sensors' retrieved from /mnt/c/Users/Usuario/Downloads/Automações/Climate-AgriTech-MLOps/.venv/lib/python3.12/site-packages/airflow/example_dags/example_sensors.py
[2025-07-28T13:09:38.419-0300] {logging_mixin.py:188} INFO - [2025-07-28T13:09:38.416-0300] {dag.py:3096} INFO - Sync 1 DAGs
[2025-07-28T13:09:38.448-0300] {logging_mixin.py:188} INFO - [2025-07-28T13:09:38.445-0300] {dag.py:3954} INFO - Setting next_dagrun for example_sensors to None, run_after=None
[2025-07-28T13:09:38.681-0300] {processor.py:183} INFO - Processing /mnt/c/Users/Usuario/Downloads/Automações/Climate-AgriTech-MLOps/.venv/lib/python3.12/site-packages/airflow/example_dags/example_sensors.py took 3.976 seconds
[2025-07-28T13:46:31.372-0300] {processor.py:161} INFO - Started process (PID=8747) to work on /mnt/c/Users/Usuario/Downloads/Automações/Climate-AgriTech-MLOps/.venv/lib/python3.12/site-packages/airflow/example_dags/example_sensors.py
[2025-07-28T13:46:31.379-0300] {processor.py:830} INFO - Processing file /mnt/c/Users/Usuario/Downloads/Automações/Climate-AgriTech-MLOps/.venv/lib/python3.12/site-packages/airflow/example_dags/example_sensors.py for tasks to queue
[2025-07-28T13:46:31.386-0300] {logging_mixin.py:188} INFO - [2025-07-28T13:46:31.383-0300] {dagbag.py:545} INFO - Filling up the DagBag from /mnt/c/Users/Usuario/Downloads/Automações/Climate-AgriTech-MLOps/.venv/lib/python3.12/site-packages/airflow/example_dags/example_sensors.py
[2025-07-28T13:46:31.468-0300] {processor.py:840} INFO - DAG(s) 'example_sensors' retrieved from /mnt/c/Users/Usuario/Downloads/Automações/Climate-AgriTech-MLOps/.venv/lib/python3.12/site-packages/airflow/example_dags/example_sensors.py
[2025-07-28T13:46:31.553-0300] {logging_mixin.py:188} INFO - [2025-07-28T13:46:31.551-0300] {dag.py:3096} INFO - Sync 1 DAGs
[2025-07-28T13:46:31.590-0300] {logging_mixin.py:188} INFO - [2025-07-28T13:46:31.587-0300] {dag.py:3954} INFO - Setting next_dagrun for example_sensors to None, run_after=None
[2025-07-28T13:46:31.758-0300] {processor.py:183} INFO - Processing /mnt/c/Users/Usuario/Downloads/Automações/Climate-AgriTech-MLOps/.venv/lib/python3.12/site-packages/airflow/example_dags/example_sensors.py took 0.424 seconds
[2025-07-28T13:48:11.117-0300] {processor.py:161} INFO - Started process (PID=8798) to work on /mnt/c/Users/Usuario/Downloads/Automações/Climate-AgriTech-MLOps/.venv/lib/python3.12/site-packages/airflow/example_dags/example_sensors.py
[2025-07-28T13:48:11.123-0300] {processor.py:830} INFO - Processing file /mnt/c/Users/Usuario/Downloads/Automações/Climate-AgriTech-MLOps/.venv/lib/python3.12/site-packages/airflow/example_dags/example_sensors.py for tasks to queue
[2025-07-28T13:48:11.129-0300] {logging_mixin.py:188} INFO - [2025-07-28T13:48:11.126-0300] {dagbag.py:545} INFO - Filling up the DagBag from /mnt/c/Users/Usuario/Downloads/Automações/Climate-AgriTech-MLOps/.venv/lib/python3.12/site-packages/airflow/example_dags/example_sensors.py
[2025-07-28T13:48:11.196-0300] {processor.py:840} INFO - DAG(s) 'example_sensors' retrieved from /mnt/c/Users/Usuario/Downloads/Automações/Climate-AgriTech-MLOps/.venv/lib/python3.12/site-packages/airflow/example_dags/example_sensors.py
[2025-07-28T13:48:11.539-0300] {logging_mixin.py:188} INFO - [2025-07-28T13:48:11.537-0300] {dag.py:3096} INFO - Sync 1 DAGs
[2025-07-28T13:48:11.567-0300] {logging_mixin.py:188} INFO - [2025-07-28T13:48:11.565-0300] {dag.py:3954} INFO - Setting next_dagrun for example_sensors to None, run_after=None
[2025-07-28T13:48:11.727-0300] {processor.py:183} INFO - Processing /mnt/c/Users/Usuario/Downloads/Automações/Climate-AgriTech-MLOps/.venv/lib/python3.12/site-packages/airflow/example_dags/example_sensors.py took 0.642 seconds
[2025-07-28T13:49:41.629-0300] {processor.py:161} INFO - Started process (PID=8848) to work on /mnt/c/Users/Usuario/Downloads/Automações/Climate-AgriTech-MLOps/.venv/lib/python3.12/site-packages/airflow/example_dags/example_sensors.py
[2025-07-28T13:49:41.635-0300] {processor.py:830} INFO - Processing file /mnt/c/Users/Usuario/Downloads/Automações/Climate-AgriTech-MLOps/.venv/lib/python3.12/site-packages/airflow/example_dags/example_sensors.py for tasks to queue
[2025-07-28T13:49:41.643-0300] {logging_mixin.py:188} INFO - [2025-07-28T13:49:41.639-0300] {dagbag.py:545} INFO - Filling up the DagBag from /mnt/c/Users/Usuario/Downloads/Automações/Climate-AgriTech-MLOps/.venv/lib/python3.12/site-packages/airflow/example_dags/example_sensors.py
[2025-07-28T13:49:41.722-0300] {processor.py:840} INFO - DAG(s) 'example_sensors' retrieved from /mnt/c/Users/Usuario/Downloads/Automações/Climate-AgriTech-MLOps/.venv/lib/python3.12/site-packages/airflow/example_dags/example_sensors.py
[2025-07-28T13:49:41.809-0300] {logging_mixin.py:188} INFO - [2025-07-28T13:49:41.806-0300] {dag.py:3096} INFO - Sync 1 DAGs
[2025-07-28T13:49:41.842-0300] {logging_mixin.py:188} INFO - [2025-07-28T13:49:41.840-0300] {dag.py:3954} INFO - Setting next_dagrun for example_sensors to None, run_after=None
[2025-07-28T13:49:42.002-0300] {processor.py:183} INFO - Processing /mnt/c/Users/Usuario/Downloads/Automações/Climate-AgriTech-MLOps/.venv/lib/python3.12/site-packages/airflow/example_dags/example_sensors.py took 0.411 seconds
[2025-07-28T13:51:12.385-0300] {processor.py:161} INFO - Started process (PID=8902) to work on /mnt/c/Users/Usuario/Downloads/Automações/Climate-AgriTech-MLOps/.venv/lib/python3.12/site-packages/airflow/example_dags/example_sensors.py
[2025-07-28T13:51:12.390-0300] {processor.py:830} INFO - Processing file /mnt/c/Users/Usuario/Downloads/Automações/Climate-AgriTech-MLOps/.venv/lib/python3.12/site-packages/airflow/example_dags/example_sensors.py for tasks to queue
[2025-07-28T13:51:12.398-0300] {logging_mixin.py:188} INFO - [2025-07-28T13:51:12.395-0300] {dagbag.py:545} INFO - Filling up the DagBag from /mnt/c/Users/Usuario/Downloads/Automações/Climate-AgriTech-MLOps/.venv/lib/python3.12/site-packages/airflow/example_dags/example_sensors.py
[2025-07-28T13:51:12.491-0300] {processor.py:840} INFO - DAG(s) 'example_sensors' retrieved from /mnt/c/Users/Usuario/Downloads/Automações/Climate-AgriTech-MLOps/.venv/lib/python3.12/site-packages/airflow/example_dags/example_sensors.py
[2025-07-28T13:51:12.598-0300] {logging_mixin.py:188} INFO - [2025-07-28T13:51:12.595-0300] {dag.py:3096} INFO - Sync 1 DAGs
[2025-07-28T13:51:12.634-0300] {logging_mixin.py:188} INFO - [2025-07-28T13:51:12.631-0300] {dag.py:3954} INFO - Setting next_dagrun for example_sensors to None, run_after=None
[2025-07-28T13:51:12.885-0300] {processor.py:183} INFO - Processing /mnt/c/Users/Usuario/Downloads/Automações/Climate-AgriTech-MLOps/.venv/lib/python3.12/site-packages/airflow/example_dags/example_sensors.py took 0.536 seconds
[2025-07-28T13:52:47.525-0300] {processor.py:161} INFO - Started process (PID=8969) to work on /mnt/c/Users/Usuario/Downloads/Automações/Climate-AgriTech-MLOps/.venv/lib/python3.12/site-packages/airflow/example_dags/example_sensors.py
[2025-07-28T13:52:47.531-0300] {processor.py:830} INFO - Processing file /mnt/c/Users/Usuario/Downloads/Automações/Climate-AgriTech-MLOps/.venv/lib/python3.12/site-packages/airflow/example_dags/example_sensors.py for tasks to queue
[2025-07-28T13:52:47.539-0300] {logging_mixin.py:188} INFO - [2025-07-28T13:52:47.536-0300] {dagbag.py:545} INFO - Filling up the DagBag from /mnt/c/Users/Usuario/Downloads/Automações/Climate-AgriTech-MLOps/.venv/lib/python3.12/site-packages/airflow/example_dags/example_sensors.py
[2025-07-28T13:52:47.632-0300] {processor.py:840} INFO - DAG(s) 'example_sensors' retrieved from /mnt/c/Users/Usuario/Downloads/Automações/Climate-AgriTech-MLOps/.venv/lib/python3.12/site-packages/airflow/example_dags/example_sensors.py
[2025-07-28T13:52:47.730-0300] {logging_mixin.py:188} INFO - [2025-07-28T13:52:47.727-0300] {dag.py:3096} INFO - Sync 1 DAGs
[2025-07-28T13:52:47.774-0300] {logging_mixin.py:188} INFO - [2025-07-28T13:52:47.771-0300] {dag.py:3954} INFO - Setting next_dagrun for example_sensors to None, run_after=None
[2025-07-28T13:52:47.973-0300] {processor.py:183} INFO - Processing /mnt/c/Users/Usuario/Downloads/Automações/Climate-AgriTech-MLOps/.venv/lib/python3.12/site-packages/airflow/example_dags/example_sensors.py took 0.489 seconds
[2025-07-28T13:54:21.011-0300] {processor.py:161} INFO - Started process (PID=9017) to work on /mnt/c/Users/Usuario/Downloads/Automações/Climate-AgriTech-MLOps/.venv/lib/python3.12/site-packages/airflow/example_dags/example_sensors.py
[2025-07-28T13:54:21.017-0300] {processor.py:830} INFO - Processing file /mnt/c/Users/Usuario/Downloads/Automações/Climate-AgriTech-MLOps/.venv/lib/python3.12/site-packages/airflow/example_dags/example_sensors.py for tasks to queue
[2025-07-28T13:54:21.025-0300] {logging_mixin.py:188} INFO - [2025-07-28T13:54:21.021-0300] {dagbag.py:545} INFO - Filling up the DagBag from /mnt/c/Users/Usuario/Downloads/Automações/Climate-AgriTech-MLOps/.venv/lib/python3.12/site-packages/airflow/example_dags/example_sensors.py
[2025-07-28T13:54:21.099-0300] {processor.py:840} INFO - DAG(s) 'example_sensors' retrieved from /mnt/c/Users/Usuario/Downloads/Automações/Climate-AgriTech-MLOps/.venv/lib/python3.12/site-packages/airflow/example_dags/example_sensors.py
[2025-07-28T13:54:21.204-0300] {logging_mixin.py:188} INFO - [2025-07-28T13:54:21.201-0300] {dag.py:3096} INFO - Sync 1 DAGs
[2025-07-28T13:54:21.244-0300] {logging_mixin.py:188} INFO - [2025-07-28T13:54:21.241-0300] {dag.py:3954} INFO - Setting next_dagrun for example_sensors to None, run_after=None
[2025-07-28T13:54:21.436-0300] {processor.py:183} INFO - Processing /mnt/c/Users/Usuario/Downloads/Automações/Climate-AgriTech-MLOps/.venv/lib/python3.12/site-packages/airflow/example_dags/example_sensors.py took 0.470 seconds
[2025-07-28T13:55:56.807-0300] {processor.py:161} INFO - Started process (PID=9077) to work on /mnt/c/Users/Usuario/Downloads/Automações/Climate-AgriTech-MLOps/.venv/lib/python3.12/site-packages/airflow/example_dags/example_sensors.py
[2025-07-28T13:55:56.813-0300] {processor.py:830} INFO - Processing file /mnt/c/Users/Usuario/Downloads/Automações/Climate-AgriTech-MLOps/.venv/lib/python3.12/site-packages/airflow/example_dags/example_sensors.py for tasks to queue
[2025-07-28T13:55:56.822-0300] {logging_mixin.py:188} INFO - [2025-07-28T13:55:56.818-0300] {dagbag.py:545} INFO - Filling up the DagBag from /mnt/c/Users/Usuario/Downloads/Automações/Climate-AgriTech-MLOps/.venv/lib/python3.12/site-packages/airflow/example_dags/example_sensors.py
[2025-07-28T13:55:56.910-0300] {processor.py:840} INFO - DAG(s) 'example_sensors' retrieved from /mnt/c/Users/Usuario/Downloads/Automações/Climate-AgriTech-MLOps/.venv/lib/python3.12/site-packages/airflow/example_dags/example_sensors.py
[2025-07-28T13:55:57.026-0300] {logging_mixin.py:188} INFO - [2025-07-28T13:55:57.022-0300] {dag.py:3096} INFO - Sync 1 DAGs
[2025-07-28T13:55:57.077-0300] {logging_mixin.py:188} INFO - [2025-07-28T13:55:57.074-0300] {dag.py:3954} INFO - Setting next_dagrun for example_sensors to None, run_after=None
[2025-07-28T13:55:57.344-0300] {processor.py:183} INFO - Processing /mnt/c/Users/Usuario/Downloads/Automações/Climate-AgriTech-MLOps/.venv/lib/python3.12/site-packages/airflow/example_dags/example_sensors.py took 0.583 seconds
[2025-07-28T13:57:41.511-0300] {processor.py:161} INFO - Started process (PID=9167) to work on /mnt/c/Users/Usuario/Downloads/Automações/Climate-AgriTech-MLOps/.venv/lib/python3.12/site-packages/airflow/example_dags/example_sensors.py
[2025-07-28T13:57:41.513-0300] {processor.py:830} INFO - Processing file /mnt/c/Users/Usuario/Downloads/Automações/Climate-AgriTech-MLOps/.venv/lib/python3.12/site-packages/airflow/example_dags/example_sensors.py for tasks to queue
[2025-07-28T13:57:41.516-0300] {logging_mixin.py:188} INFO - [2025-07-28T13:57:41.514-0300] {dagbag.py:545} INFO - Filling up the DagBag from /mnt/c/Users/Usuario/Downloads/Automações/Climate-AgriTech-MLOps/.venv/lib/python3.12/site-packages/airflow/example_dags/example_sensors.py
[2025-07-28T13:57:41.543-0300] {processor.py:840} INFO - DAG(s) 'example_sensors' retrieved from /mnt/c/Users/Usuario/Downloads/Automações/Climate-AgriTech-MLOps/.venv/lib/python3.12/site-packages/airflow/example_dags/example_sensors.py
[2025-07-28T13:57:41.588-0300] {logging_mixin.py:188} INFO - [2025-07-28T13:57:41.587-0300] {dag.py:3096} INFO - Sync 1 DAGs
[2025-07-28T13:57:41.605-0300] {logging_mixin.py:188} INFO - [2025-07-28T13:57:41.603-0300] {dag.py:3954} INFO - Setting next_dagrun for example_sensors to None, run_after=None
[2025-07-28T13:57:41.700-0300] {processor.py:183} INFO - Processing /mnt/c/Users/Usuario/Downloads/Automações/Climate-AgriTech-MLOps/.venv/lib/python3.12/site-packages/airflow/example_dags/example_sensors.py took 0.204 seconds
[2025-07-28T13:59:50.677-0300] {processor.py:161} INFO - Started process (PID=9258) to work on /mnt/c/Users/Usuario/Downloads/Automações/Climate-AgriTech-MLOps/.venv/lib/python3.12/site-packages/airflow/example_dags/example_sensors.py
[2025-07-28T13:59:50.679-0300] {processor.py:830} INFO - Processing file /mnt/c/Users/Usuario/Downloads/Automações/Climate-AgriTech-MLOps/.venv/lib/python3.12/site-packages/airflow/example_dags/example_sensors.py for tasks to queue
[2025-07-28T13:59:50.683-0300] {logging_mixin.py:188} INFO - [2025-07-28T13:59:50.681-0300] {dagbag.py:545} INFO - Filling up the DagBag from /mnt/c/Users/Usuario/Downloads/Automações/Climate-AgriTech-MLOps/.venv/lib/python3.12/site-packages/airflow/example_dags/example_sensors.py
[2025-07-28T13:59:50.711-0300] {processor.py:840} INFO - DAG(s) 'example_sensors' retrieved from /mnt/c/Users/Usuario/Downloads/Automações/Climate-AgriTech-MLOps/.venv/lib/python3.12/site-packages/airflow/example_dags/example_sensors.py
[2025-07-28T13:59:50.754-0300] {logging_mixin.py:188} INFO - [2025-07-28T13:59:50.752-0300] {dag.py:3096} INFO - Sync 1 DAGs
[2025-07-28T13:59:50.770-0300] {logging_mixin.py:188} INFO - [2025-07-28T13:59:50.769-0300] {dag.py:3954} INFO - Setting next_dagrun for example_sensors to None, run_after=None
[2025-07-28T13:59:50.871-0300] {processor.py:183} INFO - Processing /mnt/c/Users/Usuario/Downloads/Automações/Climate-AgriTech-MLOps/.venv/lib/python3.12/site-packages/airflow/example_dags/example_sensors.py took 0.210 seconds
[2025-07-28T14:01:25.752-0300] {processor.py:161} INFO - Started process (PID=9342) to work on /mnt/c/Users/Usuario/Downloads/Automações/Climate-AgriTech-MLOps/.venv/lib/python3.12/site-packages/airflow/example_dags/example_sensors.py
[2025-07-28T14:01:25.755-0300] {processor.py:830} INFO - Processing file /mnt/c/Users/Usuario/Downloads/Automações/Climate-AgriTech-MLOps/.venv/lib/python3.12/site-packages/airflow/example_dags/example_sensors.py for tasks to queue
[2025-07-28T14:01:25.758-0300] {logging_mixin.py:188} INFO - [2025-07-28T14:01:25.756-0300] {dagbag.py:545} INFO - Filling up the DagBag from /mnt/c/Users/Usuario/Downloads/Automações/Climate-AgriTech-MLOps/.venv/lib/python3.12/site-packages/airflow/example_dags/example_sensors.py
[2025-07-28T14:01:25.787-0300] {processor.py:840} INFO - DAG(s) 'example_sensors' retrieved from /mnt/c/Users/Usuario/Downloads/Automações/Climate-AgriTech-MLOps/.venv/lib/python3.12/site-packages/airflow/example_dags/example_sensors.py
[2025-07-28T14:01:25.833-0300] {logging_mixin.py:188} INFO - [2025-07-28T14:01:25.832-0300] {dag.py:3096} INFO - Sync 1 DAGs
[2025-07-28T14:01:25.851-0300] {logging_mixin.py:188} INFO - [2025-07-28T14:01:25.849-0300] {dag.py:3954} INFO - Setting next_dagrun for example_sensors to None, run_after=None
[2025-07-28T14:01:25.959-0300] {processor.py:183} INFO - Processing /mnt/c/Users/Usuario/Downloads/Automações/Climate-AgriTech-MLOps/.venv/lib/python3.12/site-packages/airflow/example_dags/example_sensors.py took 0.222 seconds
