[2025-07-28T12:52:26.627-0300] {processor.py:161} INFO - Started process (PID=8083) to work on /mnt/c/Users/Usuario/Downloads/Automações/Climate-AgriTech-MLOps/.venv/lib/python3.12/site-packages/airflow/example_dags/example_branch_day_of_week_operator.py
[2025-07-28T12:52:26.633-0300] {processor.py:830} INFO - Processing file /mnt/c/Users/Usuario/Downloads/Automações/Climate-AgriTech-MLOps/.venv/lib/python3.12/site-packages/airflow/example_dags/example_branch_day_of_week_operator.py for tasks to queue
[2025-07-28T12:52:26.644-0300] {logging_mixin.py:188} INFO - [2025-07-28T12:52:26.640-0300] {dagbag.py:545} INFO - Filling up the DagBag from /mnt/c/Users/Usuario/Downloads/Automações/Climate-AgriTech-MLOps/.venv/lib/python3.12/site-packages/airflow/example_dags/example_branch_day_of_week_operator.py
[2025-07-28T12:52:26.786-0300] {processor.py:840} INFO - DAG(s) 'example_weekday_branch_operator' retrieved from /mnt/c/Users/Usuario/Downloads/Automações/Climate-AgriTech-MLOps/.venv/lib/python3.12/site-packages/airflow/example_dags/example_branch_day_of_week_operator.py
[2025-07-28T12:52:30.156-0300] {logging_mixin.py:188} INFO - [2025-07-28T12:52:30.151-0300] {override.py:1829} INFO - Created Permission View: can read on DAG:example_weekday_branch_operator
[2025-07-28T12:52:30.269-0300] {logging_mixin.py:188} INFO - [2025-07-28T12:52:30.266-0300] {override.py:1829} INFO - Created Permission View: can edit on DAG:example_weekday_branch_operator
[2025-07-28T12:52:30.381-0300] {logging_mixin.py:188} INFO - [2025-07-28T12:52:30.377-0300] {override.py:1829} INFO - Created Permission View: can delete on DAG:example_weekday_branch_operator
[2025-07-28T12:52:30.388-0300] {logging_mixin.py:188} INFO - [2025-07-28T12:52:30.385-0300] {dag.py:3096} INFO - Sync 1 DAGs
[2025-07-28T12:52:30.447-0300] {logging_mixin.py:188} INFO - [2025-07-28T12:52:30.445-0300] {dag.py:3118} INFO - Creating ORM DAG for example_weekday_branch_operator
[2025-07-28T12:52:30.491-0300] {logging_mixin.py:188} INFO - [2025-07-28T12:52:30.489-0300] {dag.py:3954} INFO - Setting next_dagrun for example_weekday_branch_operator to 2025-07-27 00:00:00+00:00, run_after=2025-07-28 00:00:00+00:00
[2025-07-28T12:52:30.722-0300] {processor.py:183} INFO - Processing /mnt/c/Users/Usuario/Downloads/Automações/Climate-AgriTech-MLOps/.venv/lib/python3.12/site-packages/airflow/example_dags/example_branch_day_of_week_operator.py took 4.651 seconds
[2025-07-28T13:45:26.289-0300] {processor.py:161} INFO - Started process (PID=8706) to work on /mnt/c/Users/Usuario/Downloads/Automações/Climate-AgriTech-MLOps/.venv/lib/python3.12/site-packages/airflow/example_dags/example_branch_day_of_week_operator.py
[2025-07-28T13:45:26.298-0300] {processor.py:830} INFO - Processing file /mnt/c/Users/Usuario/Downloads/Automações/Climate-AgriTech-MLOps/.venv/lib/python3.12/site-packages/airflow/example_dags/example_branch_day_of_week_operator.py for tasks to queue
[2025-07-28T13:45:26.303-0300] {logging_mixin.py:188} INFO - [2025-07-28T13:45:26.301-0300] {dagbag.py:545} INFO - Filling up the DagBag from /mnt/c/Users/Usuario/Downloads/Automações/Climate-AgriTech-MLOps/.venv/lib/python3.12/site-packages/airflow/example_dags/example_branch_day_of_week_operator.py
[2025-07-28T13:45:26.356-0300] {processor.py:840} INFO - DAG(s) 'example_weekday_branch_operator' retrieved from /mnt/c/Users/Usuario/Downloads/Automações/Climate-AgriTech-MLOps/.venv/lib/python3.12/site-packages/airflow/example_dags/example_branch_day_of_week_operator.py
[2025-07-28T13:45:28.096-0300] {logging_mixin.py:188} INFO - [2025-07-28T13:45:28.094-0300] {dag.py:3096} INFO - Sync 1 DAGs
[2025-07-28T13:45:28.118-0300] {logging_mixin.py:188} INFO - [2025-07-28T13:45:28.117-0300] {dag.py:3954} INFO - Setting next_dagrun for example_weekday_branch_operator to 2025-07-27 00:00:00+00:00, run_after=2025-07-28 00:00:00+00:00
[2025-07-28T13:45:28.216-0300] {processor.py:183} INFO - Processing /mnt/c/Users/Usuario/Downloads/Automações/Climate-AgriTech-MLOps/.venv/lib/python3.12/site-packages/airflow/example_dags/example_branch_day_of_week_operator.py took 1.944 seconds
[2025-07-28T13:48:32.468-0300] {processor.py:161} INFO - Started process (PID=8811) to work on /mnt/c/Users/Usuario/Downloads/Automações/Climate-AgriTech-MLOps/.venv/lib/python3.12/site-packages/airflow/example_dags/example_branch_day_of_week_operator.py
[2025-07-28T13:48:32.486-0300] {processor.py:830} INFO - Processing file /mnt/c/Users/Usuario/Downloads/Automações/Climate-AgriTech-MLOps/.venv/lib/python3.12/site-packages/airflow/example_dags/example_branch_day_of_week_operator.py for tasks to queue
[2025-07-28T13:48:32.492-0300] {logging_mixin.py:188} INFO - [2025-07-28T13:48:32.490-0300] {dagbag.py:545} INFO - Filling up the DagBag from /mnt/c/Users/Usuario/Downloads/Automações/Climate-AgriTech-MLOps/.venv/lib/python3.12/site-packages/airflow/example_dags/example_branch_day_of_week_operator.py
[2025-07-28T13:48:32.582-0300] {processor.py:840} INFO - DAG(s) 'example_weekday_branch_operator' retrieved from /mnt/c/Users/Usuario/Downloads/Automações/Climate-AgriTech-MLOps/.venv/lib/python3.12/site-packages/airflow/example_dags/example_branch_day_of_week_operator.py
[2025-07-28T13:48:32.658-0300] {logging_mixin.py:188} INFO - [2025-07-28T13:48:32.655-0300] {dag.py:3096} INFO - Sync 1 DAGs
[2025-07-28T13:48:32.712-0300] {logging_mixin.py:188} INFO - [2025-07-28T13:48:32.709-0300] {dag.py:3954} INFO - Setting next_dagrun for example_weekday_branch_operator to 2025-07-27 00:00:00+00:00, run_after=2025-07-28 00:00:00+00:00
[2025-07-28T13:48:32.881-0300] {processor.py:183} INFO - Processing /mnt/c/Users/Usuario/Downloads/Automações/Climate-AgriTech-MLOps/.venv/lib/python3.12/site-packages/airflow/example_dags/example_branch_day_of_week_operator.py took 0.449 seconds
[2025-07-28T13:51:36.910-0300] {processor.py:161} INFO - Started process (PID=8923) to work on /mnt/c/Users/Usuario/Downloads/Automações/Climate-AgriTech-MLOps/.venv/lib/python3.12/site-packages/airflow/example_dags/example_branch_day_of_week_operator.py
[2025-07-28T13:51:36.925-0300] {processor.py:830} INFO - Processing file /mnt/c/Users/Usuario/Downloads/Automações/Climate-AgriTech-MLOps/.venv/lib/python3.12/site-packages/airflow/example_dags/example_branch_day_of_week_operator.py for tasks to queue
[2025-07-28T13:51:36.935-0300] {logging_mixin.py:188} INFO - [2025-07-28T13:51:36.932-0300] {dagbag.py:545} INFO - Filling up the DagBag from /mnt/c/Users/Usuario/Downloads/Automações/Climate-AgriTech-MLOps/.venv/lib/python3.12/site-packages/airflow/example_dags/example_branch_day_of_week_operator.py
[2025-07-28T13:51:37.054-0300] {processor.py:840} INFO - DAG(s) 'example_weekday_branch_operator' retrieved from /mnt/c/Users/Usuario/Downloads/Automações/Climate-AgriTech-MLOps/.venv/lib/python3.12/site-packages/airflow/example_dags/example_branch_day_of_week_operator.py
[2025-07-28T13:51:37.136-0300] {logging_mixin.py:188} INFO - [2025-07-28T13:51:37.133-0300] {dag.py:3096} INFO - Sync 1 DAGs
[2025-07-28T13:51:37.191-0300] {logging_mixin.py:188} INFO - [2025-07-28T13:51:37.189-0300] {dag.py:3954} INFO - Setting next_dagrun for example_weekday_branch_operator to 2025-07-27 00:00:00+00:00, run_after=2025-07-28 00:00:00+00:00
[2025-07-28T13:51:37.435-0300] {processor.py:183} INFO - Processing /mnt/c/Users/Usuario/Downloads/Automações/Climate-AgriTech-MLOps/.venv/lib/python3.12/site-packages/airflow/example_dags/example_branch_day_of_week_operator.py took 0.563 seconds
[2025-07-28T13:54:38.197-0300] {processor.py:161} INFO - Started process (PID=9028) to work on /mnt/c/Users/Usuario/Downloads/Automações/Climate-AgriTech-MLOps/.venv/lib/python3.12/site-packages/airflow/example_dags/example_branch_day_of_week_operator.py
[2025-07-28T13:54:38.203-0300] {processor.py:830} INFO - Processing file /mnt/c/Users/Usuario/Downloads/Automações/Climate-AgriTech-MLOps/.venv/lib/python3.12/site-packages/airflow/example_dags/example_branch_day_of_week_operator.py for tasks to queue
[2025-07-28T13:54:38.212-0300] {logging_mixin.py:188} INFO - [2025-07-28T13:54:38.208-0300] {dagbag.py:545} INFO - Filling up the DagBag from /mnt/c/Users/Usuario/Downloads/Automações/Climate-AgriTech-MLOps/.venv/lib/python3.12/site-packages/airflow/example_dags/example_branch_day_of_week_operator.py
[2025-07-28T13:54:38.315-0300] {processor.py:840} INFO - DAG(s) 'example_weekday_branch_operator' retrieved from /mnt/c/Users/Usuario/Downloads/Automações/Climate-AgriTech-MLOps/.venv/lib/python3.12/site-packages/airflow/example_dags/example_branch_day_of_week_operator.py
[2025-07-28T13:54:38.417-0300] {logging_mixin.py:188} INFO - [2025-07-28T13:54:38.413-0300] {dag.py:3096} INFO - Sync 1 DAGs
[2025-07-28T13:54:38.483-0300] {logging_mixin.py:188} INFO - [2025-07-28T13:54:38.480-0300] {dag.py:3954} INFO - Setting next_dagrun for example_weekday_branch_operator to 2025-07-27 00:00:00+00:00, run_after=2025-07-28 00:00:00+00:00
[2025-07-28T13:54:38.708-0300] {processor.py:183} INFO - Processing /mnt/c/Users/Usuario/Downloads/Automações/Climate-AgriTech-MLOps/.venv/lib/python3.12/site-packages/airflow/example_dags/example_branch_day_of_week_operator.py took 0.555 seconds
[2025-07-28T13:57:07.336-0300] {processor.py:161} INFO - Started process (PID=9137) to work on /mnt/c/Users/Usuario/Downloads/Automações/Climate-AgriTech-MLOps/.venv/lib/python3.12/site-packages/airflow/example_dags/example_branch_day_of_week_operator.py
[2025-07-28T13:57:07.338-0300] {processor.py:830} INFO - Processing file /mnt/c/Users/Usuario/Downloads/Automações/Climate-AgriTech-MLOps/.venv/lib/python3.12/site-packages/airflow/example_dags/example_branch_day_of_week_operator.py for tasks to queue
[2025-07-28T13:57:07.342-0300] {logging_mixin.py:188} INFO - [2025-07-28T13:57:07.340-0300] {dagbag.py:545} INFO - Filling up the DagBag from /mnt/c/Users/Usuario/Downloads/Automações/Climate-AgriTech-MLOps/.venv/lib/python3.12/site-packages/airflow/example_dags/example_branch_day_of_week_operator.py
[2025-07-28T13:57:07.381-0300] {processor.py:840} INFO - DAG(s) 'example_weekday_branch_operator' retrieved from /mnt/c/Users/Usuario/Downloads/Automações/Climate-AgriTech-MLOps/.venv/lib/python3.12/site-packages/airflow/example_dags/example_branch_day_of_week_operator.py
[2025-07-28T13:57:07.418-0300] {logging_mixin.py:188} INFO - [2025-07-28T13:57:07.417-0300] {dag.py:3096} INFO - Sync 1 DAGs
[2025-07-28T13:57:07.445-0300] {logging_mixin.py:188} INFO - [2025-07-28T13:57:07.444-0300] {dag.py:3954} INFO - Setting next_dagrun for example_weekday_branch_operator to 2025-07-27 00:00:00+00:00, run_after=2025-07-28 00:00:00+00:00
[2025-07-28T13:57:07.533-0300] {processor.py:183} INFO - Processing /mnt/c/Users/Usuario/Downloads/Automações/Climate-AgriTech-MLOps/.venv/lib/python3.12/site-packages/airflow/example_dags/example_branch_day_of_week_operator.py took 0.214 seconds
[2025-07-28T13:58:47.250-0300] {processor.py:161} INFO - Started process (PID=9217) to work on /mnt/c/Users/Usuario/Downloads/Automações/Climate-AgriTech-MLOps/.venv/lib/python3.12/site-packages/airflow/example_dags/example_branch_day_of_week_operator.py
[2025-07-28T13:58:47.255-0300] {processor.py:830} INFO - Processing file /mnt/c/Users/Usuario/Downloads/Automações/Climate-AgriTech-MLOps/.venv/lib/python3.12/site-packages/airflow/example_dags/example_branch_day_of_week_operator.py for tasks to queue
[2025-07-28T13:58:47.264-0300] {logging_mixin.py:188} INFO - [2025-07-28T13:58:47.260-0300] {dagbag.py:545} INFO - Filling up the DagBag from /mnt/c/Users/Usuario/Downloads/Automações/Climate-AgriTech-MLOps/.venv/lib/python3.12/site-packages/airflow/example_dags/example_branch_day_of_week_operator.py
[2025-07-28T13:58:47.376-0300] {processor.py:840} INFO - DAG(s) 'example_weekday_branch_operator' retrieved from /mnt/c/Users/Usuario/Downloads/Automações/Climate-AgriTech-MLOps/.venv/lib/python3.12/site-packages/airflow/example_dags/example_branch_day_of_week_operator.py
[2025-07-28T13:58:47.472-0300] {logging_mixin.py:188} INFO - [2025-07-28T13:58:47.469-0300] {dag.py:3096} INFO - Sync 1 DAGs
[2025-07-28T13:58:47.542-0300] {logging_mixin.py:188} INFO - [2025-07-28T13:58:47.538-0300] {dag.py:3954} INFO - Setting next_dagrun for example_weekday_branch_operator to 2025-07-27 00:00:00+00:00, run_after=2025-07-28 00:00:00+00:00
[2025-07-28T13:58:47.737-0300] {processor.py:183} INFO - Processing /mnt/c/Users/Usuario/Downloads/Automações/Climate-AgriTech-MLOps/.venv/lib/python3.12/site-packages/airflow/example_dags/example_branch_day_of_week_operator.py took 0.530 seconds
[2025-07-28T14:00:53.442-0300] {processor.py:161} INFO - Started process (PID=9313) to work on /mnt/c/Users/Usuario/Downloads/Automações/Climate-AgriTech-MLOps/.venv/lib/python3.12/site-packages/airflow/example_dags/example_branch_day_of_week_operator.py
[2025-07-28T14:00:53.445-0300] {processor.py:830} INFO - Processing file /mnt/c/Users/Usuario/Downloads/Automações/Climate-AgriTech-MLOps/.venv/lib/python3.12/site-packages/airflow/example_dags/example_branch_day_of_week_operator.py for tasks to queue
[2025-07-28T14:00:53.448-0300] {logging_mixin.py:188} INFO - [2025-07-28T14:00:53.447-0300] {dagbag.py:545} INFO - Filling up the DagBag from /mnt/c/Users/Usuario/Downloads/Automações/Climate-AgriTech-MLOps/.venv/lib/python3.12/site-packages/airflow/example_dags/example_branch_day_of_week_operator.py
[2025-07-28T14:00:53.487-0300] {processor.py:840} INFO - DAG(s) 'example_weekday_branch_operator' retrieved from /mnt/c/Users/Usuario/Downloads/Automações/Climate-AgriTech-MLOps/.venv/lib/python3.12/site-packages/airflow/example_dags/example_branch_day_of_week_operator.py
[2025-07-28T14:00:53.524-0300] {logging_mixin.py:188} INFO - [2025-07-28T14:00:53.522-0300] {dag.py:3096} INFO - Sync 1 DAGs
[2025-07-28T14:00:53.552-0300] {logging_mixin.py:188} INFO - [2025-07-28T14:00:53.551-0300] {dag.py:3954} INFO - Setting next_dagrun for example_weekday_branch_operator to 2025-07-27 00:00:00+00:00, run_after=2025-07-28 00:00:00+00:00
[2025-07-28T14:00:53.657-0300] {processor.py:183} INFO - Processing /mnt/c/Users/Usuario/Downloads/Automações/Climate-AgriTech-MLOps/.venv/lib/python3.12/site-packages/airflow/example_dags/example_branch_day_of_week_operator.py took 0.231 seconds
