[2025-07-28T12:51:56.622-0300] {processor.py:161} INFO - Started process (PID=8073) to work on /mnt/c/Users/Usuario/Downloads/Automações/Climate-AgriTech-MLOps/.venv/lib/python3.12/site-packages/airflow/example_dags/example_complex.py
[2025-07-28T12:51:56.628-0300] {processor.py:830} INFO - Processing file /mnt/c/Users/Usuario/Downloads/Automações/Climate-AgriTech-MLOps/.venv/lib/python3.12/site-packages/airflow/example_dags/example_complex.py for tasks to queue
[2025-07-28T12:51:56.641-0300] {logging_mixin.py:188} INFO - [2025-07-28T12:51:56.637-0300] {dagbag.py:545} INFO - Filling up the DagBag from /mnt/c/Users/Usuario/Downloads/Automações/Climate-AgriTech-MLOps/.venv/lib/python3.12/site-packages/airflow/example_dags/example_complex.py
[2025-07-28T12:51:56.731-0300] {processor.py:840} INFO - DAG(s) 'example_complex' retrieved from /mnt/c/Users/Usuario/Downloads/Automações/Climate-AgriTech-MLOps/.venv/lib/python3.12/site-packages/airflow/example_dags/example_complex.py
[2025-07-28T12:52:00.025-0300] {logging_mixin.py:188} INFO - [2025-07-28T12:52:00.022-0300] {override.py:1829} INFO - Created Permission View: can read on DAG:example_complex
[2025-07-28T12:52:00.138-0300] {logging_mixin.py:188} INFO - [2025-07-28T12:52:00.134-0300] {override.py:1829} INFO - Created Permission View: can edit on DAG:example_complex
[2025-07-28T12:52:00.254-0300] {logging_mixin.py:188} INFO - [2025-07-28T12:52:00.251-0300] {override.py:1829} INFO - Created Permission View: can delete on DAG:example_complex
[2025-07-28T12:52:00.259-0300] {logging_mixin.py:188} INFO - [2025-07-28T12:52:00.257-0300] {dag.py:3096} INFO - Sync 1 DAGs
[2025-07-28T12:52:00.317-0300] {logging_mixin.py:188} INFO - [2025-07-28T12:52:00.315-0300] {dag.py:3118} INFO - Creating ORM DAG for example_complex
[2025-07-28T12:52:00.324-0300] {logging_mixin.py:188} INFO - [2025-07-28T12:52:00.322-0300] {dag.py:3954} INFO - Setting next_dagrun for example_complex to None, run_after=None
[2025-07-28T12:52:00.511-0300] {processor.py:183} INFO - Processing /mnt/c/Users/Usuario/Downloads/Automações/Climate-AgriTech-MLOps/.venv/lib/python3.12/site-packages/airflow/example_dags/example_complex.py took 4.479 seconds
[2025-07-28T13:45:08.396-0300] {processor.py:161} INFO - Started process (PID=8695) to work on /mnt/c/Users/Usuario/Downloads/Automações/Climate-AgriTech-MLOps/.venv/lib/python3.12/site-packages/airflow/example_dags/example_complex.py
[2025-07-28T13:45:08.398-0300] {processor.py:830} INFO - Processing file /mnt/c/Users/Usuario/Downloads/Automações/Climate-AgriTech-MLOps/.venv/lib/python3.12/site-packages/airflow/example_dags/example_complex.py for tasks to queue
[2025-07-28T13:45:08.402-0300] {logging_mixin.py:188} INFO - [2025-07-28T13:45:08.400-0300] {dagbag.py:545} INFO - Filling up the DagBag from /mnt/c/Users/Usuario/Downloads/Automações/Climate-AgriTech-MLOps/.venv/lib/python3.12/site-packages/airflow/example_dags/example_complex.py
[2025-07-28T13:45:08.436-0300] {processor.py:840} INFO - DAG(s) 'example_complex' retrieved from /mnt/c/Users/Usuario/Downloads/Automações/Climate-AgriTech-MLOps/.venv/lib/python3.12/site-packages/airflow/example_dags/example_complex.py
[2025-07-28T13:45:10.348-0300] {logging_mixin.py:188} INFO - [2025-07-28T13:45:10.347-0300] {dag.py:3096} INFO - Sync 1 DAGs
[2025-07-28T13:45:10.364-0300] {logging_mixin.py:188} INFO - [2025-07-28T13:45:10.361-0300] {dag.py:3954} INFO - Setting next_dagrun for example_complex to None, run_after=None
[2025-07-28T13:45:10.480-0300] {processor.py:183} INFO - Processing /mnt/c/Users/Usuario/Downloads/Automações/Climate-AgriTech-MLOps/.venv/lib/python3.12/site-packages/airflow/example_dags/example_complex.py took 2.102 seconds
[2025-07-28T13:47:09.143-0300] {processor.py:161} INFO - Started process (PID=8767) to work on /mnt/c/Users/Usuario/Downloads/Automações/Climate-AgriTech-MLOps/.venv/lib/python3.12/site-packages/airflow/example_dags/example_complex.py
[2025-07-28T13:47:09.148-0300] {processor.py:830} INFO - Processing file /mnt/c/Users/Usuario/Downloads/Automações/Climate-AgriTech-MLOps/.venv/lib/python3.12/site-packages/airflow/example_dags/example_complex.py for tasks to queue
[2025-07-28T13:47:09.155-0300] {logging_mixin.py:188} INFO - [2025-07-28T13:47:09.152-0300] {dagbag.py:545} INFO - Filling up the DagBag from /mnt/c/Users/Usuario/Downloads/Automações/Climate-AgriTech-MLOps/.venv/lib/python3.12/site-packages/airflow/example_dags/example_complex.py
[2025-07-28T13:47:09.224-0300] {processor.py:840} INFO - DAG(s) 'example_complex' retrieved from /mnt/c/Users/Usuario/Downloads/Automações/Climate-AgriTech-MLOps/.venv/lib/python3.12/site-packages/airflow/example_dags/example_complex.py
[2025-07-28T13:47:09.323-0300] {logging_mixin.py:188} INFO - [2025-07-28T13:47:09.320-0300] {dag.py:3096} INFO - Sync 1 DAGs
[2025-07-28T13:47:09.355-0300] {logging_mixin.py:188} INFO - [2025-07-28T13:47:09.353-0300] {dag.py:3954} INFO - Setting next_dagrun for example_complex to None, run_after=None
[2025-07-28T13:47:09.824-0300] {processor.py:183} INFO - Processing /mnt/c/Users/Usuario/Downloads/Automações/Climate-AgriTech-MLOps/.venv/lib/python3.12/site-packages/airflow/example_dags/example_complex.py took 0.714 seconds
[2025-07-28T13:50:19.916-0300] {processor.py:161} INFO - Started process (PID=8866) to work on /mnt/c/Users/Usuario/Downloads/Automações/Climate-AgriTech-MLOps/.venv/lib/python3.12/site-packages/airflow/example_dags/example_complex.py
[2025-07-28T13:50:19.933-0300] {processor.py:830} INFO - Processing file /mnt/c/Users/Usuario/Downloads/Automações/Climate-AgriTech-MLOps/.venv/lib/python3.12/site-packages/airflow/example_dags/example_complex.py for tasks to queue
[2025-07-28T13:50:19.940-0300] {logging_mixin.py:188} INFO - [2025-07-28T13:50:19.937-0300] {dagbag.py:545} INFO - Filling up the DagBag from /mnt/c/Users/Usuario/Downloads/Automações/Climate-AgriTech-MLOps/.venv/lib/python3.12/site-packages/airflow/example_dags/example_complex.py
[2025-07-28T13:50:20.015-0300] {processor.py:840} INFO - DAG(s) 'example_complex' retrieved from /mnt/c/Users/Usuario/Downloads/Automações/Climate-AgriTech-MLOps/.venv/lib/python3.12/site-packages/airflow/example_dags/example_complex.py
[2025-07-28T13:50:20.124-0300] {logging_mixin.py:188} INFO - [2025-07-28T13:50:20.121-0300] {dag.py:3096} INFO - Sync 1 DAGs
[2025-07-28T13:50:20.165-0300] {logging_mixin.py:188} INFO - [2025-07-28T13:50:20.162-0300] {dag.py:3954} INFO - Setting next_dagrun for example_complex to None, run_after=None
[2025-07-28T13:50:20.387-0300] {processor.py:183} INFO - Processing /mnt/c/Users/Usuario/Downloads/Automações/Climate-AgriTech-MLOps/.venv/lib/python3.12/site-packages/airflow/example_dags/example_complex.py took 0.509 seconds
[2025-07-28T13:53:21.833-0300] {processor.py:161} INFO - Started process (PID=8986) to work on /mnt/c/Users/Usuario/Downloads/Automações/Climate-AgriTech-MLOps/.venv/lib/python3.12/site-packages/airflow/example_dags/example_complex.py
[2025-07-28T13:53:21.850-0300] {processor.py:830} INFO - Processing file /mnt/c/Users/Usuario/Downloads/Automações/Climate-AgriTech-MLOps/.venv/lib/python3.12/site-packages/airflow/example_dags/example_complex.py for tasks to queue
[2025-07-28T13:53:21.858-0300] {logging_mixin.py:188} INFO - [2025-07-28T13:53:21.855-0300] {dagbag.py:545} INFO - Filling up the DagBag from /mnt/c/Users/Usuario/Downloads/Automações/Climate-AgriTech-MLOps/.venv/lib/python3.12/site-packages/airflow/example_dags/example_complex.py
[2025-07-28T13:53:21.941-0300] {processor.py:840} INFO - DAG(s) 'example_complex' retrieved from /mnt/c/Users/Usuario/Downloads/Automações/Climate-AgriTech-MLOps/.venv/lib/python3.12/site-packages/airflow/example_dags/example_complex.py
[2025-07-28T13:53:22.061-0300] {logging_mixin.py:188} INFO - [2025-07-28T13:53:22.057-0300] {dag.py:3096} INFO - Sync 1 DAGs
[2025-07-28T13:53:22.104-0300] {logging_mixin.py:188} INFO - [2025-07-28T13:53:22.101-0300] {dag.py:3954} INFO - Setting next_dagrun for example_complex to None, run_after=None
[2025-07-28T13:53:22.308-0300] {processor.py:183} INFO - Processing /mnt/c/Users/Usuario/Downloads/Automações/Climate-AgriTech-MLOps/.venv/lib/python3.12/site-packages/airflow/example_dags/example_complex.py took 0.516 seconds
[2025-07-28T13:56:21.357-0300] {processor.py:161} INFO - Started process (PID=9093) to work on /mnt/c/Users/Usuario/Downloads/Automações/Climate-AgriTech-MLOps/.venv/lib/python3.12/site-packages/airflow/example_dags/example_complex.py
[2025-07-28T13:56:21.359-0300] {processor.py:830} INFO - Processing file /mnt/c/Users/Usuario/Downloads/Automações/Climate-AgriTech-MLOps/.venv/lib/python3.12/site-packages/airflow/example_dags/example_complex.py for tasks to queue
[2025-07-28T13:56:21.362-0300] {logging_mixin.py:188} INFO - [2025-07-28T13:56:21.361-0300] {dagbag.py:545} INFO - Filling up the DagBag from /mnt/c/Users/Usuario/Downloads/Automações/Climate-AgriTech-MLOps/.venv/lib/python3.12/site-packages/airflow/example_dags/example_complex.py
[2025-07-28T13:56:21.389-0300] {processor.py:840} INFO - DAG(s) 'example_complex' retrieved from /mnt/c/Users/Usuario/Downloads/Automações/Climate-AgriTech-MLOps/.venv/lib/python3.12/site-packages/airflow/example_dags/example_complex.py
[2025-07-28T13:56:21.439-0300] {logging_mixin.py:188} INFO - [2025-07-28T13:56:21.437-0300] {dag.py:3096} INFO - Sync 1 DAGs
[2025-07-28T13:56:21.455-0300] {logging_mixin.py:188} INFO - [2025-07-28T13:56:21.454-0300] {dag.py:3954} INFO - Setting next_dagrun for example_complex to None, run_after=None
[2025-07-28T13:56:21.541-0300] {processor.py:183} INFO - Processing /mnt/c/Users/Usuario/Downloads/Automações/Climate-AgriTech-MLOps/.venv/lib/python3.12/site-packages/airflow/example_dags/example_complex.py took 0.201 seconds
[2025-07-28T13:58:00.196-0300] {processor.py:161} INFO - Started process (PID=9181) to work on /mnt/c/Users/Usuario/Downloads/Automações/Climate-AgriTech-MLOps/.venv/lib/python3.12/site-packages/airflow/example_dags/example_complex.py
[2025-07-28T13:58:00.199-0300] {processor.py:830} INFO - Processing file /mnt/c/Users/Usuario/Downloads/Automações/Climate-AgriTech-MLOps/.venv/lib/python3.12/site-packages/airflow/example_dags/example_complex.py for tasks to queue
[2025-07-28T13:58:00.203-0300] {logging_mixin.py:188} INFO - [2025-07-28T13:58:00.201-0300] {dagbag.py:545} INFO - Filling up the DagBag from /mnt/c/Users/Usuario/Downloads/Automações/Climate-AgriTech-MLOps/.venv/lib/python3.12/site-packages/airflow/example_dags/example_complex.py
[2025-07-28T13:58:00.232-0300] {processor.py:840} INFO - DAG(s) 'example_complex' retrieved from /mnt/c/Users/Usuario/Downloads/Automações/Climate-AgriTech-MLOps/.venv/lib/python3.12/site-packages/airflow/example_dags/example_complex.py
[2025-07-28T13:58:00.285-0300] {logging_mixin.py:188} INFO - [2025-07-28T13:58:00.283-0300] {dag.py:3096} INFO - Sync 1 DAGs
[2025-07-28T13:58:00.310-0300] {logging_mixin.py:188} INFO - [2025-07-28T13:58:00.308-0300] {dag.py:3954} INFO - Setting next_dagrun for example_complex to None, run_after=None
[2025-07-28T13:58:00.408-0300] {processor.py:183} INFO - Processing /mnt/c/Users/Usuario/Downloads/Automações/Climate-AgriTech-MLOps/.venv/lib/python3.12/site-packages/airflow/example_dags/example_complex.py took 0.229 seconds
[2025-07-28T14:00:12.563-0300] {processor.py:161} INFO - Started process (PID=9276) to work on /mnt/c/Users/Usuario/Downloads/Automações/Climate-AgriTech-MLOps/.venv/lib/python3.12/site-packages/airflow/example_dags/example_complex.py
[2025-07-28T14:00:12.566-0300] {processor.py:830} INFO - Processing file /mnt/c/Users/Usuario/Downloads/Automações/Climate-AgriTech-MLOps/.venv/lib/python3.12/site-packages/airflow/example_dags/example_complex.py for tasks to queue
[2025-07-28T14:00:12.570-0300] {logging_mixin.py:188} INFO - [2025-07-28T14:00:12.568-0300] {dagbag.py:545} INFO - Filling up the DagBag from /mnt/c/Users/Usuario/Downloads/Automações/Climate-AgriTech-MLOps/.venv/lib/python3.12/site-packages/airflow/example_dags/example_complex.py
[2025-07-28T14:00:12.600-0300] {processor.py:840} INFO - DAG(s) 'example_complex' retrieved from /mnt/c/Users/Usuario/Downloads/Automações/Climate-AgriTech-MLOps/.venv/lib/python3.12/site-packages/airflow/example_dags/example_complex.py
[2025-07-28T14:00:12.654-0300] {logging_mixin.py:188} INFO - [2025-07-28T14:00:12.652-0300] {dag.py:3096} INFO - Sync 1 DAGs
[2025-07-28T14:00:12.672-0300] {logging_mixin.py:188} INFO - [2025-07-28T14:00:12.671-0300] {dag.py:3954} INFO - Setting next_dagrun for example_complex to None, run_after=None
[2025-07-28T14:00:12.761-0300] {processor.py:183} INFO - Processing /mnt/c/Users/Usuario/Downloads/Automações/Climate-AgriTech-MLOps/.venv/lib/python3.12/site-packages/airflow/example_dags/example_complex.py took 0.216 seconds
[2025-07-28T14:01:45.525-0300] {processor.py:161} INFO - Started process (PID=9358) to work on /mnt/c/Users/Usuario/Downloads/Automações/Climate-AgriTech-MLOps/.venv/lib/python3.12/site-packages/airflow/example_dags/example_complex.py
[2025-07-28T14:01:45.527-0300] {processor.py:830} INFO - Processing file /mnt/c/Users/Usuario/Downloads/Automações/Climate-AgriTech-MLOps/.venv/lib/python3.12/site-packages/airflow/example_dags/example_complex.py for tasks to queue
[2025-07-28T14:01:45.531-0300] {logging_mixin.py:188} INFO - [2025-07-28T14:01:45.529-0300] {dagbag.py:545} INFO - Filling up the DagBag from /mnt/c/Users/Usuario/Downloads/Automações/Climate-AgriTech-MLOps/.venv/lib/python3.12/site-packages/airflow/example_dags/example_complex.py
[2025-07-28T14:01:45.558-0300] {processor.py:840} INFO - DAG(s) 'example_complex' retrieved from /mnt/c/Users/Usuario/Downloads/Automações/Climate-AgriTech-MLOps/.venv/lib/python3.12/site-packages/airflow/example_dags/example_complex.py
[2025-07-28T14:01:45.609-0300] {logging_mixin.py:188} INFO - [2025-07-28T14:01:45.608-0300] {dag.py:3096} INFO - Sync 1 DAGs
[2025-07-28T14:01:45.626-0300] {logging_mixin.py:188} INFO - [2025-07-28T14:01:45.624-0300] {dag.py:3954} INFO - Setting next_dagrun for example_complex to None, run_after=None
[2025-07-28T14:01:45.725-0300] {processor.py:183} INFO - Processing /mnt/c/Users/Usuario/Downloads/Automações/Climate-AgriTech-MLOps/.venv/lib/python3.12/site-packages/airflow/example_dags/example_complex.py took 0.215 seconds
