[2025-07-28T12:49:44.804-0300] {processor.py:161} INFO - Started process (PID=8027) to work on /mnt/c/Users/Usuario/Downloads/Automações/Climate-AgriTech-MLOps/.venv/lib/python3.12/site-packages/airflow/example_dags/example_skip_dag.py
[2025-07-28T12:49:44.811-0300] {processor.py:830} INFO - Processing file /mnt/c/Users/Usuario/Downloads/Automações/Climate-AgriTech-MLOps/.venv/lib/python3.12/site-packages/airflow/example_dags/example_skip_dag.py for tasks to queue
[2025-07-28T12:49:44.823-0300] {logging_mixin.py:188} INFO - [2025-07-28T12:49:44.820-0300] {dagbag.py:545} INFO - Filling up the DagBag from /mnt/c/Users/Usuario/Downloads/Automações/Climate-AgriTech-MLOps/.venv/lib/python3.12/site-packages/airflow/example_dags/example_skip_dag.py
[2025-07-28T12:49:44.906-0300] {processor.py:840} INFO - DAG(s) 'example_skip_dag' retrieved from /mnt/c/Users/Usuario/Downloads/Automações/Climate-AgriTech-MLOps/.venv/lib/python3.12/site-packages/airflow/example_dags/example_skip_dag.py
[2025-07-28T12:49:48.717-0300] {logging_mixin.py:188} INFO - [2025-07-28T12:49:48.714-0300] {override.py:1829} INFO - Created Permission View: can read on DAG:example_skip_dag
[2025-07-28T12:49:48.817-0300] {logging_mixin.py:188} INFO - [2025-07-28T12:49:48.814-0300] {override.py:1829} INFO - Created Permission View: can edit on DAG:example_skip_dag
[2025-07-28T12:49:48.912-0300] {logging_mixin.py:188} INFO - [2025-07-28T12:49:48.909-0300] {override.py:1829} INFO - Created Permission View: can delete on DAG:example_skip_dag
[2025-07-28T12:49:48.918-0300] {logging_mixin.py:188} INFO - [2025-07-28T12:49:48.915-0300] {dag.py:3096} INFO - Sync 1 DAGs
[2025-07-28T12:49:48.967-0300] {logging_mixin.py:188} INFO - [2025-07-28T12:49:48.965-0300] {dag.py:3118} INFO - Creating ORM DAG for example_skip_dag
[2025-07-28T12:49:49.016-0300] {logging_mixin.py:188} INFO - [2025-07-28T12:49:49.013-0300] {dag.py:3954} INFO - Setting next_dagrun for example_skip_dag to 2025-07-27 00:00:00+00:00, run_after=2025-07-28 00:00:00+00:00
[2025-07-28T12:49:49.196-0300] {processor.py:183} INFO - Processing /mnt/c/Users/Usuario/Downloads/Automações/Climate-AgriTech-MLOps/.venv/lib/python3.12/site-packages/airflow/example_dags/example_skip_dag.py took 4.426 seconds
[2025-07-28T13:09:07.605-0300] {processor.py:161} INFO - Started process (PID=8657) to work on /mnt/c/Users/Usuario/Downloads/Automações/Climate-AgriTech-MLOps/.venv/lib/python3.12/site-packages/airflow/example_dags/example_skip_dag.py
[2025-07-28T13:09:07.612-0300] {processor.py:830} INFO - Processing file /mnt/c/Users/Usuario/Downloads/Automações/Climate-AgriTech-MLOps/.venv/lib/python3.12/site-packages/airflow/example_dags/example_skip_dag.py for tasks to queue
[2025-07-28T13:09:07.621-0300] {logging_mixin.py:188} INFO - [2025-07-28T13:09:07.617-0300] {dagbag.py:545} INFO - Filling up the DagBag from /mnt/c/Users/Usuario/Downloads/Automações/Climate-AgriTech-MLOps/.venv/lib/python3.12/site-packages/airflow/example_dags/example_skip_dag.py
[2025-07-28T13:09:07.710-0300] {processor.py:840} INFO - DAG(s) 'example_skip_dag' retrieved from /mnt/c/Users/Usuario/Downloads/Automações/Climate-AgriTech-MLOps/.venv/lib/python3.12/site-packages/airflow/example_dags/example_skip_dag.py
[2025-07-28T13:09:11.014-0300] {logging_mixin.py:188} INFO - [2025-07-28T13:09:11.011-0300] {dag.py:3096} INFO - Sync 1 DAGs
[2025-07-28T13:09:11.077-0300] {logging_mixin.py:188} INFO - [2025-07-28T13:09:11.074-0300] {dag.py:3954} INFO - Setting next_dagrun for example_skip_dag to 2025-07-27 00:00:00+00:00, run_after=2025-07-28 00:00:00+00:00
[2025-07-28T13:09:11.272-0300] {processor.py:183} INFO - Processing /mnt/c/Users/Usuario/Downloads/Automações/Climate-AgriTech-MLOps/.venv/lib/python3.12/site-packages/airflow/example_dags/example_skip_dag.py took 3.709 seconds
[2025-07-28T13:46:23.106-0300] {processor.py:161} INFO - Started process (PID=8742) to work on /mnt/c/Users/Usuario/Downloads/Automações/Climate-AgriTech-MLOps/.venv/lib/python3.12/site-packages/airflow/example_dags/example_skip_dag.py
[2025-07-28T13:46:23.109-0300] {processor.py:830} INFO - Processing file /mnt/c/Users/Usuario/Downloads/Automações/Climate-AgriTech-MLOps/.venv/lib/python3.12/site-packages/airflow/example_dags/example_skip_dag.py for tasks to queue
[2025-07-28T13:46:23.112-0300] {logging_mixin.py:188} INFO - [2025-07-28T13:46:23.111-0300] {dagbag.py:545} INFO - Filling up the DagBag from /mnt/c/Users/Usuario/Downloads/Automações/Climate-AgriTech-MLOps/.venv/lib/python3.12/site-packages/airflow/example_dags/example_skip_dag.py
[2025-07-28T13:46:23.143-0300] {processor.py:840} INFO - DAG(s) 'example_skip_dag' retrieved from /mnt/c/Users/Usuario/Downloads/Automações/Climate-AgriTech-MLOps/.venv/lib/python3.12/site-packages/airflow/example_dags/example_skip_dag.py
[2025-07-28T13:46:23.185-0300] {logging_mixin.py:188} INFO - [2025-07-28T13:46:23.184-0300] {dag.py:3096} INFO - Sync 1 DAGs
[2025-07-28T13:46:23.220-0300] {logging_mixin.py:188} INFO - [2025-07-28T13:46:23.218-0300] {dag.py:3954} INFO - Setting next_dagrun for example_skip_dag to 2025-07-27 00:00:00+00:00, run_after=2025-07-28 00:00:00+00:00
[2025-07-28T13:46:23.326-0300] {processor.py:183} INFO - Processing /mnt/c/Users/Usuario/Downloads/Automações/Climate-AgriTech-MLOps/.venv/lib/python3.12/site-packages/airflow/example_dags/example_skip_dag.py took 0.237 seconds
[2025-07-28T13:48:00.754-0300] {processor.py:161} INFO - Started process (PID=8793) to work on /mnt/c/Users/Usuario/Downloads/Automações/Climate-AgriTech-MLOps/.venv/lib/python3.12/site-packages/airflow/example_dags/example_skip_dag.py
[2025-07-28T13:48:00.759-0300] {processor.py:830} INFO - Processing file /mnt/c/Users/Usuario/Downloads/Automações/Climate-AgriTech-MLOps/.venv/lib/python3.12/site-packages/airflow/example_dags/example_skip_dag.py for tasks to queue
[2025-07-28T13:48:00.767-0300] {logging_mixin.py:188} INFO - [2025-07-28T13:48:00.763-0300] {dagbag.py:545} INFO - Filling up the DagBag from /mnt/c/Users/Usuario/Downloads/Automações/Climate-AgriTech-MLOps/.venv/lib/python3.12/site-packages/airflow/example_dags/example_skip_dag.py
[2025-07-28T13:48:00.825-0300] {processor.py:840} INFO - DAG(s) 'example_skip_dag' retrieved from /mnt/c/Users/Usuario/Downloads/Automações/Climate-AgriTech-MLOps/.venv/lib/python3.12/site-packages/airflow/example_dags/example_skip_dag.py
[2025-07-28T13:48:00.907-0300] {logging_mixin.py:188} INFO - [2025-07-28T13:48:00.904-0300] {dag.py:3096} INFO - Sync 1 DAGs
[2025-07-28T13:48:01.202-0300] {logging_mixin.py:188} INFO - [2025-07-28T13:48:01.200-0300] {dag.py:3954} INFO - Setting next_dagrun for example_skip_dag to 2025-07-27 00:00:00+00:00, run_after=2025-07-28 00:00:00+00:00
[2025-07-28T13:48:01.362-0300] {processor.py:183} INFO - Processing /mnt/c/Users/Usuario/Downloads/Automações/Climate-AgriTech-MLOps/.venv/lib/python3.12/site-packages/airflow/example_dags/example_skip_dag.py took 0.644 seconds
[2025-07-28T13:49:33.985-0300] {processor.py:161} INFO - Started process (PID=8843) to work on /mnt/c/Users/Usuario/Downloads/Automações/Climate-AgriTech-MLOps/.venv/lib/python3.12/site-packages/airflow/example_dags/example_skip_dag.py
[2025-07-28T13:49:33.990-0300] {processor.py:830} INFO - Processing file /mnt/c/Users/Usuario/Downloads/Automações/Climate-AgriTech-MLOps/.venv/lib/python3.12/site-packages/airflow/example_dags/example_skip_dag.py for tasks to queue
[2025-07-28T13:49:33.997-0300] {logging_mixin.py:188} INFO - [2025-07-28T13:49:33.994-0300] {dagbag.py:545} INFO - Filling up the DagBag from /mnt/c/Users/Usuario/Downloads/Automações/Climate-AgriTech-MLOps/.venv/lib/python3.12/site-packages/airflow/example_dags/example_skip_dag.py
[2025-07-28T13:49:34.058-0300] {processor.py:840} INFO - DAG(s) 'example_skip_dag' retrieved from /mnt/c/Users/Usuario/Downloads/Automações/Climate-AgriTech-MLOps/.venv/lib/python3.12/site-packages/airflow/example_dags/example_skip_dag.py
[2025-07-28T13:49:34.143-0300] {logging_mixin.py:188} INFO - [2025-07-28T13:49:34.141-0300] {dag.py:3096} INFO - Sync 1 DAGs
[2025-07-28T13:49:34.209-0300] {logging_mixin.py:188} INFO - [2025-07-28T13:49:34.207-0300] {dag.py:3954} INFO - Setting next_dagrun for example_skip_dag to 2025-07-27 00:00:00+00:00, run_after=2025-07-28 00:00:00+00:00
[2025-07-28T13:49:34.395-0300] {processor.py:183} INFO - Processing /mnt/c/Users/Usuario/Downloads/Automações/Climate-AgriTech-MLOps/.venv/lib/python3.12/site-packages/airflow/example_dags/example_skip_dag.py took 0.443 seconds
[2025-07-28T13:51:03.463-0300] {processor.py:161} INFO - Started process (PID=8897) to work on /mnt/c/Users/Usuario/Downloads/Automações/Climate-AgriTech-MLOps/.venv/lib/python3.12/site-packages/airflow/example_dags/example_skip_dag.py
[2025-07-28T13:51:03.468-0300] {processor.py:830} INFO - Processing file /mnt/c/Users/Usuario/Downloads/Automações/Climate-AgriTech-MLOps/.venv/lib/python3.12/site-packages/airflow/example_dags/example_skip_dag.py for tasks to queue
[2025-07-28T13:51:03.478-0300] {logging_mixin.py:188} INFO - [2025-07-28T13:51:03.473-0300] {dagbag.py:545} INFO - Filling up the DagBag from /mnt/c/Users/Usuario/Downloads/Automações/Climate-AgriTech-MLOps/.venv/lib/python3.12/site-packages/airflow/example_dags/example_skip_dag.py
[2025-07-28T13:51:03.550-0300] {processor.py:840} INFO - DAG(s) 'example_skip_dag' retrieved from /mnt/c/Users/Usuario/Downloads/Automações/Climate-AgriTech-MLOps/.venv/lib/python3.12/site-packages/airflow/example_dags/example_skip_dag.py
[2025-07-28T13:51:03.626-0300] {logging_mixin.py:188} INFO - [2025-07-28T13:51:03.624-0300] {dag.py:3096} INFO - Sync 1 DAGs
[2025-07-28T13:51:03.690-0300] {logging_mixin.py:188} INFO - [2025-07-28T13:51:03.687-0300] {dag.py:3954} INFO - Setting next_dagrun for example_skip_dag to 2025-07-27 00:00:00+00:00, run_after=2025-07-28 00:00:00+00:00
[2025-07-28T13:51:03.870-0300] {processor.py:183} INFO - Processing /mnt/c/Users/Usuario/Downloads/Automações/Climate-AgriTech-MLOps/.venv/lib/python3.12/site-packages/airflow/example_dags/example_skip_dag.py took 0.443 seconds
[2025-07-28T13:52:38.261-0300] {processor.py:161} INFO - Started process (PID=8964) to work on /mnt/c/Users/Usuario/Downloads/Automações/Climate-AgriTech-MLOps/.venv/lib/python3.12/site-packages/airflow/example_dags/example_skip_dag.py
[2025-07-28T13:52:38.268-0300] {processor.py:830} INFO - Processing file /mnt/c/Users/Usuario/Downloads/Automações/Climate-AgriTech-MLOps/.venv/lib/python3.12/site-packages/airflow/example_dags/example_skip_dag.py for tasks to queue
[2025-07-28T13:52:38.281-0300] {logging_mixin.py:188} INFO - [2025-07-28T13:52:38.277-0300] {dagbag.py:545} INFO - Filling up the DagBag from /mnt/c/Users/Usuario/Downloads/Automações/Climate-AgriTech-MLOps/.venv/lib/python3.12/site-packages/airflow/example_dags/example_skip_dag.py
[2025-07-28T13:52:38.356-0300] {processor.py:840} INFO - DAG(s) 'example_skip_dag' retrieved from /mnt/c/Users/Usuario/Downloads/Automações/Climate-AgriTech-MLOps/.venv/lib/python3.12/site-packages/airflow/example_dags/example_skip_dag.py
[2025-07-28T13:52:38.432-0300] {logging_mixin.py:188} INFO - [2025-07-28T13:52:38.430-0300] {dag.py:3096} INFO - Sync 1 DAGs
[2025-07-28T13:52:38.499-0300] {logging_mixin.py:188} INFO - [2025-07-28T13:52:38.496-0300] {dag.py:3954} INFO - Setting next_dagrun for example_skip_dag to 2025-07-27 00:00:00+00:00, run_after=2025-07-28 00:00:00+00:00
[2025-07-28T13:52:38.700-0300] {processor.py:183} INFO - Processing /mnt/c/Users/Usuario/Downloads/Automações/Climate-AgriTech-MLOps/.venv/lib/python3.12/site-packages/airflow/example_dags/example_skip_dag.py took 0.479 seconds
[2025-07-28T13:54:11.066-0300] {processor.py:161} INFO - Started process (PID=9012) to work on /mnt/c/Users/Usuario/Downloads/Automações/Climate-AgriTech-MLOps/.venv/lib/python3.12/site-packages/airflow/example_dags/example_skip_dag.py
[2025-07-28T13:54:11.073-0300] {processor.py:830} INFO - Processing file /mnt/c/Users/Usuario/Downloads/Automações/Climate-AgriTech-MLOps/.venv/lib/python3.12/site-packages/airflow/example_dags/example_skip_dag.py for tasks to queue
[2025-07-28T13:54:11.081-0300] {logging_mixin.py:188} INFO - [2025-07-28T13:54:11.077-0300] {dagbag.py:545} INFO - Filling up the DagBag from /mnt/c/Users/Usuario/Downloads/Automações/Climate-AgriTech-MLOps/.venv/lib/python3.12/site-packages/airflow/example_dags/example_skip_dag.py
[2025-07-28T13:54:11.167-0300] {processor.py:840} INFO - DAG(s) 'example_skip_dag' retrieved from /mnt/c/Users/Usuario/Downloads/Automações/Climate-AgriTech-MLOps/.venv/lib/python3.12/site-packages/airflow/example_dags/example_skip_dag.py
[2025-07-28T13:54:11.261-0300] {logging_mixin.py:188} INFO - [2025-07-28T13:54:11.257-0300] {dag.py:3096} INFO - Sync 1 DAGs
[2025-07-28T13:54:11.346-0300] {logging_mixin.py:188} INFO - [2025-07-28T13:54:11.343-0300] {dag.py:3954} INFO - Setting next_dagrun for example_skip_dag to 2025-07-27 00:00:00+00:00, run_after=2025-07-28 00:00:00+00:00
[2025-07-28T13:54:11.580-0300] {processor.py:183} INFO - Processing /mnt/c/Users/Usuario/Downloads/Automações/Climate-AgriTech-MLOps/.venv/lib/python3.12/site-packages/airflow/example_dags/example_skip_dag.py took 0.560 seconds
[2025-07-28T13:55:46.622-0300] {processor.py:161} INFO - Started process (PID=9069) to work on /mnt/c/Users/Usuario/Downloads/Automações/Climate-AgriTech-MLOps/.venv/lib/python3.12/site-packages/airflow/example_dags/example_skip_dag.py
[2025-07-28T13:55:46.629-0300] {processor.py:830} INFO - Processing file /mnt/c/Users/Usuario/Downloads/Automações/Climate-AgriTech-MLOps/.venv/lib/python3.12/site-packages/airflow/example_dags/example_skip_dag.py for tasks to queue
[2025-07-28T13:55:46.638-0300] {logging_mixin.py:188} INFO - [2025-07-28T13:55:46.633-0300] {dagbag.py:545} INFO - Filling up the DagBag from /mnt/c/Users/Usuario/Downloads/Automações/Climate-AgriTech-MLOps/.venv/lib/python3.12/site-packages/airflow/example_dags/example_skip_dag.py
[2025-07-28T13:55:46.724-0300] {processor.py:840} INFO - DAG(s) 'example_skip_dag' retrieved from /mnt/c/Users/Usuario/Downloads/Automações/Climate-AgriTech-MLOps/.venv/lib/python3.12/site-packages/airflow/example_dags/example_skip_dag.py
[2025-07-28T13:55:46.822-0300] {logging_mixin.py:188} INFO - [2025-07-28T13:55:46.818-0300] {dag.py:3096} INFO - Sync 1 DAGs
[2025-07-28T13:55:46.916-0300] {logging_mixin.py:188} INFO - [2025-07-28T13:55:46.912-0300] {dag.py:3954} INFO - Setting next_dagrun for example_skip_dag to 2025-07-27 00:00:00+00:00, run_after=2025-07-28 00:00:00+00:00
[2025-07-28T13:55:47.127-0300] {processor.py:183} INFO - Processing /mnt/c/Users/Usuario/Downloads/Automações/Climate-AgriTech-MLOps/.venv/lib/python3.12/site-packages/airflow/example_dags/example_skip_dag.py took 0.550 seconds
[2025-07-28T13:56:53.729-0300] {processor.py:161} INFO - Started process (PID=9123) to work on /mnt/c/Users/Usuario/Downloads/Automações/Climate-AgriTech-MLOps/.venv/lib/python3.12/site-packages/airflow/example_dags/example_skip_dag.py
[2025-07-28T13:56:53.732-0300] {processor.py:830} INFO - Processing file /mnt/c/Users/Usuario/Downloads/Automações/Climate-AgriTech-MLOps/.venv/lib/python3.12/site-packages/airflow/example_dags/example_skip_dag.py for tasks to queue
[2025-07-28T13:56:53.735-0300] {logging_mixin.py:188} INFO - [2025-07-28T13:56:53.733-0300] {dagbag.py:545} INFO - Filling up the DagBag from /mnt/c/Users/Usuario/Downloads/Automações/Climate-AgriTech-MLOps/.venv/lib/python3.12/site-packages/airflow/example_dags/example_skip_dag.py
[2025-07-28T13:56:53.760-0300] {processor.py:840} INFO - DAG(s) 'example_skip_dag' retrieved from /mnt/c/Users/Usuario/Downloads/Automações/Climate-AgriTech-MLOps/.venv/lib/python3.12/site-packages/airflow/example_dags/example_skip_dag.py
[2025-07-28T13:56:53.802-0300] {logging_mixin.py:188} INFO - [2025-07-28T13:56:53.801-0300] {dag.py:3096} INFO - Sync 1 DAGs
[2025-07-28T13:56:53.838-0300] {logging_mixin.py:188} INFO - [2025-07-28T13:56:53.837-0300] {dag.py:3954} INFO - Setting next_dagrun for example_skip_dag to 2025-07-27 00:00:00+00:00, run_after=2025-07-28 00:00:00+00:00
[2025-07-28T13:56:53.934-0300] {processor.py:183} INFO - Processing /mnt/c/Users/Usuario/Downloads/Automações/Climate-AgriTech-MLOps/.venv/lib/python3.12/site-packages/airflow/example_dags/example_skip_dag.py took 0.221 seconds
[2025-07-28T13:58:28.108-0300] {processor.py:161} INFO - Started process (PID=9206) to work on /mnt/c/Users/Usuario/Downloads/Automações/Climate-AgriTech-MLOps/.venv/lib/python3.12/site-packages/airflow/example_dags/example_skip_dag.py
[2025-07-28T13:58:28.115-0300] {processor.py:830} INFO - Processing file /mnt/c/Users/Usuario/Downloads/Automações/Climate-AgriTech-MLOps/.venv/lib/python3.12/site-packages/airflow/example_dags/example_skip_dag.py for tasks to queue
[2025-07-28T13:58:28.123-0300] {logging_mixin.py:188} INFO - [2025-07-28T13:58:28.119-0300] {dagbag.py:545} INFO - Filling up the DagBag from /mnt/c/Users/Usuario/Downloads/Automações/Climate-AgriTech-MLOps/.venv/lib/python3.12/site-packages/airflow/example_dags/example_skip_dag.py
[2025-07-28T13:58:28.198-0300] {processor.py:840} INFO - DAG(s) 'example_skip_dag' retrieved from /mnt/c/Users/Usuario/Downloads/Automações/Climate-AgriTech-MLOps/.venv/lib/python3.12/site-packages/airflow/example_dags/example_skip_dag.py
[2025-07-28T13:58:28.290-0300] {logging_mixin.py:188} INFO - [2025-07-28T13:58:28.286-0300] {dag.py:3096} INFO - Sync 1 DAGs
[2025-07-28T13:58:28.381-0300] {logging_mixin.py:188} INFO - [2025-07-28T13:58:28.378-0300] {dag.py:3954} INFO - Setting next_dagrun for example_skip_dag to 2025-07-27 00:00:00+00:00, run_after=2025-07-28 00:00:00+00:00
[2025-07-28T13:58:28.589-0300] {processor.py:183} INFO - Processing /mnt/c/Users/Usuario/Downloads/Automações/Climate-AgriTech-MLOps/.venv/lib/python3.12/site-packages/airflow/example_dags/example_skip_dag.py took 0.523 seconds
[2025-07-28T13:59:44.707-0300] {processor.py:161} INFO - Started process (PID=9253) to work on /mnt/c/Users/Usuario/Downloads/Automações/Climate-AgriTech-MLOps/.venv/lib/python3.12/site-packages/airflow/example_dags/example_skip_dag.py
[2025-07-28T13:59:44.709-0300] {processor.py:830} INFO - Processing file /mnt/c/Users/Usuario/Downloads/Automações/Climate-AgriTech-MLOps/.venv/lib/python3.12/site-packages/airflow/example_dags/example_skip_dag.py for tasks to queue
[2025-07-28T13:59:44.712-0300] {logging_mixin.py:188} INFO - [2025-07-28T13:59:44.711-0300] {dagbag.py:545} INFO - Filling up the DagBag from /mnt/c/Users/Usuario/Downloads/Automações/Climate-AgriTech-MLOps/.venv/lib/python3.12/site-packages/airflow/example_dags/example_skip_dag.py
[2025-07-28T13:59:44.737-0300] {processor.py:840} INFO - DAG(s) 'example_skip_dag' retrieved from /mnt/c/Users/Usuario/Downloads/Automações/Climate-AgriTech-MLOps/.venv/lib/python3.12/site-packages/airflow/example_dags/example_skip_dag.py
[2025-07-28T13:59:44.780-0300] {logging_mixin.py:188} INFO - [2025-07-28T13:59:44.779-0300] {dag.py:3096} INFO - Sync 1 DAGs
[2025-07-28T13:59:44.817-0300] {logging_mixin.py:188} INFO - [2025-07-28T13:59:44.816-0300] {dag.py:3954} INFO - Setting next_dagrun for example_skip_dag to 2025-07-27 00:00:00+00:00, run_after=2025-07-28 00:00:00+00:00
[2025-07-28T13:59:44.912-0300] {processor.py:183} INFO - Processing /mnt/c/Users/Usuario/Downloads/Automações/Climate-AgriTech-MLOps/.venv/lib/python3.12/site-packages/airflow/example_dags/example_skip_dag.py took 0.220 seconds
[2025-07-28T14:00:42.812-0300] {processor.py:161} INFO - Started process (PID=9305) to work on /mnt/c/Users/Usuario/Downloads/Automações/Climate-AgriTech-MLOps/.venv/lib/python3.12/site-packages/airflow/example_dags/example_skip_dag.py
[2025-07-28T14:00:42.814-0300] {processor.py:830} INFO - Processing file /mnt/c/Users/Usuario/Downloads/Automações/Climate-AgriTech-MLOps/.venv/lib/python3.12/site-packages/airflow/example_dags/example_skip_dag.py for tasks to queue
[2025-07-28T14:00:42.818-0300] {logging_mixin.py:188} INFO - [2025-07-28T14:00:42.816-0300] {dagbag.py:545} INFO - Filling up the DagBag from /mnt/c/Users/Usuario/Downloads/Automações/Climate-AgriTech-MLOps/.venv/lib/python3.12/site-packages/airflow/example_dags/example_skip_dag.py
[2025-07-28T14:00:42.848-0300] {processor.py:840} INFO - DAG(s) 'example_skip_dag' retrieved from /mnt/c/Users/Usuario/Downloads/Automações/Climate-AgriTech-MLOps/.venv/lib/python3.12/site-packages/airflow/example_dags/example_skip_dag.py
[2025-07-28T14:00:42.887-0300] {logging_mixin.py:188} INFO - [2025-07-28T14:00:42.886-0300] {dag.py:3096} INFO - Sync 1 DAGs
[2025-07-28T14:00:42.923-0300] {logging_mixin.py:188} INFO - [2025-07-28T14:00:42.922-0300] {dag.py:3954} INFO - Setting next_dagrun for example_skip_dag to 2025-07-27 00:00:00+00:00, run_after=2025-07-28 00:00:00+00:00
[2025-07-28T14:00:43.021-0300] {processor.py:183} INFO - Processing /mnt/c/Users/Usuario/Downloads/Automações/Climate-AgriTech-MLOps/.venv/lib/python3.12/site-packages/airflow/example_dags/example_skip_dag.py took 0.226 seconds
