[2025-07-28T12:50:25.957-0300] {processor.py:161} INFO - Started process (PID=8044) to work on /mnt/c/Users/Usuario/Downloads/Automações/Climate-AgriTech-MLOps/.venv/lib/python3.12/site-packages/airflow/example_dags/example_python_operator.py
[2025-07-28T12:50:25.962-0300] {processor.py:830} INFO - Processing file /mnt/c/Users/Usuario/Downloads/Automações/Climate-AgriTech-MLOps/.venv/lib/python3.12/site-packages/airflow/example_dags/example_python_operator.py for tasks to queue
[2025-07-28T12:50:25.974-0300] {logging_mixin.py:188} INFO - [2025-07-28T12:50:25.970-0300] {dagbag.py:545} INFO - Filling up the DagBag from /mnt/c/Users/Usuario/Downloads/Automações/Climate-AgriTech-MLOps/.venv/lib/python3.12/site-packages/airflow/example_dags/example_python_operator.py
[2025-07-28T12:50:26.100-0300] {processor.py:840} INFO - DAG(s) 'example_python_operator' retrieved from /mnt/c/Users/Usuario/Downloads/Automações/Climate-AgriTech-MLOps/.venv/lib/python3.12/site-packages/airflow/example_dags/example_python_operator.py
[2025-07-28T12:50:29.533-0300] {logging_mixin.py:188} INFO - [2025-07-28T12:50:29.530-0300] {override.py:1829} INFO - Created Permission View: can read on DAG:example_python_operator
[2025-07-28T12:50:29.629-0300] {logging_mixin.py:188} INFO - [2025-07-28T12:50:29.626-0300] {override.py:1829} INFO - Created Permission View: can edit on DAG:example_python_operator
[2025-07-28T12:50:29.717-0300] {logging_mixin.py:188} INFO - [2025-07-28T12:50:29.714-0300] {override.py:1829} INFO - Created Permission View: can delete on DAG:example_python_operator
[2025-07-28T12:50:29.723-0300] {logging_mixin.py:188} INFO - [2025-07-28T12:50:29.720-0300] {dag.py:3096} INFO - Sync 1 DAGs
[2025-07-28T12:50:29.781-0300] {logging_mixin.py:188} INFO - [2025-07-28T12:50:29.778-0300] {dag.py:3118} INFO - Creating ORM DAG for example_python_operator
[2025-07-28T12:50:29.789-0300] {logging_mixin.py:188} INFO - [2025-07-28T12:50:29.786-0300] {dag.py:3954} INFO - Setting next_dagrun for example_python_operator to None, run_after=None
[2025-07-28T12:50:30.004-0300] {processor.py:183} INFO - Processing /mnt/c/Users/Usuario/Downloads/Automações/Climate-AgriTech-MLOps/.venv/lib/python3.12/site-packages/airflow/example_dags/example_python_operator.py took 4.088 seconds
[2025-07-28T13:09:45.672-0300] {processor.py:161} INFO - Started process (PID=8670) to work on /mnt/c/Users/Usuario/Downloads/Automações/Climate-AgriTech-MLOps/.venv/lib/python3.12/site-packages/airflow/example_dags/example_python_operator.py
[2025-07-28T13:09:45.678-0300] {processor.py:830} INFO - Processing file /mnt/c/Users/Usuario/Downloads/Automações/Climate-AgriTech-MLOps/.venv/lib/python3.12/site-packages/airflow/example_dags/example_python_operator.py for tasks to queue
[2025-07-28T13:09:45.685-0300] {logging_mixin.py:188} INFO - [2025-07-28T13:09:45.682-0300] {dagbag.py:545} INFO - Filling up the DagBag from /mnt/c/Users/Usuario/Downloads/Automações/Climate-AgriTech-MLOps/.venv/lib/python3.12/site-packages/airflow/example_dags/example_python_operator.py
[2025-07-28T13:09:45.785-0300] {processor.py:840} INFO - DAG(s) 'example_python_operator' retrieved from /mnt/c/Users/Usuario/Downloads/Automações/Climate-AgriTech-MLOps/.venv/lib/python3.12/site-packages/airflow/example_dags/example_python_operator.py
[2025-07-28T13:09:49.286-0300] {logging_mixin.py:188} INFO - [2025-07-28T13:09:49.283-0300] {dag.py:3096} INFO - Sync 1 DAGs
[2025-07-28T13:09:49.319-0300] {logging_mixin.py:188} INFO - [2025-07-28T13:09:49.316-0300] {dag.py:3954} INFO - Setting next_dagrun for example_python_operator to None, run_after=None
[2025-07-28T13:09:49.497-0300] {processor.py:183} INFO - Processing /mnt/c/Users/Usuario/Downloads/Automações/Climate-AgriTech-MLOps/.venv/lib/python3.12/site-packages/airflow/example_dags/example_python_operator.py took 3.869 seconds
[2025-07-28T13:46:34.478-0300] {processor.py:161} INFO - Started process (PID=8749) to work on /mnt/c/Users/Usuario/Downloads/Automações/Climate-AgriTech-MLOps/.venv/lib/python3.12/site-packages/airflow/example_dags/example_python_operator.py
[2025-07-28T13:46:34.483-0300] {processor.py:830} INFO - Processing file /mnt/c/Users/Usuario/Downloads/Automações/Climate-AgriTech-MLOps/.venv/lib/python3.12/site-packages/airflow/example_dags/example_python_operator.py for tasks to queue
[2025-07-28T13:46:34.490-0300] {logging_mixin.py:188} INFO - [2025-07-28T13:46:34.487-0300] {dagbag.py:545} INFO - Filling up the DagBag from /mnt/c/Users/Usuario/Downloads/Automações/Climate-AgriTech-MLOps/.venv/lib/python3.12/site-packages/airflow/example_dags/example_python_operator.py
[2025-07-28T13:46:34.588-0300] {processor.py:840} INFO - DAG(s) 'example_python_operator' retrieved from /mnt/c/Users/Usuario/Downloads/Automações/Climate-AgriTech-MLOps/.venv/lib/python3.12/site-packages/airflow/example_dags/example_python_operator.py
[2025-07-28T13:46:34.663-0300] {logging_mixin.py:188} INFO - [2025-07-28T13:46:34.661-0300] {dag.py:3096} INFO - Sync 1 DAGs
[2025-07-28T13:46:34.695-0300] {logging_mixin.py:188} INFO - [2025-07-28T13:46:34.692-0300] {dag.py:3954} INFO - Setting next_dagrun for example_python_operator to None, run_after=None
[2025-07-28T13:46:34.865-0300] {processor.py:183} INFO - Processing /mnt/c/Users/Usuario/Downloads/Automações/Climate-AgriTech-MLOps/.venv/lib/python3.12/site-packages/airflow/example_dags/example_python_operator.py took 0.420 seconds
[2025-07-28T13:48:15.216-0300] {processor.py:161} INFO - Started process (PID=8800) to work on /mnt/c/Users/Usuario/Downloads/Automações/Climate-AgriTech-MLOps/.venv/lib/python3.12/site-packages/airflow/example_dags/example_python_operator.py
[2025-07-28T13:48:15.221-0300] {processor.py:830} INFO - Processing file /mnt/c/Users/Usuario/Downloads/Automações/Climate-AgriTech-MLOps/.venv/lib/python3.12/site-packages/airflow/example_dags/example_python_operator.py for tasks to queue
[2025-07-28T13:48:15.229-0300] {logging_mixin.py:188} INFO - [2025-07-28T13:48:15.225-0300] {dagbag.py:545} INFO - Filling up the DagBag from /mnt/c/Users/Usuario/Downloads/Automações/Climate-AgriTech-MLOps/.venv/lib/python3.12/site-packages/airflow/example_dags/example_python_operator.py
[2025-07-28T13:48:15.586-0300] {processor.py:840} INFO - DAG(s) 'example_python_operator' retrieved from /mnt/c/Users/Usuario/Downloads/Automações/Climate-AgriTech-MLOps/.venv/lib/python3.12/site-packages/airflow/example_dags/example_python_operator.py
[2025-07-28T13:48:15.657-0300] {logging_mixin.py:188} INFO - [2025-07-28T13:48:15.654-0300] {dag.py:3096} INFO - Sync 1 DAGs
[2025-07-28T13:48:15.685-0300] {logging_mixin.py:188} INFO - [2025-07-28T13:48:15.683-0300] {dag.py:3954} INFO - Setting next_dagrun for example_python_operator to None, run_after=None
[2025-07-28T13:48:15.868-0300] {processor.py:183} INFO - Processing /mnt/c/Users/Usuario/Downloads/Automações/Climate-AgriTech-MLOps/.venv/lib/python3.12/site-packages/airflow/example_dags/example_python_operator.py took 0.686 seconds
[2025-07-28T13:49:45.225-0300] {processor.py:161} INFO - Started process (PID=8850) to work on /mnt/c/Users/Usuario/Downloads/Automações/Climate-AgriTech-MLOps/.venv/lib/python3.12/site-packages/airflow/example_dags/example_python_operator.py
[2025-07-28T13:49:45.231-0300] {processor.py:830} INFO - Processing file /mnt/c/Users/Usuario/Downloads/Automações/Climate-AgriTech-MLOps/.venv/lib/python3.12/site-packages/airflow/example_dags/example_python_operator.py for tasks to queue
[2025-07-28T13:49:45.238-0300] {logging_mixin.py:188} INFO - [2025-07-28T13:49:45.235-0300] {dagbag.py:545} INFO - Filling up the DagBag from /mnt/c/Users/Usuario/Downloads/Automações/Climate-AgriTech-MLOps/.venv/lib/python3.12/site-packages/airflow/example_dags/example_python_operator.py
[2025-07-28T13:49:45.337-0300] {processor.py:840} INFO - DAG(s) 'example_python_operator' retrieved from /mnt/c/Users/Usuario/Downloads/Automações/Climate-AgriTech-MLOps/.venv/lib/python3.12/site-packages/airflow/example_dags/example_python_operator.py
[2025-07-28T13:49:45.421-0300] {logging_mixin.py:188} INFO - [2025-07-28T13:49:45.417-0300] {dag.py:3096} INFO - Sync 1 DAGs
[2025-07-28T13:49:45.454-0300] {logging_mixin.py:188} INFO - [2025-07-28T13:49:45.452-0300] {dag.py:3954} INFO - Setting next_dagrun for example_python_operator to None, run_after=None
[2025-07-28T13:49:45.642-0300] {processor.py:183} INFO - Processing /mnt/c/Users/Usuario/Downloads/Automações/Climate-AgriTech-MLOps/.venv/lib/python3.12/site-packages/airflow/example_dags/example_python_operator.py took 0.454 seconds
[2025-07-28T13:51:16.226-0300] {processor.py:161} INFO - Started process (PID=8906) to work on /mnt/c/Users/Usuario/Downloads/Automações/Climate-AgriTech-MLOps/.venv/lib/python3.12/site-packages/airflow/example_dags/example_python_operator.py
[2025-07-28T13:51:16.232-0300] {processor.py:830} INFO - Processing file /mnt/c/Users/Usuario/Downloads/Automações/Climate-AgriTech-MLOps/.venv/lib/python3.12/site-packages/airflow/example_dags/example_python_operator.py for tasks to queue
[2025-07-28T13:51:16.239-0300] {logging_mixin.py:188} INFO - [2025-07-28T13:51:16.236-0300] {dagbag.py:545} INFO - Filling up the DagBag from /mnt/c/Users/Usuario/Downloads/Automações/Climate-AgriTech-MLOps/.venv/lib/python3.12/site-packages/airflow/example_dags/example_python_operator.py
[2025-07-28T13:51:16.333-0300] {processor.py:840} INFO - DAG(s) 'example_python_operator' retrieved from /mnt/c/Users/Usuario/Downloads/Automações/Climate-AgriTech-MLOps/.venv/lib/python3.12/site-packages/airflow/example_dags/example_python_operator.py
[2025-07-28T13:51:16.417-0300] {logging_mixin.py:188} INFO - [2025-07-28T13:51:16.414-0300] {dag.py:3096} INFO - Sync 1 DAGs
[2025-07-28T13:51:16.458-0300] {logging_mixin.py:188} INFO - [2025-07-28T13:51:16.455-0300] {dag.py:3954} INFO - Setting next_dagrun for example_python_operator to None, run_after=None
[2025-07-28T13:51:16.685-0300] {processor.py:183} INFO - Processing /mnt/c/Users/Usuario/Downloads/Automações/Climate-AgriTech-MLOps/.venv/lib/python3.12/site-packages/airflow/example_dags/example_python_operator.py took 0.494 seconds
[2025-07-28T13:52:51.524-0300] {processor.py:161} INFO - Started process (PID=8971) to work on /mnt/c/Users/Usuario/Downloads/Automações/Climate-AgriTech-MLOps/.venv/lib/python3.12/site-packages/airflow/example_dags/example_python_operator.py
[2025-07-28T13:52:51.533-0300] {processor.py:830} INFO - Processing file /mnt/c/Users/Usuario/Downloads/Automações/Climate-AgriTech-MLOps/.venv/lib/python3.12/site-packages/airflow/example_dags/example_python_operator.py for tasks to queue
[2025-07-28T13:52:51.541-0300] {logging_mixin.py:188} INFO - [2025-07-28T13:52:51.538-0300] {dagbag.py:545} INFO - Filling up the DagBag from /mnt/c/Users/Usuario/Downloads/Automações/Climate-AgriTech-MLOps/.venv/lib/python3.12/site-packages/airflow/example_dags/example_python_operator.py
[2025-07-28T13:52:51.650-0300] {processor.py:840} INFO - DAG(s) 'example_python_operator' retrieved from /mnt/c/Users/Usuario/Downloads/Automações/Climate-AgriTech-MLOps/.venv/lib/python3.12/site-packages/airflow/example_dags/example_python_operator.py
[2025-07-28T13:52:51.745-0300] {logging_mixin.py:188} INFO - [2025-07-28T13:52:51.741-0300] {dag.py:3096} INFO - Sync 1 DAGs
[2025-07-28T13:52:51.787-0300] {logging_mixin.py:188} INFO - [2025-07-28T13:52:51.784-0300] {dag.py:3954} INFO - Setting next_dagrun for example_python_operator to None, run_after=None
[2025-07-28T13:52:52.010-0300] {processor.py:183} INFO - Processing /mnt/c/Users/Usuario/Downloads/Automações/Climate-AgriTech-MLOps/.venv/lib/python3.12/site-packages/airflow/example_dags/example_python_operator.py took 0.541 seconds
[2025-07-28T13:54:24.111-0300] {processor.py:161} INFO - Started process (PID=9019) to work on /mnt/c/Users/Usuario/Downloads/Automações/Climate-AgriTech-MLOps/.venv/lib/python3.12/site-packages/airflow/example_dags/example_python_operator.py
[2025-07-28T13:54:24.117-0300] {processor.py:830} INFO - Processing file /mnt/c/Users/Usuario/Downloads/Automações/Climate-AgriTech-MLOps/.venv/lib/python3.12/site-packages/airflow/example_dags/example_python_operator.py for tasks to queue
[2025-07-28T13:54:24.125-0300] {logging_mixin.py:188} INFO - [2025-07-28T13:54:24.121-0300] {dagbag.py:545} INFO - Filling up the DagBag from /mnt/c/Users/Usuario/Downloads/Automações/Climate-AgriTech-MLOps/.venv/lib/python3.12/site-packages/airflow/example_dags/example_python_operator.py
[2025-07-28T13:54:24.245-0300] {processor.py:840} INFO - DAG(s) 'example_python_operator' retrieved from /mnt/c/Users/Usuario/Downloads/Automações/Climate-AgriTech-MLOps/.venv/lib/python3.12/site-packages/airflow/example_dags/example_python_operator.py
[2025-07-28T13:54:24.348-0300] {logging_mixin.py:188} INFO - [2025-07-28T13:54:24.345-0300] {dag.py:3096} INFO - Sync 1 DAGs
[2025-07-28T13:54:24.388-0300] {logging_mixin.py:188} INFO - [2025-07-28T13:54:24.384-0300] {dag.py:3954} INFO - Setting next_dagrun for example_python_operator to None, run_after=None
[2025-07-28T13:54:24.585-0300] {processor.py:183} INFO - Processing /mnt/c/Users/Usuario/Downloads/Automações/Climate-AgriTech-MLOps/.venv/lib/python3.12/site-packages/airflow/example_dags/example_python_operator.py took 0.520 seconds
[2025-07-28T13:56:00.798-0300] {processor.py:161} INFO - Started process (PID=9079) to work on /mnt/c/Users/Usuario/Downloads/Automações/Climate-AgriTech-MLOps/.venv/lib/python3.12/site-packages/airflow/example_dags/example_python_operator.py
[2025-07-28T13:56:00.805-0300] {processor.py:830} INFO - Processing file /mnt/c/Users/Usuario/Downloads/Automações/Climate-AgriTech-MLOps/.venv/lib/python3.12/site-packages/airflow/example_dags/example_python_operator.py for tasks to queue
[2025-07-28T13:56:00.815-0300] {logging_mixin.py:188} INFO - [2025-07-28T13:56:00.810-0300] {dagbag.py:545} INFO - Filling up the DagBag from /mnt/c/Users/Usuario/Downloads/Automações/Climate-AgriTech-MLOps/.venv/lib/python3.12/site-packages/airflow/example_dags/example_python_operator.py
[2025-07-28T13:56:00.948-0300] {processor.py:840} INFO - DAG(s) 'example_python_operator' retrieved from /mnt/c/Users/Usuario/Downloads/Automações/Climate-AgriTech-MLOps/.venv/lib/python3.12/site-packages/airflow/example_dags/example_python_operator.py
[2025-07-28T13:56:01.043-0300] {logging_mixin.py:188} INFO - [2025-07-28T13:56:01.040-0300] {dag.py:3096} INFO - Sync 1 DAGs
[2025-07-28T13:56:01.084-0300] {logging_mixin.py:188} INFO - [2025-07-28T13:56:01.081-0300] {dag.py:3954} INFO - Setting next_dagrun for example_python_operator to None, run_after=None
[2025-07-28T13:56:01.299-0300] {processor.py:183} INFO - Processing /mnt/c/Users/Usuario/Downloads/Automações/Climate-AgriTech-MLOps/.venv/lib/python3.12/site-packages/airflow/example_dags/example_python_operator.py took 0.542 seconds
[2025-07-28T13:57:43.575-0300] {processor.py:161} INFO - Started process (PID=9169) to work on /mnt/c/Users/Usuario/Downloads/Automações/Climate-AgriTech-MLOps/.venv/lib/python3.12/site-packages/airflow/example_dags/example_python_operator.py
[2025-07-28T13:57:43.578-0300] {processor.py:830} INFO - Processing file /mnt/c/Users/Usuario/Downloads/Automações/Climate-AgriTech-MLOps/.venv/lib/python3.12/site-packages/airflow/example_dags/example_python_operator.py for tasks to queue
[2025-07-28T13:57:43.581-0300] {logging_mixin.py:188} INFO - [2025-07-28T13:57:43.580-0300] {dagbag.py:545} INFO - Filling up the DagBag from /mnt/c/Users/Usuario/Downloads/Automações/Climate-AgriTech-MLOps/.venv/lib/python3.12/site-packages/airflow/example_dags/example_python_operator.py
[2025-07-28T13:57:43.623-0300] {processor.py:840} INFO - DAG(s) 'example_python_operator' retrieved from /mnt/c/Users/Usuario/Downloads/Automações/Climate-AgriTech-MLOps/.venv/lib/python3.12/site-packages/airflow/example_dags/example_python_operator.py
[2025-07-28T13:57:43.656-0300] {logging_mixin.py:188} INFO - [2025-07-28T13:57:43.655-0300] {dag.py:3096} INFO - Sync 1 DAGs
[2025-07-28T13:57:43.672-0300] {logging_mixin.py:188} INFO - [2025-07-28T13:57:43.671-0300] {dag.py:3954} INFO - Setting next_dagrun for example_python_operator to None, run_after=None
[2025-07-28T13:57:43.778-0300] {processor.py:183} INFO - Processing /mnt/c/Users/Usuario/Downloads/Automações/Climate-AgriTech-MLOps/.venv/lib/python3.12/site-packages/airflow/example_dags/example_python_operator.py took 0.218 seconds
[2025-07-28T13:59:52.784-0300] {processor.py:161} INFO - Started process (PID=9260) to work on /mnt/c/Users/Usuario/Downloads/Automações/Climate-AgriTech-MLOps/.venv/lib/python3.12/site-packages/airflow/example_dags/example_python_operator.py
[2025-07-28T13:59:52.787-0300] {processor.py:830} INFO - Processing file /mnt/c/Users/Usuario/Downloads/Automações/Climate-AgriTech-MLOps/.venv/lib/python3.12/site-packages/airflow/example_dags/example_python_operator.py for tasks to queue
[2025-07-28T13:59:52.790-0300] {logging_mixin.py:188} INFO - [2025-07-28T13:59:52.789-0300] {dagbag.py:545} INFO - Filling up the DagBag from /mnt/c/Users/Usuario/Downloads/Automações/Climate-AgriTech-MLOps/.venv/lib/python3.12/site-packages/airflow/example_dags/example_python_operator.py
[2025-07-28T13:59:52.833-0300] {processor.py:840} INFO - DAG(s) 'example_python_operator' retrieved from /mnt/c/Users/Usuario/Downloads/Automações/Climate-AgriTech-MLOps/.venv/lib/python3.12/site-packages/airflow/example_dags/example_python_operator.py
[2025-07-28T13:59:52.874-0300] {logging_mixin.py:188} INFO - [2025-07-28T13:59:52.872-0300] {dag.py:3096} INFO - Sync 1 DAGs
[2025-07-28T13:59:52.893-0300] {logging_mixin.py:188} INFO - [2025-07-28T13:59:52.891-0300] {dag.py:3954} INFO - Setting next_dagrun for example_python_operator to None, run_after=None
[2025-07-28T13:59:53.001-0300] {processor.py:183} INFO - Processing /mnt/c/Users/Usuario/Downloads/Automações/Climate-AgriTech-MLOps/.venv/lib/python3.12/site-packages/airflow/example_dags/example_python_operator.py took 0.233 seconds
[2025-07-28T14:01:28.606-0300] {processor.py:161} INFO - Started process (PID=9344) to work on /mnt/c/Users/Usuario/Downloads/Automações/Climate-AgriTech-MLOps/.venv/lib/python3.12/site-packages/airflow/example_dags/example_python_operator.py
[2025-07-28T14:01:28.610-0300] {processor.py:830} INFO - Processing file /mnt/c/Users/Usuario/Downloads/Automações/Climate-AgriTech-MLOps/.venv/lib/python3.12/site-packages/airflow/example_dags/example_python_operator.py for tasks to queue
[2025-07-28T14:01:28.613-0300] {logging_mixin.py:188} INFO - [2025-07-28T14:01:28.611-0300] {dagbag.py:545} INFO - Filling up the DagBag from /mnt/c/Users/Usuario/Downloads/Automações/Climate-AgriTech-MLOps/.venv/lib/python3.12/site-packages/airflow/example_dags/example_python_operator.py
[2025-07-28T14:01:28.657-0300] {processor.py:840} INFO - DAG(s) 'example_python_operator' retrieved from /mnt/c/Users/Usuario/Downloads/Automações/Climate-AgriTech-MLOps/.venv/lib/python3.12/site-packages/airflow/example_dags/example_python_operator.py
[2025-07-28T14:01:28.698-0300] {logging_mixin.py:188} INFO - [2025-07-28T14:01:28.697-0300] {dag.py:3096} INFO - Sync 1 DAGs
[2025-07-28T14:01:28.716-0300] {logging_mixin.py:188} INFO - [2025-07-28T14:01:28.714-0300] {dag.py:3954} INFO - Setting next_dagrun for example_python_operator to None, run_after=None
[2025-07-28T14:01:28.798-0300] {processor.py:183} INFO - Processing /mnt/c/Users/Usuario/Downloads/Automações/Climate-AgriTech-MLOps/.venv/lib/python3.12/site-packages/airflow/example_dags/example_python_operator.py took 0.209 seconds
