[2025-07-28T12:48:56.583-0300] {processor.py:161} INFO - Started process (PID=7976) to work on /mnt/c/Users/Usuario/Downloads/Automações/Climate-AgriTech-MLOps/.venv/lib/python3.12/site-packages/airflow/example_dags/example_xcom.py
[2025-07-28T12:48:56.587-0300] {processor.py:830} INFO - Processing file /mnt/c/Users/Usuario/Downloads/Automações/Climate-AgriTech-MLOps/.venv/lib/python3.12/site-packages/airflow/example_dags/example_xcom.py for tasks to queue
[2025-07-28T12:48:56.594-0300] {logging_mixin.py:188} INFO - [2025-07-28T12:48:56.592-0300] {dagbag.py:545} INFO - Filling up the DagBag from /mnt/c/Users/Usuario/Downloads/Automações/Climate-AgriTech-MLOps/.venv/lib/python3.12/site-packages/airflow/example_dags/example_xcom.py
[2025-07-28T12:48:56.894-0300] {processor.py:840} INFO - DAG(s) 'example_xcom' retrieved from /mnt/c/Users/Usuario/Downloads/Automações/Climate-AgriTech-MLOps/.venv/lib/python3.12/site-packages/airflow/example_dags/example_xcom.py
[2025-07-28T12:49:00.669-0300] {logging_mixin.py:188} INFO - [2025-07-28T12:49:00.667-0300] {override.py:1829} INFO - Created Permission View: can read on DAG:example_xcom
[2025-07-28T12:49:00.759-0300] {logging_mixin.py:188} INFO - [2025-07-28T12:49:00.756-0300] {override.py:1829} INFO - Created Permission View: can edit on DAG:example_xcom
[2025-07-28T12:49:00.867-0300] {logging_mixin.py:188} INFO - [2025-07-28T12:49:00.863-0300] {override.py:1829} INFO - Created Permission View: can delete on DAG:example_xcom
[2025-07-28T12:49:00.876-0300] {logging_mixin.py:188} INFO - [2025-07-28T12:49:00.872-0300] {dag.py:3096} INFO - Sync 1 DAGs
[2025-07-28T12:49:00.928-0300] {logging_mixin.py:188} INFO - [2025-07-28T12:49:00.925-0300] {dag.py:3118} INFO - Creating ORM DAG for example_xcom
[2025-07-28T12:49:00.967-0300] {logging_mixin.py:188} INFO - [2025-07-28T12:49:00.965-0300] {dag.py:3954} INFO - Setting next_dagrun for example_xcom to 2021-01-01 00:00:00+00:00, run_after=2021-01-01 00:00:00+00:00
[2025-07-28T12:49:01.183-0300] {processor.py:183} INFO - Processing /mnt/c/Users/Usuario/Downloads/Automações/Climate-AgriTech-MLOps/.venv/lib/python3.12/site-packages/airflow/example_dags/example_xcom.py took 4.632 seconds
[2025-07-28T12:57:18.557-0300] {processor.py:161} INFO - Started process (PID=8229) to work on /mnt/c/Users/Usuario/Downloads/Automações/Climate-AgriTech-MLOps/.venv/lib/python3.12/site-packages/airflow/example_dags/example_xcom.py
[2025-07-28T12:57:18.576-0300] {processor.py:830} INFO - Processing file /mnt/c/Users/Usuario/Downloads/Automações/Climate-AgriTech-MLOps/.venv/lib/python3.12/site-packages/airflow/example_dags/example_xcom.py for tasks to queue
[2025-07-28T12:57:18.587-0300] {logging_mixin.py:188} INFO - [2025-07-28T12:57:18.583-0300] {dagbag.py:545} INFO - Filling up the DagBag from /mnt/c/Users/Usuario/Downloads/Automações/Climate-AgriTech-MLOps/.venv/lib/python3.12/site-packages/airflow/example_dags/example_xcom.py
[2025-07-28T12:57:18.947-0300] {processor.py:840} INFO - DAG(s) 'example_xcom' retrieved from /mnt/c/Users/Usuario/Downloads/Automações/Climate-AgriTech-MLOps/.venv/lib/python3.12/site-packages/airflow/example_dags/example_xcom.py
[2025-07-28T12:57:22.874-0300] {logging_mixin.py:188} INFO - [2025-07-28T12:57:22.871-0300] {dag.py:3096} INFO - Sync 1 DAGs
[2025-07-28T12:57:22.957-0300] {logging_mixin.py:188} INFO - [2025-07-28T12:57:22.954-0300] {dag.py:3954} INFO - Setting next_dagrun for example_xcom to 2021-01-01 00:00:00+00:00, run_after=2021-01-01 00:00:00+00:00
[2025-07-28T12:57:23.171-0300] {processor.py:183} INFO - Processing /mnt/c/Users/Usuario/Downloads/Automações/Climate-AgriTech-MLOps/.venv/lib/python3.12/site-packages/airflow/example_dags/example_xcom.py took 4.663 seconds
[2025-07-28T13:08:26.169-0300] {processor.py:161} INFO - Started process (PID=8647) to work on /mnt/c/Users/Usuario/Downloads/Automações/Climate-AgriTech-MLOps/.venv/lib/python3.12/site-packages/airflow/example_dags/example_xcom.py
[2025-07-28T13:08:26.188-0300] {processor.py:830} INFO - Processing file /mnt/c/Users/Usuario/Downloads/Automações/Climate-AgriTech-MLOps/.venv/lib/python3.12/site-packages/airflow/example_dags/example_xcom.py for tasks to queue
[2025-07-28T13:08:26.197-0300] {logging_mixin.py:188} INFO - [2025-07-28T13:08:26.193-0300] {dagbag.py:545} INFO - Filling up the DagBag from /mnt/c/Users/Usuario/Downloads/Automações/Climate-AgriTech-MLOps/.venv/lib/python3.12/site-packages/airflow/example_dags/example_xcom.py
[2025-07-28T13:08:26.285-0300] {processor.py:840} INFO - DAG(s) 'example_xcom' retrieved from /mnt/c/Users/Usuario/Downloads/Automações/Climate-AgriTech-MLOps/.venv/lib/python3.12/site-packages/airflow/example_dags/example_xcom.py
[2025-07-28T13:08:26.726-0300] {logging_mixin.py:188} INFO - [2025-07-28T13:08:26.723-0300] {dag.py:3096} INFO - Sync 1 DAGs
[2025-07-28T13:08:26.788-0300] {logging_mixin.py:188} INFO - [2025-07-28T13:08:26.785-0300] {dag.py:3954} INFO - Setting next_dagrun for example_xcom to 2021-01-01 00:00:00+00:00, run_after=2021-01-01 00:00:00+00:00
[2025-07-28T13:08:26.976-0300] {processor.py:183} INFO - Processing /mnt/c/Users/Usuario/Downloads/Automações/Climate-AgriTech-MLOps/.venv/lib/python3.12/site-packages/airflow/example_dags/example_xcom.py took 0.846 seconds
[2025-07-28T13:46:13.423-0300] {processor.py:161} INFO - Started process (PID=8734) to work on /mnt/c/Users/Usuario/Downloads/Automações/Climate-AgriTech-MLOps/.venv/lib/python3.12/site-packages/airflow/example_dags/example_xcom.py
[2025-07-28T13:46:13.426-0300] {processor.py:830} INFO - Processing file /mnt/c/Users/Usuario/Downloads/Automações/Climate-AgriTech-MLOps/.venv/lib/python3.12/site-packages/airflow/example_dags/example_xcom.py for tasks to queue
[2025-07-28T13:46:13.429-0300] {logging_mixin.py:188} INFO - [2025-07-28T13:46:13.428-0300] {dagbag.py:545} INFO - Filling up the DagBag from /mnt/c/Users/Usuario/Downloads/Automações/Climate-AgriTech-MLOps/.venv/lib/python3.12/site-packages/airflow/example_dags/example_xcom.py
[2025-07-28T13:46:13.460-0300] {processor.py:840} INFO - DAG(s) 'example_xcom' retrieved from /mnt/c/Users/Usuario/Downloads/Automações/Climate-AgriTech-MLOps/.venv/lib/python3.12/site-packages/airflow/example_dags/example_xcom.py
[2025-07-28T13:46:13.498-0300] {logging_mixin.py:188} INFO - [2025-07-28T13:46:13.497-0300] {dag.py:3096} INFO - Sync 1 DAGs
[2025-07-28T13:46:13.522-0300] {logging_mixin.py:188} INFO - [2025-07-28T13:46:13.521-0300] {dag.py:3954} INFO - Setting next_dagrun for example_xcom to 2021-01-01 00:00:00+00:00, run_after=2021-01-01 00:00:00+00:00
[2025-07-28T13:46:13.610-0300] {processor.py:183} INFO - Processing /mnt/c/Users/Usuario/Downloads/Automações/Climate-AgriTech-MLOps/.venv/lib/python3.12/site-packages/airflow/example_dags/example_xcom.py took 0.202 seconds
[2025-07-28T13:47:45.324-0300] {processor.py:161} INFO - Started process (PID=8785) to work on /mnt/c/Users/Usuario/Downloads/Automações/Climate-AgriTech-MLOps/.venv/lib/python3.12/site-packages/airflow/example_dags/example_xcom.py
[2025-07-28T13:47:45.331-0300] {processor.py:830} INFO - Processing file /mnt/c/Users/Usuario/Downloads/Automações/Climate-AgriTech-MLOps/.venv/lib/python3.12/site-packages/airflow/example_dags/example_xcom.py for tasks to queue
[2025-07-28T13:47:45.339-0300] {logging_mixin.py:188} INFO - [2025-07-28T13:47:45.335-0300] {dagbag.py:545} INFO - Filling up the DagBag from /mnt/c/Users/Usuario/Downloads/Automações/Climate-AgriTech-MLOps/.venv/lib/python3.12/site-packages/airflow/example_dags/example_xcom.py
[2025-07-28T13:47:45.411-0300] {processor.py:840} INFO - DAG(s) 'example_xcom' retrieved from /mnt/c/Users/Usuario/Downloads/Automações/Climate-AgriTech-MLOps/.venv/lib/python3.12/site-packages/airflow/example_dags/example_xcom.py
[2025-07-28T13:47:45.496-0300] {logging_mixin.py:188} INFO - [2025-07-28T13:47:45.494-0300] {dag.py:3096} INFO - Sync 1 DAGs
[2025-07-28T13:47:45.818-0300] {logging_mixin.py:188} INFO - [2025-07-28T13:47:45.816-0300] {dag.py:3954} INFO - Setting next_dagrun for example_xcom to 2021-01-01 00:00:00+00:00, run_after=2021-01-01 00:00:00+00:00
[2025-07-28T13:47:45.980-0300] {processor.py:183} INFO - Processing /mnt/c/Users/Usuario/Downloads/Automações/Climate-AgriTech-MLOps/.venv/lib/python3.12/site-packages/airflow/example_dags/example_xcom.py took 0.692 seconds
[2025-07-28T13:49:18.733-0300] {processor.py:161} INFO - Started process (PID=8835) to work on /mnt/c/Users/Usuario/Downloads/Automações/Climate-AgriTech-MLOps/.venv/lib/python3.12/site-packages/airflow/example_dags/example_xcom.py
[2025-07-28T13:49:18.740-0300] {processor.py:830} INFO - Processing file /mnt/c/Users/Usuario/Downloads/Automações/Climate-AgriTech-MLOps/.venv/lib/python3.12/site-packages/airflow/example_dags/example_xcom.py for tasks to queue
[2025-07-28T13:49:18.748-0300] {logging_mixin.py:188} INFO - [2025-07-28T13:49:18.744-0300] {dagbag.py:545} INFO - Filling up the DagBag from /mnt/c/Users/Usuario/Downloads/Automações/Climate-AgriTech-MLOps/.venv/lib/python3.12/site-packages/airflow/example_dags/example_xcom.py
[2025-07-28T13:49:18.810-0300] {processor.py:840} INFO - DAG(s) 'example_xcom' retrieved from /mnt/c/Users/Usuario/Downloads/Automações/Climate-AgriTech-MLOps/.venv/lib/python3.12/site-packages/airflow/example_dags/example_xcom.py
[2025-07-28T13:49:18.904-0300] {logging_mixin.py:188} INFO - [2025-07-28T13:49:18.901-0300] {dag.py:3096} INFO - Sync 1 DAGs
[2025-07-28T13:49:18.973-0300] {logging_mixin.py:188} INFO - [2025-07-28T13:49:18.970-0300] {dag.py:3954} INFO - Setting next_dagrun for example_xcom to 2021-01-01 00:00:00+00:00, run_after=2021-01-01 00:00:00+00:00
[2025-07-28T13:49:19.174-0300] {processor.py:183} INFO - Processing /mnt/c/Users/Usuario/Downloads/Automações/Climate-AgriTech-MLOps/.venv/lib/python3.12/site-packages/airflow/example_dags/example_xcom.py took 0.477 seconds
[2025-07-28T13:50:51.546-0300] {processor.py:161} INFO - Started process (PID=8889) to work on /mnt/c/Users/Usuario/Downloads/Automações/Climate-AgriTech-MLOps/.venv/lib/python3.12/site-packages/airflow/example_dags/example_xcom.py
[2025-07-28T13:50:51.551-0300] {processor.py:830} INFO - Processing file /mnt/c/Users/Usuario/Downloads/Automações/Climate-AgriTech-MLOps/.venv/lib/python3.12/site-packages/airflow/example_dags/example_xcom.py for tasks to queue
[2025-07-28T13:50:51.557-0300] {logging_mixin.py:188} INFO - [2025-07-28T13:50:51.554-0300] {dagbag.py:545} INFO - Filling up the DagBag from /mnt/c/Users/Usuario/Downloads/Automações/Climate-AgriTech-MLOps/.venv/lib/python3.12/site-packages/airflow/example_dags/example_xcom.py
[2025-07-28T13:50:51.625-0300] {processor.py:840} INFO - DAG(s) 'example_xcom' retrieved from /mnt/c/Users/Usuario/Downloads/Automações/Climate-AgriTech-MLOps/.venv/lib/python3.12/site-packages/airflow/example_dags/example_xcom.py
[2025-07-28T13:50:51.706-0300] {logging_mixin.py:188} INFO - [2025-07-28T13:50:51.704-0300] {dag.py:3096} INFO - Sync 1 DAGs
[2025-07-28T13:50:51.762-0300] {logging_mixin.py:188} INFO - [2025-07-28T13:50:51.758-0300] {dag.py:3954} INFO - Setting next_dagrun for example_xcom to 2021-01-01 00:00:00+00:00, run_after=2021-01-01 00:00:00+00:00
[2025-07-28T13:50:51.949-0300] {processor.py:183} INFO - Processing /mnt/c/Users/Usuario/Downloads/Automações/Climate-AgriTech-MLOps/.venv/lib/python3.12/site-packages/airflow/example_dags/example_xcom.py took 0.437 seconds
[2025-07-28T13:52:24.307-0300] {processor.py:161} INFO - Started process (PID=8956) to work on /mnt/c/Users/Usuario/Downloads/Automações/Climate-AgriTech-MLOps/.venv/lib/python3.12/site-packages/airflow/example_dags/example_xcom.py
[2025-07-28T13:52:24.324-0300] {processor.py:830} INFO - Processing file /mnt/c/Users/Usuario/Downloads/Automações/Climate-AgriTech-MLOps/.venv/lib/python3.12/site-packages/airflow/example_dags/example_xcom.py for tasks to queue
[2025-07-28T13:52:24.331-0300] {logging_mixin.py:188} INFO - [2025-07-28T13:52:24.328-0300] {dagbag.py:545} INFO - Filling up the DagBag from /mnt/c/Users/Usuario/Downloads/Automações/Climate-AgriTech-MLOps/.venv/lib/python3.12/site-packages/airflow/example_dags/example_xcom.py
[2025-07-28T13:52:24.402-0300] {processor.py:840} INFO - DAG(s) 'example_xcom' retrieved from /mnt/c/Users/Usuario/Downloads/Automações/Climate-AgriTech-MLOps/.venv/lib/python3.12/site-packages/airflow/example_dags/example_xcom.py
[2025-07-28T13:52:24.487-0300] {logging_mixin.py:188} INFO - [2025-07-28T13:52:24.485-0300] {dag.py:3096} INFO - Sync 1 DAGs
[2025-07-28T13:52:24.545-0300] {logging_mixin.py:188} INFO - [2025-07-28T13:52:24.543-0300] {dag.py:3954} INFO - Setting next_dagrun for example_xcom to 2021-01-01 00:00:00+00:00, run_after=2021-01-01 00:00:00+00:00
[2025-07-28T13:52:24.727-0300] {processor.py:183} INFO - Processing /mnt/c/Users/Usuario/Downloads/Automações/Climate-AgriTech-MLOps/.venv/lib/python3.12/site-packages/airflow/example_dags/example_xcom.py took 0.457 seconds
[2025-07-28T13:53:56.698-0300] {processor.py:161} INFO - Started process (PID=9004) to work on /mnt/c/Users/Usuario/Downloads/Automações/Climate-AgriTech-MLOps/.venv/lib/python3.12/site-packages/airflow/example_dags/example_xcom.py
[2025-07-28T13:53:56.704-0300] {processor.py:830} INFO - Processing file /mnt/c/Users/Usuario/Downloads/Automações/Climate-AgriTech-MLOps/.venv/lib/python3.12/site-packages/airflow/example_dags/example_xcom.py for tasks to queue
[2025-07-28T13:53:56.712-0300] {logging_mixin.py:188} INFO - [2025-07-28T13:53:56.708-0300] {dagbag.py:545} INFO - Filling up the DagBag from /mnt/c/Users/Usuario/Downloads/Automações/Climate-AgriTech-MLOps/.venv/lib/python3.12/site-packages/airflow/example_dags/example_xcom.py
[2025-07-28T13:53:56.788-0300] {processor.py:840} INFO - DAG(s) 'example_xcom' retrieved from /mnt/c/Users/Usuario/Downloads/Automações/Climate-AgriTech-MLOps/.venv/lib/python3.12/site-packages/airflow/example_dags/example_xcom.py
[2025-07-28T13:53:56.883-0300] {logging_mixin.py:188} INFO - [2025-07-28T13:53:56.880-0300] {dag.py:3096} INFO - Sync 1 DAGs
[2025-07-28T13:53:56.955-0300] {logging_mixin.py:188} INFO - [2025-07-28T13:53:56.951-0300] {dag.py:3954} INFO - Setting next_dagrun for example_xcom to 2021-01-01 00:00:00+00:00, run_after=2021-01-01 00:00:00+00:00
[2025-07-28T13:53:57.157-0300] {processor.py:183} INFO - Processing /mnt/c/Users/Usuario/Downloads/Automações/Climate-AgriTech-MLOps/.venv/lib/python3.12/site-packages/airflow/example_dags/example_xcom.py took 0.500 seconds
[2025-07-28T13:55:32.774-0300] {processor.py:161} INFO - Started process (PID=9058) to work on /mnt/c/Users/Usuario/Downloads/Automações/Climate-AgriTech-MLOps/.venv/lib/python3.12/site-packages/airflow/example_dags/example_xcom.py
[2025-07-28T13:55:32.779-0300] {processor.py:830} INFO - Processing file /mnt/c/Users/Usuario/Downloads/Automações/Climate-AgriTech-MLOps/.venv/lib/python3.12/site-packages/airflow/example_dags/example_xcom.py for tasks to queue
[2025-07-28T13:55:32.786-0300] {logging_mixin.py:188} INFO - [2025-07-28T13:55:32.783-0300] {dagbag.py:545} INFO - Filling up the DagBag from /mnt/c/Users/Usuario/Downloads/Automações/Climate-AgriTech-MLOps/.venv/lib/python3.12/site-packages/airflow/example_dags/example_xcom.py
[2025-07-28T13:55:32.860-0300] {processor.py:840} INFO - DAG(s) 'example_xcom' retrieved from /mnt/c/Users/Usuario/Downloads/Automações/Climate-AgriTech-MLOps/.venv/lib/python3.12/site-packages/airflow/example_dags/example_xcom.py
[2025-07-28T13:55:32.950-0300] {logging_mixin.py:188} INFO - [2025-07-28T13:55:32.948-0300] {dag.py:3096} INFO - Sync 1 DAGs
[2025-07-28T13:55:33.014-0300] {logging_mixin.py:188} INFO - [2025-07-28T13:55:33.011-0300] {dag.py:3954} INFO - Setting next_dagrun for example_xcom to 2021-01-01 00:00:00+00:00, run_after=2021-01-01 00:00:00+00:00
[2025-07-28T13:55:33.210-0300] {processor.py:183} INFO - Processing /mnt/c/Users/Usuario/Downloads/Automações/Climate-AgriTech-MLOps/.venv/lib/python3.12/site-packages/airflow/example_dags/example_xcom.py took 0.476 seconds
[2025-07-28T13:56:43.126-0300] {processor.py:161} INFO - Started process (PID=9113) to work on /mnt/c/Users/Usuario/Downloads/Automações/Climate-AgriTech-MLOps/.venv/lib/python3.12/site-packages/airflow/example_dags/example_xcom.py
[2025-07-28T13:56:43.129-0300] {processor.py:830} INFO - Processing file /mnt/c/Users/Usuario/Downloads/Automações/Climate-AgriTech-MLOps/.venv/lib/python3.12/site-packages/airflow/example_dags/example_xcom.py for tasks to queue
[2025-07-28T13:56:43.132-0300] {logging_mixin.py:188} INFO - [2025-07-28T13:56:43.131-0300] {dagbag.py:545} INFO - Filling up the DagBag from /mnt/c/Users/Usuario/Downloads/Automações/Climate-AgriTech-MLOps/.venv/lib/python3.12/site-packages/airflow/example_dags/example_xcom.py
[2025-07-28T13:56:43.159-0300] {processor.py:840} INFO - DAG(s) 'example_xcom' retrieved from /mnt/c/Users/Usuario/Downloads/Automações/Climate-AgriTech-MLOps/.venv/lib/python3.12/site-packages/airflow/example_dags/example_xcom.py
[2025-07-28T13:56:43.199-0300] {logging_mixin.py:188} INFO - [2025-07-28T13:56:43.197-0300] {dag.py:3096} INFO - Sync 1 DAGs
[2025-07-28T13:56:43.226-0300] {logging_mixin.py:188} INFO - [2025-07-28T13:56:43.225-0300] {dag.py:3954} INFO - Setting next_dagrun for example_xcom to 2021-01-01 00:00:00+00:00, run_after=2021-01-01 00:00:00+00:00
[2025-07-28T13:56:43.320-0300] {processor.py:183} INFO - Processing /mnt/c/Users/Usuario/Downloads/Automações/Climate-AgriTech-MLOps/.venv/lib/python3.12/site-packages/airflow/example_dags/example_xcom.py took 0.211 seconds
[2025-07-28T13:57:36.025-0300] {processor.py:161} INFO - Started process (PID=9163) to work on /mnt/c/Users/Usuario/Downloads/Automações/Climate-AgriTech-MLOps/.venv/lib/python3.12/site-packages/airflow/example_dags/example_xcom.py
[2025-07-28T13:57:36.028-0300] {processor.py:830} INFO - Processing file /mnt/c/Users/Usuario/Downloads/Automações/Climate-AgriTech-MLOps/.venv/lib/python3.12/site-packages/airflow/example_dags/example_xcom.py for tasks to queue
[2025-07-28T13:57:36.031-0300] {logging_mixin.py:188} INFO - [2025-07-28T13:57:36.029-0300] {dagbag.py:545} INFO - Filling up the DagBag from /mnt/c/Users/Usuario/Downloads/Automações/Climate-AgriTech-MLOps/.venv/lib/python3.12/site-packages/airflow/example_dags/example_xcom.py
[2025-07-28T13:57:36.056-0300] {processor.py:840} INFO - DAG(s) 'example_xcom' retrieved from /mnt/c/Users/Usuario/Downloads/Automações/Climate-AgriTech-MLOps/.venv/lib/python3.12/site-packages/airflow/example_dags/example_xcom.py
[2025-07-28T13:57:36.095-0300] {logging_mixin.py:188} INFO - [2025-07-28T13:57:36.094-0300] {dag.py:3096} INFO - Sync 1 DAGs
[2025-07-28T13:57:36.124-0300] {logging_mixin.py:188} INFO - [2025-07-28T13:57:36.122-0300] {dag.py:3954} INFO - Setting next_dagrun for example_xcom to 2021-01-01 00:00:00+00:00, run_after=2021-01-01 00:00:00+00:00
[2025-07-28T13:57:36.216-0300] {processor.py:183} INFO - Processing /mnt/c/Users/Usuario/Downloads/Automações/Climate-AgriTech-MLOps/.venv/lib/python3.12/site-packages/airflow/example_dags/example_xcom.py took 0.205 seconds
[2025-07-28T13:59:33.824-0300] {processor.py:161} INFO - Started process (PID=9245) to work on /mnt/c/Users/Usuario/Downloads/Automações/Climate-AgriTech-MLOps/.venv/lib/python3.12/site-packages/airflow/example_dags/example_xcom.py
[2025-07-28T13:59:33.826-0300] {processor.py:830} INFO - Processing file /mnt/c/Users/Usuario/Downloads/Automações/Climate-AgriTech-MLOps/.venv/lib/python3.12/site-packages/airflow/example_dags/example_xcom.py for tasks to queue
[2025-07-28T13:59:33.829-0300] {logging_mixin.py:188} INFO - [2025-07-28T13:59:33.828-0300] {dagbag.py:545} INFO - Filling up the DagBag from /mnt/c/Users/Usuario/Downloads/Automações/Climate-AgriTech-MLOps/.venv/lib/python3.12/site-packages/airflow/example_dags/example_xcom.py
[2025-07-28T13:59:33.857-0300] {processor.py:840} INFO - DAG(s) 'example_xcom' retrieved from /mnt/c/Users/Usuario/Downloads/Automações/Climate-AgriTech-MLOps/.venv/lib/python3.12/site-packages/airflow/example_dags/example_xcom.py
[2025-07-28T13:59:33.901-0300] {logging_mixin.py:188} INFO - [2025-07-28T13:59:33.900-0300] {dag.py:3096} INFO - Sync 1 DAGs
[2025-07-28T13:59:33.930-0300] {logging_mixin.py:188} INFO - [2025-07-28T13:59:33.928-0300] {dag.py:3954} INFO - Setting next_dagrun for example_xcom to 2021-01-01 00:00:00+00:00, run_after=2021-01-01 00:00:00+00:00
[2025-07-28T13:59:34.019-0300] {processor.py:183} INFO - Processing /mnt/c/Users/Usuario/Downloads/Automações/Climate-AgriTech-MLOps/.venv/lib/python3.12/site-packages/airflow/example_dags/example_xcom.py took 0.209 seconds
[2025-07-28T14:00:32.840-0300] {processor.py:161} INFO - Started process (PID=9295) to work on /mnt/c/Users/Usuario/Downloads/Automações/Climate-AgriTech-MLOps/.venv/lib/python3.12/site-packages/airflow/example_dags/example_xcom.py
[2025-07-28T14:00:32.842-0300] {processor.py:830} INFO - Processing file /mnt/c/Users/Usuario/Downloads/Automações/Climate-AgriTech-MLOps/.venv/lib/python3.12/site-packages/airflow/example_dags/example_xcom.py for tasks to queue
[2025-07-28T14:00:32.845-0300] {logging_mixin.py:188} INFO - [2025-07-28T14:00:32.844-0300] {dagbag.py:545} INFO - Filling up the DagBag from /mnt/c/Users/Usuario/Downloads/Automações/Climate-AgriTech-MLOps/.venv/lib/python3.12/site-packages/airflow/example_dags/example_xcom.py
[2025-07-28T14:00:32.872-0300] {processor.py:840} INFO - DAG(s) 'example_xcom' retrieved from /mnt/c/Users/Usuario/Downloads/Automações/Climate-AgriTech-MLOps/.venv/lib/python3.12/site-packages/airflow/example_dags/example_xcom.py
[2025-07-28T14:00:32.914-0300] {logging_mixin.py:188} INFO - [2025-07-28T14:00:32.913-0300] {dag.py:3096} INFO - Sync 1 DAGs
[2025-07-28T14:00:32.941-0300] {logging_mixin.py:188} INFO - [2025-07-28T14:00:32.940-0300] {dag.py:3954} INFO - Setting next_dagrun for example_xcom to 2021-01-01 00:00:00+00:00, run_after=2021-01-01 00:00:00+00:00
[2025-07-28T14:00:33.034-0300] {processor.py:183} INFO - Processing /mnt/c/Users/Usuario/Downloads/Automações/Climate-AgriTech-MLOps/.venv/lib/python3.12/site-packages/airflow/example_dags/example_xcom.py took 0.207 seconds
[2025-07-28T14:01:19.096-0300] {processor.py:161} INFO - Started process (PID=9337) to work on /mnt/c/Users/Usuario/Downloads/Automações/Climate-AgriTech-MLOps/.venv/lib/python3.12/site-packages/airflow/example_dags/example_xcom.py
[2025-07-28T14:01:19.098-0300] {processor.py:830} INFO - Processing file /mnt/c/Users/Usuario/Downloads/Automações/Climate-AgriTech-MLOps/.venv/lib/python3.12/site-packages/airflow/example_dags/example_xcom.py for tasks to queue
[2025-07-28T14:01:19.101-0300] {logging_mixin.py:188} INFO - [2025-07-28T14:01:19.100-0300] {dagbag.py:545} INFO - Filling up the DagBag from /mnt/c/Users/Usuario/Downloads/Automações/Climate-AgriTech-MLOps/.venv/lib/python3.12/site-packages/airflow/example_dags/example_xcom.py
[2025-07-28T14:01:19.127-0300] {processor.py:840} INFO - DAG(s) 'example_xcom' retrieved from /mnt/c/Users/Usuario/Downloads/Automações/Climate-AgriTech-MLOps/.venv/lib/python3.12/site-packages/airflow/example_dags/example_xcom.py
[2025-07-28T14:01:19.168-0300] {logging_mixin.py:188} INFO - [2025-07-28T14:01:19.166-0300] {dag.py:3096} INFO - Sync 1 DAGs
[2025-07-28T14:01:19.196-0300] {logging_mixin.py:188} INFO - [2025-07-28T14:01:19.194-0300] {dag.py:3954} INFO - Setting next_dagrun for example_xcom to 2021-01-01 00:00:00+00:00, run_after=2021-01-01 00:00:00+00:00
[2025-07-28T14:01:19.314-0300] {processor.py:183} INFO - Processing /mnt/c/Users/Usuario/Downloads/Automações/Climate-AgriTech-MLOps/.venv/lib/python3.12/site-packages/airflow/example_dags/example_xcom.py took 0.234 seconds
