[2025-07-28T12:52:32.458-0300] {processor.py:161} INFO - Started process (PID=8086) to work on /mnt/c/Users/Usuario/Downloads/Automações/Climate-AgriTech-MLOps/.venv/lib/python3.12/site-packages/airflow/example_dags/example_branch_datetime_operator.py
[2025-07-28T12:52:32.463-0300] {processor.py:830} INFO - Processing file /mnt/c/Users/Usuario/Downloads/Automações/Climate-AgriTech-MLOps/.venv/lib/python3.12/site-packages/airflow/example_dags/example_branch_datetime_operator.py for tasks to queue
[2025-07-28T12:52:32.474-0300] {logging_mixin.py:188} INFO - [2025-07-28T12:52:32.470-0300] {dagbag.py:545} INFO - Filling up the DagBag from /mnt/c/Users/Usuario/Downloads/Automações/Climate-AgriTech-MLOps/.venv/lib/python3.12/site-packages/airflow/example_dags/example_branch_datetime_operator.py
[2025-07-28T12:52:32.632-0300] {processor.py:840} INFO - DAG(s) 'example_branch_datetime_operator_3', 'example_branch_datetime_operator', 'example_branch_datetime_operator_2' retrieved from /mnt/c/Users/Usuario/Downloads/Automações/Climate-AgriTech-MLOps/.venv/lib/python3.12/site-packages/airflow/example_dags/example_branch_datetime_operator.py
[2025-07-28T12:52:36.613-0300] {logging_mixin.py:188} INFO - [2025-07-28T12:52:36.609-0300] {override.py:1829} INFO - Created Permission View: can read on DAG:example_branch_datetime_operator_3
[2025-07-28T12:52:36.729-0300] {logging_mixin.py:188} INFO - [2025-07-28T12:52:36.726-0300] {override.py:1829} INFO - Created Permission View: can edit on DAG:example_branch_datetime_operator_3
[2025-07-28T12:52:36.828-0300] {logging_mixin.py:188} INFO - [2025-07-28T12:52:36.825-0300] {override.py:1829} INFO - Created Permission View: can delete on DAG:example_branch_datetime_operator_3
[2025-07-28T12:52:37.054-0300] {logging_mixin.py:188} INFO - [2025-07-28T12:52:37.050-0300] {override.py:1829} INFO - Created Permission View: can read on DAG:example_branch_datetime_operator
[2025-07-28T12:52:37.225-0300] {logging_mixin.py:188} INFO - [2025-07-28T12:52:37.221-0300] {override.py:1829} INFO - Created Permission View: can edit on DAG:example_branch_datetime_operator
[2025-07-28T12:52:37.368-0300] {logging_mixin.py:188} INFO - [2025-07-28T12:52:37.364-0300] {override.py:1829} INFO - Created Permission View: can delete on DAG:example_branch_datetime_operator
[2025-07-28T12:52:37.640-0300] {logging_mixin.py:188} INFO - [2025-07-28T12:52:37.635-0300] {override.py:1829} INFO - Created Permission View: can read on DAG:example_branch_datetime_operator_2
[2025-07-28T12:52:37.794-0300] {logging_mixin.py:188} INFO - [2025-07-28T12:52:37.791-0300] {override.py:1829} INFO - Created Permission View: can edit on DAG:example_branch_datetime_operator_2
[2025-07-28T12:52:37.970-0300] {logging_mixin.py:188} INFO - [2025-07-28T12:52:37.967-0300] {override.py:1829} INFO - Created Permission View: can delete on DAG:example_branch_datetime_operator_2
[2025-07-28T12:52:37.978-0300] {logging_mixin.py:188} INFO - [2025-07-28T12:52:37.975-0300] {dag.py:3096} INFO - Sync 3 DAGs
[2025-07-28T12:52:38.039-0300] {logging_mixin.py:188} INFO - [2025-07-28T12:52:38.036-0300] {dag.py:3118} INFO - Creating ORM DAG for example_branch_datetime_operator
[2025-07-28T12:52:38.047-0300] {logging_mixin.py:188} INFO - [2025-07-28T12:52:38.044-0300] {dag.py:3118} INFO - Creating ORM DAG for example_branch_datetime_operator_2
[2025-07-28T12:52:38.055-0300] {logging_mixin.py:188} INFO - [2025-07-28T12:52:38.052-0300] {dag.py:3118} INFO - Creating ORM DAG for example_branch_datetime_operator_3
[2025-07-28T12:52:38.176-0300] {logging_mixin.py:188} INFO - [2025-07-28T12:52:38.172-0300] {dag.py:3954} INFO - Setting next_dagrun for example_branch_datetime_operator to 2025-07-27 00:00:00+00:00, run_after=2025-07-28 00:00:00+00:00
[2025-07-28T12:52:38.188-0300] {logging_mixin.py:188} INFO - [2025-07-28T12:52:38.185-0300] {dag.py:3954} INFO - Setting next_dagrun for example_branch_datetime_operator_2 to 2025-07-27 00:00:00+00:00, run_after=2025-07-28 00:00:00+00:00
[2025-07-28T12:52:38.198-0300] {logging_mixin.py:188} INFO - [2025-07-28T12:52:38.195-0300] {dag.py:3954} INFO - Setting next_dagrun for example_branch_datetime_operator_3 to 2025-07-27 00:00:00+00:00, run_after=2025-07-28 00:00:00+00:00
[2025-07-28T12:52:38.389-0300] {processor.py:183} INFO - Processing /mnt/c/Users/Usuario/Downloads/Automações/Climate-AgriTech-MLOps/.venv/lib/python3.12/site-packages/airflow/example_dags/example_branch_datetime_operator.py took 5.970 seconds
[2025-07-28T13:45:29.531-0300] {processor.py:161} INFO - Started process (PID=8707) to work on /mnt/c/Users/Usuario/Downloads/Automações/Climate-AgriTech-MLOps/.venv/lib/python3.12/site-packages/airflow/example_dags/example_branch_datetime_operator.py
[2025-07-28T13:45:29.534-0300] {processor.py:830} INFO - Processing file /mnt/c/Users/Usuario/Downloads/Automações/Climate-AgriTech-MLOps/.venv/lib/python3.12/site-packages/airflow/example_dags/example_branch_datetime_operator.py for tasks to queue
[2025-07-28T13:45:29.538-0300] {logging_mixin.py:188} INFO - [2025-07-28T13:45:29.536-0300] {dagbag.py:545} INFO - Filling up the DagBag from /mnt/c/Users/Usuario/Downloads/Automações/Climate-AgriTech-MLOps/.venv/lib/python3.12/site-packages/airflow/example_dags/example_branch_datetime_operator.py
[2025-07-28T13:45:29.611-0300] {processor.py:840} INFO - DAG(s) 'example_branch_datetime_operator_2', 'example_branch_datetime_operator', 'example_branch_datetime_operator_3' retrieved from /mnt/c/Users/Usuario/Downloads/Automações/Climate-AgriTech-MLOps/.venv/lib/python3.12/site-packages/airflow/example_dags/example_branch_datetime_operator.py
[2025-07-28T13:45:31.335-0300] {logging_mixin.py:188} INFO - [2025-07-28T13:45:31.333-0300] {dag.py:3096} INFO - Sync 3 DAGs
[2025-07-28T13:45:31.360-0300] {logging_mixin.py:188} INFO - [2025-07-28T13:45:31.359-0300] {dag.py:3954} INFO - Setting next_dagrun for example_branch_datetime_operator to 2025-07-27 00:00:00+00:00, run_after=2025-07-28 00:00:00+00:00
[2025-07-28T13:45:31.371-0300] {logging_mixin.py:188} INFO - [2025-07-28T13:45:31.369-0300] {dag.py:3954} INFO - Setting next_dagrun for example_branch_datetime_operator_2 to 2025-07-27 00:00:00+00:00, run_after=2025-07-28 00:00:00+00:00
[2025-07-28T13:45:31.377-0300] {logging_mixin.py:188} INFO - [2025-07-28T13:45:31.376-0300] {dag.py:3954} INFO - Setting next_dagrun for example_branch_datetime_operator_3 to 2025-07-27 00:00:00+00:00, run_after=2025-07-28 00:00:00+00:00
[2025-07-28T13:45:31.472-0300] {processor.py:183} INFO - Processing /mnt/c/Users/Usuario/Downloads/Automações/Climate-AgriTech-MLOps/.venv/lib/python3.12/site-packages/airflow/example_dags/example_branch_datetime_operator.py took 1.957 seconds
[2025-07-28T13:48:34.355-0300] {processor.py:161} INFO - Started process (PID=8812) to work on /mnt/c/Users/Usuario/Downloads/Automações/Climate-AgriTech-MLOps/.venv/lib/python3.12/site-packages/airflow/example_dags/example_branch_datetime_operator.py
[2025-07-28T13:48:34.360-0300] {processor.py:830} INFO - Processing file /mnt/c/Users/Usuario/Downloads/Automações/Climate-AgriTech-MLOps/.venv/lib/python3.12/site-packages/airflow/example_dags/example_branch_datetime_operator.py for tasks to queue
[2025-07-28T13:48:34.367-0300] {logging_mixin.py:188} INFO - [2025-07-28T13:48:34.364-0300] {dagbag.py:545} INFO - Filling up the DagBag from /mnt/c/Users/Usuario/Downloads/Automações/Climate-AgriTech-MLOps/.venv/lib/python3.12/site-packages/airflow/example_dags/example_branch_datetime_operator.py
[2025-07-28T13:48:34.503-0300] {processor.py:840} INFO - DAG(s) 'example_branch_datetime_operator_3', 'example_branch_datetime_operator', 'example_branch_datetime_operator_2' retrieved from /mnt/c/Users/Usuario/Downloads/Automações/Climate-AgriTech-MLOps/.venv/lib/python3.12/site-packages/airflow/example_dags/example_branch_datetime_operator.py
[2025-07-28T13:48:34.607-0300] {logging_mixin.py:188} INFO - [2025-07-28T13:48:34.605-0300] {dag.py:3096} INFO - Sync 3 DAGs
[2025-07-28T13:48:34.678-0300] {logging_mixin.py:188} INFO - [2025-07-28T13:48:34.674-0300] {dag.py:3954} INFO - Setting next_dagrun for example_branch_datetime_operator to 2025-07-27 00:00:00+00:00, run_after=2025-07-28 00:00:00+00:00
[2025-07-28T13:48:34.693-0300] {logging_mixin.py:188} INFO - [2025-07-28T13:48:34.691-0300] {dag.py:3954} INFO - Setting next_dagrun for example_branch_datetime_operator_2 to 2025-07-27 00:00:00+00:00, run_after=2025-07-28 00:00:00+00:00
[2025-07-28T13:48:34.705-0300] {logging_mixin.py:188} INFO - [2025-07-28T13:48:34.703-0300] {dag.py:3954} INFO - Setting next_dagrun for example_branch_datetime_operator_3 to 2025-07-27 00:00:00+00:00, run_after=2025-07-28 00:00:00+00:00
[2025-07-28T13:48:34.868-0300] {processor.py:183} INFO - Processing /mnt/c/Users/Usuario/Downloads/Automações/Climate-AgriTech-MLOps/.venv/lib/python3.12/site-packages/airflow/example_dags/example_branch_datetime_operator.py took 0.545 seconds
[2025-07-28T13:51:38.994-0300] {processor.py:161} INFO - Started process (PID=8924) to work on /mnt/c/Users/Usuario/Downloads/Automações/Climate-AgriTech-MLOps/.venv/lib/python3.12/site-packages/airflow/example_dags/example_branch_datetime_operator.py
[2025-07-28T13:51:39.009-0300] {processor.py:830} INFO - Processing file /mnt/c/Users/Usuario/Downloads/Automações/Climate-AgriTech-MLOps/.venv/lib/python3.12/site-packages/airflow/example_dags/example_branch_datetime_operator.py for tasks to queue
[2025-07-28T13:51:39.019-0300] {logging_mixin.py:188} INFO - [2025-07-28T13:51:39.015-0300] {dagbag.py:545} INFO - Filling up the DagBag from /mnt/c/Users/Usuario/Downloads/Automações/Climate-AgriTech-MLOps/.venv/lib/python3.12/site-packages/airflow/example_dags/example_branch_datetime_operator.py
[2025-07-28T13:51:39.214-0300] {processor.py:840} INFO - DAG(s) 'example_branch_datetime_operator_2', 'example_branch_datetime_operator', 'example_branch_datetime_operator_3' retrieved from /mnt/c/Users/Usuario/Downloads/Automações/Climate-AgriTech-MLOps/.venv/lib/python3.12/site-packages/airflow/example_dags/example_branch_datetime_operator.py
[2025-07-28T13:51:39.360-0300] {logging_mixin.py:188} INFO - [2025-07-28T13:51:39.357-0300] {dag.py:3096} INFO - Sync 3 DAGs
[2025-07-28T13:51:39.431-0300] {logging_mixin.py:188} INFO - [2025-07-28T13:51:39.428-0300] {dag.py:3954} INFO - Setting next_dagrun for example_branch_datetime_operator to 2025-07-27 00:00:00+00:00, run_after=2025-07-28 00:00:00+00:00
[2025-07-28T13:51:39.452-0300] {logging_mixin.py:188} INFO - [2025-07-28T13:51:39.448-0300] {dag.py:3954} INFO - Setting next_dagrun for example_branch_datetime_operator_2 to 2025-07-27 00:00:00+00:00, run_after=2025-07-28 00:00:00+00:00
[2025-07-28T13:51:39.465-0300] {logging_mixin.py:188} INFO - [2025-07-28T13:51:39.462-0300] {dag.py:3954} INFO - Setting next_dagrun for example_branch_datetime_operator_3 to 2025-07-27 00:00:00+00:00, run_after=2025-07-28 00:00:00+00:00
[2025-07-28T13:51:39.635-0300] {processor.py:183} INFO - Processing /mnt/c/Users/Usuario/Downloads/Automações/Climate-AgriTech-MLOps/.venv/lib/python3.12/site-packages/airflow/example_dags/example_branch_datetime_operator.py took 0.686 seconds
[2025-07-28T13:54:40.194-0300] {processor.py:161} INFO - Started process (PID=9029) to work on /mnt/c/Users/Usuario/Downloads/Automações/Climate-AgriTech-MLOps/.venv/lib/python3.12/site-packages/airflow/example_dags/example_branch_datetime_operator.py
[2025-07-28T13:54:40.201-0300] {processor.py:830} INFO - Processing file /mnt/c/Users/Usuario/Downloads/Automações/Climate-AgriTech-MLOps/.venv/lib/python3.12/site-packages/airflow/example_dags/example_branch_datetime_operator.py for tasks to queue
[2025-07-28T13:54:40.210-0300] {logging_mixin.py:188} INFO - [2025-07-28T13:54:40.206-0300] {dagbag.py:545} INFO - Filling up the DagBag from /mnt/c/Users/Usuario/Downloads/Automações/Climate-AgriTech-MLOps/.venv/lib/python3.12/site-packages/airflow/example_dags/example_branch_datetime_operator.py
[2025-07-28T13:54:40.380-0300] {processor.py:840} INFO - DAG(s) 'example_branch_datetime_operator', 'example_branch_datetime_operator_2', 'example_branch_datetime_operator_3' retrieved from /mnt/c/Users/Usuario/Downloads/Automações/Climate-AgriTech-MLOps/.venv/lib/python3.12/site-packages/airflow/example_dags/example_branch_datetime_operator.py
[2025-07-28T13:54:40.503-0300] {logging_mixin.py:188} INFO - [2025-07-28T13:54:40.501-0300] {dag.py:3096} INFO - Sync 3 DAGs
[2025-07-28T13:54:40.566-0300] {logging_mixin.py:188} INFO - [2025-07-28T13:54:40.564-0300] {dag.py:3954} INFO - Setting next_dagrun for example_branch_datetime_operator to 2025-07-27 00:00:00+00:00, run_after=2025-07-28 00:00:00+00:00
[2025-07-28T13:54:40.585-0300] {logging_mixin.py:188} INFO - [2025-07-28T13:54:40.583-0300] {dag.py:3954} INFO - Setting next_dagrun for example_branch_datetime_operator_2 to 2025-07-27 00:00:00+00:00, run_after=2025-07-28 00:00:00+00:00
[2025-07-28T13:54:40.598-0300] {logging_mixin.py:188} INFO - [2025-07-28T13:54:40.595-0300] {dag.py:3954} INFO - Setting next_dagrun for example_branch_datetime_operator_3 to 2025-07-27 00:00:00+00:00, run_after=2025-07-28 00:00:00+00:00
[2025-07-28T13:54:40.790-0300] {processor.py:183} INFO - Processing /mnt/c/Users/Usuario/Downloads/Automações/Climate-AgriTech-MLOps/.venv/lib/python3.12/site-packages/airflow/example_dags/example_branch_datetime_operator.py took 0.638 seconds
[2025-07-28T13:57:08.470-0300] {processor.py:161} INFO - Started process (PID=9138) to work on /mnt/c/Users/Usuario/Downloads/Automações/Climate-AgriTech-MLOps/.venv/lib/python3.12/site-packages/airflow/example_dags/example_branch_datetime_operator.py
[2025-07-28T13:57:08.473-0300] {processor.py:830} INFO - Processing file /mnt/c/Users/Usuario/Downloads/Automações/Climate-AgriTech-MLOps/.venv/lib/python3.12/site-packages/airflow/example_dags/example_branch_datetime_operator.py for tasks to queue
[2025-07-28T13:57:08.476-0300] {logging_mixin.py:188} INFO - [2025-07-28T13:57:08.475-0300] {dagbag.py:545} INFO - Filling up the DagBag from /mnt/c/Users/Usuario/Downloads/Automações/Climate-AgriTech-MLOps/.venv/lib/python3.12/site-packages/airflow/example_dags/example_branch_datetime_operator.py
[2025-07-28T13:57:08.537-0300] {processor.py:840} INFO - DAG(s) 'example_branch_datetime_operator_3', 'example_branch_datetime_operator_2', 'example_branch_datetime_operator' retrieved from /mnt/c/Users/Usuario/Downloads/Automações/Climate-AgriTech-MLOps/.venv/lib/python3.12/site-packages/airflow/example_dags/example_branch_datetime_operator.py
[2025-07-28T13:57:08.595-0300] {logging_mixin.py:188} INFO - [2025-07-28T13:57:08.594-0300] {dag.py:3096} INFO - Sync 3 DAGs
[2025-07-28T13:57:08.626-0300] {logging_mixin.py:188} INFO - [2025-07-28T13:57:08.624-0300] {dag.py:3954} INFO - Setting next_dagrun for example_branch_datetime_operator to 2025-07-27 00:00:00+00:00, run_after=2025-07-28 00:00:00+00:00
[2025-07-28T13:57:08.636-0300] {logging_mixin.py:188} INFO - [2025-07-28T13:57:08.634-0300] {dag.py:3954} INFO - Setting next_dagrun for example_branch_datetime_operator_2 to 2025-07-27 00:00:00+00:00, run_after=2025-07-28 00:00:00+00:00
[2025-07-28T13:57:08.643-0300] {logging_mixin.py:188} INFO - [2025-07-28T13:57:08.641-0300] {dag.py:3954} INFO - Setting next_dagrun for example_branch_datetime_operator_3 to 2025-07-27 00:00:00+00:00, run_after=2025-07-28 00:00:00+00:00
[2025-07-28T13:57:08.740-0300] {processor.py:183} INFO - Processing /mnt/c/Users/Usuario/Downloads/Automações/Climate-AgriTech-MLOps/.venv/lib/python3.12/site-packages/airflow/example_dags/example_branch_datetime_operator.py took 0.284 seconds
[2025-07-28T13:58:49.247-0300] {processor.py:161} INFO - Started process (PID=9218) to work on /mnt/c/Users/Usuario/Downloads/Automações/Climate-AgriTech-MLOps/.venv/lib/python3.12/site-packages/airflow/example_dags/example_branch_datetime_operator.py
[2025-07-28T13:58:49.253-0300] {processor.py:830} INFO - Processing file /mnt/c/Users/Usuario/Downloads/Automações/Climate-AgriTech-MLOps/.venv/lib/python3.12/site-packages/airflow/example_dags/example_branch_datetime_operator.py for tasks to queue
[2025-07-28T13:58:49.261-0300] {logging_mixin.py:188} INFO - [2025-07-28T13:58:49.257-0300] {dagbag.py:545} INFO - Filling up the DagBag from /mnt/c/Users/Usuario/Downloads/Automações/Climate-AgriTech-MLOps/.venv/lib/python3.12/site-packages/airflow/example_dags/example_branch_datetime_operator.py
[2025-07-28T13:58:49.420-0300] {processor.py:840} INFO - DAG(s) 'example_branch_datetime_operator_3', 'example_branch_datetime_operator_2', 'example_branch_datetime_operator' retrieved from /mnt/c/Users/Usuario/Downloads/Automações/Climate-AgriTech-MLOps/.venv/lib/python3.12/site-packages/airflow/example_dags/example_branch_datetime_operator.py
[2025-07-28T13:58:49.547-0300] {logging_mixin.py:188} INFO - [2025-07-28T13:58:49.543-0300] {dag.py:3096} INFO - Sync 3 DAGs
[2025-07-28T13:58:49.619-0300] {logging_mixin.py:188} INFO - [2025-07-28T13:58:49.616-0300] {dag.py:3954} INFO - Setting next_dagrun for example_branch_datetime_operator to 2025-07-27 00:00:00+00:00, run_after=2025-07-28 00:00:00+00:00
[2025-07-28T13:58:49.636-0300] {logging_mixin.py:188} INFO - [2025-07-28T13:58:49.633-0300] {dag.py:3954} INFO - Setting next_dagrun for example_branch_datetime_operator_2 to 2025-07-27 00:00:00+00:00, run_after=2025-07-28 00:00:00+00:00
[2025-07-28T13:58:49.648-0300] {logging_mixin.py:188} INFO - [2025-07-28T13:58:49.646-0300] {dag.py:3954} INFO - Setting next_dagrun for example_branch_datetime_operator_3 to 2025-07-27 00:00:00+00:00, run_after=2025-07-28 00:00:00+00:00
[2025-07-28T13:58:49.836-0300] {processor.py:183} INFO - Processing /mnt/c/Users/Usuario/Downloads/Automações/Climate-AgriTech-MLOps/.venv/lib/python3.12/site-packages/airflow/example_dags/example_branch_datetime_operator.py took 0.630 seconds
[2025-07-28T14:00:54.284-0300] {processor.py:161} INFO - Started process (PID=9314) to work on /mnt/c/Users/Usuario/Downloads/Automações/Climate-AgriTech-MLOps/.venv/lib/python3.12/site-packages/airflow/example_dags/example_branch_datetime_operator.py
[2025-07-28T14:00:54.286-0300] {processor.py:830} INFO - Processing file /mnt/c/Users/Usuario/Downloads/Automações/Climate-AgriTech-MLOps/.venv/lib/python3.12/site-packages/airflow/example_dags/example_branch_datetime_operator.py for tasks to queue
[2025-07-28T14:00:54.290-0300] {logging_mixin.py:188} INFO - [2025-07-28T14:00:54.288-0300] {dagbag.py:545} INFO - Filling up the DagBag from /mnt/c/Users/Usuario/Downloads/Automações/Climate-AgriTech-MLOps/.venv/lib/python3.12/site-packages/airflow/example_dags/example_branch_datetime_operator.py
[2025-07-28T14:00:54.362-0300] {processor.py:840} INFO - DAG(s) 'example_branch_datetime_operator_2', 'example_branch_datetime_operator_3', 'example_branch_datetime_operator' retrieved from /mnt/c/Users/Usuario/Downloads/Automações/Climate-AgriTech-MLOps/.venv/lib/python3.12/site-packages/airflow/example_dags/example_branch_datetime_operator.py
[2025-07-28T14:00:54.416-0300] {logging_mixin.py:188} INFO - [2025-07-28T14:00:54.415-0300] {dag.py:3096} INFO - Sync 3 DAGs
[2025-07-28T14:00:54.447-0300] {logging_mixin.py:188} INFO - [2025-07-28T14:00:54.446-0300] {dag.py:3954} INFO - Setting next_dagrun for example_branch_datetime_operator to 2025-07-27 00:00:00+00:00, run_after=2025-07-28 00:00:00+00:00
[2025-07-28T14:00:54.456-0300] {logging_mixin.py:188} INFO - [2025-07-28T14:00:54.455-0300] {dag.py:3954} INFO - Setting next_dagrun for example_branch_datetime_operator_2 to 2025-07-27 00:00:00+00:00, run_after=2025-07-28 00:00:00+00:00
[2025-07-28T14:00:54.463-0300] {logging_mixin.py:188} INFO - [2025-07-28T14:00:54.461-0300] {dag.py:3954} INFO - Setting next_dagrun for example_branch_datetime_operator_3 to 2025-07-27 00:00:00+00:00, run_after=2025-07-28 00:00:00+00:00
[2025-07-28T14:00:54.555-0300] {processor.py:183} INFO - Processing /mnt/c/Users/Usuario/Downloads/Automações/Climate-AgriTech-MLOps/.venv/lib/python3.12/site-packages/airflow/example_dags/example_branch_datetime_operator.py took 0.287 seconds
