[2025-07-28T12:50:08.397-0300] {processor.py:161} INFO - Started process (PID=8036) to work on /mnt/c/Users/Usuario/Downloads/Automações/Climate-AgriTech-MLOps/.venv/lib/python3.12/site-packages/airflow/example_dags/example_setup_teardown.py
[2025-07-28T12:50:08.402-0300] {processor.py:830} INFO - Processing file /mnt/c/Users/Usuario/Downloads/Automações/Climate-AgriTech-MLOps/.venv/lib/python3.12/site-packages/airflow/example_dags/example_setup_teardown.py for tasks to queue
[2025-07-28T12:50:08.411-0300] {logging_mixin.py:188} INFO - [2025-07-28T12:50:08.408-0300] {dagbag.py:545} INFO - Filling up the DagBag from /mnt/c/Users/Usuario/Downloads/Automações/Climate-AgriTech-MLOps/.venv/lib/python3.12/site-packages/airflow/example_dags/example_setup_teardown.py
[2025-07-28T12:50:08.494-0300] {processor.py:840} INFO - DAG(s) 'example_setup_teardown' retrieved from /mnt/c/Users/Usuario/Downloads/Automações/Climate-AgriTech-MLOps/.venv/lib/python3.12/site-packages/airflow/example_dags/example_setup_teardown.py
[2025-07-28T12:50:12.016-0300] {logging_mixin.py:188} INFO - [2025-07-28T12:50:12.012-0300] {override.py:1829} INFO - Created Permission View: can read on DAG:example_setup_teardown
[2025-07-28T12:50:12.121-0300] {logging_mixin.py:188} INFO - [2025-07-28T12:50:12.118-0300] {override.py:1829} INFO - Created Permission View: can edit on DAG:example_setup_teardown
[2025-07-28T12:50:12.222-0300] {logging_mixin.py:188} INFO - [2025-07-28T12:50:12.218-0300] {override.py:1829} INFO - Created Permission View: can delete on DAG:example_setup_teardown
[2025-07-28T12:50:12.229-0300] {logging_mixin.py:188} INFO - [2025-07-28T12:50:12.226-0300] {dag.py:3096} INFO - Sync 1 DAGs
[2025-07-28T12:50:12.276-0300] {logging_mixin.py:188} INFO - [2025-07-28T12:50:12.274-0300] {dag.py:3118} INFO - Creating ORM DAG for example_setup_teardown
[2025-07-28T12:50:12.325-0300] {logging_mixin.py:188} INFO - [2025-07-28T12:50:12.322-0300] {dag.py:3954} INFO - Setting next_dagrun for example_setup_teardown to 2025-07-27 00:00:00+00:00, run_after=2025-07-28 00:00:00+00:00
[2025-07-28T12:50:12.616-0300] {processor.py:183} INFO - Processing /mnt/c/Users/Usuario/Downloads/Automações/Climate-AgriTech-MLOps/.venv/lib/python3.12/site-packages/airflow/example_dags/example_setup_teardown.py took 4.254 seconds
[2025-07-28T13:09:29.035-0300] {processor.py:161} INFO - Started process (PID=8664) to work on /mnt/c/Users/Usuario/Downloads/Automações/Climate-AgriTech-MLOps/.venv/lib/python3.12/site-packages/airflow/example_dags/example_setup_teardown.py
[2025-07-28T13:09:29.041-0300] {processor.py:830} INFO - Processing file /mnt/c/Users/Usuario/Downloads/Automações/Climate-AgriTech-MLOps/.venv/lib/python3.12/site-packages/airflow/example_dags/example_setup_teardown.py for tasks to queue
[2025-07-28T13:09:29.047-0300] {logging_mixin.py:188} INFO - [2025-07-28T13:09:29.044-0300] {dagbag.py:545} INFO - Filling up the DagBag from /mnt/c/Users/Usuario/Downloads/Automações/Climate-AgriTech-MLOps/.venv/lib/python3.12/site-packages/airflow/example_dags/example_setup_teardown.py
[2025-07-28T13:09:29.103-0300] {processor.py:840} INFO - DAG(s) 'example_setup_teardown' retrieved from /mnt/c/Users/Usuario/Downloads/Automações/Climate-AgriTech-MLOps/.venv/lib/python3.12/site-packages/airflow/example_dags/example_setup_teardown.py
[2025-07-28T13:09:32.714-0300] {logging_mixin.py:188} INFO - [2025-07-28T13:09:32.710-0300] {dag.py:3096} INFO - Sync 1 DAGs
[2025-07-28T13:09:32.782-0300] {logging_mixin.py:188} INFO - [2025-07-28T13:09:32.779-0300] {dag.py:3954} INFO - Setting next_dagrun for example_setup_teardown to 2025-07-27 00:00:00+00:00, run_after=2025-07-28 00:00:00+00:00
[2025-07-28T13:09:32.988-0300] {processor.py:183} INFO - Processing /mnt/c/Users/Usuario/Downloads/Automações/Climate-AgriTech-MLOps/.venv/lib/python3.12/site-packages/airflow/example_dags/example_setup_teardown.py took 4.002 seconds
[2025-07-28T13:46:29.525-0300] {processor.py:161} INFO - Started process (PID=8746) to work on /mnt/c/Users/Usuario/Downloads/Automações/Climate-AgriTech-MLOps/.venv/lib/python3.12/site-packages/airflow/example_dags/example_setup_teardown.py
[2025-07-28T13:46:29.531-0300] {processor.py:830} INFO - Processing file /mnt/c/Users/Usuario/Downloads/Automações/Climate-AgriTech-MLOps/.venv/lib/python3.12/site-packages/airflow/example_dags/example_setup_teardown.py for tasks to queue
[2025-07-28T13:46:29.537-0300] {logging_mixin.py:188} INFO - [2025-07-28T13:46:29.534-0300] {dagbag.py:545} INFO - Filling up the DagBag from /mnt/c/Users/Usuario/Downloads/Automações/Climate-AgriTech-MLOps/.venv/lib/python3.12/site-packages/airflow/example_dags/example_setup_teardown.py
[2025-07-28T13:46:29.597-0300] {processor.py:840} INFO - DAG(s) 'example_setup_teardown' retrieved from /mnt/c/Users/Usuario/Downloads/Automações/Climate-AgriTech-MLOps/.venv/lib/python3.12/site-packages/airflow/example_dags/example_setup_teardown.py
[2025-07-28T13:46:29.673-0300] {logging_mixin.py:188} INFO - [2025-07-28T13:46:29.668-0300] {dag.py:3096} INFO - Sync 1 DAGs
[2025-07-28T13:46:29.742-0300] {logging_mixin.py:188} INFO - [2025-07-28T13:46:29.740-0300] {dag.py:3954} INFO - Setting next_dagrun for example_setup_teardown to 2025-07-27 00:00:00+00:00, run_after=2025-07-28 00:00:00+00:00
[2025-07-28T13:46:29.902-0300] {processor.py:183} INFO - Processing /mnt/c/Users/Usuario/Downloads/Automações/Climate-AgriTech-MLOps/.venv/lib/python3.12/site-packages/airflow/example_dags/example_setup_teardown.py took 0.412 seconds
[2025-07-28T13:48:09.000-0300] {processor.py:161} INFO - Started process (PID=8797) to work on /mnt/c/Users/Usuario/Downloads/Automações/Climate-AgriTech-MLOps/.venv/lib/python3.12/site-packages/airflow/example_dags/example_setup_teardown.py
[2025-07-28T13:48:09.004-0300] {processor.py:830} INFO - Processing file /mnt/c/Users/Usuario/Downloads/Automações/Climate-AgriTech-MLOps/.venv/lib/python3.12/site-packages/airflow/example_dags/example_setup_teardown.py for tasks to queue
[2025-07-28T13:48:09.009-0300] {logging_mixin.py:188} INFO - [2025-07-28T13:48:09.007-0300] {dagbag.py:545} INFO - Filling up the DagBag from /mnt/c/Users/Usuario/Downloads/Automações/Climate-AgriTech-MLOps/.venv/lib/python3.12/site-packages/airflow/example_dags/example_setup_teardown.py
[2025-07-28T13:48:09.063-0300] {processor.py:840} INFO - DAG(s) 'example_setup_teardown' retrieved from /mnt/c/Users/Usuario/Downloads/Automações/Climate-AgriTech-MLOps/.venv/lib/python3.12/site-packages/airflow/example_dags/example_setup_teardown.py
[2025-07-28T13:48:09.378-0300] {logging_mixin.py:188} INFO - [2025-07-28T13:48:09.376-0300] {dag.py:3096} INFO - Sync 1 DAGs
[2025-07-28T13:48:09.438-0300] {logging_mixin.py:188} INFO - [2025-07-28T13:48:09.436-0300] {dag.py:3954} INFO - Setting next_dagrun for example_setup_teardown to 2025-07-27 00:00:00+00:00, run_after=2025-07-28 00:00:00+00:00
[2025-07-28T13:48:09.629-0300] {processor.py:183} INFO - Processing /mnt/c/Users/Usuario/Downloads/Automações/Climate-AgriTech-MLOps/.venv/lib/python3.12/site-packages/airflow/example_dags/example_setup_teardown.py took 0.659 seconds
[2025-07-28T13:49:39.851-0300] {processor.py:161} INFO - Started process (PID=8847) to work on /mnt/c/Users/Usuario/Downloads/Automações/Climate-AgriTech-MLOps/.venv/lib/python3.12/site-packages/airflow/example_dags/example_setup_teardown.py
[2025-07-28T13:49:39.857-0300] {processor.py:830} INFO - Processing file /mnt/c/Users/Usuario/Downloads/Automações/Climate-AgriTech-MLOps/.venv/lib/python3.12/site-packages/airflow/example_dags/example_setup_teardown.py for tasks to queue
[2025-07-28T13:49:39.864-0300] {logging_mixin.py:188} INFO - [2025-07-28T13:49:39.860-0300] {dagbag.py:545} INFO - Filling up the DagBag from /mnt/c/Users/Usuario/Downloads/Automações/Climate-AgriTech-MLOps/.venv/lib/python3.12/site-packages/airflow/example_dags/example_setup_teardown.py
[2025-07-28T13:49:39.932-0300] {processor.py:840} INFO - DAG(s) 'example_setup_teardown' retrieved from /mnt/c/Users/Usuario/Downloads/Automações/Climate-AgriTech-MLOps/.venv/lib/python3.12/site-packages/airflow/example_dags/example_setup_teardown.py
[2025-07-28T13:49:40.025-0300] {logging_mixin.py:188} INFO - [2025-07-28T13:49:40.023-0300] {dag.py:3096} INFO - Sync 1 DAGs
[2025-07-28T13:49:40.090-0300] {logging_mixin.py:188} INFO - [2025-07-28T13:49:40.087-0300] {dag.py:3954} INFO - Setting next_dagrun for example_setup_teardown to 2025-07-27 00:00:00+00:00, run_after=2025-07-28 00:00:00+00:00
[2025-07-28T13:49:40.253-0300] {processor.py:183} INFO - Processing /mnt/c/Users/Usuario/Downloads/Automações/Climate-AgriTech-MLOps/.venv/lib/python3.12/site-packages/airflow/example_dags/example_setup_teardown.py took 0.445 seconds
[2025-07-28T13:51:10.471-0300] {processor.py:161} INFO - Started process (PID=8901) to work on /mnt/c/Users/Usuario/Downloads/Automações/Climate-AgriTech-MLOps/.venv/lib/python3.12/site-packages/airflow/example_dags/example_setup_teardown.py
[2025-07-28T13:51:10.476-0300] {processor.py:830} INFO - Processing file /mnt/c/Users/Usuario/Downloads/Automações/Climate-AgriTech-MLOps/.venv/lib/python3.12/site-packages/airflow/example_dags/example_setup_teardown.py for tasks to queue
[2025-07-28T13:51:10.483-0300] {logging_mixin.py:188} INFO - [2025-07-28T13:51:10.480-0300] {dagbag.py:545} INFO - Filling up the DagBag from /mnt/c/Users/Usuario/Downloads/Automações/Climate-AgriTech-MLOps/.venv/lib/python3.12/site-packages/airflow/example_dags/example_setup_teardown.py
[2025-07-28T13:51:10.548-0300] {processor.py:840} INFO - DAG(s) 'example_setup_teardown' retrieved from /mnt/c/Users/Usuario/Downloads/Automações/Climate-AgriTech-MLOps/.venv/lib/python3.12/site-packages/airflow/example_dags/example_setup_teardown.py
[2025-07-28T13:51:10.627-0300] {logging_mixin.py:188} INFO - [2025-07-28T13:51:10.624-0300] {dag.py:3096} INFO - Sync 1 DAGs
[2025-07-28T13:51:10.699-0300] {logging_mixin.py:188} INFO - [2025-07-28T13:51:10.697-0300] {dag.py:3954} INFO - Setting next_dagrun for example_setup_teardown to 2025-07-27 00:00:00+00:00, run_after=2025-07-28 00:00:00+00:00
[2025-07-28T13:51:10.849-0300] {processor.py:183} INFO - Processing /mnt/c/Users/Usuario/Downloads/Automações/Climate-AgriTech-MLOps/.venv/lib/python3.12/site-packages/airflow/example_dags/example_setup_teardown.py took 0.410 seconds
[2025-07-28T13:52:45.514-0300] {processor.py:161} INFO - Started process (PID=8968) to work on /mnt/c/Users/Usuario/Downloads/Automações/Climate-AgriTech-MLOps/.venv/lib/python3.12/site-packages/airflow/example_dags/example_setup_teardown.py
[2025-07-28T13:52:45.523-0300] {processor.py:830} INFO - Processing file /mnt/c/Users/Usuario/Downloads/Automações/Climate-AgriTech-MLOps/.venv/lib/python3.12/site-packages/airflow/example_dags/example_setup_teardown.py for tasks to queue
[2025-07-28T13:52:45.533-0300] {logging_mixin.py:188} INFO - [2025-07-28T13:52:45.528-0300] {dagbag.py:545} INFO - Filling up the DagBag from /mnt/c/Users/Usuario/Downloads/Automações/Climate-AgriTech-MLOps/.venv/lib/python3.12/site-packages/airflow/example_dags/example_setup_teardown.py
[2025-07-28T13:52:45.614-0300] {processor.py:840} INFO - DAG(s) 'example_setup_teardown' retrieved from /mnt/c/Users/Usuario/Downloads/Automações/Climate-AgriTech-MLOps/.venv/lib/python3.12/site-packages/airflow/example_dags/example_setup_teardown.py
[2025-07-28T13:52:45.712-0300] {logging_mixin.py:188} INFO - [2025-07-28T13:52:45.709-0300] {dag.py:3096} INFO - Sync 1 DAGs
[2025-07-28T13:52:45.843-0300] {logging_mixin.py:188} INFO - [2025-07-28T13:52:45.840-0300] {dag.py:3954} INFO - Setting next_dagrun for example_setup_teardown to 2025-07-27 00:00:00+00:00, run_after=2025-07-28 00:00:00+00:00
[2025-07-28T13:52:46.045-0300] {processor.py:183} INFO - Processing /mnt/c/Users/Usuario/Downloads/Automações/Climate-AgriTech-MLOps/.venv/lib/python3.12/site-packages/airflow/example_dags/example_setup_teardown.py took 0.578 seconds
[2025-07-28T13:54:18.963-0300] {processor.py:161} INFO - Started process (PID=9016) to work on /mnt/c/Users/Usuario/Downloads/Automações/Climate-AgriTech-MLOps/.venv/lib/python3.12/site-packages/airflow/example_dags/example_setup_teardown.py
[2025-07-28T13:54:18.969-0300] {processor.py:830} INFO - Processing file /mnt/c/Users/Usuario/Downloads/Automações/Climate-AgriTech-MLOps/.venv/lib/python3.12/site-packages/airflow/example_dags/example_setup_teardown.py for tasks to queue
[2025-07-28T13:54:18.980-0300] {logging_mixin.py:188} INFO - [2025-07-28T13:54:18.974-0300] {dagbag.py:545} INFO - Filling up the DagBag from /mnt/c/Users/Usuario/Downloads/Automações/Climate-AgriTech-MLOps/.venv/lib/python3.12/site-packages/airflow/example_dags/example_setup_teardown.py
[2025-07-28T13:54:19.047-0300] {processor.py:840} INFO - DAG(s) 'example_setup_teardown' retrieved from /mnt/c/Users/Usuario/Downloads/Automações/Climate-AgriTech-MLOps/.venv/lib/python3.12/site-packages/airflow/example_dags/example_setup_teardown.py
[2025-07-28T13:54:19.135-0300] {logging_mixin.py:188} INFO - [2025-07-28T13:54:19.132-0300] {dag.py:3096} INFO - Sync 1 DAGs
[2025-07-28T13:54:19.219-0300] {logging_mixin.py:188} INFO - [2025-07-28T13:54:19.216-0300] {dag.py:3954} INFO - Setting next_dagrun for example_setup_teardown to 2025-07-27 00:00:00+00:00, run_after=2025-07-28 00:00:00+00:00
[2025-07-28T13:54:19.437-0300] {processor.py:183} INFO - Processing /mnt/c/Users/Usuario/Downloads/Automações/Climate-AgriTech-MLOps/.venv/lib/python3.12/site-packages/airflow/example_dags/example_setup_teardown.py took 0.521 seconds
[2025-07-28T13:55:54.750-0300] {processor.py:161} INFO - Started process (PID=9076) to work on /mnt/c/Users/Usuario/Downloads/Automações/Climate-AgriTech-MLOps/.venv/lib/python3.12/site-packages/airflow/example_dags/example_setup_teardown.py
[2025-07-28T13:55:54.755-0300] {processor.py:830} INFO - Processing file /mnt/c/Users/Usuario/Downloads/Automações/Climate-AgriTech-MLOps/.venv/lib/python3.12/site-packages/airflow/example_dags/example_setup_teardown.py for tasks to queue
[2025-07-28T13:55:54.763-0300] {logging_mixin.py:188} INFO - [2025-07-28T13:55:54.759-0300] {dagbag.py:545} INFO - Filling up the DagBag from /mnt/c/Users/Usuario/Downloads/Automações/Climate-AgriTech-MLOps/.venv/lib/python3.12/site-packages/airflow/example_dags/example_setup_teardown.py
[2025-07-28T13:55:54.830-0300] {processor.py:840} INFO - DAG(s) 'example_setup_teardown' retrieved from /mnt/c/Users/Usuario/Downloads/Automações/Climate-AgriTech-MLOps/.venv/lib/python3.12/site-packages/airflow/example_dags/example_setup_teardown.py
[2025-07-28T13:55:54.923-0300] {logging_mixin.py:188} INFO - [2025-07-28T13:55:54.919-0300] {dag.py:3096} INFO - Sync 1 DAGs
[2025-07-28T13:55:55.008-0300] {logging_mixin.py:188} INFO - [2025-07-28T13:55:55.006-0300] {dag.py:3954} INFO - Setting next_dagrun for example_setup_teardown to 2025-07-27 00:00:00+00:00, run_after=2025-07-28 00:00:00+00:00
[2025-07-28T13:55:55.217-0300] {processor.py:183} INFO - Processing /mnt/c/Users/Usuario/Downloads/Automações/Climate-AgriTech-MLOps/.venv/lib/python3.12/site-packages/airflow/example_dags/example_setup_teardown.py took 0.511 seconds
[2025-07-28T13:56:59.210-0300] {processor.py:161} INFO - Started process (PID=9127) to work on /mnt/c/Users/Usuario/Downloads/Automações/Climate-AgriTech-MLOps/.venv/lib/python3.12/site-packages/airflow/example_dags/example_setup_teardown.py
[2025-07-28T13:56:59.213-0300] {processor.py:830} INFO - Processing file /mnt/c/Users/Usuario/Downloads/Automações/Climate-AgriTech-MLOps/.venv/lib/python3.12/site-packages/airflow/example_dags/example_setup_teardown.py for tasks to queue
[2025-07-28T13:56:59.216-0300] {logging_mixin.py:188} INFO - [2025-07-28T13:56:59.214-0300] {dagbag.py:545} INFO - Filling up the DagBag from /mnt/c/Users/Usuario/Downloads/Automações/Climate-AgriTech-MLOps/.venv/lib/python3.12/site-packages/airflow/example_dags/example_setup_teardown.py
[2025-07-28T13:56:59.242-0300] {processor.py:840} INFO - DAG(s) 'example_setup_teardown' retrieved from /mnt/c/Users/Usuario/Downloads/Automações/Climate-AgriTech-MLOps/.venv/lib/python3.12/site-packages/airflow/example_dags/example_setup_teardown.py
[2025-07-28T13:56:59.281-0300] {logging_mixin.py:188} INFO - [2025-07-28T13:56:59.279-0300] {dag.py:3096} INFO - Sync 1 DAGs
[2025-07-28T13:56:59.317-0300] {logging_mixin.py:188} INFO - [2025-07-28T13:56:59.316-0300] {dag.py:3954} INFO - Setting next_dagrun for example_setup_teardown to 2025-07-27 00:00:00+00:00, run_after=2025-07-28 00:00:00+00:00
[2025-07-28T13:56:59.397-0300] {processor.py:183} INFO - Processing /mnt/c/Users/Usuario/Downloads/Automações/Climate-AgriTech-MLOps/.venv/lib/python3.12/site-packages/airflow/example_dags/example_setup_teardown.py took 0.202 seconds
[2025-07-28T13:58:35.142-0300] {processor.py:161} INFO - Started process (PID=9210) to work on /mnt/c/Users/Usuario/Downloads/Automações/Climate-AgriTech-MLOps/.venv/lib/python3.12/site-packages/airflow/example_dags/example_setup_teardown.py
[2025-07-28T13:58:35.147-0300] {processor.py:830} INFO - Processing file /mnt/c/Users/Usuario/Downloads/Automações/Climate-AgriTech-MLOps/.venv/lib/python3.12/site-packages/airflow/example_dags/example_setup_teardown.py for tasks to queue
[2025-07-28T13:58:35.154-0300] {logging_mixin.py:188} INFO - [2025-07-28T13:58:35.151-0300] {dagbag.py:545} INFO - Filling up the DagBag from /mnt/c/Users/Usuario/Downloads/Automações/Climate-AgriTech-MLOps/.venv/lib/python3.12/site-packages/airflow/example_dags/example_setup_teardown.py
[2025-07-28T13:58:35.221-0300] {processor.py:840} INFO - DAG(s) 'example_setup_teardown' retrieved from /mnt/c/Users/Usuario/Downloads/Automações/Climate-AgriTech-MLOps/.venv/lib/python3.12/site-packages/airflow/example_dags/example_setup_teardown.py
[2025-07-28T13:58:35.322-0300] {logging_mixin.py:188} INFO - [2025-07-28T13:58:35.318-0300] {dag.py:3096} INFO - Sync 1 DAGs
[2025-07-28T13:58:35.415-0300] {logging_mixin.py:188} INFO - [2025-07-28T13:58:35.411-0300] {dag.py:3954} INFO - Setting next_dagrun for example_setup_teardown to 2025-07-27 00:00:00+00:00, run_after=2025-07-28 00:00:00+00:00
[2025-07-28T13:58:35.623-0300] {processor.py:183} INFO - Processing /mnt/c/Users/Usuario/Downloads/Automações/Climate-AgriTech-MLOps/.venv/lib/python3.12/site-packages/airflow/example_dags/example_setup_teardown.py took 0.521 seconds
[2025-07-28T13:59:50.203-0300] {processor.py:161} INFO - Started process (PID=9257) to work on /mnt/c/Users/Usuario/Downloads/Automações/Climate-AgriTech-MLOps/.venv/lib/python3.12/site-packages/airflow/example_dags/example_setup_teardown.py
[2025-07-28T13:59:50.205-0300] {processor.py:830} INFO - Processing file /mnt/c/Users/Usuario/Downloads/Automações/Climate-AgriTech-MLOps/.venv/lib/python3.12/site-packages/airflow/example_dags/example_setup_teardown.py for tasks to queue
[2025-07-28T13:59:50.208-0300] {logging_mixin.py:188} INFO - [2025-07-28T13:59:50.206-0300] {dagbag.py:545} INFO - Filling up the DagBag from /mnt/c/Users/Usuario/Downloads/Automações/Climate-AgriTech-MLOps/.venv/lib/python3.12/site-packages/airflow/example_dags/example_setup_teardown.py
[2025-07-28T13:59:50.233-0300] {processor.py:840} INFO - DAG(s) 'example_setup_teardown' retrieved from /mnt/c/Users/Usuario/Downloads/Automações/Climate-AgriTech-MLOps/.venv/lib/python3.12/site-packages/airflow/example_dags/example_setup_teardown.py
[2025-07-28T13:59:50.272-0300] {logging_mixin.py:188} INFO - [2025-07-28T13:59:50.271-0300] {dag.py:3096} INFO - Sync 1 DAGs
[2025-07-28T13:59:50.308-0300] {logging_mixin.py:188} INFO - [2025-07-28T13:59:50.307-0300] {dag.py:3954} INFO - Setting next_dagrun for example_setup_teardown to 2025-07-27 00:00:00+00:00, run_after=2025-07-28 00:00:00+00:00
[2025-07-28T13:59:50.395-0300] {processor.py:183} INFO - Processing /mnt/c/Users/Usuario/Downloads/Automações/Climate-AgriTech-MLOps/.venv/lib/python3.12/site-packages/airflow/example_dags/example_setup_teardown.py took 0.209 seconds
[2025-07-28T14:01:24.222-0300] {processor.py:161} INFO - Started process (PID=9341) to work on /mnt/c/Users/Usuario/Downloads/Automações/Climate-AgriTech-MLOps/.venv/lib/python3.12/site-packages/airflow/example_dags/example_setup_teardown.py
[2025-07-28T14:01:24.225-0300] {processor.py:830} INFO - Processing file /mnt/c/Users/Usuario/Downloads/Automações/Climate-AgriTech-MLOps/.venv/lib/python3.12/site-packages/airflow/example_dags/example_setup_teardown.py for tasks to queue
[2025-07-28T14:01:24.229-0300] {logging_mixin.py:188} INFO - [2025-07-28T14:01:24.227-0300] {dagbag.py:545} INFO - Filling up the DagBag from /mnt/c/Users/Usuario/Downloads/Automações/Climate-AgriTech-MLOps/.venv/lib/python3.12/site-packages/airflow/example_dags/example_setup_teardown.py
[2025-07-28T14:01:24.254-0300] {processor.py:840} INFO - DAG(s) 'example_setup_teardown' retrieved from /mnt/c/Users/Usuario/Downloads/Automações/Climate-AgriTech-MLOps/.venv/lib/python3.12/site-packages/airflow/example_dags/example_setup_teardown.py
[2025-07-28T14:01:24.294-0300] {logging_mixin.py:188} INFO - [2025-07-28T14:01:24.292-0300] {dag.py:3096} INFO - Sync 1 DAGs
[2025-07-28T14:01:24.328-0300] {logging_mixin.py:188} INFO - [2025-07-28T14:01:24.327-0300] {dag.py:3954} INFO - Setting next_dagrun for example_setup_teardown to 2025-07-27 00:00:00+00:00, run_after=2025-07-28 00:00:00+00:00
[2025-07-28T14:01:24.424-0300] {processor.py:183} INFO - Processing /mnt/c/Users/Usuario/Downloads/Automações/Climate-AgriTech-MLOps/.venv/lib/python3.12/site-packages/airflow/example_dags/example_setup_teardown.py took 0.217 seconds
