[2025-07-28T12:51:02.573-0300] {processor.py:161} INFO - Started process (PID=8055) to work on /mnt/c/Users/Usuario/Downloads/Automações/Climate-AgriTech-MLOps/.venv/lib/python3.12/site-packages/airflow/example_dags/example_latest_only_with_trigger.py
[2025-07-28T12:51:02.578-0300] {processor.py:830} INFO - Processing file /mnt/c/Users/Usuario/Downloads/Automações/Climate-AgriTech-MLOps/.venv/lib/python3.12/site-packages/airflow/example_dags/example_latest_only_with_trigger.py for tasks to queue
[2025-07-28T12:51:02.587-0300] {logging_mixin.py:188} INFO - [2025-07-28T12:51:02.584-0300] {dagbag.py:545} INFO - Filling up the DagBag from /mnt/c/Users/Usuario/Downloads/Automações/Climate-AgriTech-MLOps/.venv/lib/python3.12/site-packages/airflow/example_dags/example_latest_only_with_trigger.py
[2025-07-28T12:51:02.662-0300] {processor.py:840} INFO - DAG(s) 'latest_only_with_trigger' retrieved from /mnt/c/Users/Usuario/Downloads/Automações/Climate-AgriTech-MLOps/.venv/lib/python3.12/site-packages/airflow/example_dags/example_latest_only_with_trigger.py
[2025-07-28T12:51:06.169-0300] {logging_mixin.py:188} INFO - [2025-07-28T12:51:06.164-0300] {override.py:1829} INFO - Created Permission View: can read on DAG:latest_only_with_trigger
[2025-07-28T12:51:06.268-0300] {logging_mixin.py:188} INFO - [2025-07-28T12:51:06.265-0300] {override.py:1829} INFO - Created Permission View: can edit on DAG:latest_only_with_trigger
[2025-07-28T12:51:06.368-0300] {logging_mixin.py:188} INFO - [2025-07-28T12:51:06.364-0300] {override.py:1829} INFO - Created Permission View: can delete on DAG:latest_only_with_trigger
[2025-07-28T12:51:06.375-0300] {logging_mixin.py:188} INFO - [2025-07-28T12:51:06.371-0300] {dag.py:3096} INFO - Sync 1 DAGs
[2025-07-28T12:51:06.424-0300] {logging_mixin.py:188} INFO - [2025-07-28T12:51:06.420-0300] {dag.py:3118} INFO - Creating ORM DAG for latest_only_with_trigger
[2025-07-28T12:51:06.475-0300] {logging_mixin.py:188} INFO - [2025-07-28T12:51:06.472-0300] {dag.py:3954} INFO - Setting next_dagrun for latest_only_with_trigger to 2025-07-28 08:00:00+00:00, run_after=2025-07-28 12:00:00+00:00
[2025-07-28T12:51:06.666-0300] {processor.py:183} INFO - Processing /mnt/c/Users/Usuario/Downloads/Automações/Climate-AgriTech-MLOps/.venv/lib/python3.12/site-packages/airflow/example_dags/example_latest_only_with_trigger.py took 4.130 seconds
[2025-07-28T13:10:20.309-0300] {processor.py:161} INFO - Started process (PID=8677) to work on /mnt/c/Users/Usuario/Downloads/Automações/Climate-AgriTech-MLOps/.venv/lib/python3.12/site-packages/airflow/example_dags/example_latest_only_with_trigger.py
[2025-07-28T13:10:20.326-0300] {processor.py:830} INFO - Processing file /mnt/c/Users/Usuario/Downloads/Automações/Climate-AgriTech-MLOps/.venv/lib/python3.12/site-packages/airflow/example_dags/example_latest_only_with_trigger.py for tasks to queue
[2025-07-28T13:10:20.333-0300] {logging_mixin.py:188} INFO - [2025-07-28T13:10:20.330-0300] {dagbag.py:545} INFO - Filling up the DagBag from /mnt/c/Users/Usuario/Downloads/Automações/Climate-AgriTech-MLOps/.venv/lib/python3.12/site-packages/airflow/example_dags/example_latest_only_with_trigger.py
[2025-07-28T13:10:20.410-0300] {processor.py:840} INFO - DAG(s) 'latest_only_with_trigger' retrieved from /mnt/c/Users/Usuario/Downloads/Automações/Climate-AgriTech-MLOps/.venv/lib/python3.12/site-packages/airflow/example_dags/example_latest_only_with_trigger.py
[2025-07-28T13:10:23.707-0300] {logging_mixin.py:188} INFO - [2025-07-28T13:10:23.705-0300] {dag.py:3096} INFO - Sync 1 DAGs
[2025-07-28T13:10:23.767-0300] {logging_mixin.py:188} INFO - [2025-07-28T13:10:23.764-0300] {dag.py:3954} INFO - Setting next_dagrun for latest_only_with_trigger to 2025-07-28 12:00:00+00:00, run_after=2025-07-28 16:00:00+00:00
[2025-07-28T13:10:24.174-0300] {processor.py:183} INFO - Processing /mnt/c/Users/Usuario/Downloads/Automações/Climate-AgriTech-MLOps/.venv/lib/python3.12/site-packages/airflow/example_dags/example_latest_only_with_trigger.py took 3.897 seconds
[2025-07-28T13:46:45.811-0300] {processor.py:161} INFO - Started process (PID=8756) to work on /mnt/c/Users/Usuario/Downloads/Automações/Climate-AgriTech-MLOps/.venv/lib/python3.12/site-packages/airflow/example_dags/example_latest_only_with_trigger.py
[2025-07-28T13:46:45.818-0300] {processor.py:830} INFO - Processing file /mnt/c/Users/Usuario/Downloads/Automações/Climate-AgriTech-MLOps/.venv/lib/python3.12/site-packages/airflow/example_dags/example_latest_only_with_trigger.py for tasks to queue
[2025-07-28T13:46:45.824-0300] {logging_mixin.py:188} INFO - [2025-07-28T13:46:45.821-0300] {dagbag.py:545} INFO - Filling up the DagBag from /mnt/c/Users/Usuario/Downloads/Automações/Climate-AgriTech-MLOps/.venv/lib/python3.12/site-packages/airflow/example_dags/example_latest_only_with_trigger.py
[2025-07-28T13:46:45.887-0300] {processor.py:840} INFO - DAG(s) 'latest_only_with_trigger' retrieved from /mnt/c/Users/Usuario/Downloads/Automações/Climate-AgriTech-MLOps/.venv/lib/python3.12/site-packages/airflow/example_dags/example_latest_only_with_trigger.py
[2025-07-28T13:46:45.962-0300] {logging_mixin.py:188} INFO - [2025-07-28T13:46:45.959-0300] {dag.py:3096} INFO - Sync 1 DAGs
[2025-07-28T13:46:46.031-0300] {logging_mixin.py:188} INFO - [2025-07-28T13:46:46.028-0300] {dag.py:3954} INFO - Setting next_dagrun for latest_only_with_trigger to 2025-07-28 12:00:00+00:00, run_after=2025-07-28 16:00:00+00:00
[2025-07-28T13:46:46.192-0300] {processor.py:183} INFO - Processing /mnt/c/Users/Usuario/Downloads/Automações/Climate-AgriTech-MLOps/.venv/lib/python3.12/site-packages/airflow/example_dags/example_latest_only_with_trigger.py took 0.411 seconds
[2025-07-28T13:49:51.833-0300] {processor.py:161} INFO - Started process (PID=8856) to work on /mnt/c/Users/Usuario/Downloads/Automações/Climate-AgriTech-MLOps/.venv/lib/python3.12/site-packages/airflow/example_dags/example_latest_only_with_trigger.py
[2025-07-28T13:49:51.844-0300] {processor.py:830} INFO - Processing file /mnt/c/Users/Usuario/Downloads/Automações/Climate-AgriTech-MLOps/.venv/lib/python3.12/site-packages/airflow/example_dags/example_latest_only_with_trigger.py for tasks to queue
[2025-07-28T13:49:51.851-0300] {logging_mixin.py:188} INFO - [2025-07-28T13:49:51.848-0300] {dagbag.py:545} INFO - Filling up the DagBag from /mnt/c/Users/Usuario/Downloads/Automações/Climate-AgriTech-MLOps/.venv/lib/python3.12/site-packages/airflow/example_dags/example_latest_only_with_trigger.py
[2025-07-28T13:49:51.906-0300] {processor.py:840} INFO - DAG(s) 'latest_only_with_trigger' retrieved from /mnt/c/Users/Usuario/Downloads/Automações/Climate-AgriTech-MLOps/.venv/lib/python3.12/site-packages/airflow/example_dags/example_latest_only_with_trigger.py
[2025-07-28T13:49:51.977-0300] {logging_mixin.py:188} INFO - [2025-07-28T13:49:51.975-0300] {dag.py:3096} INFO - Sync 1 DAGs
[2025-07-28T13:49:52.043-0300] {logging_mixin.py:188} INFO - [2025-07-28T13:49:52.041-0300] {dag.py:3954} INFO - Setting next_dagrun for latest_only_with_trigger to 2025-07-28 12:00:00+00:00, run_after=2025-07-28 16:00:00+00:00
[2025-07-28T13:49:52.222-0300] {processor.py:183} INFO - Processing /mnt/c/Users/Usuario/Downloads/Automações/Climate-AgriTech-MLOps/.venv/lib/python3.12/site-packages/airflow/example_dags/example_latest_only_with_trigger.py took 0.424 seconds
[2025-07-28T13:51:28.288-0300] {processor.py:161} INFO - Started process (PID=8916) to work on /mnt/c/Users/Usuario/Downloads/Automações/Climate-AgriTech-MLOps/.venv/lib/python3.12/site-packages/airflow/example_dags/example_latest_only_with_trigger.py
[2025-07-28T13:51:28.293-0300] {processor.py:830} INFO - Processing file /mnt/c/Users/Usuario/Downloads/Automações/Climate-AgriTech-MLOps/.venv/lib/python3.12/site-packages/airflow/example_dags/example_latest_only_with_trigger.py for tasks to queue
[2025-07-28T13:51:28.299-0300] {logging_mixin.py:188} INFO - [2025-07-28T13:51:28.296-0300] {dagbag.py:545} INFO - Filling up the DagBag from /mnt/c/Users/Usuario/Downloads/Automações/Climate-AgriTech-MLOps/.venv/lib/python3.12/site-packages/airflow/example_dags/example_latest_only_with_trigger.py
[2025-07-28T13:51:28.352-0300] {processor.py:840} INFO - DAG(s) 'latest_only_with_trigger' retrieved from /mnt/c/Users/Usuario/Downloads/Automações/Climate-AgriTech-MLOps/.venv/lib/python3.12/site-packages/airflow/example_dags/example_latest_only_with_trigger.py
[2025-07-28T13:51:28.425-0300] {logging_mixin.py:188} INFO - [2025-07-28T13:51:28.423-0300] {dag.py:3096} INFO - Sync 1 DAGs
[2025-07-28T13:51:28.495-0300] {logging_mixin.py:188} INFO - [2025-07-28T13:51:28.492-0300] {dag.py:3954} INFO - Setting next_dagrun for latest_only_with_trigger to 2025-07-28 12:00:00+00:00, run_after=2025-07-28 16:00:00+00:00
[2025-07-28T13:51:28.673-0300] {processor.py:183} INFO - Processing /mnt/c/Users/Usuario/Downloads/Automações/Climate-AgriTech-MLOps/.venv/lib/python3.12/site-packages/airflow/example_dags/example_latest_only_with_trigger.py took 0.414 seconds
[2025-07-28T13:54:30.133-0300] {processor.py:161} INFO - Started process (PID=9023) to work on /mnt/c/Users/Usuario/Downloads/Automações/Climate-AgriTech-MLOps/.venv/lib/python3.12/site-packages/airflow/example_dags/example_latest_only_with_trigger.py
[2025-07-28T13:54:30.139-0300] {processor.py:830} INFO - Processing file /mnt/c/Users/Usuario/Downloads/Automações/Climate-AgriTech-MLOps/.venv/lib/python3.12/site-packages/airflow/example_dags/example_latest_only_with_trigger.py for tasks to queue
[2025-07-28T13:54:30.146-0300] {logging_mixin.py:188} INFO - [2025-07-28T13:54:30.143-0300] {dagbag.py:545} INFO - Filling up the DagBag from /mnt/c/Users/Usuario/Downloads/Automações/Climate-AgriTech-MLOps/.venv/lib/python3.12/site-packages/airflow/example_dags/example_latest_only_with_trigger.py
[2025-07-28T13:54:30.220-0300] {processor.py:840} INFO - DAG(s) 'latest_only_with_trigger' retrieved from /mnt/c/Users/Usuario/Downloads/Automações/Climate-AgriTech-MLOps/.venv/lib/python3.12/site-packages/airflow/example_dags/example_latest_only_with_trigger.py
[2025-07-28T13:54:30.300-0300] {logging_mixin.py:188} INFO - [2025-07-28T13:54:30.298-0300] {dag.py:3096} INFO - Sync 1 DAGs
[2025-07-28T13:54:30.371-0300] {logging_mixin.py:188} INFO - [2025-07-28T13:54:30.368-0300] {dag.py:3954} INFO - Setting next_dagrun for latest_only_with_trigger to 2025-07-28 12:00:00+00:00, run_after=2025-07-28 16:00:00+00:00
[2025-07-28T13:54:30.588-0300] {processor.py:183} INFO - Processing /mnt/c/Users/Usuario/Downloads/Automações/Climate-AgriTech-MLOps/.venv/lib/python3.12/site-packages/airflow/example_dags/example_latest_only_with_trigger.py took 0.495 seconds
[2025-07-28T13:57:01.215-0300] {processor.py:161} INFO - Started process (PID=9132) to work on /mnt/c/Users/Usuario/Downloads/Automações/Climate-AgriTech-MLOps/.venv/lib/python3.12/site-packages/airflow/example_dags/example_latest_only_with_trigger.py
[2025-07-28T13:57:01.218-0300] {processor.py:830} INFO - Processing file /mnt/c/Users/Usuario/Downloads/Automações/Climate-AgriTech-MLOps/.venv/lib/python3.12/site-packages/airflow/example_dags/example_latest_only_with_trigger.py for tasks to queue
[2025-07-28T13:57:01.222-0300] {logging_mixin.py:188} INFO - [2025-07-28T13:57:01.220-0300] {dagbag.py:545} INFO - Filling up the DagBag from /mnt/c/Users/Usuario/Downloads/Automações/Climate-AgriTech-MLOps/.venv/lib/python3.12/site-packages/airflow/example_dags/example_latest_only_with_trigger.py
[2025-07-28T13:57:01.254-0300] {processor.py:840} INFO - DAG(s) 'latest_only_with_trigger' retrieved from /mnt/c/Users/Usuario/Downloads/Automações/Climate-AgriTech-MLOps/.venv/lib/python3.12/site-packages/airflow/example_dags/example_latest_only_with_trigger.py
[2025-07-28T13:57:01.296-0300] {logging_mixin.py:188} INFO - [2025-07-28T13:57:01.295-0300] {dag.py:3096} INFO - Sync 1 DAGs
[2025-07-28T13:57:01.334-0300] {logging_mixin.py:188} INFO - [2025-07-28T13:57:01.332-0300] {dag.py:3954} INFO - Setting next_dagrun for latest_only_with_trigger to 2025-07-28 12:00:00+00:00, run_after=2025-07-28 16:00:00+00:00
[2025-07-28T13:57:01.420-0300] {processor.py:183} INFO - Processing /mnt/c/Users/Usuario/Downloads/Automações/Climate-AgriTech-MLOps/.venv/lib/python3.12/site-packages/airflow/example_dags/example_latest_only_with_trigger.py took 0.224 seconds
[2025-07-28T13:58:39.246-0300] {processor.py:161} INFO - Started process (PID=9212) to work on /mnt/c/Users/Usuario/Downloads/Automações/Climate-AgriTech-MLOps/.venv/lib/python3.12/site-packages/airflow/example_dags/example_latest_only_with_trigger.py
[2025-07-28T13:58:39.251-0300] {processor.py:830} INFO - Processing file /mnt/c/Users/Usuario/Downloads/Automações/Climate-AgriTech-MLOps/.venv/lib/python3.12/site-packages/airflow/example_dags/example_latest_only_with_trigger.py for tasks to queue
[2025-07-28T13:58:39.258-0300] {logging_mixin.py:188} INFO - [2025-07-28T13:58:39.255-0300] {dagbag.py:545} INFO - Filling up the DagBag from /mnt/c/Users/Usuario/Downloads/Automações/Climate-AgriTech-MLOps/.venv/lib/python3.12/site-packages/airflow/example_dags/example_latest_only_with_trigger.py
[2025-07-28T13:58:39.332-0300] {processor.py:840} INFO - DAG(s) 'latest_only_with_trigger' retrieved from /mnt/c/Users/Usuario/Downloads/Automações/Climate-AgriTech-MLOps/.venv/lib/python3.12/site-packages/airflow/example_dags/example_latest_only_with_trigger.py
[2025-07-28T13:58:39.413-0300] {logging_mixin.py:188} INFO - [2025-07-28T13:58:39.410-0300] {dag.py:3096} INFO - Sync 1 DAGs
[2025-07-28T13:58:39.495-0300] {logging_mixin.py:188} INFO - [2025-07-28T13:58:39.492-0300] {dag.py:3954} INFO - Setting next_dagrun for latest_only_with_trigger to 2025-07-28 12:00:00+00:00, run_after=2025-07-28 16:00:00+00:00
[2025-07-28T13:58:39.722-0300] {processor.py:183} INFO - Processing /mnt/c/Users/Usuario/Downloads/Automações/Climate-AgriTech-MLOps/.venv/lib/python3.12/site-packages/airflow/example_dags/example_latest_only_with_trigger.py took 0.517 seconds
[2025-07-28T14:00:46.723-0300] {processor.py:161} INFO - Started process (PID=9308) to work on /mnt/c/Users/Usuario/Downloads/Automações/Climate-AgriTech-MLOps/.venv/lib/python3.12/site-packages/airflow/example_dags/example_latest_only_with_trigger.py
[2025-07-28T14:00:46.725-0300] {processor.py:830} INFO - Processing file /mnt/c/Users/Usuario/Downloads/Automações/Climate-AgriTech-MLOps/.venv/lib/python3.12/site-packages/airflow/example_dags/example_latest_only_with_trigger.py for tasks to queue
[2025-07-28T14:00:46.728-0300] {logging_mixin.py:188} INFO - [2025-07-28T14:00:46.727-0300] {dagbag.py:545} INFO - Filling up the DagBag from /mnt/c/Users/Usuario/Downloads/Automações/Climate-AgriTech-MLOps/.venv/lib/python3.12/site-packages/airflow/example_dags/example_latest_only_with_trigger.py
[2025-07-28T14:00:46.766-0300] {processor.py:840} INFO - DAG(s) 'latest_only_with_trigger' retrieved from /mnt/c/Users/Usuario/Downloads/Automações/Climate-AgriTech-MLOps/.venv/lib/python3.12/site-packages/airflow/example_dags/example_latest_only_with_trigger.py
[2025-07-28T14:00:46.810-0300] {logging_mixin.py:188} INFO - [2025-07-28T14:00:46.809-0300] {dag.py:3096} INFO - Sync 1 DAGs
[2025-07-28T14:00:46.847-0300] {logging_mixin.py:188} INFO - [2025-07-28T14:00:46.846-0300] {dag.py:3954} INFO - Setting next_dagrun for latest_only_with_trigger to 2025-07-28 12:00:00+00:00, run_after=2025-07-28 16:00:00+00:00
[2025-07-28T14:00:46.928-0300] {processor.py:183} INFO - Processing /mnt/c/Users/Usuario/Downloads/Automações/Climate-AgriTech-MLOps/.venv/lib/python3.12/site-packages/airflow/example_dags/example_latest_only_with_trigger.py took 0.220 seconds
