[2025-07-28T13:45:32.677-0300] {processor.py:161} INFO - Started process (PID=8708) to work on /mnt/c/Users/Usuario/Downloads/Automações/Climate-AgriTech-MLOps/.venv/lib/python3.12/site-packages/airflow/example_dags/example_bash_operator.py
[2025-07-28T13:45:32.679-0300] {processor.py:830} INFO - Processing file /mnt/c/Users/Usuario/Downloads/Automações/Climate-AgriTech-MLOps/.venv/lib/python3.12/site-packages/airflow/example_dags/example_bash_operator.py for tasks to queue
[2025-07-28T13:45:32.682-0300] {logging_mixin.py:188} INFO - [2025-07-28T13:45:32.681-0300] {dagbag.py:545} INFO - Filling up the DagBag from /mnt/c/Users/Usuario/Downloads/Automações/Climate-AgriTech-MLOps/.venv/lib/python3.12/site-packages/airflow/example_dags/example_bash_operator.py
[2025-07-28T13:45:32.724-0300] {processor.py:840} INFO - DAG(s) 'example_bash_operator' retrieved from /mnt/c/Users/Usuario/Downloads/Automações/Climate-AgriTech-MLOps/.venv/lib/python3.12/site-packages/airflow/example_dags/example_bash_operator.py
[2025-07-28T13:45:34.457-0300] {logging_mixin.py:188} INFO - [2025-07-28T13:45:34.456-0300] {dag.py:3096} INFO - Sync 1 DAGs
[2025-07-28T13:45:34.479-0300] {logging_mixin.py:188} INFO - [2025-07-28T13:45:34.478-0300] {dag.py:3954} INFO - Setting next_dagrun for example_bash_operator to 2025-07-27 00:00:00+00:00, run_after=2025-07-28 00:00:00+00:00
[2025-07-28T13:45:34.571-0300] {processor.py:183} INFO - Processing /mnt/c/Users/Usuario/Downloads/Automações/Climate-AgriTech-MLOps/.venv/lib/python3.12/site-packages/airflow/example_dags/example_bash_operator.py took 1.909 seconds
[2025-07-28T13:48:36.219-0300] {processor.py:161} INFO - Started process (PID=8813) to work on /mnt/c/Users/Usuario/Downloads/Automações/Climate-AgriTech-MLOps/.venv/lib/python3.12/site-packages/airflow/example_dags/example_bash_operator.py
[2025-07-28T13:48:36.224-0300] {processor.py:830} INFO - Processing file /mnt/c/Users/Usuario/Downloads/Automações/Climate-AgriTech-MLOps/.venv/lib/python3.12/site-packages/airflow/example_dags/example_bash_operator.py for tasks to queue
[2025-07-28T13:48:36.234-0300] {logging_mixin.py:188} INFO - [2025-07-28T13:48:36.229-0300] {dagbag.py:545} INFO - Filling up the DagBag from /mnt/c/Users/Usuario/Downloads/Automações/Climate-AgriTech-MLOps/.venv/lib/python3.12/site-packages/airflow/example_dags/example_bash_operator.py
[2025-07-28T13:48:36.336-0300] {processor.py:840} INFO - DAG(s) 'example_bash_operator' retrieved from /mnt/c/Users/Usuario/Downloads/Automações/Climate-AgriTech-MLOps/.venv/lib/python3.12/site-packages/airflow/example_dags/example_bash_operator.py
[2025-07-28T13:48:36.438-0300] {logging_mixin.py:188} INFO - [2025-07-28T13:48:36.436-0300] {dag.py:3096} INFO - Sync 1 DAGs
[2025-07-28T13:48:36.495-0300] {logging_mixin.py:188} INFO - [2025-07-28T13:48:36.492-0300] {dag.py:3954} INFO - Setting next_dagrun for example_bash_operator to 2025-07-27 00:00:00+00:00, run_after=2025-07-28 00:00:00+00:00
[2025-07-28T13:48:36.662-0300] {processor.py:183} INFO - Processing /mnt/c/Users/Usuario/Downloads/Automações/Climate-AgriTech-MLOps/.venv/lib/python3.12/site-packages/airflow/example_dags/example_bash_operator.py took 0.482 seconds
[2025-07-28T13:51:40.886-0300] {processor.py:161} INFO - Started process (PID=8925) to work on /mnt/c/Users/Usuario/Downloads/Automações/Climate-AgriTech-MLOps/.venv/lib/python3.12/site-packages/airflow/example_dags/example_bash_operator.py
[2025-07-28T13:51:40.892-0300] {processor.py:830} INFO - Processing file /mnt/c/Users/Usuario/Downloads/Automações/Climate-AgriTech-MLOps/.venv/lib/python3.12/site-packages/airflow/example_dags/example_bash_operator.py for tasks to queue
[2025-07-28T13:51:40.898-0300] {logging_mixin.py:188} INFO - [2025-07-28T13:51:40.895-0300] {dagbag.py:545} INFO - Filling up the DagBag from /mnt/c/Users/Usuario/Downloads/Automações/Climate-AgriTech-MLOps/.venv/lib/python3.12/site-packages/airflow/example_dags/example_bash_operator.py
[2025-07-28T13:51:40.979-0300] {processor.py:840} INFO - DAG(s) 'example_bash_operator' retrieved from /mnt/c/Users/Usuario/Downloads/Automações/Climate-AgriTech-MLOps/.venv/lib/python3.12/site-packages/airflow/example_dags/example_bash_operator.py
[2025-07-28T13:51:41.071-0300] {logging_mixin.py:188} INFO - [2025-07-28T13:51:41.068-0300] {dag.py:3096} INFO - Sync 1 DAGs
[2025-07-28T13:51:41.124-0300] {logging_mixin.py:188} INFO - [2025-07-28T13:51:41.122-0300] {dag.py:3954} INFO - Setting next_dagrun for example_bash_operator to 2025-07-27 00:00:00+00:00, run_after=2025-07-28 00:00:00+00:00
[2025-07-28T13:51:41.309-0300] {processor.py:183} INFO - Processing /mnt/c/Users/Usuario/Downloads/Automações/Climate-AgriTech-MLOps/.venv/lib/python3.12/site-packages/airflow/example_dags/example_bash_operator.py took 0.455 seconds
[2025-07-28T13:54:42.201-0300] {processor.py:161} INFO - Started process (PID=9030) to work on /mnt/c/Users/Usuario/Downloads/Automações/Climate-AgriTech-MLOps/.venv/lib/python3.12/site-packages/airflow/example_dags/example_bash_operator.py
[2025-07-28T13:54:42.208-0300] {processor.py:830} INFO - Processing file /mnt/c/Users/Usuario/Downloads/Automações/Climate-AgriTech-MLOps/.venv/lib/python3.12/site-packages/airflow/example_dags/example_bash_operator.py for tasks to queue
[2025-07-28T13:54:42.216-0300] {logging_mixin.py:188} INFO - [2025-07-28T13:54:42.213-0300] {dagbag.py:545} INFO - Filling up the DagBag from /mnt/c/Users/Usuario/Downloads/Automações/Climate-AgriTech-MLOps/.venv/lib/python3.12/site-packages/airflow/example_dags/example_bash_operator.py
[2025-07-28T13:54:42.315-0300] {processor.py:840} INFO - DAG(s) 'example_bash_operator' retrieved from /mnt/c/Users/Usuario/Downloads/Automações/Climate-AgriTech-MLOps/.venv/lib/python3.12/site-packages/airflow/example_dags/example_bash_operator.py
[2025-07-28T13:54:42.419-0300] {logging_mixin.py:188} INFO - [2025-07-28T13:54:42.416-0300] {dag.py:3096} INFO - Sync 1 DAGs
[2025-07-28T13:54:42.489-0300] {logging_mixin.py:188} INFO - [2025-07-28T13:54:42.485-0300] {dag.py:3954} INFO - Setting next_dagrun for example_bash_operator to 2025-07-27 00:00:00+00:00, run_after=2025-07-28 00:00:00+00:00
[2025-07-28T13:54:42.700-0300] {processor.py:183} INFO - Processing /mnt/c/Users/Usuario/Downloads/Automações/Climate-AgriTech-MLOps/.venv/lib/python3.12/site-packages/airflow/example_dags/example_bash_operator.py took 0.545 seconds
[2025-07-28T13:57:10.056-0300] {processor.py:161} INFO - Started process (PID=9139) to work on /mnt/c/Users/Usuario/Downloads/Automações/Climate-AgriTech-MLOps/.venv/lib/python3.12/site-packages/airflow/example_dags/example_bash_operator.py
[2025-07-28T13:57:10.058-0300] {processor.py:830} INFO - Processing file /mnt/c/Users/Usuario/Downloads/Automações/Climate-AgriTech-MLOps/.venv/lib/python3.12/site-packages/airflow/example_dags/example_bash_operator.py for tasks to queue
[2025-07-28T13:57:10.061-0300] {logging_mixin.py:188} INFO - [2025-07-28T13:57:10.059-0300] {dagbag.py:545} INFO - Filling up the DagBag from /mnt/c/Users/Usuario/Downloads/Automações/Climate-AgriTech-MLOps/.venv/lib/python3.12/site-packages/airflow/example_dags/example_bash_operator.py
[2025-07-28T13:57:10.092-0300] {processor.py:840} INFO - DAG(s) 'example_bash_operator' retrieved from /mnt/c/Users/Usuario/Downloads/Automações/Climate-AgriTech-MLOps/.venv/lib/python3.12/site-packages/airflow/example_dags/example_bash_operator.py
[2025-07-28T13:57:10.140-0300] {logging_mixin.py:188} INFO - [2025-07-28T13:57:10.139-0300] {dag.py:3096} INFO - Sync 1 DAGs
[2025-07-28T13:57:10.170-0300] {logging_mixin.py:188} INFO - [2025-07-28T13:57:10.168-0300] {dag.py:3954} INFO - Setting next_dagrun for example_bash_operator to 2025-07-27 00:00:00+00:00, run_after=2025-07-28 00:00:00+00:00
[2025-07-28T13:57:10.266-0300] {processor.py:183} INFO - Processing /mnt/c/Users/Usuario/Downloads/Automações/Climate-AgriTech-MLOps/.venv/lib/python3.12/site-packages/airflow/example_dags/example_bash_operator.py took 0.225 seconds
[2025-07-28T13:58:51.277-0300] {processor.py:161} INFO - Started process (PID=9219) to work on /mnt/c/Users/Usuario/Downloads/Automações/Climate-AgriTech-MLOps/.venv/lib/python3.12/site-packages/airflow/example_dags/example_bash_operator.py
[2025-07-28T13:58:51.283-0300] {processor.py:830} INFO - Processing file /mnt/c/Users/Usuario/Downloads/Automações/Climate-AgriTech-MLOps/.venv/lib/python3.12/site-packages/airflow/example_dags/example_bash_operator.py for tasks to queue
[2025-07-28T13:58:51.294-0300] {logging_mixin.py:188} INFO - [2025-07-28T13:58:51.289-0300] {dagbag.py:545} INFO - Filling up the DagBag from /mnt/c/Users/Usuario/Downloads/Automações/Climate-AgriTech-MLOps/.venv/lib/python3.12/site-packages/airflow/example_dags/example_bash_operator.py
[2025-07-28T13:58:51.413-0300] {processor.py:840} INFO - DAG(s) 'example_bash_operator' retrieved from /mnt/c/Users/Usuario/Downloads/Automações/Climate-AgriTech-MLOps/.venv/lib/python3.12/site-packages/airflow/example_dags/example_bash_operator.py
[2025-07-28T13:58:51.539-0300] {logging_mixin.py:188} INFO - [2025-07-28T13:58:51.536-0300] {dag.py:3096} INFO - Sync 1 DAGs
[2025-07-28T13:58:51.607-0300] {logging_mixin.py:188} INFO - [2025-07-28T13:58:51.604-0300] {dag.py:3954} INFO - Setting next_dagrun for example_bash_operator to 2025-07-27 00:00:00+00:00, run_after=2025-07-28 00:00:00+00:00
[2025-07-28T13:58:51.836-0300] {processor.py:183} INFO - Processing /mnt/c/Users/Usuario/Downloads/Automações/Climate-AgriTech-MLOps/.venv/lib/python3.12/site-packages/airflow/example_dags/example_bash_operator.py took 0.601 seconds
[2025-07-28T14:00:55.892-0300] {processor.py:161} INFO - Started process (PID=9315) to work on /mnt/c/Users/Usuario/Downloads/Automações/Climate-AgriTech-MLOps/.venv/lib/python3.12/site-packages/airflow/example_dags/example_bash_operator.py
[2025-07-28T14:00:55.894-0300] {processor.py:830} INFO - Processing file /mnt/c/Users/Usuario/Downloads/Automações/Climate-AgriTech-MLOps/.venv/lib/python3.12/site-packages/airflow/example_dags/example_bash_operator.py for tasks to queue
[2025-07-28T14:00:55.896-0300] {logging_mixin.py:188} INFO - [2025-07-28T14:00:55.895-0300] {dagbag.py:545} INFO - Filling up the DagBag from /mnt/c/Users/Usuario/Downloads/Automações/Climate-AgriTech-MLOps/.venv/lib/python3.12/site-packages/airflow/example_dags/example_bash_operator.py
[2025-07-28T14:00:55.930-0300] {processor.py:840} INFO - DAG(s) 'example_bash_operator' retrieved from /mnt/c/Users/Usuario/Downloads/Automações/Climate-AgriTech-MLOps/.venv/lib/python3.12/site-packages/airflow/example_dags/example_bash_operator.py
[2025-07-28T14:00:55.975-0300] {logging_mixin.py:188} INFO - [2025-07-28T14:00:55.974-0300] {dag.py:3096} INFO - Sync 1 DAGs
[2025-07-28T14:00:56.004-0300] {logging_mixin.py:188} INFO - [2025-07-28T14:00:56.002-0300] {dag.py:3954} INFO - Setting next_dagrun for example_bash_operator to 2025-07-27 00:00:00+00:00, run_after=2025-07-28 00:00:00+00:00
[2025-07-28T14:00:56.101-0300] {processor.py:183} INFO - Processing /mnt/c/Users/Usuario/Downloads/Automações/Climate-AgriTech-MLOps/.venv/lib/python3.12/site-packages/airflow/example_dags/example_bash_operator.py took 0.226 seconds
