[2025-07-28T12:49:38.899-0300] {processor.py:161} INFO - Started process (PID=8018) to work on /mnt/c/Users/Usuario/Downloads/Automações/Climate-AgriTech-MLOps/.venv/lib/python3.12/site-packages/airflow/example_dags/example_sla_dag.py
[2025-07-28T12:49:38.905-0300] {processor.py:830} INFO - Processing file /mnt/c/Users/Usuario/Downloads/Automações/Climate-AgriTech-MLOps/.venv/lib/python3.12/site-packages/airflow/example_dags/example_sla_dag.py for tasks to queue
[2025-07-28T12:49:38.918-0300] {logging_mixin.py:188} INFO - [2025-07-28T12:49:38.914-0300] {dagbag.py:545} INFO - Filling up the DagBag from /mnt/c/Users/Usuario/Downloads/Automações/Climate-AgriTech-MLOps/.venv/lib/python3.12/site-packages/airflow/example_dags/example_sla_dag.py
[2025-07-28T12:49:39.017-0300] {processor.py:840} INFO - DAG(s) 'example_sla_dag' retrieved from /mnt/c/Users/Usuario/Downloads/Automações/Climate-AgriTech-MLOps/.venv/lib/python3.12/site-packages/airflow/example_dags/example_sla_dag.py
[2025-07-28T12:49:42.736-0300] {logging_mixin.py:188} INFO - [2025-07-28T12:49:42.732-0300] {override.py:1829} INFO - Created Permission View: can read on DAG:example_sla_dag
[2025-07-28T12:49:42.839-0300] {logging_mixin.py:188} INFO - [2025-07-28T12:49:42.836-0300] {override.py:1829} INFO - Created Permission View: can edit on DAG:example_sla_dag
[2025-07-28T12:49:42.934-0300] {logging_mixin.py:188} INFO - [2025-07-28T12:49:42.931-0300] {override.py:1829} INFO - Created Permission View: can delete on DAG:example_sla_dag
[2025-07-28T12:49:42.939-0300] {logging_mixin.py:188} INFO - [2025-07-28T12:49:42.937-0300] {dag.py:3096} INFO - Sync 1 DAGs
[2025-07-28T12:49:42.985-0300] {logging_mixin.py:188} INFO - [2025-07-28T12:49:42.983-0300] {dag.py:3118} INFO - Creating ORM DAG for example_sla_dag
[2025-07-28T12:49:43.079-0300] {logging_mixin.py:188} INFO - [2025-07-28T12:49:43.075-0300] {dag.py:3954} INFO - Setting next_dagrun for example_sla_dag to 2025-07-28 15:46:00+00:00, run_after=2025-07-28 15:48:00+00:00
[2025-07-28T12:49:43.248-0300] {processor.py:183} INFO - Processing /mnt/c/Users/Usuario/Downloads/Automações/Climate-AgriTech-MLOps/.venv/lib/python3.12/site-packages/airflow/example_dags/example_sla_dag.py took 4.388 seconds
[2025-07-28T13:09:02.014-0300] {processor.py:161} INFO - Started process (PID=8656) to work on /mnt/c/Users/Usuario/Downloads/Automações/Climate-AgriTech-MLOps/.venv/lib/python3.12/site-packages/airflow/example_dags/example_sla_dag.py
[2025-07-28T13:09:02.020-0300] {processor.py:830} INFO - Processing file /mnt/c/Users/Usuario/Downloads/Automações/Climate-AgriTech-MLOps/.venv/lib/python3.12/site-packages/airflow/example_dags/example_sla_dag.py for tasks to queue
[2025-07-28T13:09:02.030-0300] {logging_mixin.py:188} INFO - [2025-07-28T13:09:02.026-0300] {dagbag.py:545} INFO - Filling up the DagBag from /mnt/c/Users/Usuario/Downloads/Automações/Climate-AgriTech-MLOps/.venv/lib/python3.12/site-packages/airflow/example_dags/example_sla_dag.py
[2025-07-28T13:09:02.132-0300] {processor.py:840} INFO - DAG(s) 'example_sla_dag' retrieved from /mnt/c/Users/Usuario/Downloads/Automações/Climate-AgriTech-MLOps/.venv/lib/python3.12/site-packages/airflow/example_dags/example_sla_dag.py
[2025-07-28T13:09:05.723-0300] {logging_mixin.py:188} INFO - [2025-07-28T13:09:05.720-0300] {dag.py:3096} INFO - Sync 1 DAGs
[2025-07-28T13:09:05.813-0300] {logging_mixin.py:188} INFO - [2025-07-28T13:09:05.810-0300] {dag.py:3954} INFO - Setting next_dagrun for example_sla_dag to 2025-07-28 16:06:00+00:00, run_after=2025-07-28 16:08:00+00:00
[2025-07-28T13:09:06.019-0300] {processor.py:183} INFO - Processing /mnt/c/Users/Usuario/Downloads/Automações/Climate-AgriTech-MLOps/.venv/lib/python3.12/site-packages/airflow/example_dags/example_sla_dag.py took 4.043 seconds
[2025-07-28T13:46:21.669-0300] {processor.py:161} INFO - Started process (PID=8741) to work on /mnt/c/Users/Usuario/Downloads/Automações/Climate-AgriTech-MLOps/.venv/lib/python3.12/site-packages/airflow/example_dags/example_sla_dag.py
[2025-07-28T13:46:21.673-0300] {processor.py:830} INFO - Processing file /mnt/c/Users/Usuario/Downloads/Automações/Climate-AgriTech-MLOps/.venv/lib/python3.12/site-packages/airflow/example_dags/example_sla_dag.py for tasks to queue
[2025-07-28T13:46:21.677-0300] {logging_mixin.py:188} INFO - [2025-07-28T13:46:21.675-0300] {dagbag.py:545} INFO - Filling up the DagBag from /mnt/c/Users/Usuario/Downloads/Automações/Climate-AgriTech-MLOps/.venv/lib/python3.12/site-packages/airflow/example_dags/example_sla_dag.py
[2025-07-28T13:46:21.720-0300] {processor.py:840} INFO - DAG(s) 'example_sla_dag' retrieved from /mnt/c/Users/Usuario/Downloads/Automações/Climate-AgriTech-MLOps/.venv/lib/python3.12/site-packages/airflow/example_dags/example_sla_dag.py
[2025-07-28T13:46:21.759-0300] {logging_mixin.py:188} INFO - [2025-07-28T13:46:21.757-0300] {dag.py:3096} INFO - Sync 1 DAGs
[2025-07-28T13:46:21.806-0300] {logging_mixin.py:188} INFO - [2025-07-28T13:46:21.804-0300] {dag.py:3954} INFO - Setting next_dagrun for example_sla_dag to 2025-07-28 16:44:00+00:00, run_after=2025-07-28 16:46:00+00:00
[2025-07-28T13:46:21.905-0300] {processor.py:183} INFO - Processing /mnt/c/Users/Usuario/Downloads/Automações/Climate-AgriTech-MLOps/.venv/lib/python3.12/site-packages/airflow/example_dags/example_sla_dag.py took 0.253 seconds
[2025-07-28T13:47:58.432-0300] {processor.py:161} INFO - Started process (PID=8792) to work on /mnt/c/Users/Usuario/Downloads/Automações/Climate-AgriTech-MLOps/.venv/lib/python3.12/site-packages/airflow/example_dags/example_sla_dag.py
[2025-07-28T13:47:58.438-0300] {processor.py:830} INFO - Processing file /mnt/c/Users/Usuario/Downloads/Automações/Climate-AgriTech-MLOps/.venv/lib/python3.12/site-packages/airflow/example_dags/example_sla_dag.py for tasks to queue
[2025-07-28T13:47:58.446-0300] {logging_mixin.py:188} INFO - [2025-07-28T13:47:58.442-0300] {dagbag.py:545} INFO - Filling up the DagBag from /mnt/c/Users/Usuario/Downloads/Automações/Climate-AgriTech-MLOps/.venv/lib/python3.12/site-packages/airflow/example_dags/example_sla_dag.py
[2025-07-28T13:47:58.526-0300] {processor.py:840} INFO - DAG(s) 'example_sla_dag' retrieved from /mnt/c/Users/Usuario/Downloads/Automações/Climate-AgriTech-MLOps/.venv/lib/python3.12/site-packages/airflow/example_dags/example_sla_dag.py
[2025-07-28T13:47:58.600-0300] {logging_mixin.py:188} INFO - [2025-07-28T13:47:58.598-0300] {dag.py:3096} INFO - Sync 1 DAGs
[2025-07-28T13:47:59.165-0300] {logging_mixin.py:188} INFO - [2025-07-28T13:47:59.163-0300] {dag.py:3954} INFO - Setting next_dagrun for example_sla_dag to 2025-07-28 16:44:00+00:00, run_after=2025-07-28 16:46:00+00:00
[2025-07-28T13:47:59.338-0300] {processor.py:183} INFO - Processing /mnt/c/Users/Usuario/Downloads/Automações/Climate-AgriTech-MLOps/.venv/lib/python3.12/site-packages/airflow/example_dags/example_sla_dag.py took 0.944 seconds
[2025-07-28T13:49:32.013-0300] {processor.py:161} INFO - Started process (PID=8842) to work on /mnt/c/Users/Usuario/Downloads/Automações/Climate-AgriTech-MLOps/.venv/lib/python3.12/site-packages/airflow/example_dags/example_sla_dag.py
[2025-07-28T13:49:32.018-0300] {processor.py:830} INFO - Processing file /mnt/c/Users/Usuario/Downloads/Automações/Climate-AgriTech-MLOps/.venv/lib/python3.12/site-packages/airflow/example_dags/example_sla_dag.py for tasks to queue
[2025-07-28T13:49:32.025-0300] {logging_mixin.py:188} INFO - [2025-07-28T13:49:32.022-0300] {dagbag.py:545} INFO - Filling up the DagBag from /mnt/c/Users/Usuario/Downloads/Automações/Climate-AgriTech-MLOps/.venv/lib/python3.12/site-packages/airflow/example_dags/example_sla_dag.py
[2025-07-28T13:49:32.113-0300] {processor.py:840} INFO - DAG(s) 'example_sla_dag' retrieved from /mnt/c/Users/Usuario/Downloads/Automações/Climate-AgriTech-MLOps/.venv/lib/python3.12/site-packages/airflow/example_dags/example_sla_dag.py
[2025-07-28T13:49:32.191-0300] {logging_mixin.py:188} INFO - [2025-07-28T13:49:32.188-0300] {dag.py:3096} INFO - Sync 1 DAGs
[2025-07-28T13:49:32.294-0300] {logging_mixin.py:188} INFO - [2025-07-28T13:49:32.292-0300] {dag.py:3954} INFO - Setting next_dagrun for example_sla_dag to 2025-07-28 16:46:00+00:00, run_after=2025-07-28 16:48:00+00:00
[2025-07-28T13:49:32.462-0300] {processor.py:183} INFO - Processing /mnt/c/Users/Usuario/Downloads/Automações/Climate-AgriTech-MLOps/.venv/lib/python3.12/site-packages/airflow/example_dags/example_sla_dag.py took 0.483 seconds
[2025-07-28T13:51:01.614-0300] {processor.py:161} INFO - Started process (PID=8896) to work on /mnt/c/Users/Usuario/Downloads/Automações/Climate-AgriTech-MLOps/.venv/lib/python3.12/site-packages/airflow/example_dags/example_sla_dag.py
[2025-07-28T13:51:01.619-0300] {processor.py:830} INFO - Processing file /mnt/c/Users/Usuario/Downloads/Automações/Climate-AgriTech-MLOps/.venv/lib/python3.12/site-packages/airflow/example_dags/example_sla_dag.py for tasks to queue
[2025-07-28T13:51:01.626-0300] {logging_mixin.py:188} INFO - [2025-07-28T13:51:01.623-0300] {dagbag.py:545} INFO - Filling up the DagBag from /mnt/c/Users/Usuario/Downloads/Automações/Climate-AgriTech-MLOps/.venv/lib/python3.12/site-packages/airflow/example_dags/example_sla_dag.py
[2025-07-28T13:51:01.718-0300] {processor.py:840} INFO - DAG(s) 'example_sla_dag' retrieved from /mnt/c/Users/Usuario/Downloads/Automações/Climate-AgriTech-MLOps/.venv/lib/python3.12/site-packages/airflow/example_dags/example_sla_dag.py
[2025-07-28T13:51:01.807-0300] {logging_mixin.py:188} INFO - [2025-07-28T13:51:01.804-0300] {dag.py:3096} INFO - Sync 1 DAGs
[2025-07-28T13:51:01.905-0300] {logging_mixin.py:188} INFO - [2025-07-28T13:51:01.903-0300] {dag.py:3954} INFO - Setting next_dagrun for example_sla_dag to 2025-07-28 16:48:00+00:00, run_after=2025-07-28 16:50:00+00:00
[2025-07-28T13:51:02.087-0300] {processor.py:183} INFO - Processing /mnt/c/Users/Usuario/Downloads/Automações/Climate-AgriTech-MLOps/.venv/lib/python3.12/site-packages/airflow/example_dags/example_sla_dag.py took 0.508 seconds
[2025-07-28T13:52:36.365-0300] {processor.py:161} INFO - Started process (PID=8963) to work on /mnt/c/Users/Usuario/Downloads/Automações/Climate-AgriTech-MLOps/.venv/lib/python3.12/site-packages/airflow/example_dags/example_sla_dag.py
[2025-07-28T13:52:36.371-0300] {processor.py:830} INFO - Processing file /mnt/c/Users/Usuario/Downloads/Automações/Climate-AgriTech-MLOps/.venv/lib/python3.12/site-packages/airflow/example_dags/example_sla_dag.py for tasks to queue
[2025-07-28T13:52:36.378-0300] {logging_mixin.py:188} INFO - [2025-07-28T13:52:36.375-0300] {dagbag.py:545} INFO - Filling up the DagBag from /mnt/c/Users/Usuario/Downloads/Automações/Climate-AgriTech-MLOps/.venv/lib/python3.12/site-packages/airflow/example_dags/example_sla_dag.py
[2025-07-28T13:52:36.459-0300] {processor.py:840} INFO - DAG(s) 'example_sla_dag' retrieved from /mnt/c/Users/Usuario/Downloads/Automações/Climate-AgriTech-MLOps/.venv/lib/python3.12/site-packages/airflow/example_dags/example_sla_dag.py
[2025-07-28T13:52:36.543-0300] {logging_mixin.py:188} INFO - [2025-07-28T13:52:36.540-0300] {dag.py:3096} INFO - Sync 1 DAGs
[2025-07-28T13:52:36.652-0300] {logging_mixin.py:188} INFO - [2025-07-28T13:52:36.649-0300] {dag.py:3954} INFO - Setting next_dagrun for example_sla_dag to 2025-07-28 16:50:00+00:00, run_after=2025-07-28 16:52:00+00:00
[2025-07-28T13:52:36.860-0300] {processor.py:183} INFO - Processing /mnt/c/Users/Usuario/Downloads/Automações/Climate-AgriTech-MLOps/.venv/lib/python3.12/site-packages/airflow/example_dags/example_sla_dag.py took 0.533 seconds
[2025-07-28T13:54:09.076-0300] {processor.py:161} INFO - Started process (PID=9011) to work on /mnt/c/Users/Usuario/Downloads/Automações/Climate-AgriTech-MLOps/.venv/lib/python3.12/site-packages/airflow/example_dags/example_sla_dag.py
[2025-07-28T13:54:09.082-0300] {processor.py:830} INFO - Processing file /mnt/c/Users/Usuario/Downloads/Automações/Climate-AgriTech-MLOps/.venv/lib/python3.12/site-packages/airflow/example_dags/example_sla_dag.py for tasks to queue
[2025-07-28T13:54:09.091-0300] {logging_mixin.py:188} INFO - [2025-07-28T13:54:09.087-0300] {dagbag.py:545} INFO - Filling up the DagBag from /mnt/c/Users/Usuario/Downloads/Automações/Climate-AgriTech-MLOps/.venv/lib/python3.12/site-packages/airflow/example_dags/example_sla_dag.py
[2025-07-28T13:54:09.187-0300] {processor.py:840} INFO - DAG(s) 'example_sla_dag' retrieved from /mnt/c/Users/Usuario/Downloads/Automações/Climate-AgriTech-MLOps/.venv/lib/python3.12/site-packages/airflow/example_dags/example_sla_dag.py
[2025-07-28T13:54:09.280-0300] {logging_mixin.py:188} INFO - [2025-07-28T13:54:09.277-0300] {dag.py:3096} INFO - Sync 1 DAGs
[2025-07-28T13:54:09.407-0300] {logging_mixin.py:188} INFO - [2025-07-28T13:54:09.403-0300] {dag.py:3954} INFO - Setting next_dagrun for example_sla_dag to 2025-07-28 16:52:00+00:00, run_after=2025-07-28 16:54:00+00:00
[2025-07-28T13:54:09.621-0300] {processor.py:183} INFO - Processing /mnt/c/Users/Usuario/Downloads/Automações/Climate-AgriTech-MLOps/.venv/lib/python3.12/site-packages/airflow/example_dags/example_sla_dag.py took 0.585 seconds
[2025-07-28T13:55:44.720-0300] {processor.py:161} INFO - Started process (PID=9068) to work on /mnt/c/Users/Usuario/Downloads/Automações/Climate-AgriTech-MLOps/.venv/lib/python3.12/site-packages/airflow/example_dags/example_sla_dag.py
[2025-07-28T13:55:44.726-0300] {processor.py:830} INFO - Processing file /mnt/c/Users/Usuario/Downloads/Automações/Climate-AgriTech-MLOps/.venv/lib/python3.12/site-packages/airflow/example_dags/example_sla_dag.py for tasks to queue
[2025-07-28T13:55:44.733-0300] {logging_mixin.py:188} INFO - [2025-07-28T13:55:44.730-0300] {dagbag.py:545} INFO - Filling up the DagBag from /mnt/c/Users/Usuario/Downloads/Automações/Climate-AgriTech-MLOps/.venv/lib/python3.12/site-packages/airflow/example_dags/example_sla_dag.py
[2025-07-28T13:55:44.834-0300] {processor.py:840} INFO - DAG(s) 'example_sla_dag' retrieved from /mnt/c/Users/Usuario/Downloads/Automações/Climate-AgriTech-MLOps/.venv/lib/python3.12/site-packages/airflow/example_dags/example_sla_dag.py
[2025-07-28T13:55:44.929-0300] {logging_mixin.py:188} INFO - [2025-07-28T13:55:44.926-0300] {dag.py:3096} INFO - Sync 1 DAGs
[2025-07-28T13:55:45.041-0300] {logging_mixin.py:188} INFO - [2025-07-28T13:55:45.038-0300] {dag.py:3954} INFO - Setting next_dagrun for example_sla_dag to 2025-07-28 16:52:00+00:00, run_after=2025-07-28 16:54:00+00:00
[2025-07-28T13:55:45.303-0300] {processor.py:183} INFO - Processing /mnt/c/Users/Usuario/Downloads/Automações/Climate-AgriTech-MLOps/.venv/lib/python3.12/site-packages/airflow/example_dags/example_sla_dag.py took 0.623 seconds
[2025-07-28T13:56:52.246-0300] {processor.py:161} INFO - Started process (PID=9122) to work on /mnt/c/Users/Usuario/Downloads/Automações/Climate-AgriTech-MLOps/.venv/lib/python3.12/site-packages/airflow/example_dags/example_sla_dag.py
[2025-07-28T13:56:52.248-0300] {processor.py:830} INFO - Processing file /mnt/c/Users/Usuario/Downloads/Automações/Climate-AgriTech-MLOps/.venv/lib/python3.12/site-packages/airflow/example_dags/example_sla_dag.py for tasks to queue
[2025-07-28T13:56:52.252-0300] {logging_mixin.py:188} INFO - [2025-07-28T13:56:52.250-0300] {dagbag.py:545} INFO - Filling up the DagBag from /mnt/c/Users/Usuario/Downloads/Automações/Climate-AgriTech-MLOps/.venv/lib/python3.12/site-packages/airflow/example_dags/example_sla_dag.py
[2025-07-28T13:56:52.283-0300] {processor.py:840} INFO - DAG(s) 'example_sla_dag' retrieved from /mnt/c/Users/Usuario/Downloads/Automações/Climate-AgriTech-MLOps/.venv/lib/python3.12/site-packages/airflow/example_dags/example_sla_dag.py
[2025-07-28T13:56:52.322-0300] {logging_mixin.py:188} INFO - [2025-07-28T13:56:52.321-0300] {dag.py:3096} INFO - Sync 1 DAGs
[2025-07-28T13:56:52.369-0300] {logging_mixin.py:188} INFO - [2025-07-28T13:56:52.368-0300] {dag.py:3954} INFO - Setting next_dagrun for example_sla_dag to 2025-07-28 16:54:00+00:00, run_after=2025-07-28 16:56:00+00:00
[2025-07-28T13:56:52.455-0300] {processor.py:183} INFO - Processing /mnt/c/Users/Usuario/Downloads/Automações/Climate-AgriTech-MLOps/.venv/lib/python3.12/site-packages/airflow/example_dags/example_sla_dag.py took 0.223 seconds
[2025-07-28T13:58:26.183-0300] {processor.py:161} INFO - Started process (PID=9205) to work on /mnt/c/Users/Usuario/Downloads/Automações/Climate-AgriTech-MLOps/.venv/lib/python3.12/site-packages/airflow/example_dags/example_sla_dag.py
[2025-07-28T13:58:26.189-0300] {processor.py:830} INFO - Processing file /mnt/c/Users/Usuario/Downloads/Automações/Climate-AgriTech-MLOps/.venv/lib/python3.12/site-packages/airflow/example_dags/example_sla_dag.py for tasks to queue
[2025-07-28T13:58:26.197-0300] {logging_mixin.py:188} INFO - [2025-07-28T13:58:26.193-0300] {dagbag.py:545} INFO - Filling up the DagBag from /mnt/c/Users/Usuario/Downloads/Automações/Climate-AgriTech-MLOps/.venv/lib/python3.12/site-packages/airflow/example_dags/example_sla_dag.py
[2025-07-28T13:58:26.292-0300] {processor.py:840} INFO - DAG(s) 'example_sla_dag' retrieved from /mnt/c/Users/Usuario/Downloads/Automações/Climate-AgriTech-MLOps/.venv/lib/python3.12/site-packages/airflow/example_dags/example_sla_dag.py
[2025-07-28T13:58:26.380-0300] {logging_mixin.py:188} INFO - [2025-07-28T13:58:26.377-0300] {dag.py:3096} INFO - Sync 1 DAGs
[2025-07-28T13:58:26.489-0300] {logging_mixin.py:188} INFO - [2025-07-28T13:58:26.486-0300] {dag.py:3954} INFO - Setting next_dagrun for example_sla_dag to 2025-07-28 16:56:00+00:00, run_after=2025-07-28 16:58:00+00:00
[2025-07-28T13:58:26.685-0300] {processor.py:183} INFO - Processing /mnt/c/Users/Usuario/Downloads/Automações/Climate-AgriTech-MLOps/.venv/lib/python3.12/site-packages/airflow/example_dags/example_sla_dag.py took 0.543 seconds
[2025-07-28T13:59:43.276-0300] {processor.py:161} INFO - Started process (PID=9252) to work on /mnt/c/Users/Usuario/Downloads/Automações/Climate-AgriTech-MLOps/.venv/lib/python3.12/site-packages/airflow/example_dags/example_sla_dag.py
[2025-07-28T13:59:43.278-0300] {processor.py:830} INFO - Processing file /mnt/c/Users/Usuario/Downloads/Automações/Climate-AgriTech-MLOps/.venv/lib/python3.12/site-packages/airflow/example_dags/example_sla_dag.py for tasks to queue
[2025-07-28T13:59:43.281-0300] {logging_mixin.py:188} INFO - [2025-07-28T13:59:43.280-0300] {dagbag.py:545} INFO - Filling up the DagBag from /mnt/c/Users/Usuario/Downloads/Automações/Climate-AgriTech-MLOps/.venv/lib/python3.12/site-packages/airflow/example_dags/example_sla_dag.py
[2025-07-28T13:59:43.314-0300] {processor.py:840} INFO - DAG(s) 'example_sla_dag' retrieved from /mnt/c/Users/Usuario/Downloads/Automações/Climate-AgriTech-MLOps/.venv/lib/python3.12/site-packages/airflow/example_dags/example_sla_dag.py
[2025-07-28T13:59:43.354-0300] {logging_mixin.py:188} INFO - [2025-07-28T13:59:43.353-0300] {dag.py:3096} INFO - Sync 1 DAGs
[2025-07-28T13:59:43.404-0300] {logging_mixin.py:188} INFO - [2025-07-28T13:59:43.403-0300] {dag.py:3954} INFO - Setting next_dagrun for example_sla_dag to 2025-07-28 16:56:00+00:00, run_after=2025-07-28 16:58:00+00:00
[2025-07-28T13:59:43.483-0300] {processor.py:183} INFO - Processing /mnt/c/Users/Usuario/Downloads/Automações/Climate-AgriTech-MLOps/.venv/lib/python3.12/site-packages/airflow/example_dags/example_sla_dag.py took 0.222 seconds
[2025-07-28T14:00:41.380-0300] {processor.py:161} INFO - Started process (PID=9304) to work on /mnt/c/Users/Usuario/Downloads/Automações/Climate-AgriTech-MLOps/.venv/lib/python3.12/site-packages/airflow/example_dags/example_sla_dag.py
[2025-07-28T14:00:41.383-0300] {processor.py:830} INFO - Processing file /mnt/c/Users/Usuario/Downloads/Automações/Climate-AgriTech-MLOps/.venv/lib/python3.12/site-packages/airflow/example_dags/example_sla_dag.py for tasks to queue
[2025-07-28T14:00:41.386-0300] {logging_mixin.py:188} INFO - [2025-07-28T14:00:41.385-0300] {dagbag.py:545} INFO - Filling up the DagBag from /mnt/c/Users/Usuario/Downloads/Automações/Climate-AgriTech-MLOps/.venv/lib/python3.12/site-packages/airflow/example_dags/example_sla_dag.py
[2025-07-28T14:00:41.421-0300] {processor.py:840} INFO - DAG(s) 'example_sla_dag' retrieved from /mnt/c/Users/Usuario/Downloads/Automações/Climate-AgriTech-MLOps/.venv/lib/python3.12/site-packages/airflow/example_dags/example_sla_dag.py
[2025-07-28T14:00:41.462-0300] {logging_mixin.py:188} INFO - [2025-07-28T14:00:41.461-0300] {dag.py:3096} INFO - Sync 1 DAGs
[2025-07-28T14:00:41.508-0300] {logging_mixin.py:188} INFO - [2025-07-28T14:00:41.507-0300] {dag.py:3954} INFO - Setting next_dagrun for example_sla_dag to 2025-07-28 16:58:00+00:00, run_after=2025-07-28 17:00:00+00:00
[2025-07-28T14:00:41.597-0300] {processor.py:183} INFO - Processing /mnt/c/Users/Usuario/Downloads/Automações/Climate-AgriTech-MLOps/.venv/lib/python3.12/site-packages/airflow/example_dags/example_sla_dag.py took 0.232 seconds
