[2025-07-28T12:49:32.907-0300] {processor.py:161} INFO - Started process (PID=8011) to work on /mnt/c/Users/Usuario/Downloads/Automações/Climate-AgriTech-MLOps/.venv/lib/python3.12/site-packages/airflow/example_dags/example_subdag_operator.py
[2025-07-28T12:49:32.914-0300] {processor.py:830} INFO - Processing file /mnt/c/Users/Usuario/Downloads/Automações/Climate-AgriTech-MLOps/.venv/lib/python3.12/site-packages/airflow/example_dags/example_subdag_operator.py for tasks to queue
[2025-07-28T12:49:32.934-0300] {logging_mixin.py:188} INFO - [2025-07-28T12:49:32.929-0300] {dagbag.py:545} INFO - Filling up the DagBag from /mnt/c/Users/Usuario/Downloads/Automações/Climate-AgriTech-MLOps/.venv/lib/python3.12/site-packages/airflow/example_dags/example_subdag_operator.py
[2025-07-28T12:49:33.141-0300] {processor.py:840} INFO - DAG(s) 'example_subdag_operator.section-1', 'example_subdag_operator.section-2', 'example_subdag_operator' retrieved from /mnt/c/Users/Usuario/Downloads/Automações/Climate-AgriTech-MLOps/.venv/lib/python3.12/site-packages/airflow/example_dags/example_subdag_operator.py
[2025-07-28T12:49:36.687-0300] {logging_mixin.py:188} INFO - [2025-07-28T12:49:36.683-0300] {override.py:1829} INFO - Created Permission View: can read on DAG:example_subdag_operator
[2025-07-28T12:49:36.784-0300] {logging_mixin.py:188} INFO - [2025-07-28T12:49:36.781-0300] {override.py:1829} INFO - Created Permission View: can edit on DAG:example_subdag_operator
[2025-07-28T12:49:36.874-0300] {logging_mixin.py:188} INFO - [2025-07-28T12:49:36.871-0300] {override.py:1829} INFO - Created Permission View: can delete on DAG:example_subdag_operator
[2025-07-28T12:49:36.880-0300] {logging_mixin.py:188} INFO - [2025-07-28T12:49:36.878-0300] {dag.py:3096} INFO - Sync 3 DAGs
[2025-07-28T12:49:36.927-0300] {logging_mixin.py:188} INFO - [2025-07-28T12:49:36.924-0300] {dag.py:3118} INFO - Creating ORM DAG for example_subdag_operator
[2025-07-28T12:49:36.933-0300] {logging_mixin.py:188} INFO - [2025-07-28T12:49:36.930-0300] {dag.py:3118} INFO - Creating ORM DAG for example_subdag_operator.section-1
[2025-07-28T12:49:36.939-0300] {logging_mixin.py:188} INFO - [2025-07-28T12:49:36.937-0300] {dag.py:3118} INFO - Creating ORM DAG for example_subdag_operator.section-2
[2025-07-28T12:49:36.967-0300] {logging_mixin.py:188} INFO - [2025-07-28T12:49:36.964-0300] {dag.py:3954} INFO - Setting next_dagrun for example_subdag_operator to 2022-01-01 00:00:00+00:00, run_after=2022-01-01 00:00:00+00:00
[2025-07-28T12:49:36.974-0300] {logging_mixin.py:188} INFO - [2025-07-28T12:49:36.971-0300] {dag.py:3954} INFO - Setting next_dagrun for example_subdag_operator.section-1 to None, run_after=None
[2025-07-28T12:49:36.980-0300] {logging_mixin.py:188} INFO - [2025-07-28T12:49:36.978-0300] {dag.py:3954} INFO - Setting next_dagrun for example_subdag_operator.section-2 to None, run_after=None
[2025-07-28T12:49:37.033-0300] {logging_mixin.py:188} INFO - [2025-07-28T12:49:37.031-0300] {dag.py:3096} INFO - Sync 2 DAGs
[2025-07-28T12:49:37.048-0300] {logging_mixin.py:188} INFO - [2025-07-28T12:49:37.045-0300] {dag.py:3954} INFO - Setting next_dagrun for example_subdag_operator.section-1 to None, run_after=None
[2025-07-28T12:49:37.058-0300] {logging_mixin.py:188} INFO - [2025-07-28T12:49:37.056-0300] {dag.py:3954} INFO - Setting next_dagrun for example_subdag_operator.section-2 to None, run_after=None
[2025-07-28T12:49:37.194-0300] {processor.py:183} INFO - Processing /mnt/c/Users/Usuario/Downloads/Automações/Climate-AgriTech-MLOps/.venv/lib/python3.12/site-packages/airflow/example_dags/example_subdag_operator.py took 4.330 seconds
[2025-07-28T13:08:56.742-0300] {processor.py:161} INFO - Started process (PID=8655) to work on /mnt/c/Users/Usuario/Downloads/Automações/Climate-AgriTech-MLOps/.venv/lib/python3.12/site-packages/airflow/example_dags/example_subdag_operator.py
[2025-07-28T13:08:56.762-0300] {processor.py:830} INFO - Processing file /mnt/c/Users/Usuario/Downloads/Automações/Climate-AgriTech-MLOps/.venv/lib/python3.12/site-packages/airflow/example_dags/example_subdag_operator.py for tasks to queue
[2025-07-28T13:08:56.772-0300] {logging_mixin.py:188} INFO - [2025-07-28T13:08:56.768-0300] {dagbag.py:545} INFO - Filling up the DagBag from /mnt/c/Users/Usuario/Downloads/Automações/Climate-AgriTech-MLOps/.venv/lib/python3.12/site-packages/airflow/example_dags/example_subdag_operator.py
[2025-07-28T13:08:56.987-0300] {processor.py:840} INFO - DAG(s) 'example_subdag_operator.section-1', 'example_subdag_operator.section-2', 'example_subdag_operator' retrieved from /mnt/c/Users/Usuario/Downloads/Automações/Climate-AgriTech-MLOps/.venv/lib/python3.12/site-packages/airflow/example_dags/example_subdag_operator.py
[2025-07-28T13:09:00.070-0300] {logging_mixin.py:188} INFO - [2025-07-28T13:09:00.068-0300] {dag.py:3096} INFO - Sync 3 DAGs
[2025-07-28T13:09:00.117-0300] {logging_mixin.py:188} INFO - [2025-07-28T13:09:00.115-0300] {dag.py:3954} INFO - Setting next_dagrun for example_subdag_operator to 2022-01-01 00:00:00+00:00, run_after=2022-01-01 00:00:00+00:00
[2025-07-28T13:09:00.132-0300] {logging_mixin.py:188} INFO - [2025-07-28T13:09:00.128-0300] {dag.py:3954} INFO - Setting next_dagrun for example_subdag_operator.section-1 to None, run_after=None
[2025-07-28T13:09:00.143-0300] {logging_mixin.py:188} INFO - [2025-07-28T13:09:00.140-0300] {dag.py:3954} INFO - Setting next_dagrun for example_subdag_operator.section-2 to None, run_after=None
[2025-07-28T13:09:00.195-0300] {logging_mixin.py:188} INFO - [2025-07-28T13:09:00.191-0300] {dag.py:3096} INFO - Sync 2 DAGs
[2025-07-28T13:09:00.209-0300] {logging_mixin.py:188} INFO - [2025-07-28T13:09:00.206-0300] {dag.py:3954} INFO - Setting next_dagrun for example_subdag_operator.section-1 to None, run_after=None
[2025-07-28T13:09:00.219-0300] {logging_mixin.py:188} INFO - [2025-07-28T13:09:00.214-0300] {dag.py:3954} INFO - Setting next_dagrun for example_subdag_operator.section-2 to None, run_after=None
[2025-07-28T13:09:00.369-0300] {processor.py:183} INFO - Processing /mnt/c/Users/Usuario/Downloads/Automações/Climate-AgriTech-MLOps/.venv/lib/python3.12/site-packages/airflow/example_dags/example_subdag_operator.py took 4.258 seconds
[2025-07-28T13:46:20.009-0300] {processor.py:161} INFO - Started process (PID=8740) to work on /mnt/c/Users/Usuario/Downloads/Automações/Climate-AgriTech-MLOps/.venv/lib/python3.12/site-packages/airflow/example_dags/example_subdag_operator.py
[2025-07-28T13:46:20.012-0300] {processor.py:830} INFO - Processing file /mnt/c/Users/Usuario/Downloads/Automações/Climate-AgriTech-MLOps/.venv/lib/python3.12/site-packages/airflow/example_dags/example_subdag_operator.py for tasks to queue
[2025-07-28T13:46:20.016-0300] {logging_mixin.py:188} INFO - [2025-07-28T13:46:20.014-0300] {dagbag.py:545} INFO - Filling up the DagBag from /mnt/c/Users/Usuario/Downloads/Automações/Climate-AgriTech-MLOps/.venv/lib/python3.12/site-packages/airflow/example_dags/example_subdag_operator.py
[2025-07-28T13:46:20.109-0300] {processor.py:840} INFO - DAG(s) 'example_subdag_operator.section-1', 'example_subdag_operator.section-2', 'example_subdag_operator' retrieved from /mnt/c/Users/Usuario/Downloads/Automações/Climate-AgriTech-MLOps/.venv/lib/python3.12/site-packages/airflow/example_dags/example_subdag_operator.py
[2025-07-28T13:46:20.145-0300] {logging_mixin.py:188} INFO - [2025-07-28T13:46:20.143-0300] {dag.py:3096} INFO - Sync 3 DAGs
[2025-07-28T13:46:20.171-0300] {logging_mixin.py:188} INFO - [2025-07-28T13:46:20.170-0300] {dag.py:3954} INFO - Setting next_dagrun for example_subdag_operator to 2022-01-01 00:00:00+00:00, run_after=2022-01-01 00:00:00+00:00
[2025-07-28T13:46:20.179-0300] {logging_mixin.py:188} INFO - [2025-07-28T13:46:20.178-0300] {dag.py:3954} INFO - Setting next_dagrun for example_subdag_operator.section-1 to None, run_after=None
[2025-07-28T13:46:20.185-0300] {logging_mixin.py:188} INFO - [2025-07-28T13:46:20.183-0300] {dag.py:3954} INFO - Setting next_dagrun for example_subdag_operator.section-2 to None, run_after=None
[2025-07-28T13:46:20.208-0300] {logging_mixin.py:188} INFO - [2025-07-28T13:46:20.206-0300] {dag.py:3096} INFO - Sync 2 DAGs
[2025-07-28T13:46:20.214-0300] {logging_mixin.py:188} INFO - [2025-07-28T13:46:20.212-0300] {dag.py:3954} INFO - Setting next_dagrun for example_subdag_operator.section-1 to None, run_after=None
[2025-07-28T13:46:20.217-0300] {logging_mixin.py:188} INFO - [2025-07-28T13:46:20.216-0300] {dag.py:3954} INFO - Setting next_dagrun for example_subdag_operator.section-2 to None, run_after=None
[2025-07-28T13:46:20.296-0300] {processor.py:183} INFO - Processing /mnt/c/Users/Usuario/Downloads/Automações/Climate-AgriTech-MLOps/.venv/lib/python3.12/site-packages/airflow/example_dags/example_subdag_operator.py took 0.304 seconds
[2025-07-28T13:47:57.198-0300] {processor.py:161} INFO - Started process (PID=8791) to work on /mnt/c/Users/Usuario/Downloads/Automações/Climate-AgriTech-MLOps/.venv/lib/python3.12/site-packages/airflow/example_dags/example_subdag_operator.py
[2025-07-28T13:47:57.203-0300] {processor.py:830} INFO - Processing file /mnt/c/Users/Usuario/Downloads/Automações/Climate-AgriTech-MLOps/.venv/lib/python3.12/site-packages/airflow/example_dags/example_subdag_operator.py for tasks to queue
[2025-07-28T13:47:57.210-0300] {logging_mixin.py:188} INFO - [2025-07-28T13:47:57.207-0300] {dagbag.py:545} INFO - Filling up the DagBag from /mnt/c/Users/Usuario/Downloads/Automações/Climate-AgriTech-MLOps/.venv/lib/python3.12/site-packages/airflow/example_dags/example_subdag_operator.py
[2025-07-28T13:47:57.403-0300] {processor.py:840} INFO - DAG(s) 'example_subdag_operator.section-1', 'example_subdag_operator.section-2', 'example_subdag_operator' retrieved from /mnt/c/Users/Usuario/Downloads/Automações/Climate-AgriTech-MLOps/.venv/lib/python3.12/site-packages/airflow/example_dags/example_subdag_operator.py
[2025-07-28T13:47:57.717-0300] {logging_mixin.py:188} INFO - [2025-07-28T13:47:57.715-0300] {dag.py:3096} INFO - Sync 3 DAGs
[2025-07-28T13:47:57.761-0300] {logging_mixin.py:188} INFO - [2025-07-28T13:47:57.758-0300] {dag.py:3954} INFO - Setting next_dagrun for example_subdag_operator to 2022-01-01 00:00:00+00:00, run_after=2022-01-01 00:00:00+00:00
[2025-07-28T13:47:57.773-0300] {logging_mixin.py:188} INFO - [2025-07-28T13:47:57.770-0300] {dag.py:3954} INFO - Setting next_dagrun for example_subdag_operator.section-1 to None, run_after=None
[2025-07-28T13:47:57.783-0300] {logging_mixin.py:188} INFO - [2025-07-28T13:47:57.780-0300] {dag.py:3954} INFO - Setting next_dagrun for example_subdag_operator.section-2 to None, run_after=None
[2025-07-28T13:47:57.833-0300] {logging_mixin.py:188} INFO - [2025-07-28T13:47:57.831-0300] {dag.py:3096} INFO - Sync 2 DAGs
[2025-07-28T13:47:57.843-0300] {logging_mixin.py:188} INFO - [2025-07-28T13:47:57.841-0300] {dag.py:3954} INFO - Setting next_dagrun for example_subdag_operator.section-1 to None, run_after=None
[2025-07-28T13:47:57.849-0300] {logging_mixin.py:188} INFO - [2025-07-28T13:47:57.847-0300] {dag.py:3954} INFO - Setting next_dagrun for example_subdag_operator.section-2 to None, run_after=None
[2025-07-28T13:47:57.975-0300] {processor.py:183} INFO - Processing /mnt/c/Users/Usuario/Downloads/Automações/Climate-AgriTech-MLOps/.venv/lib/python3.12/site-packages/airflow/example_dags/example_subdag_operator.py took 0.809 seconds
[2025-07-28T13:49:30.064-0300] {processor.py:161} INFO - Started process (PID=8841) to work on /mnt/c/Users/Usuario/Downloads/Automações/Climate-AgriTech-MLOps/.venv/lib/python3.12/site-packages/airflow/example_dags/example_subdag_operator.py
[2025-07-28T13:49:30.073-0300] {processor.py:830} INFO - Processing file /mnt/c/Users/Usuario/Downloads/Automações/Climate-AgriTech-MLOps/.venv/lib/python3.12/site-packages/airflow/example_dags/example_subdag_operator.py for tasks to queue
[2025-07-28T13:49:30.081-0300] {logging_mixin.py:188} INFO - [2025-07-28T13:49:30.077-0300] {dagbag.py:545} INFO - Filling up the DagBag from /mnt/c/Users/Usuario/Downloads/Automações/Climate-AgriTech-MLOps/.venv/lib/python3.12/site-packages/airflow/example_dags/example_subdag_operator.py
[2025-07-28T13:49:30.256-0300] {processor.py:840} INFO - DAG(s) 'example_subdag_operator.section-1', 'example_subdag_operator.section-2', 'example_subdag_operator' retrieved from /mnt/c/Users/Usuario/Downloads/Automações/Climate-AgriTech-MLOps/.venv/lib/python3.12/site-packages/airflow/example_dags/example_subdag_operator.py
[2025-07-28T13:49:30.326-0300] {logging_mixin.py:188} INFO - [2025-07-28T13:49:30.324-0300] {dag.py:3096} INFO - Sync 3 DAGs
[2025-07-28T13:49:30.381-0300] {logging_mixin.py:188} INFO - [2025-07-28T13:49:30.378-0300] {dag.py:3954} INFO - Setting next_dagrun for example_subdag_operator to 2022-01-01 00:00:00+00:00, run_after=2022-01-01 00:00:00+00:00
[2025-07-28T13:49:30.395-0300] {logging_mixin.py:188} INFO - [2025-07-28T13:49:30.392-0300] {dag.py:3954} INFO - Setting next_dagrun for example_subdag_operator.section-1 to None, run_after=None
[2025-07-28T13:49:30.405-0300] {logging_mixin.py:188} INFO - [2025-07-28T13:49:30.403-0300] {dag.py:3954} INFO - Setting next_dagrun for example_subdag_operator.section-2 to None, run_after=None
[2025-07-28T13:49:30.461-0300] {logging_mixin.py:188} INFO - [2025-07-28T13:49:30.458-0300] {dag.py:3096} INFO - Sync 2 DAGs
[2025-07-28T13:49:30.475-0300] {logging_mixin.py:188} INFO - [2025-07-28T13:49:30.472-0300] {dag.py:3954} INFO - Setting next_dagrun for example_subdag_operator.section-1 to None, run_after=None
[2025-07-28T13:49:30.480-0300] {logging_mixin.py:188} INFO - [2025-07-28T13:49:30.478-0300] {dag.py:3954} INFO - Setting next_dagrun for example_subdag_operator.section-2 to None, run_after=None
[2025-07-28T13:49:30.605-0300] {processor.py:183} INFO - Processing /mnt/c/Users/Usuario/Downloads/Automações/Climate-AgriTech-MLOps/.venv/lib/python3.12/site-packages/airflow/example_dags/example_subdag_operator.py took 0.579 seconds
[2025-07-28T13:50:59.569-0300] {processor.py:161} INFO - Started process (PID=8895) to work on /mnt/c/Users/Usuario/Downloads/Automações/Climate-AgriTech-MLOps/.venv/lib/python3.12/site-packages/airflow/example_dags/example_subdag_operator.py
[2025-07-28T13:50:59.575-0300] {processor.py:830} INFO - Processing file /mnt/c/Users/Usuario/Downloads/Automações/Climate-AgriTech-MLOps/.venv/lib/python3.12/site-packages/airflow/example_dags/example_subdag_operator.py for tasks to queue
[2025-07-28T13:50:59.583-0300] {logging_mixin.py:188} INFO - [2025-07-28T13:50:59.580-0300] {dagbag.py:545} INFO - Filling up the DagBag from /mnt/c/Users/Usuario/Downloads/Automações/Climate-AgriTech-MLOps/.venv/lib/python3.12/site-packages/airflow/example_dags/example_subdag_operator.py
[2025-07-28T13:50:59.731-0300] {processor.py:840} INFO - DAG(s) 'example_subdag_operator.section-1', 'example_subdag_operator.section-2', 'example_subdag_operator' retrieved from /mnt/c/Users/Usuario/Downloads/Automações/Climate-AgriTech-MLOps/.venv/lib/python3.12/site-packages/airflow/example_dags/example_subdag_operator.py
[2025-07-28T13:50:59.795-0300] {logging_mixin.py:188} INFO - [2025-07-28T13:50:59.792-0300] {dag.py:3096} INFO - Sync 3 DAGs
[2025-07-28T13:50:59.846-0300] {logging_mixin.py:188} INFO - [2025-07-28T13:50:59.843-0300] {dag.py:3954} INFO - Setting next_dagrun for example_subdag_operator to 2022-01-01 00:00:00+00:00, run_after=2022-01-01 00:00:00+00:00
[2025-07-28T13:50:59.863-0300] {logging_mixin.py:188} INFO - [2025-07-28T13:50:59.860-0300] {dag.py:3954} INFO - Setting next_dagrun for example_subdag_operator.section-1 to None, run_after=None
[2025-07-28T13:50:59.875-0300] {logging_mixin.py:188} INFO - [2025-07-28T13:50:59.872-0300] {dag.py:3954} INFO - Setting next_dagrun for example_subdag_operator.section-2 to None, run_after=None
[2025-07-28T13:50:59.924-0300] {logging_mixin.py:188} INFO - [2025-07-28T13:50:59.921-0300] {dag.py:3096} INFO - Sync 2 DAGs
[2025-07-28T13:50:59.936-0300] {logging_mixin.py:188} INFO - [2025-07-28T13:50:59.933-0300] {dag.py:3954} INFO - Setting next_dagrun for example_subdag_operator.section-1 to None, run_after=None
[2025-07-28T13:50:59.941-0300] {logging_mixin.py:188} INFO - [2025-07-28T13:50:59.938-0300] {dag.py:3954} INFO - Setting next_dagrun for example_subdag_operator.section-2 to None, run_after=None
[2025-07-28T13:51:00.082-0300] {processor.py:183} INFO - Processing /mnt/c/Users/Usuario/Downloads/Automações/Climate-AgriTech-MLOps/.venv/lib/python3.12/site-packages/airflow/example_dags/example_subdag_operator.py took 0.549 seconds
[2025-07-28T13:52:34.262-0300] {processor.py:161} INFO - Started process (PID=8962) to work on /mnt/c/Users/Usuario/Downloads/Automações/Climate-AgriTech-MLOps/.venv/lib/python3.12/site-packages/airflow/example_dags/example_subdag_operator.py
[2025-07-28T13:52:34.281-0300] {processor.py:830} INFO - Processing file /mnt/c/Users/Usuario/Downloads/Automações/Climate-AgriTech-MLOps/.venv/lib/python3.12/site-packages/airflow/example_dags/example_subdag_operator.py for tasks to queue
[2025-07-28T13:52:34.291-0300] {logging_mixin.py:188} INFO - [2025-07-28T13:52:34.286-0300] {dagbag.py:545} INFO - Filling up the DagBag from /mnt/c/Users/Usuario/Downloads/Automações/Climate-AgriTech-MLOps/.venv/lib/python3.12/site-packages/airflow/example_dags/example_subdag_operator.py
[2025-07-28T13:52:34.498-0300] {processor.py:840} INFO - DAG(s) 'example_subdag_operator.section-1', 'example_subdag_operator.section-2', 'example_subdag_operator' retrieved from /mnt/c/Users/Usuario/Downloads/Automações/Climate-AgriTech-MLOps/.venv/lib/python3.12/site-packages/airflow/example_dags/example_subdag_operator.py
[2025-07-28T13:52:34.576-0300] {logging_mixin.py:188} INFO - [2025-07-28T13:52:34.569-0300] {dag.py:3096} INFO - Sync 3 DAGs
[2025-07-28T13:52:34.640-0300] {logging_mixin.py:188} INFO - [2025-07-28T13:52:34.637-0300] {dag.py:3954} INFO - Setting next_dagrun for example_subdag_operator to 2022-01-01 00:00:00+00:00, run_after=2022-01-01 00:00:00+00:00
[2025-07-28T13:52:34.659-0300] {logging_mixin.py:188} INFO - [2025-07-28T13:52:34.656-0300] {dag.py:3954} INFO - Setting next_dagrun for example_subdag_operator.section-1 to None, run_after=None
[2025-07-28T13:52:34.674-0300] {logging_mixin.py:188} INFO - [2025-07-28T13:52:34.670-0300] {dag.py:3954} INFO - Setting next_dagrun for example_subdag_operator.section-2 to None, run_after=None
[2025-07-28T13:52:34.737-0300] {logging_mixin.py:188} INFO - [2025-07-28T13:52:34.733-0300] {dag.py:3096} INFO - Sync 2 DAGs
[2025-07-28T13:52:34.754-0300] {logging_mixin.py:188} INFO - [2025-07-28T13:52:34.750-0300] {dag.py:3954} INFO - Setting next_dagrun for example_subdag_operator.section-1 to None, run_after=None
[2025-07-28T13:52:34.761-0300] {logging_mixin.py:188} INFO - [2025-07-28T13:52:34.758-0300] {dag.py:3954} INFO - Setting next_dagrun for example_subdag_operator.section-2 to None, run_after=None
[2025-07-28T13:52:34.923-0300] {processor.py:183} INFO - Processing /mnt/c/Users/Usuario/Downloads/Automações/Climate-AgriTech-MLOps/.venv/lib/python3.12/site-packages/airflow/example_dags/example_subdag_operator.py took 0.705 seconds
[2025-07-28T13:54:06.845-0300] {processor.py:161} INFO - Started process (PID=9010) to work on /mnt/c/Users/Usuario/Downloads/Automações/Climate-AgriTech-MLOps/.venv/lib/python3.12/site-packages/airflow/example_dags/example_subdag_operator.py
[2025-07-28T13:54:06.853-0300] {processor.py:830} INFO - Processing file /mnt/c/Users/Usuario/Downloads/Automações/Climate-AgriTech-MLOps/.venv/lib/python3.12/site-packages/airflow/example_dags/example_subdag_operator.py for tasks to queue
[2025-07-28T13:54:06.864-0300] {logging_mixin.py:188} INFO - [2025-07-28T13:54:06.860-0300] {dagbag.py:545} INFO - Filling up the DagBag from /mnt/c/Users/Usuario/Downloads/Automações/Climate-AgriTech-MLOps/.venv/lib/python3.12/site-packages/airflow/example_dags/example_subdag_operator.py
[2025-07-28T13:54:07.067-0300] {processor.py:840} INFO - DAG(s) 'example_subdag_operator.section-1', 'example_subdag_operator.section-2', 'example_subdag_operator' retrieved from /mnt/c/Users/Usuario/Downloads/Automações/Climate-AgriTech-MLOps/.venv/lib/python3.12/site-packages/airflow/example_dags/example_subdag_operator.py
[2025-07-28T13:54:07.146-0300] {logging_mixin.py:188} INFO - [2025-07-28T13:54:07.143-0300] {dag.py:3096} INFO - Sync 3 DAGs
[2025-07-28T13:54:07.218-0300] {logging_mixin.py:188} INFO - [2025-07-28T13:54:07.215-0300] {dag.py:3954} INFO - Setting next_dagrun for example_subdag_operator to 2022-01-01 00:00:00+00:00, run_after=2022-01-01 00:00:00+00:00
[2025-07-28T13:54:07.235-0300] {logging_mixin.py:188} INFO - [2025-07-28T13:54:07.232-0300] {dag.py:3954} INFO - Setting next_dagrun for example_subdag_operator.section-1 to None, run_after=None
[2025-07-28T13:54:07.251-0300] {logging_mixin.py:188} INFO - [2025-07-28T13:54:07.247-0300] {dag.py:3954} INFO - Setting next_dagrun for example_subdag_operator.section-2 to None, run_after=None
[2025-07-28T13:54:07.306-0300] {logging_mixin.py:188} INFO - [2025-07-28T13:54:07.303-0300] {dag.py:3096} INFO - Sync 2 DAGs
[2025-07-28T13:54:07.321-0300] {logging_mixin.py:188} INFO - [2025-07-28T13:54:07.319-0300] {dag.py:3954} INFO - Setting next_dagrun for example_subdag_operator.section-1 to None, run_after=None
[2025-07-28T13:54:07.327-0300] {logging_mixin.py:188} INFO - [2025-07-28T13:54:07.324-0300] {dag.py:3954} INFO - Setting next_dagrun for example_subdag_operator.section-2 to None, run_after=None
[2025-07-28T13:54:07.474-0300] {processor.py:183} INFO - Processing /mnt/c/Users/Usuario/Downloads/Automações/Climate-AgriTech-MLOps/.venv/lib/python3.12/site-packages/airflow/example_dags/example_subdag_operator.py took 0.671 seconds
[2025-07-28T13:55:42.593-0300] {processor.py:161} INFO - Started process (PID=9067) to work on /mnt/c/Users/Usuario/Downloads/Automações/Climate-AgriTech-MLOps/.venv/lib/python3.12/site-packages/airflow/example_dags/example_subdag_operator.py
[2025-07-28T13:55:42.598-0300] {processor.py:830} INFO - Processing file /mnt/c/Users/Usuario/Downloads/Automações/Climate-AgriTech-MLOps/.venv/lib/python3.12/site-packages/airflow/example_dags/example_subdag_operator.py for tasks to queue
[2025-07-28T13:55:42.607-0300] {logging_mixin.py:188} INFO - [2025-07-28T13:55:42.603-0300] {dagbag.py:545} INFO - Filling up the DagBag from /mnt/c/Users/Usuario/Downloads/Automações/Climate-AgriTech-MLOps/.venv/lib/python3.12/site-packages/airflow/example_dags/example_subdag_operator.py
[2025-07-28T13:55:42.813-0300] {processor.py:840} INFO - DAG(s) 'example_subdag_operator.section-1', 'example_subdag_operator.section-2', 'example_subdag_operator' retrieved from /mnt/c/Users/Usuario/Downloads/Automações/Climate-AgriTech-MLOps/.venv/lib/python3.12/site-packages/airflow/example_dags/example_subdag_operator.py
[2025-07-28T13:55:42.910-0300] {logging_mixin.py:188} INFO - [2025-07-28T13:55:42.907-0300] {dag.py:3096} INFO - Sync 3 DAGs
[2025-07-28T13:55:42.982-0300] {logging_mixin.py:188} INFO - [2025-07-28T13:55:42.979-0300] {dag.py:3954} INFO - Setting next_dagrun for example_subdag_operator to 2022-01-01 00:00:00+00:00, run_after=2022-01-01 00:00:00+00:00
[2025-07-28T13:55:42.999-0300] {logging_mixin.py:188} INFO - [2025-07-28T13:55:42.996-0300] {dag.py:3954} INFO - Setting next_dagrun for example_subdag_operator.section-1 to None, run_after=None
[2025-07-28T13:55:43.012-0300] {logging_mixin.py:188} INFO - [2025-07-28T13:55:43.009-0300] {dag.py:3954} INFO - Setting next_dagrun for example_subdag_operator.section-2 to None, run_after=None
[2025-07-28T13:55:43.065-0300] {logging_mixin.py:188} INFO - [2025-07-28T13:55:43.062-0300] {dag.py:3096} INFO - Sync 2 DAGs
[2025-07-28T13:55:43.081-0300] {logging_mixin.py:188} INFO - [2025-07-28T13:55:43.078-0300] {dag.py:3954} INFO - Setting next_dagrun for example_subdag_operator.section-1 to None, run_after=None
[2025-07-28T13:55:43.087-0300] {logging_mixin.py:188} INFO - [2025-07-28T13:55:43.084-0300] {dag.py:3954} INFO - Setting next_dagrun for example_subdag_operator.section-2 to None, run_after=None
[2025-07-28T13:55:43.250-0300] {processor.py:183} INFO - Processing /mnt/c/Users/Usuario/Downloads/Automações/Climate-AgriTech-MLOps/.venv/lib/python3.12/site-packages/airflow/example_dags/example_subdag_operator.py took 0.702 seconds
[2025-07-28T13:56:50.818-0300] {processor.py:161} INFO - Started process (PID=9121) to work on /mnt/c/Users/Usuario/Downloads/Automações/Climate-AgriTech-MLOps/.venv/lib/python3.12/site-packages/airflow/example_dags/example_subdag_operator.py
[2025-07-28T13:56:50.821-0300] {processor.py:830} INFO - Processing file /mnt/c/Users/Usuario/Downloads/Automações/Climate-AgriTech-MLOps/.venv/lib/python3.12/site-packages/airflow/example_dags/example_subdag_operator.py for tasks to queue
[2025-07-28T13:56:50.824-0300] {logging_mixin.py:188} INFO - [2025-07-28T13:56:50.822-0300] {dagbag.py:545} INFO - Filling up the DagBag from /mnt/c/Users/Usuario/Downloads/Automações/Climate-AgriTech-MLOps/.venv/lib/python3.12/site-packages/airflow/example_dags/example_subdag_operator.py
[2025-07-28T13:56:50.901-0300] {processor.py:840} INFO - DAG(s) 'example_subdag_operator.section-1', 'example_subdag_operator.section-2', 'example_subdag_operator' retrieved from /mnt/c/Users/Usuario/Downloads/Automações/Climate-AgriTech-MLOps/.venv/lib/python3.12/site-packages/airflow/example_dags/example_subdag_operator.py
[2025-07-28T13:56:50.934-0300] {logging_mixin.py:188} INFO - [2025-07-28T13:56:50.933-0300] {dag.py:3096} INFO - Sync 3 DAGs
[2025-07-28T13:56:50.964-0300] {logging_mixin.py:188} INFO - [2025-07-28T13:56:50.963-0300] {dag.py:3954} INFO - Setting next_dagrun for example_subdag_operator to 2022-01-01 00:00:00+00:00, run_after=2022-01-01 00:00:00+00:00
[2025-07-28T13:56:50.972-0300] {logging_mixin.py:188} INFO - [2025-07-28T13:56:50.971-0300] {dag.py:3954} INFO - Setting next_dagrun for example_subdag_operator.section-1 to None, run_after=None
[2025-07-28T13:56:50.978-0300] {logging_mixin.py:188} INFO - [2025-07-28T13:56:50.977-0300] {dag.py:3954} INFO - Setting next_dagrun for example_subdag_operator.section-2 to None, run_after=None
[2025-07-28T13:56:50.997-0300] {logging_mixin.py:188} INFO - [2025-07-28T13:56:50.996-0300] {dag.py:3096} INFO - Sync 2 DAGs
[2025-07-28T13:56:51.004-0300] {logging_mixin.py:188} INFO - [2025-07-28T13:56:51.002-0300] {dag.py:3954} INFO - Setting next_dagrun for example_subdag_operator.section-1 to None, run_after=None
[2025-07-28T13:56:51.006-0300] {logging_mixin.py:188} INFO - [2025-07-28T13:56:51.005-0300] {dag.py:3954} INFO - Setting next_dagrun for example_subdag_operator.section-2 to None, run_after=None
[2025-07-28T13:56:51.070-0300] {processor.py:183} INFO - Processing /mnt/c/Users/Usuario/Downloads/Automações/Climate-AgriTech-MLOps/.venv/lib/python3.12/site-packages/airflow/example_dags/example_subdag_operator.py took 0.269 seconds
[2025-07-28T13:58:23.558-0300] {processor.py:161} INFO - Started process (PID=9202) to work on /mnt/c/Users/Usuario/Downloads/Automações/Climate-AgriTech-MLOps/.venv/lib/python3.12/site-packages/airflow/example_dags/example_subdag_operator.py
[2025-07-28T13:58:23.561-0300] {processor.py:830} INFO - Processing file /mnt/c/Users/Usuario/Downloads/Automações/Climate-AgriTech-MLOps/.venv/lib/python3.12/site-packages/airflow/example_dags/example_subdag_operator.py for tasks to queue
[2025-07-28T13:58:23.564-0300] {logging_mixin.py:188} INFO - [2025-07-28T13:58:23.562-0300] {dagbag.py:545} INFO - Filling up the DagBag from /mnt/c/Users/Usuario/Downloads/Automações/Climate-AgriTech-MLOps/.venv/lib/python3.12/site-packages/airflow/example_dags/example_subdag_operator.py
[2025-07-28T13:58:23.638-0300] {processor.py:840} INFO - DAG(s) 'example_subdag_operator.section-1', 'example_subdag_operator.section-2', 'example_subdag_operator' retrieved from /mnt/c/Users/Usuario/Downloads/Automações/Climate-AgriTech-MLOps/.venv/lib/python3.12/site-packages/airflow/example_dags/example_subdag_operator.py
[2025-07-28T13:58:23.671-0300] {logging_mixin.py:188} INFO - [2025-07-28T13:58:23.670-0300] {dag.py:3096} INFO - Sync 3 DAGs
[2025-07-28T13:58:23.699-0300] {logging_mixin.py:188} INFO - [2025-07-28T13:58:23.697-0300] {dag.py:3954} INFO - Setting next_dagrun for example_subdag_operator to 2022-01-01 00:00:00+00:00, run_after=2022-01-01 00:00:00+00:00
[2025-07-28T13:58:23.708-0300] {logging_mixin.py:188} INFO - [2025-07-28T13:58:23.706-0300] {dag.py:3954} INFO - Setting next_dagrun for example_subdag_operator.section-1 to None, run_after=None
[2025-07-28T13:58:23.714-0300] {logging_mixin.py:188} INFO - [2025-07-28T13:58:23.713-0300] {dag.py:3954} INFO - Setting next_dagrun for example_subdag_operator.section-2 to None, run_after=None
[2025-07-28T13:58:23.734-0300] {logging_mixin.py:188} INFO - [2025-07-28T13:58:23.733-0300] {dag.py:3096} INFO - Sync 2 DAGs
[2025-07-28T13:58:23.740-0300] {logging_mixin.py:188} INFO - [2025-07-28T13:58:23.738-0300] {dag.py:3954} INFO - Setting next_dagrun for example_subdag_operator.section-1 to None, run_after=None
[2025-07-28T13:58:23.743-0300] {logging_mixin.py:188} INFO - [2025-07-28T13:58:23.742-0300] {dag.py:3954} INFO - Setting next_dagrun for example_subdag_operator.section-2 to None, run_after=None
[2025-07-28T13:58:23.829-0300] {processor.py:183} INFO - Processing /mnt/c/Users/Usuario/Downloads/Automações/Climate-AgriTech-MLOps/.venv/lib/python3.12/site-packages/airflow/example_dags/example_subdag_operator.py took 0.288 seconds
[2025-07-28T13:59:41.676-0300] {processor.py:161} INFO - Started process (PID=9251) to work on /mnt/c/Users/Usuario/Downloads/Automações/Climate-AgriTech-MLOps/.venv/lib/python3.12/site-packages/airflow/example_dags/example_subdag_operator.py
[2025-07-28T13:59:41.679-0300] {processor.py:830} INFO - Processing file /mnt/c/Users/Usuario/Downloads/Automações/Climate-AgriTech-MLOps/.venv/lib/python3.12/site-packages/airflow/example_dags/example_subdag_operator.py for tasks to queue
[2025-07-28T13:59:41.682-0300] {logging_mixin.py:188} INFO - [2025-07-28T13:59:41.681-0300] {dagbag.py:545} INFO - Filling up the DagBag from /mnt/c/Users/Usuario/Downloads/Automações/Climate-AgriTech-MLOps/.venv/lib/python3.12/site-packages/airflow/example_dags/example_subdag_operator.py
[2025-07-28T13:59:41.754-0300] {processor.py:840} INFO - DAG(s) 'example_subdag_operator.section-1', 'example_subdag_operator.section-2', 'example_subdag_operator' retrieved from /mnt/c/Users/Usuario/Downloads/Automações/Climate-AgriTech-MLOps/.venv/lib/python3.12/site-packages/airflow/example_dags/example_subdag_operator.py
[2025-07-28T13:59:41.790-0300] {logging_mixin.py:188} INFO - [2025-07-28T13:59:41.788-0300] {dag.py:3096} INFO - Sync 3 DAGs
[2025-07-28T13:59:41.818-0300] {logging_mixin.py:188} INFO - [2025-07-28T13:59:41.817-0300] {dag.py:3954} INFO - Setting next_dagrun for example_subdag_operator to 2022-01-01 00:00:00+00:00, run_after=2022-01-01 00:00:00+00:00
[2025-07-28T13:59:41.827-0300] {logging_mixin.py:188} INFO - [2025-07-28T13:59:41.825-0300] {dag.py:3954} INFO - Setting next_dagrun for example_subdag_operator.section-1 to None, run_after=None
[2025-07-28T13:59:41.833-0300] {logging_mixin.py:188} INFO - [2025-07-28T13:59:41.832-0300] {dag.py:3954} INFO - Setting next_dagrun for example_subdag_operator.section-2 to None, run_after=None
[2025-07-28T13:59:41.865-0300] {logging_mixin.py:188} INFO - [2025-07-28T13:59:41.864-0300] {dag.py:3096} INFO - Sync 2 DAGs
[2025-07-28T13:59:41.872-0300] {logging_mixin.py:188} INFO - [2025-07-28T13:59:41.870-0300] {dag.py:3954} INFO - Setting next_dagrun for example_subdag_operator.section-1 to None, run_after=None
[2025-07-28T13:59:41.875-0300] {logging_mixin.py:188} INFO - [2025-07-28T13:59:41.873-0300] {dag.py:3954} INFO - Setting next_dagrun for example_subdag_operator.section-2 to None, run_after=None
[2025-07-28T13:59:41.945-0300] {processor.py:183} INFO - Processing /mnt/c/Users/Usuario/Downloads/Automações/Climate-AgriTech-MLOps/.venv/lib/python3.12/site-packages/airflow/example_dags/example_subdag_operator.py took 0.283 seconds
[2025-07-28T14:00:39.854-0300] {processor.py:161} INFO - Started process (PID=9301) to work on /mnt/c/Users/Usuario/Downloads/Automações/Climate-AgriTech-MLOps/.venv/lib/python3.12/site-packages/airflow/example_dags/example_subdag_operator.py
[2025-07-28T14:00:39.856-0300] {processor.py:830} INFO - Processing file /mnt/c/Users/Usuario/Downloads/Automações/Climate-AgriTech-MLOps/.venv/lib/python3.12/site-packages/airflow/example_dags/example_subdag_operator.py for tasks to queue
[2025-07-28T14:00:39.859-0300] {logging_mixin.py:188} INFO - [2025-07-28T14:00:39.858-0300] {dagbag.py:545} INFO - Filling up the DagBag from /mnt/c/Users/Usuario/Downloads/Automações/Climate-AgriTech-MLOps/.venv/lib/python3.12/site-packages/airflow/example_dags/example_subdag_operator.py
[2025-07-28T14:00:39.932-0300] {processor.py:840} INFO - DAG(s) 'example_subdag_operator.section-1', 'example_subdag_operator.section-2', 'example_subdag_operator' retrieved from /mnt/c/Users/Usuario/Downloads/Automações/Climate-AgriTech-MLOps/.venv/lib/python3.12/site-packages/airflow/example_dags/example_subdag_operator.py
[2025-07-28T14:00:39.963-0300] {logging_mixin.py:188} INFO - [2025-07-28T14:00:39.962-0300] {dag.py:3096} INFO - Sync 3 DAGs
[2025-07-28T14:00:39.993-0300] {logging_mixin.py:188} INFO - [2025-07-28T14:00:39.991-0300] {dag.py:3954} INFO - Setting next_dagrun for example_subdag_operator to 2022-01-01 00:00:00+00:00, run_after=2022-01-01 00:00:00+00:00
[2025-07-28T14:00:40.002-0300] {logging_mixin.py:188} INFO - [2025-07-28T14:00:40.001-0300] {dag.py:3954} INFO - Setting next_dagrun for example_subdag_operator.section-1 to None, run_after=None
[2025-07-28T14:00:40.009-0300] {logging_mixin.py:188} INFO - [2025-07-28T14:00:40.008-0300] {dag.py:3954} INFO - Setting next_dagrun for example_subdag_operator.section-2 to None, run_after=None
[2025-07-28T14:00:40.042-0300] {logging_mixin.py:188} INFO - [2025-07-28T14:00:40.040-0300] {dag.py:3096} INFO - Sync 2 DAGs
[2025-07-28T14:00:40.049-0300] {logging_mixin.py:188} INFO - [2025-07-28T14:00:40.046-0300] {dag.py:3954} INFO - Setting next_dagrun for example_subdag_operator.section-1 to None, run_after=None
[2025-07-28T14:00:40.052-0300] {logging_mixin.py:188} INFO - [2025-07-28T14:00:40.051-0300] {dag.py:3954} INFO - Setting next_dagrun for example_subdag_operator.section-2 to None, run_after=None
[2025-07-28T14:00:40.122-0300] {processor.py:183} INFO - Processing /mnt/c/Users/Usuario/Downloads/Automações/Climate-AgriTech-MLOps/.venv/lib/python3.12/site-packages/airflow/example_dags/example_subdag_operator.py took 0.283 seconds
