[2025-07-28T12:50:54.713-0300] {processor.py:161} INFO - Started process (PID=8053) to work on /mnt/c/Users/Usuario/Downloads/Automações/Climate-AgriTech-MLOps/.venv/lib/python3.12/site-packages/airflow/example_dags/example_nested_branch_dag.py
[2025-07-28T12:50:54.717-0300] {processor.py:830} INFO - Processing file /mnt/c/Users/Usuario/Downloads/Automações/Climate-AgriTech-MLOps/.venv/lib/python3.12/site-packages/airflow/example_dags/example_nested_branch_dag.py for tasks to queue
[2025-07-28T12:50:54.727-0300] {logging_mixin.py:188} INFO - [2025-07-28T12:50:54.724-0300] {dagbag.py:545} INFO - Filling up the DagBag from /mnt/c/Users/Usuario/Downloads/Automações/Climate-AgriTech-MLOps/.venv/lib/python3.12/site-packages/airflow/example_dags/example_nested_branch_dag.py
[2025-07-28T12:50:54.852-0300] {processor.py:840} INFO - DAG(s) 'example_nested_branch_dag' retrieved from /mnt/c/Users/Usuario/Downloads/Automações/Climate-AgriTech-MLOps/.venv/lib/python3.12/site-packages/airflow/example_dags/example_nested_branch_dag.py
[2025-07-28T12:50:58.644-0300] {logging_mixin.py:188} INFO - [2025-07-28T12:50:58.641-0300] {override.py:1829} INFO - Created Permission View: can read on DAG:example_nested_branch_dag
[2025-07-28T12:50:58.739-0300] {logging_mixin.py:188} INFO - [2025-07-28T12:50:58.736-0300] {override.py:1829} INFO - Created Permission View: can edit on DAG:example_nested_branch_dag
[2025-07-28T12:50:58.843-0300] {logging_mixin.py:188} INFO - [2025-07-28T12:50:58.839-0300] {override.py:1829} INFO - Created Permission View: can delete on DAG:example_nested_branch_dag
[2025-07-28T12:50:58.850-0300] {logging_mixin.py:188} INFO - [2025-07-28T12:50:58.846-0300] {dag.py:3096} INFO - Sync 1 DAGs
[2025-07-28T12:50:58.910-0300] {logging_mixin.py:188} INFO - [2025-07-28T12:50:58.907-0300] {dag.py:3118} INFO - Creating ORM DAG for example_nested_branch_dag
[2025-07-28T12:50:58.967-0300] {logging_mixin.py:188} INFO - [2025-07-28T12:50:58.965-0300] {dag.py:3954} INFO - Setting next_dagrun for example_nested_branch_dag to 2025-07-27 00:00:00+00:00, run_after=2025-07-28 00:00:00+00:00
[2025-07-28T12:50:59.145-0300] {processor.py:183} INFO - Processing /mnt/c/Users/Usuario/Downloads/Automações/Climate-AgriTech-MLOps/.venv/lib/python3.12/site-packages/airflow/example_dags/example_nested_branch_dag.py took 4.467 seconds
[2025-07-28T13:10:13.107-0300] {processor.py:161} INFO - Started process (PID=8675) to work on /mnt/c/Users/Usuario/Downloads/Automações/Climate-AgriTech-MLOps/.venv/lib/python3.12/site-packages/airflow/example_dags/example_nested_branch_dag.py
[2025-07-28T13:10:13.125-0300] {processor.py:830} INFO - Processing file /mnt/c/Users/Usuario/Downloads/Automações/Climate-AgriTech-MLOps/.venv/lib/python3.12/site-packages/airflow/example_dags/example_nested_branch_dag.py for tasks to queue
[2025-07-28T13:10:13.132-0300] {logging_mixin.py:188} INFO - [2025-07-28T13:10:13.129-0300] {dagbag.py:545} INFO - Filling up the DagBag from /mnt/c/Users/Usuario/Downloads/Automações/Climate-AgriTech-MLOps/.venv/lib/python3.12/site-packages/airflow/example_dags/example_nested_branch_dag.py
[2025-07-28T13:10:13.240-0300] {processor.py:840} INFO - DAG(s) 'example_nested_branch_dag' retrieved from /mnt/c/Users/Usuario/Downloads/Automações/Climate-AgriTech-MLOps/.venv/lib/python3.12/site-packages/airflow/example_dags/example_nested_branch_dag.py
[2025-07-28T13:10:16.757-0300] {logging_mixin.py:188} INFO - [2025-07-28T13:10:16.754-0300] {dag.py:3096} INFO - Sync 1 DAGs
[2025-07-28T13:10:16.813-0300] {logging_mixin.py:188} INFO - [2025-07-28T13:10:16.811-0300] {dag.py:3954} INFO - Setting next_dagrun for example_nested_branch_dag to 2025-07-27 00:00:00+00:00, run_after=2025-07-28 00:00:00+00:00
[2025-07-28T13:10:17.023-0300] {processor.py:183} INFO - Processing /mnt/c/Users/Usuario/Downloads/Automações/Climate-AgriTech-MLOps/.venv/lib/python3.12/site-packages/airflow/example_dags/example_nested_branch_dag.py took 3.954 seconds
[2025-07-28T13:46:42.271-0300] {processor.py:161} INFO - Started process (PID=8754) to work on /mnt/c/Users/Usuario/Downloads/Automações/Climate-AgriTech-MLOps/.venv/lib/python3.12/site-packages/airflow/example_dags/example_nested_branch_dag.py
[2025-07-28T13:46:42.289-0300] {processor.py:830} INFO - Processing file /mnt/c/Users/Usuario/Downloads/Automações/Climate-AgriTech-MLOps/.venv/lib/python3.12/site-packages/airflow/example_dags/example_nested_branch_dag.py for tasks to queue
[2025-07-28T13:46:42.296-0300] {logging_mixin.py:188} INFO - [2025-07-28T13:46:42.293-0300] {dagbag.py:545} INFO - Filling up the DagBag from /mnt/c/Users/Usuario/Downloads/Automações/Climate-AgriTech-MLOps/.venv/lib/python3.12/site-packages/airflow/example_dags/example_nested_branch_dag.py
[2025-07-28T13:46:42.385-0300] {processor.py:840} INFO - DAG(s) 'example_nested_branch_dag' retrieved from /mnt/c/Users/Usuario/Downloads/Automações/Climate-AgriTech-MLOps/.venv/lib/python3.12/site-packages/airflow/example_dags/example_nested_branch_dag.py
[2025-07-28T13:46:42.461-0300] {logging_mixin.py:188} INFO - [2025-07-28T13:46:42.458-0300] {dag.py:3096} INFO - Sync 1 DAGs
[2025-07-28T13:46:42.518-0300] {logging_mixin.py:188} INFO - [2025-07-28T13:46:42.516-0300] {dag.py:3954} INFO - Setting next_dagrun for example_nested_branch_dag to 2025-07-27 00:00:00+00:00, run_after=2025-07-28 00:00:00+00:00
[2025-07-28T13:46:42.706-0300] {processor.py:183} INFO - Processing /mnt/c/Users/Usuario/Downloads/Automações/Climate-AgriTech-MLOps/.venv/lib/python3.12/site-packages/airflow/example_dags/example_nested_branch_dag.py took 0.474 seconds
[2025-07-28T13:48:25.359-0300] {processor.py:161} INFO - Started process (PID=8807) to work on /mnt/c/Users/Usuario/Downloads/Automações/Climate-AgriTech-MLOps/.venv/lib/python3.12/site-packages/airflow/example_dags/example_nested_branch_dag.py
[2025-07-28T13:48:25.364-0300] {processor.py:830} INFO - Processing file /mnt/c/Users/Usuario/Downloads/Automações/Climate-AgriTech-MLOps/.venv/lib/python3.12/site-packages/airflow/example_dags/example_nested_branch_dag.py for tasks to queue
[2025-07-28T13:48:25.370-0300] {logging_mixin.py:188} INFO - [2025-07-28T13:48:25.367-0300] {dagbag.py:545} INFO - Filling up the DagBag from /mnt/c/Users/Usuario/Downloads/Automações/Climate-AgriTech-MLOps/.venv/lib/python3.12/site-packages/airflow/example_dags/example_nested_branch_dag.py
[2025-07-28T13:48:25.469-0300] {processor.py:840} INFO - DAG(s) 'example_nested_branch_dag' retrieved from /mnt/c/Users/Usuario/Downloads/Automações/Climate-AgriTech-MLOps/.venv/lib/python3.12/site-packages/airflow/example_dags/example_nested_branch_dag.py
[2025-07-28T13:48:25.543-0300] {logging_mixin.py:188} INFO - [2025-07-28T13:48:25.541-0300] {dag.py:3096} INFO - Sync 1 DAGs
[2025-07-28T13:48:25.596-0300] {logging_mixin.py:188} INFO - [2025-07-28T13:48:25.593-0300] {dag.py:3954} INFO - Setting next_dagrun for example_nested_branch_dag to 2025-07-27 00:00:00+00:00, run_after=2025-07-28 00:00:00+00:00
[2025-07-28T13:48:25.794-0300] {processor.py:183} INFO - Processing /mnt/c/Users/Usuario/Downloads/Automações/Climate-AgriTech-MLOps/.venv/lib/python3.12/site-packages/airflow/example_dags/example_nested_branch_dag.py took 0.468 seconds
[2025-07-28T13:51:25.201-0300] {processor.py:161} INFO - Started process (PID=8914) to work on /mnt/c/Users/Usuario/Downloads/Automações/Climate-AgriTech-MLOps/.venv/lib/python3.12/site-packages/airflow/example_dags/example_nested_branch_dag.py
[2025-07-28T13:51:25.212-0300] {processor.py:830} INFO - Processing file /mnt/c/Users/Usuario/Downloads/Automações/Climate-AgriTech-MLOps/.venv/lib/python3.12/site-packages/airflow/example_dags/example_nested_branch_dag.py for tasks to queue
[2025-07-28T13:51:25.219-0300] {logging_mixin.py:188} INFO - [2025-07-28T13:51:25.216-0300] {dagbag.py:545} INFO - Filling up the DagBag from /mnt/c/Users/Usuario/Downloads/Automações/Climate-AgriTech-MLOps/.venv/lib/python3.12/site-packages/airflow/example_dags/example_nested_branch_dag.py
[2025-07-28T13:51:25.320-0300] {processor.py:840} INFO - DAG(s) 'example_nested_branch_dag' retrieved from /mnt/c/Users/Usuario/Downloads/Automações/Climate-AgriTech-MLOps/.venv/lib/python3.12/site-packages/airflow/example_dags/example_nested_branch_dag.py
[2025-07-28T13:51:25.425-0300] {logging_mixin.py:188} INFO - [2025-07-28T13:51:25.422-0300] {dag.py:3096} INFO - Sync 1 DAGs
[2025-07-28T13:51:25.497-0300] {logging_mixin.py:188} INFO - [2025-07-28T13:51:25.494-0300] {dag.py:3954} INFO - Setting next_dagrun for example_nested_branch_dag to 2025-07-27 00:00:00+00:00, run_after=2025-07-28 00:00:00+00:00
[2025-07-28T13:51:25.696-0300] {processor.py:183} INFO - Processing /mnt/c/Users/Usuario/Downloads/Automações/Climate-AgriTech-MLOps/.venv/lib/python3.12/site-packages/airflow/example_dags/example_nested_branch_dag.py took 0.531 seconds
[2025-07-28T13:53:00.838-0300] {processor.py:161} INFO - Started process (PID=8976) to work on /mnt/c/Users/Usuario/Downloads/Automações/Climate-AgriTech-MLOps/.venv/lib/python3.12/site-packages/airflow/example_dags/example_nested_branch_dag.py
[2025-07-28T13:53:00.844-0300] {processor.py:830} INFO - Processing file /mnt/c/Users/Usuario/Downloads/Automações/Climate-AgriTech-MLOps/.venv/lib/python3.12/site-packages/airflow/example_dags/example_nested_branch_dag.py for tasks to queue
[2025-07-28T13:53:00.853-0300] {logging_mixin.py:188} INFO - [2025-07-28T13:53:00.849-0300] {dagbag.py:545} INFO - Filling up the DagBag from /mnt/c/Users/Usuario/Downloads/Automações/Climate-AgriTech-MLOps/.venv/lib/python3.12/site-packages/airflow/example_dags/example_nested_branch_dag.py
[2025-07-28T13:53:00.969-0300] {processor.py:840} INFO - DAG(s) 'example_nested_branch_dag' retrieved from /mnt/c/Users/Usuario/Downloads/Automações/Climate-AgriTech-MLOps/.venv/lib/python3.12/site-packages/airflow/example_dags/example_nested_branch_dag.py
[2025-07-28T13:53:01.062-0300] {logging_mixin.py:188} INFO - [2025-07-28T13:53:01.060-0300] {dag.py:3096} INFO - Sync 1 DAGs
[2025-07-28T13:53:01.129-0300] {logging_mixin.py:188} INFO - [2025-07-28T13:53:01.124-0300] {dag.py:3954} INFO - Setting next_dagrun for example_nested_branch_dag to 2025-07-27 00:00:00+00:00, run_after=2025-07-28 00:00:00+00:00
[2025-07-28T13:53:01.324-0300] {processor.py:183} INFO - Processing /mnt/c/Users/Usuario/Downloads/Automações/Climate-AgriTech-MLOps/.venv/lib/python3.12/site-packages/airflow/example_dags/example_nested_branch_dag.py took 0.532 seconds
[2025-07-28T13:56:08.974-0300] {processor.py:161} INFO - Started process (PID=9085) to work on /mnt/c/Users/Usuario/Downloads/Automações/Climate-AgriTech-MLOps/.venv/lib/python3.12/site-packages/airflow/example_dags/example_nested_branch_dag.py
[2025-07-28T13:56:08.977-0300] {processor.py:830} INFO - Processing file /mnt/c/Users/Usuario/Downloads/Automações/Climate-AgriTech-MLOps/.venv/lib/python3.12/site-packages/airflow/example_dags/example_nested_branch_dag.py for tasks to queue
[2025-07-28T13:56:08.982-0300] {logging_mixin.py:188} INFO - [2025-07-28T13:56:08.980-0300] {dagbag.py:545} INFO - Filling up the DagBag from /mnt/c/Users/Usuario/Downloads/Automações/Climate-AgriTech-MLOps/.venv/lib/python3.12/site-packages/airflow/example_dags/example_nested_branch_dag.py
[2025-07-28T13:56:09.031-0300] {processor.py:840} INFO - DAG(s) 'example_nested_branch_dag' retrieved from /mnt/c/Users/Usuario/Downloads/Automações/Climate-AgriTech-MLOps/.venv/lib/python3.12/site-packages/airflow/example_dags/example_nested_branch_dag.py
[2025-07-28T13:56:09.074-0300] {logging_mixin.py:188} INFO - [2025-07-28T13:56:09.072-0300] {dag.py:3096} INFO - Sync 1 DAGs
[2025-07-28T13:56:09.103-0300] {logging_mixin.py:188} INFO - [2025-07-28T13:56:09.102-0300] {dag.py:3954} INFO - Setting next_dagrun for example_nested_branch_dag to 2025-07-27 00:00:00+00:00, run_after=2025-07-28 00:00:00+00:00
[2025-07-28T13:56:09.206-0300] {processor.py:183} INFO - Processing /mnt/c/Users/Usuario/Downloads/Automações/Climate-AgriTech-MLOps/.venv/lib/python3.12/site-packages/airflow/example_dags/example_nested_branch_dag.py took 0.253 seconds
[2025-07-28T13:57:48.411-0300] {processor.py:161} INFO - Started process (PID=9173) to work on /mnt/c/Users/Usuario/Downloads/Automações/Climate-AgriTech-MLOps/.venv/lib/python3.12/site-packages/airflow/example_dags/example_nested_branch_dag.py
[2025-07-28T13:57:48.413-0300] {processor.py:830} INFO - Processing file /mnt/c/Users/Usuario/Downloads/Automações/Climate-AgriTech-MLOps/.venv/lib/python3.12/site-packages/airflow/example_dags/example_nested_branch_dag.py for tasks to queue
[2025-07-28T13:57:48.416-0300] {logging_mixin.py:188} INFO - [2025-07-28T13:57:48.415-0300] {dagbag.py:545} INFO - Filling up the DagBag from /mnt/c/Users/Usuario/Downloads/Automações/Climate-AgriTech-MLOps/.venv/lib/python3.12/site-packages/airflow/example_dags/example_nested_branch_dag.py
[2025-07-28T13:57:48.454-0300] {processor.py:840} INFO - DAG(s) 'example_nested_branch_dag' retrieved from /mnt/c/Users/Usuario/Downloads/Automações/Climate-AgriTech-MLOps/.venv/lib/python3.12/site-packages/airflow/example_dags/example_nested_branch_dag.py
[2025-07-28T13:57:48.492-0300] {logging_mixin.py:188} INFO - [2025-07-28T13:57:48.491-0300] {dag.py:3096} INFO - Sync 1 DAGs
[2025-07-28T13:57:48.521-0300] {logging_mixin.py:188} INFO - [2025-07-28T13:57:48.519-0300] {dag.py:3954} INFO - Setting next_dagrun for example_nested_branch_dag to 2025-07-27 00:00:00+00:00, run_after=2025-07-28 00:00:00+00:00
[2025-07-28T13:57:48.604-0300] {processor.py:183} INFO - Processing /mnt/c/Users/Usuario/Downloads/Automações/Climate-AgriTech-MLOps/.venv/lib/python3.12/site-packages/airflow/example_dags/example_nested_branch_dag.py took 0.209 seconds
[2025-07-28T13:59:58.267-0300] {processor.py:161} INFO - Started process (PID=9266) to work on /mnt/c/Users/Usuario/Downloads/Automações/Climate-AgriTech-MLOps/.venv/lib/python3.12/site-packages/airflow/example_dags/example_nested_branch_dag.py
[2025-07-28T13:59:58.269-0300] {processor.py:830} INFO - Processing file /mnt/c/Users/Usuario/Downloads/Automações/Climate-AgriTech-MLOps/.venv/lib/python3.12/site-packages/airflow/example_dags/example_nested_branch_dag.py for tasks to queue
[2025-07-28T13:59:58.273-0300] {logging_mixin.py:188} INFO - [2025-07-28T13:59:58.271-0300] {dagbag.py:545} INFO - Filling up the DagBag from /mnt/c/Users/Usuario/Downloads/Automações/Climate-AgriTech-MLOps/.venv/lib/python3.12/site-packages/airflow/example_dags/example_nested_branch_dag.py
[2025-07-28T13:59:58.311-0300] {processor.py:840} INFO - DAG(s) 'example_nested_branch_dag' retrieved from /mnt/c/Users/Usuario/Downloads/Automações/Climate-AgriTech-MLOps/.venv/lib/python3.12/site-packages/airflow/example_dags/example_nested_branch_dag.py
[2025-07-28T13:59:58.348-0300] {logging_mixin.py:188} INFO - [2025-07-28T13:59:58.347-0300] {dag.py:3096} INFO - Sync 1 DAGs
[2025-07-28T13:59:58.377-0300] {logging_mixin.py:188} INFO - [2025-07-28T13:59:58.375-0300] {dag.py:3954} INFO - Setting next_dagrun for example_nested_branch_dag to 2025-07-27 00:00:00+00:00, run_after=2025-07-28 00:00:00+00:00
[2025-07-28T13:59:58.459-0300] {processor.py:183} INFO - Processing /mnt/c/Users/Usuario/Downloads/Automações/Climate-AgriTech-MLOps/.venv/lib/python3.12/site-packages/airflow/example_dags/example_nested_branch_dag.py took 0.209 seconds
[2025-07-28T14:01:34.100-0300] {processor.py:161} INFO - Started process (PID=9348) to work on /mnt/c/Users/Usuario/Downloads/Automações/Climate-AgriTech-MLOps/.venv/lib/python3.12/site-packages/airflow/example_dags/example_nested_branch_dag.py
[2025-07-28T14:01:34.102-0300] {processor.py:830} INFO - Processing file /mnt/c/Users/Usuario/Downloads/Automações/Climate-AgriTech-MLOps/.venv/lib/python3.12/site-packages/airflow/example_dags/example_nested_branch_dag.py for tasks to queue
[2025-07-28T14:01:34.105-0300] {logging_mixin.py:188} INFO - [2025-07-28T14:01:34.103-0300] {dagbag.py:545} INFO - Filling up the DagBag from /mnt/c/Users/Usuario/Downloads/Automações/Climate-AgriTech-MLOps/.venv/lib/python3.12/site-packages/airflow/example_dags/example_nested_branch_dag.py
[2025-07-28T14:01:34.140-0300] {processor.py:840} INFO - DAG(s) 'example_nested_branch_dag' retrieved from /mnt/c/Users/Usuario/Downloads/Automações/Climate-AgriTech-MLOps/.venv/lib/python3.12/site-packages/airflow/example_dags/example_nested_branch_dag.py
[2025-07-28T14:01:34.177-0300] {logging_mixin.py:188} INFO - [2025-07-28T14:01:34.175-0300] {dag.py:3096} INFO - Sync 1 DAGs
[2025-07-28T14:01:34.203-0300] {logging_mixin.py:188} INFO - [2025-07-28T14:01:34.202-0300] {dag.py:3954} INFO - Setting next_dagrun for example_nested_branch_dag to 2025-07-27 00:00:00+00:00, run_after=2025-07-28 00:00:00+00:00
[2025-07-28T14:01:34.322-0300] {processor.py:183} INFO - Processing /mnt/c/Users/Usuario/Downloads/Automações/Climate-AgriTech-MLOps/.venv/lib/python3.12/site-packages/airflow/example_dags/example_nested_branch_dag.py took 0.237 seconds
