[2025-07-28T12:52:20.464-0300] {processor.py:161} INFO - Started process (PID=8079) to work on /mnt/c/Users/Usuario/Downloads/Automações/Climate-AgriTech-MLOps/.venv/lib/python3.12/site-packages/airflow/example_dags/example_branch_labels.py
[2025-07-28T12:52:20.471-0300] {processor.py:830} INFO - Processing file /mnt/c/Users/Usuario/Downloads/Automações/Climate-AgriTech-MLOps/.venv/lib/python3.12/site-packages/airflow/example_dags/example_branch_labels.py for tasks to queue
[2025-07-28T12:52:20.482-0300] {logging_mixin.py:188} INFO - [2025-07-28T12:52:20.478-0300] {dagbag.py:545} INFO - Filling up the DagBag from /mnt/c/Users/Usuario/Downloads/Automações/Climate-AgriTech-MLOps/.venv/lib/python3.12/site-packages/airflow/example_dags/example_branch_labels.py
[2025-07-28T12:52:20.604-0300] {processor.py:840} INFO - DAG(s) 'example_branch_labels' retrieved from /mnt/c/Users/Usuario/Downloads/Automações/Climate-AgriTech-MLOps/.venv/lib/python3.12/site-packages/airflow/example_dags/example_branch_labels.py
[2025-07-28T12:52:24.382-0300] {logging_mixin.py:188} INFO - [2025-07-28T12:52:24.379-0300] {override.py:1829} INFO - Created Permission View: can read on DAG:example_branch_labels
[2025-07-28T12:52:24.483-0300] {logging_mixin.py:188} INFO - [2025-07-28T12:52:24.480-0300] {override.py:1829} INFO - Created Permission View: can edit on DAG:example_branch_labels
[2025-07-28T12:52:24.589-0300] {logging_mixin.py:188} INFO - [2025-07-28T12:52:24.586-0300] {override.py:1829} INFO - Created Permission View: can delete on DAG:example_branch_labels
[2025-07-28T12:52:24.597-0300] {logging_mixin.py:188} INFO - [2025-07-28T12:52:24.594-0300] {dag.py:3096} INFO - Sync 1 DAGs
[2025-07-28T12:52:24.669-0300] {logging_mixin.py:188} INFO - [2025-07-28T12:52:24.666-0300] {dag.py:3118} INFO - Creating ORM DAG for example_branch_labels
[2025-07-28T12:52:24.724-0300] {logging_mixin.py:188} INFO - [2025-07-28T12:52:24.721-0300] {dag.py:3954} INFO - Setting next_dagrun for example_branch_labels to 2025-07-27 00:00:00+00:00, run_after=2025-07-28 00:00:00+00:00
[2025-07-28T12:52:24.929-0300] {processor.py:183} INFO - Processing /mnt/c/Users/Usuario/Downloads/Automações/Climate-AgriTech-MLOps/.venv/lib/python3.12/site-packages/airflow/example_dags/example_branch_labels.py took 4.502 seconds
[2025-07-28T13:45:23.116-0300] {processor.py:161} INFO - Started process (PID=8703) to work on /mnt/c/Users/Usuario/Downloads/Automações/Climate-AgriTech-MLOps/.venv/lib/python3.12/site-packages/airflow/example_dags/example_branch_labels.py
[2025-07-28T13:45:23.119-0300] {processor.py:830} INFO - Processing file /mnt/c/Users/Usuario/Downloads/Automações/Climate-AgriTech-MLOps/.venv/lib/python3.12/site-packages/airflow/example_dags/example_branch_labels.py for tasks to queue
[2025-07-28T13:45:23.123-0300] {logging_mixin.py:188} INFO - [2025-07-28T13:45:23.121-0300] {dagbag.py:545} INFO - Filling up the DagBag from /mnt/c/Users/Usuario/Downloads/Automações/Climate-AgriTech-MLOps/.venv/lib/python3.12/site-packages/airflow/example_dags/example_branch_labels.py
[2025-07-28T13:45:23.173-0300] {processor.py:840} INFO - DAG(s) 'example_branch_labels' retrieved from /mnt/c/Users/Usuario/Downloads/Automações/Climate-AgriTech-MLOps/.venv/lib/python3.12/site-packages/airflow/example_dags/example_branch_labels.py
[2025-07-28T13:45:24.912-0300] {logging_mixin.py:188} INFO - [2025-07-28T13:45:24.911-0300] {dag.py:3096} INFO - Sync 1 DAGs
[2025-07-28T13:45:24.936-0300] {logging_mixin.py:188} INFO - [2025-07-28T13:45:24.934-0300] {dag.py:3954} INFO - Setting next_dagrun for example_branch_labels to 2025-07-27 00:00:00+00:00, run_after=2025-07-28 00:00:00+00:00
[2025-07-28T13:45:25.030-0300] {processor.py:183} INFO - Processing /mnt/c/Users/Usuario/Downloads/Automações/Climate-AgriTech-MLOps/.venv/lib/python3.12/site-packages/airflow/example_dags/example_branch_labels.py took 1.931 seconds
[2025-07-28T13:48:30.422-0300] {processor.py:161} INFO - Started process (PID=8810) to work on /mnt/c/Users/Usuario/Downloads/Automações/Climate-AgriTech-MLOps/.venv/lib/python3.12/site-packages/airflow/example_dags/example_branch_labels.py
[2025-07-28T13:48:30.433-0300] {processor.py:830} INFO - Processing file /mnt/c/Users/Usuario/Downloads/Automações/Climate-AgriTech-MLOps/.venv/lib/python3.12/site-packages/airflow/example_dags/example_branch_labels.py for tasks to queue
[2025-07-28T13:48:30.440-0300] {logging_mixin.py:188} INFO - [2025-07-28T13:48:30.437-0300] {dagbag.py:545} INFO - Filling up the DagBag from /mnt/c/Users/Usuario/Downloads/Automações/Climate-AgriTech-MLOps/.venv/lib/python3.12/site-packages/airflow/example_dags/example_branch_labels.py
[2025-07-28T13:48:30.536-0300] {processor.py:840} INFO - DAG(s) 'example_branch_labels' retrieved from /mnt/c/Users/Usuario/Downloads/Automações/Climate-AgriTech-MLOps/.venv/lib/python3.12/site-packages/airflow/example_dags/example_branch_labels.py
[2025-07-28T13:48:30.627-0300] {logging_mixin.py:188} INFO - [2025-07-28T13:48:30.624-0300] {dag.py:3096} INFO - Sync 1 DAGs
[2025-07-28T13:48:30.694-0300] {logging_mixin.py:188} INFO - [2025-07-28T13:48:30.691-0300] {dag.py:3954} INFO - Setting next_dagrun for example_branch_labels to 2025-07-27 00:00:00+00:00, run_after=2025-07-28 00:00:00+00:00
[2025-07-28T13:48:30.852-0300] {processor.py:183} INFO - Processing /mnt/c/Users/Usuario/Downloads/Automações/Climate-AgriTech-MLOps/.venv/lib/python3.12/site-packages/airflow/example_dags/example_branch_labels.py took 0.464 seconds
[2025-07-28T13:51:34.887-0300] {processor.py:161} INFO - Started process (PID=8920) to work on /mnt/c/Users/Usuario/Downloads/Automações/Climate-AgriTech-MLOps/.venv/lib/python3.12/site-packages/airflow/example_dags/example_branch_labels.py
[2025-07-28T13:51:34.896-0300] {processor.py:830} INFO - Processing file /mnt/c/Users/Usuario/Downloads/Automações/Climate-AgriTech-MLOps/.venv/lib/python3.12/site-packages/airflow/example_dags/example_branch_labels.py for tasks to queue
[2025-07-28T13:51:34.904-0300] {logging_mixin.py:188} INFO - [2025-07-28T13:51:34.900-0300] {dagbag.py:545} INFO - Filling up the DagBag from /mnt/c/Users/Usuario/Downloads/Automações/Climate-AgriTech-MLOps/.venv/lib/python3.12/site-packages/airflow/example_dags/example_branch_labels.py
[2025-07-28T13:51:35.019-0300] {processor.py:840} INFO - DAG(s) 'example_branch_labels' retrieved from /mnt/c/Users/Usuario/Downloads/Automações/Climate-AgriTech-MLOps/.venv/lib/python3.12/site-packages/airflow/example_dags/example_branch_labels.py
[2025-07-28T13:51:35.146-0300] {logging_mixin.py:188} INFO - [2025-07-28T13:51:35.143-0300] {dag.py:3096} INFO - Sync 1 DAGs
[2025-07-28T13:51:35.218-0300] {logging_mixin.py:188} INFO - [2025-07-28T13:51:35.214-0300] {dag.py:3954} INFO - Setting next_dagrun for example_branch_labels to 2025-07-27 00:00:00+00:00, run_after=2025-07-28 00:00:00+00:00
[2025-07-28T13:51:35.448-0300] {processor.py:183} INFO - Processing /mnt/c/Users/Usuario/Downloads/Automações/Climate-AgriTech-MLOps/.venv/lib/python3.12/site-packages/airflow/example_dags/example_branch_labels.py took 0.598 seconds
[2025-07-28T13:54:36.140-0300] {processor.py:161} INFO - Started process (PID=9027) to work on /mnt/c/Users/Usuario/Downloads/Automações/Climate-AgriTech-MLOps/.venv/lib/python3.12/site-packages/airflow/example_dags/example_branch_labels.py
[2025-07-28T13:54:36.145-0300] {processor.py:830} INFO - Processing file /mnt/c/Users/Usuario/Downloads/Automações/Climate-AgriTech-MLOps/.venv/lib/python3.12/site-packages/airflow/example_dags/example_branch_labels.py for tasks to queue
[2025-07-28T13:54:36.153-0300] {logging_mixin.py:188} INFO - [2025-07-28T13:54:36.150-0300] {dagbag.py:545} INFO - Filling up the DagBag from /mnt/c/Users/Usuario/Downloads/Automações/Climate-AgriTech-MLOps/.venv/lib/python3.12/site-packages/airflow/example_dags/example_branch_labels.py
[2025-07-28T13:54:36.245-0300] {processor.py:840} INFO - DAG(s) 'example_branch_labels' retrieved from /mnt/c/Users/Usuario/Downloads/Automações/Climate-AgriTech-MLOps/.venv/lib/python3.12/site-packages/airflow/example_dags/example_branch_labels.py
[2025-07-28T13:54:36.333-0300] {logging_mixin.py:188} INFO - [2025-07-28T13:54:36.330-0300] {dag.py:3096} INFO - Sync 1 DAGs
[2025-07-28T13:54:36.394-0300] {logging_mixin.py:188} INFO - [2025-07-28T13:54:36.392-0300] {dag.py:3954} INFO - Setting next_dagrun for example_branch_labels to 2025-07-27 00:00:00+00:00, run_after=2025-07-28 00:00:00+00:00
[2025-07-28T13:54:36.600-0300] {processor.py:183} INFO - Processing /mnt/c/Users/Usuario/Downloads/Automações/Climate-AgriTech-MLOps/.venv/lib/python3.12/site-packages/airflow/example_dags/example_branch_labels.py took 0.495 seconds
[2025-07-28T13:57:05.909-0300] {processor.py:161} INFO - Started process (PID=9136) to work on /mnt/c/Users/Usuario/Downloads/Automações/Climate-AgriTech-MLOps/.venv/lib/python3.12/site-packages/airflow/example_dags/example_branch_labels.py
[2025-07-28T13:57:05.911-0300] {processor.py:830} INFO - Processing file /mnt/c/Users/Usuario/Downloads/Automações/Climate-AgriTech-MLOps/.venv/lib/python3.12/site-packages/airflow/example_dags/example_branch_labels.py for tasks to queue
[2025-07-28T13:57:05.914-0300] {logging_mixin.py:188} INFO - [2025-07-28T13:57:05.913-0300] {dagbag.py:545} INFO - Filling up the DagBag from /mnt/c/Users/Usuario/Downloads/Automações/Climate-AgriTech-MLOps/.venv/lib/python3.12/site-packages/airflow/example_dags/example_branch_labels.py
[2025-07-28T13:57:05.952-0300] {processor.py:840} INFO - DAG(s) 'example_branch_labels' retrieved from /mnt/c/Users/Usuario/Downloads/Automações/Climate-AgriTech-MLOps/.venv/lib/python3.12/site-packages/airflow/example_dags/example_branch_labels.py
[2025-07-28T13:57:05.990-0300] {logging_mixin.py:188} INFO - [2025-07-28T13:57:05.989-0300] {dag.py:3096} INFO - Sync 1 DAGs
[2025-07-28T13:57:06.018-0300] {logging_mixin.py:188} INFO - [2025-07-28T13:57:06.017-0300] {dag.py:3954} INFO - Setting next_dagrun for example_branch_labels to 2025-07-27 00:00:00+00:00, run_after=2025-07-28 00:00:00+00:00
[2025-07-28T13:57:06.114-0300] {processor.py:183} INFO - Processing /mnt/c/Users/Usuario/Downloads/Automações/Climate-AgriTech-MLOps/.venv/lib/python3.12/site-packages/airflow/example_dags/example_branch_labels.py took 0.222 seconds
[2025-07-28T13:58:46.199-0300] {processor.py:161} INFO - Started process (PID=9216) to work on /mnt/c/Users/Usuario/Downloads/Automações/Climate-AgriTech-MLOps/.venv/lib/python3.12/site-packages/airflow/example_dags/example_branch_labels.py
[2025-07-28T13:58:46.205-0300] {processor.py:830} INFO - Processing file /mnt/c/Users/Usuario/Downloads/Automações/Climate-AgriTech-MLOps/.venv/lib/python3.12/site-packages/airflow/example_dags/example_branch_labels.py for tasks to queue
[2025-07-28T13:58:46.213-0300] {logging_mixin.py:188} INFO - [2025-07-28T13:58:46.209-0300] {dagbag.py:545} INFO - Filling up the DagBag from /mnt/c/Users/Usuario/Downloads/Automações/Climate-AgriTech-MLOps/.venv/lib/python3.12/site-packages/airflow/example_dags/example_branch_labels.py
[2025-07-28T13:58:46.327-0300] {processor.py:840} INFO - DAG(s) 'example_branch_labels' retrieved from /mnt/c/Users/Usuario/Downloads/Automações/Climate-AgriTech-MLOps/.venv/lib/python3.12/site-packages/airflow/example_dags/example_branch_labels.py
[2025-07-28T13:58:46.416-0300] {logging_mixin.py:188} INFO - [2025-07-28T13:58:46.413-0300] {dag.py:3096} INFO - Sync 1 DAGs
[2025-07-28T13:58:46.475-0300] {logging_mixin.py:188} INFO - [2025-07-28T13:58:46.471-0300] {dag.py:3954} INFO - Setting next_dagrun for example_branch_labels to 2025-07-27 00:00:00+00:00, run_after=2025-07-28 00:00:00+00:00
[2025-07-28T13:58:46.683-0300] {processor.py:183} INFO - Processing /mnt/c/Users/Usuario/Downloads/Automações/Climate-AgriTech-MLOps/.venv/lib/python3.12/site-packages/airflow/example_dags/example_branch_labels.py took 0.522 seconds
[2025-07-28T14:00:52.012-0300] {processor.py:161} INFO - Started process (PID=9312) to work on /mnt/c/Users/Usuario/Downloads/Automações/Climate-AgriTech-MLOps/.venv/lib/python3.12/site-packages/airflow/example_dags/example_branch_labels.py
[2025-07-28T14:00:52.015-0300] {processor.py:830} INFO - Processing file /mnt/c/Users/Usuario/Downloads/Automações/Climate-AgriTech-MLOps/.venv/lib/python3.12/site-packages/airflow/example_dags/example_branch_labels.py for tasks to queue
[2025-07-28T14:00:52.018-0300] {logging_mixin.py:188} INFO - [2025-07-28T14:00:52.017-0300] {dagbag.py:545} INFO - Filling up the DagBag from /mnt/c/Users/Usuario/Downloads/Automações/Climate-AgriTech-MLOps/.venv/lib/python3.12/site-packages/airflow/example_dags/example_branch_labels.py
[2025-07-28T14:00:52.060-0300] {processor.py:840} INFO - DAG(s) 'example_branch_labels' retrieved from /mnt/c/Users/Usuario/Downloads/Automações/Climate-AgriTech-MLOps/.venv/lib/python3.12/site-packages/airflow/example_dags/example_branch_labels.py
[2025-07-28T14:00:52.098-0300] {logging_mixin.py:188} INFO - [2025-07-28T14:00:52.097-0300] {dag.py:3096} INFO - Sync 1 DAGs
[2025-07-28T14:00:52.127-0300] {logging_mixin.py:188} INFO - [2025-07-28T14:00:52.126-0300] {dag.py:3954} INFO - Setting next_dagrun for example_branch_labels to 2025-07-27 00:00:00+00:00, run_after=2025-07-28 00:00:00+00:00
[2025-07-28T14:00:52.229-0300] {processor.py:183} INFO - Processing /mnt/c/Users/Usuario/Downloads/Automações/Climate-AgriTech-MLOps/.venv/lib/python3.12/site-packages/airflow/example_dags/example_branch_labels.py took 0.232 seconds
