[2025-07-28T12:50:31.613-0300] {processor.py:161} INFO - Started process (PID=8047) to work on /mnt/c/Users/Usuario/Downloads/Automações/Climate-AgriTech-MLOps/.venv/lib/python3.12/site-packages/airflow/example_dags/example_python_decorator.py
[2025-07-28T12:50:31.618-0300] {processor.py:830} INFO - Processing file /mnt/c/Users/Usuario/Downloads/Automações/Climate-AgriTech-MLOps/.venv/lib/python3.12/site-packages/airflow/example_dags/example_python_decorator.py for tasks to queue
[2025-07-28T12:50:31.627-0300] {logging_mixin.py:188} INFO - [2025-07-28T12:50:31.624-0300] {dagbag.py:545} INFO - Filling up the DagBag from /mnt/c/Users/Usuario/Downloads/Automações/Climate-AgriTech-MLOps/.venv/lib/python3.12/site-packages/airflow/example_dags/example_python_decorator.py
[2025-07-28T12:50:31.742-0300] {processor.py:840} INFO - DAG(s) 'example_python_decorator' retrieved from /mnt/c/Users/Usuario/Downloads/Automações/Climate-AgriTech-MLOps/.venv/lib/python3.12/site-packages/airflow/example_dags/example_python_decorator.py
[2025-07-28T12:50:35.476-0300] {logging_mixin.py:188} INFO - [2025-07-28T12:50:35.473-0300] {override.py:1829} INFO - Created Permission View: can read on DAG:example_python_decorator
[2025-07-28T12:50:35.576-0300] {logging_mixin.py:188} INFO - [2025-07-28T12:50:35.573-0300] {override.py:1829} INFO - Created Permission View: can edit on DAG:example_python_decorator
[2025-07-28T12:50:35.665-0300] {logging_mixin.py:188} INFO - [2025-07-28T12:50:35.662-0300] {override.py:1829} INFO - Created Permission View: can delete on DAG:example_python_decorator
[2025-07-28T12:50:35.670-0300] {logging_mixin.py:188} INFO - [2025-07-28T12:50:35.667-0300] {dag.py:3096} INFO - Sync 1 DAGs
[2025-07-28T12:50:35.721-0300] {logging_mixin.py:188} INFO - [2025-07-28T12:50:35.717-0300] {dag.py:3118} INFO - Creating ORM DAG for example_python_decorator
[2025-07-28T12:50:35.729-0300] {logging_mixin.py:188} INFO - [2025-07-28T12:50:35.726-0300] {dag.py:3954} INFO - Setting next_dagrun for example_python_decorator to None, run_after=None
[2025-07-28T12:50:35.948-0300] {processor.py:183} INFO - Processing /mnt/c/Users/Usuario/Downloads/Automações/Climate-AgriTech-MLOps/.venv/lib/python3.12/site-packages/airflow/example_dags/example_python_decorator.py took 4.368 seconds
[2025-07-28T13:09:51.240-0300] {processor.py:161} INFO - Started process (PID=8671) to work on /mnt/c/Users/Usuario/Downloads/Automações/Climate-AgriTech-MLOps/.venv/lib/python3.12/site-packages/airflow/example_dags/example_python_decorator.py
[2025-07-28T13:09:51.247-0300] {processor.py:830} INFO - Processing file /mnt/c/Users/Usuario/Downloads/Automações/Climate-AgriTech-MLOps/.venv/lib/python3.12/site-packages/airflow/example_dags/example_python_decorator.py for tasks to queue
[2025-07-28T13:09:51.254-0300] {logging_mixin.py:188} INFO - [2025-07-28T13:09:51.251-0300] {dagbag.py:545} INFO - Filling up the DagBag from /mnt/c/Users/Usuario/Downloads/Automações/Climate-AgriTech-MLOps/.venv/lib/python3.12/site-packages/airflow/example_dags/example_python_decorator.py
[2025-07-28T13:09:51.373-0300] {processor.py:840} INFO - DAG(s) 'example_python_decorator' retrieved from /mnt/c/Users/Usuario/Downloads/Automações/Climate-AgriTech-MLOps/.venv/lib/python3.12/site-packages/airflow/example_dags/example_python_decorator.py
[2025-07-28T13:09:54.987-0300] {logging_mixin.py:188} INFO - [2025-07-28T13:09:54.985-0300] {dag.py:3096} INFO - Sync 1 DAGs
[2025-07-28T13:09:55.025-0300] {logging_mixin.py:188} INFO - [2025-07-28T13:09:55.022-0300] {dag.py:3954} INFO - Setting next_dagrun for example_python_decorator to None, run_after=None
[2025-07-28T13:09:55.252-0300] {processor.py:183} INFO - Processing /mnt/c/Users/Usuario/Downloads/Automações/Climate-AgriTech-MLOps/.venv/lib/python3.12/site-packages/airflow/example_dags/example_python_decorator.py took 4.052 seconds
[2025-07-28T13:46:36.447-0300] {processor.py:161} INFO - Started process (PID=8750) to work on /mnt/c/Users/Usuario/Downloads/Automações/Climate-AgriTech-MLOps/.venv/lib/python3.12/site-packages/airflow/example_dags/example_python_decorator.py
[2025-07-28T13:46:36.453-0300] {processor.py:830} INFO - Processing file /mnt/c/Users/Usuario/Downloads/Automações/Climate-AgriTech-MLOps/.venv/lib/python3.12/site-packages/airflow/example_dags/example_python_decorator.py for tasks to queue
[2025-07-28T13:46:36.459-0300] {logging_mixin.py:188} INFO - [2025-07-28T13:46:36.456-0300] {dagbag.py:545} INFO - Filling up the DagBag from /mnt/c/Users/Usuario/Downloads/Automações/Climate-AgriTech-MLOps/.venv/lib/python3.12/site-packages/airflow/example_dags/example_python_decorator.py
[2025-07-28T13:46:36.554-0300] {processor.py:840} INFO - DAG(s) 'example_python_decorator' retrieved from /mnt/c/Users/Usuario/Downloads/Automações/Climate-AgriTech-MLOps/.venv/lib/python3.12/site-packages/airflow/example_dags/example_python_decorator.py
[2025-07-28T13:46:36.634-0300] {logging_mixin.py:188} INFO - [2025-07-28T13:46:36.631-0300] {dag.py:3096} INFO - Sync 1 DAGs
[2025-07-28T13:46:36.668-0300] {logging_mixin.py:188} INFO - [2025-07-28T13:46:36.666-0300] {dag.py:3954} INFO - Setting next_dagrun for example_python_decorator to None, run_after=None
[2025-07-28T13:46:36.840-0300] {processor.py:183} INFO - Processing /mnt/c/Users/Usuario/Downloads/Automações/Climate-AgriTech-MLOps/.venv/lib/python3.12/site-packages/airflow/example_dags/example_python_decorator.py took 0.423 seconds
[2025-07-28T13:48:17.291-0300] {processor.py:161} INFO - Started process (PID=8803) to work on /mnt/c/Users/Usuario/Downloads/Automações/Climate-AgriTech-MLOps/.venv/lib/python3.12/site-packages/airflow/example_dags/example_python_decorator.py
[2025-07-28T13:48:17.296-0300] {processor.py:830} INFO - Processing file /mnt/c/Users/Usuario/Downloads/Automações/Climate-AgriTech-MLOps/.venv/lib/python3.12/site-packages/airflow/example_dags/example_python_decorator.py for tasks to queue
[2025-07-28T13:48:17.303-0300] {logging_mixin.py:188} INFO - [2025-07-28T13:48:17.299-0300] {dagbag.py:545} INFO - Filling up the DagBag from /mnt/c/Users/Usuario/Downloads/Automações/Climate-AgriTech-MLOps/.venv/lib/python3.12/site-packages/airflow/example_dags/example_python_decorator.py
[2025-07-28T13:48:17.663-0300] {processor.py:840} INFO - DAG(s) 'example_python_decorator' retrieved from /mnt/c/Users/Usuario/Downloads/Automações/Climate-AgriTech-MLOps/.venv/lib/python3.12/site-packages/airflow/example_dags/example_python_decorator.py
[2025-07-28T13:48:17.724-0300] {logging_mixin.py:188} INFO - [2025-07-28T13:48:17.722-0300] {dag.py:3096} INFO - Sync 1 DAGs
[2025-07-28T13:48:17.750-0300] {logging_mixin.py:188} INFO - [2025-07-28T13:48:17.748-0300] {dag.py:3954} INFO - Setting next_dagrun for example_python_decorator to None, run_after=None
[2025-07-28T13:48:17.917-0300] {processor.py:183} INFO - Processing /mnt/c/Users/Usuario/Downloads/Automações/Climate-AgriTech-MLOps/.venv/lib/python3.12/site-packages/airflow/example_dags/example_python_decorator.py took 0.658 seconds
[2025-07-28T13:49:47.117-0300] {processor.py:161} INFO - Started process (PID=8853) to work on /mnt/c/Users/Usuario/Downloads/Automações/Climate-AgriTech-MLOps/.venv/lib/python3.12/site-packages/airflow/example_dags/example_python_decorator.py
[2025-07-28T13:49:47.122-0300] {processor.py:830} INFO - Processing file /mnt/c/Users/Usuario/Downloads/Automações/Climate-AgriTech-MLOps/.venv/lib/python3.12/site-packages/airflow/example_dags/example_python_decorator.py for tasks to queue
[2025-07-28T13:49:47.129-0300] {logging_mixin.py:188} INFO - [2025-07-28T13:49:47.125-0300] {dagbag.py:545} INFO - Filling up the DagBag from /mnt/c/Users/Usuario/Downloads/Automações/Climate-AgriTech-MLOps/.venv/lib/python3.12/site-packages/airflow/example_dags/example_python_decorator.py
[2025-07-28T13:49:47.221-0300] {processor.py:840} INFO - DAG(s) 'example_python_decorator' retrieved from /mnt/c/Users/Usuario/Downloads/Automações/Climate-AgriTech-MLOps/.venv/lib/python3.12/site-packages/airflow/example_dags/example_python_decorator.py
[2025-07-28T13:49:47.298-0300] {logging_mixin.py:188} INFO - [2025-07-28T13:49:47.296-0300] {dag.py:3096} INFO - Sync 1 DAGs
[2025-07-28T13:49:47.330-0300] {logging_mixin.py:188} INFO - [2025-07-28T13:49:47.328-0300] {dag.py:3954} INFO - Setting next_dagrun for example_python_decorator to None, run_after=None
[2025-07-28T13:49:47.491-0300] {processor.py:183} INFO - Processing /mnt/c/Users/Usuario/Downloads/Automações/Climate-AgriTech-MLOps/.venv/lib/python3.12/site-packages/airflow/example_dags/example_python_decorator.py took 0.410 seconds
[2025-07-28T13:51:18.184-0300] {processor.py:161} INFO - Started process (PID=8907) to work on /mnt/c/Users/Usuario/Downloads/Automações/Climate-AgriTech-MLOps/.venv/lib/python3.12/site-packages/airflow/example_dags/example_python_decorator.py
[2025-07-28T13:51:18.190-0300] {processor.py:830} INFO - Processing file /mnt/c/Users/Usuario/Downloads/Automações/Climate-AgriTech-MLOps/.venv/lib/python3.12/site-packages/airflow/example_dags/example_python_decorator.py for tasks to queue
[2025-07-28T13:51:18.196-0300] {logging_mixin.py:188} INFO - [2025-07-28T13:51:18.193-0300] {dagbag.py:545} INFO - Filling up the DagBag from /mnt/c/Users/Usuario/Downloads/Automações/Climate-AgriTech-MLOps/.venv/lib/python3.12/site-packages/airflow/example_dags/example_python_decorator.py
[2025-07-28T13:51:18.302-0300] {processor.py:840} INFO - DAG(s) 'example_python_decorator' retrieved from /mnt/c/Users/Usuario/Downloads/Automações/Climate-AgriTech-MLOps/.venv/lib/python3.12/site-packages/airflow/example_dags/example_python_decorator.py
[2025-07-28T13:51:18.382-0300] {logging_mixin.py:188} INFO - [2025-07-28T13:51:18.379-0300] {dag.py:3096} INFO - Sync 1 DAGs
[2025-07-28T13:51:18.425-0300] {logging_mixin.py:188} INFO - [2025-07-28T13:51:18.421-0300] {dag.py:3954} INFO - Setting next_dagrun for example_python_decorator to None, run_after=None
[2025-07-28T13:51:18.623-0300] {processor.py:183} INFO - Processing /mnt/c/Users/Usuario/Downloads/Automações/Climate-AgriTech-MLOps/.venv/lib/python3.12/site-packages/airflow/example_dags/example_python_decorator.py took 0.474 seconds
[2025-07-28T13:52:53.478-0300] {processor.py:161} INFO - Started process (PID=8972) to work on /mnt/c/Users/Usuario/Downloads/Automações/Climate-AgriTech-MLOps/.venv/lib/python3.12/site-packages/airflow/example_dags/example_python_decorator.py
[2025-07-28T13:52:53.483-0300] {processor.py:830} INFO - Processing file /mnt/c/Users/Usuario/Downloads/Automações/Climate-AgriTech-MLOps/.venv/lib/python3.12/site-packages/airflow/example_dags/example_python_decorator.py for tasks to queue
[2025-07-28T13:52:53.492-0300] {logging_mixin.py:188} INFO - [2025-07-28T13:52:53.488-0300] {dagbag.py:545} INFO - Filling up the DagBag from /mnt/c/Users/Usuario/Downloads/Automações/Climate-AgriTech-MLOps/.venv/lib/python3.12/site-packages/airflow/example_dags/example_python_decorator.py
[2025-07-28T13:52:53.608-0300] {processor.py:840} INFO - DAG(s) 'example_python_decorator' retrieved from /mnt/c/Users/Usuario/Downloads/Automações/Climate-AgriTech-MLOps/.venv/lib/python3.12/site-packages/airflow/example_dags/example_python_decorator.py
[2025-07-28T13:52:53.699-0300] {logging_mixin.py:188} INFO - [2025-07-28T13:52:53.696-0300] {dag.py:3096} INFO - Sync 1 DAGs
[2025-07-28T13:52:53.749-0300] {logging_mixin.py:188} INFO - [2025-07-28T13:52:53.746-0300] {dag.py:3954} INFO - Setting next_dagrun for example_python_decorator to None, run_after=None
[2025-07-28T13:52:53.956-0300] {processor.py:183} INFO - Processing /mnt/c/Users/Usuario/Downloads/Automações/Climate-AgriTech-MLOps/.venv/lib/python3.12/site-packages/airflow/example_dags/example_python_decorator.py took 0.515 seconds
[2025-07-28T13:54:25.217-0300] {processor.py:161} INFO - Started process (PID=9020) to work on /mnt/c/Users/Usuario/Downloads/Automações/Climate-AgriTech-MLOps/.venv/lib/python3.12/site-packages/airflow/example_dags/example_python_decorator.py
[2025-07-28T13:54:25.224-0300] {processor.py:830} INFO - Processing file /mnt/c/Users/Usuario/Downloads/Automações/Climate-AgriTech-MLOps/.venv/lib/python3.12/site-packages/airflow/example_dags/example_python_decorator.py for tasks to queue
[2025-07-28T13:54:25.232-0300] {logging_mixin.py:188} INFO - [2025-07-28T13:54:25.228-0300] {dagbag.py:545} INFO - Filling up the DagBag from /mnt/c/Users/Usuario/Downloads/Automações/Climate-AgriTech-MLOps/.venv/lib/python3.12/site-packages/airflow/example_dags/example_python_decorator.py
[2025-07-28T13:54:25.364-0300] {processor.py:840} INFO - DAG(s) 'example_python_decorator' retrieved from /mnt/c/Users/Usuario/Downloads/Automações/Climate-AgriTech-MLOps/.venv/lib/python3.12/site-packages/airflow/example_dags/example_python_decorator.py
[2025-07-28T13:54:25.460-0300] {logging_mixin.py:188} INFO - [2025-07-28T13:54:25.456-0300] {dag.py:3096} INFO - Sync 1 DAGs
[2025-07-28T13:54:25.503-0300] {logging_mixin.py:188} INFO - [2025-07-28T13:54:25.499-0300] {dag.py:3954} INFO - Setting next_dagrun for example_python_decorator to None, run_after=None
[2025-07-28T13:54:25.727-0300] {processor.py:183} INFO - Processing /mnt/c/Users/Usuario/Downloads/Automações/Climate-AgriTech-MLOps/.venv/lib/python3.12/site-packages/airflow/example_dags/example_python_decorator.py took 0.569 seconds
[2025-07-28T13:56:02.950-0300] {processor.py:161} INFO - Started process (PID=9080) to work on /mnt/c/Users/Usuario/Downloads/Automações/Climate-AgriTech-MLOps/.venv/lib/python3.12/site-packages/airflow/example_dags/example_python_decorator.py
[2025-07-28T13:56:02.955-0300] {processor.py:830} INFO - Processing file /mnt/c/Users/Usuario/Downloads/Automações/Climate-AgriTech-MLOps/.venv/lib/python3.12/site-packages/airflow/example_dags/example_python_decorator.py for tasks to queue
[2025-07-28T13:56:02.961-0300] {logging_mixin.py:188} INFO - [2025-07-28T13:56:02.958-0300] {dagbag.py:545} INFO - Filling up the DagBag from /mnt/c/Users/Usuario/Downloads/Automações/Climate-AgriTech-MLOps/.venv/lib/python3.12/site-packages/airflow/example_dags/example_python_decorator.py
[2025-07-28T13:56:03.066-0300] {processor.py:840} INFO - DAG(s) 'example_python_decorator' retrieved from /mnt/c/Users/Usuario/Downloads/Automações/Climate-AgriTech-MLOps/.venv/lib/python3.12/site-packages/airflow/example_dags/example_python_decorator.py
[2025-07-28T13:56:03.156-0300] {logging_mixin.py:188} INFO - [2025-07-28T13:56:03.153-0300] {dag.py:3096} INFO - Sync 1 DAGs
[2025-07-28T13:56:03.198-0300] {logging_mixin.py:188} INFO - [2025-07-28T13:56:03.194-0300] {dag.py:3954} INFO - Setting next_dagrun for example_python_decorator to None, run_after=None
[2025-07-28T13:56:03.401-0300] {processor.py:183} INFO - Processing /mnt/c/Users/Usuario/Downloads/Automações/Climate-AgriTech-MLOps/.venv/lib/python3.12/site-packages/airflow/example_dags/example_python_decorator.py took 0.486 seconds
[2025-07-28T13:57:44.086-0300] {processor.py:161} INFO - Started process (PID=9170) to work on /mnt/c/Users/Usuario/Downloads/Automações/Climate-AgriTech-MLOps/.venv/lib/python3.12/site-packages/airflow/example_dags/example_python_decorator.py
[2025-07-28T13:57:44.089-0300] {processor.py:830} INFO - Processing file /mnt/c/Users/Usuario/Downloads/Automações/Climate-AgriTech-MLOps/.venv/lib/python3.12/site-packages/airflow/example_dags/example_python_decorator.py for tasks to queue
[2025-07-28T13:57:44.092-0300] {logging_mixin.py:188} INFO - [2025-07-28T13:57:44.091-0300] {dagbag.py:545} INFO - Filling up the DagBag from /mnt/c/Users/Usuario/Downloads/Automações/Climate-AgriTech-MLOps/.venv/lib/python3.12/site-packages/airflow/example_dags/example_python_decorator.py
[2025-07-28T13:57:44.136-0300] {processor.py:840} INFO - DAG(s) 'example_python_decorator' retrieved from /mnt/c/Users/Usuario/Downloads/Automações/Climate-AgriTech-MLOps/.venv/lib/python3.12/site-packages/airflow/example_dags/example_python_decorator.py
[2025-07-28T13:57:44.177-0300] {logging_mixin.py:188} INFO - [2025-07-28T13:57:44.176-0300] {dag.py:3096} INFO - Sync 1 DAGs
[2025-07-28T13:57:44.193-0300] {logging_mixin.py:188} INFO - [2025-07-28T13:57:44.192-0300] {dag.py:3954} INFO - Setting next_dagrun for example_python_decorator to None, run_after=None
[2025-07-28T13:57:44.303-0300] {processor.py:183} INFO - Processing /mnt/c/Users/Usuario/Downloads/Automações/Climate-AgriTech-MLOps/.venv/lib/python3.12/site-packages/airflow/example_dags/example_python_decorator.py took 0.231 seconds
[2025-07-28T13:59:54.269-0300] {processor.py:161} INFO - Started process (PID=9261) to work on /mnt/c/Users/Usuario/Downloads/Automações/Climate-AgriTech-MLOps/.venv/lib/python3.12/site-packages/airflow/example_dags/example_python_decorator.py
[2025-07-28T13:59:54.272-0300] {processor.py:830} INFO - Processing file /mnt/c/Users/Usuario/Downloads/Automações/Climate-AgriTech-MLOps/.venv/lib/python3.12/site-packages/airflow/example_dags/example_python_decorator.py for tasks to queue
[2025-07-28T13:59:54.276-0300] {logging_mixin.py:188} INFO - [2025-07-28T13:59:54.274-0300] {dagbag.py:545} INFO - Filling up the DagBag from /mnt/c/Users/Usuario/Downloads/Automações/Climate-AgriTech-MLOps/.venv/lib/python3.12/site-packages/airflow/example_dags/example_python_decorator.py
[2025-07-28T13:59:54.324-0300] {processor.py:840} INFO - DAG(s) 'example_python_decorator' retrieved from /mnt/c/Users/Usuario/Downloads/Automações/Climate-AgriTech-MLOps/.venv/lib/python3.12/site-packages/airflow/example_dags/example_python_decorator.py
[2025-07-28T13:59:54.382-0300] {logging_mixin.py:188} INFO - [2025-07-28T13:59:54.380-0300] {dag.py:3096} INFO - Sync 1 DAGs
[2025-07-28T13:59:54.400-0300] {logging_mixin.py:188} INFO - [2025-07-28T13:59:54.398-0300] {dag.py:3954} INFO - Setting next_dagrun for example_python_decorator to None, run_after=None
[2025-07-28T13:59:54.486-0300] {processor.py:183} INFO - Processing /mnt/c/Users/Usuario/Downloads/Automações/Climate-AgriTech-MLOps/.venv/lib/python3.12/site-packages/airflow/example_dags/example_python_decorator.py took 0.236 seconds
[2025-07-28T14:01:29.748-0300] {processor.py:161} INFO - Started process (PID=9345) to work on /mnt/c/Users/Usuario/Downloads/Automações/Climate-AgriTech-MLOps/.venv/lib/python3.12/site-packages/airflow/example_dags/example_python_decorator.py
[2025-07-28T14:01:29.750-0300] {processor.py:830} INFO - Processing file /mnt/c/Users/Usuario/Downloads/Automações/Climate-AgriTech-MLOps/.venv/lib/python3.12/site-packages/airflow/example_dags/example_python_decorator.py for tasks to queue
[2025-07-28T14:01:29.753-0300] {logging_mixin.py:188} INFO - [2025-07-28T14:01:29.752-0300] {dagbag.py:545} INFO - Filling up the DagBag from /mnt/c/Users/Usuario/Downloads/Automações/Climate-AgriTech-MLOps/.venv/lib/python3.12/site-packages/airflow/example_dags/example_python_decorator.py
[2025-07-28T14:01:29.795-0300] {processor.py:840} INFO - DAG(s) 'example_python_decorator' retrieved from /mnt/c/Users/Usuario/Downloads/Automações/Climate-AgriTech-MLOps/.venv/lib/python3.12/site-packages/airflow/example_dags/example_python_decorator.py
[2025-07-28T14:01:29.829-0300] {logging_mixin.py:188} INFO - [2025-07-28T14:01:29.828-0300] {dag.py:3096} INFO - Sync 1 DAGs
[2025-07-28T14:01:29.847-0300] {logging_mixin.py:188} INFO - [2025-07-28T14:01:29.845-0300] {dag.py:3954} INFO - Setting next_dagrun for example_python_decorator to None, run_after=None
[2025-07-28T14:01:29.942-0300] {processor.py:183} INFO - Processing /mnt/c/Users/Usuario/Downloads/Automações/Climate-AgriTech-MLOps/.venv/lib/python3.12/site-packages/airflow/example_dags/example_python_decorator.py took 0.209 seconds
