[2025-07-28T12:49:15.768-0300] {processor.py:161} INFO - Started process (PID=7987) to work on /mnt/c/Users/Usuario/Downloads/Automações/Climate-AgriTech-MLOps/.venv/lib/python3.12/site-packages/airflow/example_dags/example_time_delta_sensor_async.py
[2025-07-28T12:49:15.773-0300] {processor.py:830} INFO - Processing file /mnt/c/Users/Usuario/Downloads/Automações/Climate-AgriTech-MLOps/.venv/lib/python3.12/site-packages/airflow/example_dags/example_time_delta_sensor_async.py for tasks to queue
[2025-07-28T12:49:15.784-0300] {logging_mixin.py:188} INFO - [2025-07-28T12:49:15.781-0300] {dagbag.py:545} INFO - Filling up the DagBag from /mnt/c/Users/Usuario/Downloads/Automações/Climate-AgriTech-MLOps/.venv/lib/python3.12/site-packages/airflow/example_dags/example_time_delta_sensor_async.py
[2025-07-28T12:49:16.005-0300] {processor.py:840} INFO - DAG(s) 'example_time_delta_sensor_async' retrieved from /mnt/c/Users/Usuario/Downloads/Automações/Climate-AgriTech-MLOps/.venv/lib/python3.12/site-packages/airflow/example_dags/example_time_delta_sensor_async.py
[2025-07-28T12:49:19.074-0300] {logging_mixin.py:188} INFO - [2025-07-28T12:49:19.071-0300] {override.py:1829} INFO - Created Permission View: can read on DAG:example_time_delta_sensor_async
[2025-07-28T12:49:19.169-0300] {logging_mixin.py:188} INFO - [2025-07-28T12:49:19.166-0300] {override.py:1829} INFO - Created Permission View: can edit on DAG:example_time_delta_sensor_async
[2025-07-28T12:49:19.291-0300] {logging_mixin.py:188} INFO - [2025-07-28T12:49:19.289-0300] {override.py:1829} INFO - Created Permission View: can delete on DAG:example_time_delta_sensor_async
[2025-07-28T12:49:19.296-0300] {logging_mixin.py:188} INFO - [2025-07-28T12:49:19.294-0300] {dag.py:3096} INFO - Sync 1 DAGs
[2025-07-28T12:49:19.346-0300] {logging_mixin.py:188} INFO - [2025-07-28T12:49:19.343-0300] {dag.py:3118} INFO - Creating ORM DAG for example_time_delta_sensor_async
[2025-07-28T12:49:19.353-0300] {logging_mixin.py:188} INFO - [2025-07-28T12:49:19.350-0300] {dag.py:3954} INFO - Setting next_dagrun for example_time_delta_sensor_async to None, run_after=None
[2025-07-28T12:49:19.573-0300] {processor.py:183} INFO - Processing /mnt/c/Users/Usuario/Downloads/Automações/Climate-AgriTech-MLOps/.venv/lib/python3.12/site-packages/airflow/example_dags/example_time_delta_sensor_async.py took 4.359 seconds
[2025-07-28T13:08:39.962-0300] {processor.py:161} INFO - Started process (PID=8650) to work on /mnt/c/Users/Usuario/Downloads/Automações/Climate-AgriTech-MLOps/.venv/lib/python3.12/site-packages/airflow/example_dags/example_time_delta_sensor_async.py
[2025-07-28T13:08:39.969-0300] {processor.py:830} INFO - Processing file /mnt/c/Users/Usuario/Downloads/Automações/Climate-AgriTech-MLOps/.venv/lib/python3.12/site-packages/airflow/example_dags/example_time_delta_sensor_async.py for tasks to queue
[2025-07-28T13:08:39.979-0300] {logging_mixin.py:188} INFO - [2025-07-28T13:08:39.974-0300] {dagbag.py:545} INFO - Filling up the DagBag from /mnt/c/Users/Usuario/Downloads/Automações/Climate-AgriTech-MLOps/.venv/lib/python3.12/site-packages/airflow/example_dags/example_time_delta_sensor_async.py
[2025-07-28T13:08:40.062-0300] {processor.py:840} INFO - DAG(s) 'example_time_delta_sensor_async' retrieved from /mnt/c/Users/Usuario/Downloads/Automações/Climate-AgriTech-MLOps/.venv/lib/python3.12/site-packages/airflow/example_dags/example_time_delta_sensor_async.py
[2025-07-28T13:08:43.418-0300] {logging_mixin.py:188} INFO - [2025-07-28T13:08:43.415-0300] {dag.py:3096} INFO - Sync 1 DAGs
[2025-07-28T13:08:43.452-0300] {logging_mixin.py:188} INFO - [2025-07-28T13:08:43.449-0300] {dag.py:3954} INFO - Setting next_dagrun for example_time_delta_sensor_async to None, run_after=None
[2025-07-28T13:08:43.679-0300] {processor.py:183} INFO - Processing /mnt/c/Users/Usuario/Downloads/Automações/Climate-AgriTech-MLOps/.venv/lib/python3.12/site-packages/airflow/example_dags/example_time_delta_sensor_async.py took 3.757 seconds
[2025-07-28T13:46:17.464-0300] {processor.py:161} INFO - Started process (PID=8737) to work on /mnt/c/Users/Usuario/Downloads/Automações/Climate-AgriTech-MLOps/.venv/lib/python3.12/site-packages/airflow/example_dags/example_time_delta_sensor_async.py
[2025-07-28T13:46:17.469-0300] {processor.py:830} INFO - Processing file /mnt/c/Users/Usuario/Downloads/Automações/Climate-AgriTech-MLOps/.venv/lib/python3.12/site-packages/airflow/example_dags/example_time_delta_sensor_async.py for tasks to queue
[2025-07-28T13:46:17.473-0300] {logging_mixin.py:188} INFO - [2025-07-28T13:46:17.471-0300] {dagbag.py:545} INFO - Filling up the DagBag from /mnt/c/Users/Usuario/Downloads/Automações/Climate-AgriTech-MLOps/.venv/lib/python3.12/site-packages/airflow/example_dags/example_time_delta_sensor_async.py
[2025-07-28T13:46:17.506-0300] {processor.py:840} INFO - DAG(s) 'example_time_delta_sensor_async' retrieved from /mnt/c/Users/Usuario/Downloads/Automações/Climate-AgriTech-MLOps/.venv/lib/python3.12/site-packages/airflow/example_dags/example_time_delta_sensor_async.py
[2025-07-28T13:46:17.550-0300] {logging_mixin.py:188} INFO - [2025-07-28T13:46:17.549-0300] {dag.py:3096} INFO - Sync 1 DAGs
[2025-07-28T13:46:17.568-0300] {logging_mixin.py:188} INFO - [2025-07-28T13:46:17.566-0300] {dag.py:3954} INFO - Setting next_dagrun for example_time_delta_sensor_async to None, run_after=None
[2025-07-28T13:46:17.669-0300] {processor.py:183} INFO - Processing /mnt/c/Users/Usuario/Downloads/Automações/Climate-AgriTech-MLOps/.venv/lib/python3.12/site-packages/airflow/example_dags/example_time_delta_sensor_async.py took 0.223 seconds
[2025-07-28T13:47:51.151-0300] {processor.py:161} INFO - Started process (PID=8788) to work on /mnt/c/Users/Usuario/Downloads/Automações/Climate-AgriTech-MLOps/.venv/lib/python3.12/site-packages/airflow/example_dags/example_time_delta_sensor_async.py
[2025-07-28T13:47:51.155-0300] {processor.py:830} INFO - Processing file /mnt/c/Users/Usuario/Downloads/Automações/Climate-AgriTech-MLOps/.venv/lib/python3.12/site-packages/airflow/example_dags/example_time_delta_sensor_async.py for tasks to queue
[2025-07-28T13:47:51.162-0300] {logging_mixin.py:188} INFO - [2025-07-28T13:47:51.159-0300] {dagbag.py:545} INFO - Filling up the DagBag from /mnt/c/Users/Usuario/Downloads/Automações/Climate-AgriTech-MLOps/.venv/lib/python3.12/site-packages/airflow/example_dags/example_time_delta_sensor_async.py
[2025-07-28T13:47:51.217-0300] {processor.py:840} INFO - DAG(s) 'example_time_delta_sensor_async' retrieved from /mnt/c/Users/Usuario/Downloads/Automações/Climate-AgriTech-MLOps/.venv/lib/python3.12/site-packages/airflow/example_dags/example_time_delta_sensor_async.py
[2025-07-28T13:47:51.294-0300] {logging_mixin.py:188} INFO - [2025-07-28T13:47:51.291-0300] {dag.py:3096} INFO - Sync 1 DAGs
[2025-07-28T13:47:51.621-0300] {logging_mixin.py:188} INFO - [2025-07-28T13:47:51.617-0300] {dag.py:3954} INFO - Setting next_dagrun for example_time_delta_sensor_async to None, run_after=None
[2025-07-28T13:47:51.799-0300] {processor.py:183} INFO - Processing /mnt/c/Users/Usuario/Downloads/Automações/Climate-AgriTech-MLOps/.venv/lib/python3.12/site-packages/airflow/example_dags/example_time_delta_sensor_async.py took 0.689 seconds
[2025-07-28T13:49:24.309-0300] {processor.py:161} INFO - Started process (PID=8838) to work on /mnt/c/Users/Usuario/Downloads/Automações/Climate-AgriTech-MLOps/.venv/lib/python3.12/site-packages/airflow/example_dags/example_time_delta_sensor_async.py
[2025-07-28T13:49:24.322-0300] {processor.py:830} INFO - Processing file /mnt/c/Users/Usuario/Downloads/Automações/Climate-AgriTech-MLOps/.venv/lib/python3.12/site-packages/airflow/example_dags/example_time_delta_sensor_async.py for tasks to queue
[2025-07-28T13:49:24.330-0300] {logging_mixin.py:188} INFO - [2025-07-28T13:49:24.327-0300] {dagbag.py:545} INFO - Filling up the DagBag from /mnt/c/Users/Usuario/Downloads/Automações/Climate-AgriTech-MLOps/.venv/lib/python3.12/site-packages/airflow/example_dags/example_time_delta_sensor_async.py
[2025-07-28T13:49:24.396-0300] {processor.py:840} INFO - DAG(s) 'example_time_delta_sensor_async' retrieved from /mnt/c/Users/Usuario/Downloads/Automações/Climate-AgriTech-MLOps/.venv/lib/python3.12/site-packages/airflow/example_dags/example_time_delta_sensor_async.py
[2025-07-28T13:49:24.480-0300] {logging_mixin.py:188} INFO - [2025-07-28T13:49:24.477-0300] {dag.py:3096} INFO - Sync 1 DAGs
[2025-07-28T13:49:24.524-0300] {logging_mixin.py:188} INFO - [2025-07-28T13:49:24.521-0300] {dag.py:3954} INFO - Setting next_dagrun for example_time_delta_sensor_async to None, run_after=None
[2025-07-28T13:49:24.708-0300] {processor.py:183} INFO - Processing /mnt/c/Users/Usuario/Downloads/Automações/Climate-AgriTech-MLOps/.venv/lib/python3.12/site-packages/airflow/example_dags/example_time_delta_sensor_async.py took 0.433 seconds
[2025-07-28T13:50:55.690-0300] {processor.py:161} INFO - Started process (PID=8892) to work on /mnt/c/Users/Usuario/Downloads/Automações/Climate-AgriTech-MLOps/.venv/lib/python3.12/site-packages/airflow/example_dags/example_time_delta_sensor_async.py
[2025-07-28T13:50:55.696-0300] {processor.py:830} INFO - Processing file /mnt/c/Users/Usuario/Downloads/Automações/Climate-AgriTech-MLOps/.venv/lib/python3.12/site-packages/airflow/example_dags/example_time_delta_sensor_async.py for tasks to queue
[2025-07-28T13:50:55.704-0300] {logging_mixin.py:188} INFO - [2025-07-28T13:50:55.701-0300] {dagbag.py:545} INFO - Filling up the DagBag from /mnt/c/Users/Usuario/Downloads/Automações/Climate-AgriTech-MLOps/.venv/lib/python3.12/site-packages/airflow/example_dags/example_time_delta_sensor_async.py
[2025-07-28T13:50:55.769-0300] {processor.py:840} INFO - DAG(s) 'example_time_delta_sensor_async' retrieved from /mnt/c/Users/Usuario/Downloads/Automações/Climate-AgriTech-MLOps/.venv/lib/python3.12/site-packages/airflow/example_dags/example_time_delta_sensor_async.py
[2025-07-28T13:50:55.855-0300] {logging_mixin.py:188} INFO - [2025-07-28T13:50:55.853-0300] {dag.py:3096} INFO - Sync 1 DAGs
[2025-07-28T13:50:55.894-0300] {logging_mixin.py:188} INFO - [2025-07-28T13:50:55.892-0300] {dag.py:3954} INFO - Setting next_dagrun for example_time_delta_sensor_async to None, run_after=None
[2025-07-28T13:50:56.065-0300] {processor.py:183} INFO - Processing /mnt/c/Users/Usuario/Downloads/Automações/Climate-AgriTech-MLOps/.venv/lib/python3.12/site-packages/airflow/example_dags/example_time_delta_sensor_async.py took 0.408 seconds
[2025-07-28T13:52:29.274-0300] {processor.py:161} INFO - Started process (PID=8959) to work on /mnt/c/Users/Usuario/Downloads/Automações/Climate-AgriTech-MLOps/.venv/lib/python3.12/site-packages/airflow/example_dags/example_time_delta_sensor_async.py
[2025-07-28T13:52:29.280-0300] {processor.py:830} INFO - Processing file /mnt/c/Users/Usuario/Downloads/Automações/Climate-AgriTech-MLOps/.venv/lib/python3.12/site-packages/airflow/example_dags/example_time_delta_sensor_async.py for tasks to queue
[2025-07-28T13:52:29.288-0300] {logging_mixin.py:188} INFO - [2025-07-28T13:52:29.284-0300] {dagbag.py:545} INFO - Filling up the DagBag from /mnt/c/Users/Usuario/Downloads/Automações/Climate-AgriTech-MLOps/.venv/lib/python3.12/site-packages/airflow/example_dags/example_time_delta_sensor_async.py
[2025-07-28T13:52:29.359-0300] {processor.py:840} INFO - DAG(s) 'example_time_delta_sensor_async' retrieved from /mnt/c/Users/Usuario/Downloads/Automações/Climate-AgriTech-MLOps/.venv/lib/python3.12/site-packages/airflow/example_dags/example_time_delta_sensor_async.py
[2025-07-28T13:52:29.441-0300] {logging_mixin.py:188} INFO - [2025-07-28T13:52:29.439-0300] {dag.py:3096} INFO - Sync 1 DAGs
[2025-07-28T13:52:29.476-0300] {logging_mixin.py:188} INFO - [2025-07-28T13:52:29.473-0300] {dag.py:3954} INFO - Setting next_dagrun for example_time_delta_sensor_async to None, run_after=None
[2025-07-28T13:52:29.642-0300] {processor.py:183} INFO - Processing /mnt/c/Users/Usuario/Downloads/Automações/Climate-AgriTech-MLOps/.venv/lib/python3.12/site-packages/airflow/example_dags/example_time_delta_sensor_async.py took 0.404 seconds
[2025-07-28T13:54:00.908-0300] {processor.py:161} INFO - Started process (PID=9007) to work on /mnt/c/Users/Usuario/Downloads/Automações/Climate-AgriTech-MLOps/.venv/lib/python3.12/site-packages/airflow/example_dags/example_time_delta_sensor_async.py
[2025-07-28T13:54:00.913-0300] {processor.py:830} INFO - Processing file /mnt/c/Users/Usuario/Downloads/Automações/Climate-AgriTech-MLOps/.venv/lib/python3.12/site-packages/airflow/example_dags/example_time_delta_sensor_async.py for tasks to queue
[2025-07-28T13:54:00.920-0300] {logging_mixin.py:188} INFO - [2025-07-28T13:54:00.917-0300] {dagbag.py:545} INFO - Filling up the DagBag from /mnt/c/Users/Usuario/Downloads/Automações/Climate-AgriTech-MLOps/.venv/lib/python3.12/site-packages/airflow/example_dags/example_time_delta_sensor_async.py
[2025-07-28T13:54:00.990-0300] {processor.py:840} INFO - DAG(s) 'example_time_delta_sensor_async' retrieved from /mnt/c/Users/Usuario/Downloads/Automações/Climate-AgriTech-MLOps/.venv/lib/python3.12/site-packages/airflow/example_dags/example_time_delta_sensor_async.py
[2025-07-28T13:54:01.078-0300] {logging_mixin.py:188} INFO - [2025-07-28T13:54:01.075-0300] {dag.py:3096} INFO - Sync 1 DAGs
[2025-07-28T13:54:01.114-0300] {logging_mixin.py:188} INFO - [2025-07-28T13:54:01.111-0300] {dag.py:3954} INFO - Setting next_dagrun for example_time_delta_sensor_async to None, run_after=None
[2025-07-28T13:54:01.315-0300] {processor.py:183} INFO - Processing /mnt/c/Users/Usuario/Downloads/Automações/Climate-AgriTech-MLOps/.venv/lib/python3.12/site-packages/airflow/example_dags/example_time_delta_sensor_async.py took 0.443 seconds
[2025-07-28T13:55:36.752-0300] {processor.py:161} INFO - Started process (PID=9061) to work on /mnt/c/Users/Usuario/Downloads/Automações/Climate-AgriTech-MLOps/.venv/lib/python3.12/site-packages/airflow/example_dags/example_time_delta_sensor_async.py
[2025-07-28T13:55:36.757-0300] {processor.py:830} INFO - Processing file /mnt/c/Users/Usuario/Downloads/Automações/Climate-AgriTech-MLOps/.venv/lib/python3.12/site-packages/airflow/example_dags/example_time_delta_sensor_async.py for tasks to queue
[2025-07-28T13:55:36.768-0300] {logging_mixin.py:188} INFO - [2025-07-28T13:55:36.762-0300] {dagbag.py:545} INFO - Filling up the DagBag from /mnt/c/Users/Usuario/Downloads/Automações/Climate-AgriTech-MLOps/.venv/lib/python3.12/site-packages/airflow/example_dags/example_time_delta_sensor_async.py
[2025-07-28T13:55:36.840-0300] {processor.py:840} INFO - DAG(s) 'example_time_delta_sensor_async' retrieved from /mnt/c/Users/Usuario/Downloads/Automações/Climate-AgriTech-MLOps/.venv/lib/python3.12/site-packages/airflow/example_dags/example_time_delta_sensor_async.py
[2025-07-28T13:55:36.914-0300] {logging_mixin.py:188} INFO - [2025-07-28T13:55:36.912-0300] {dag.py:3096} INFO - Sync 1 DAGs
[2025-07-28T13:55:36.946-0300] {logging_mixin.py:188} INFO - [2025-07-28T13:55:36.944-0300] {dag.py:3954} INFO - Setting next_dagrun for example_time_delta_sensor_async to None, run_after=None
[2025-07-28T13:55:37.124-0300] {processor.py:183} INFO - Processing /mnt/c/Users/Usuario/Downloads/Automações/Climate-AgriTech-MLOps/.venv/lib/python3.12/site-packages/airflow/example_dags/example_time_delta_sensor_async.py took 0.408 seconds
[2025-07-28T13:56:47.119-0300] {processor.py:161} INFO - Started process (PID=9116) to work on /mnt/c/Users/Usuario/Downloads/Automações/Climate-AgriTech-MLOps/.venv/lib/python3.12/site-packages/airflow/example_dags/example_time_delta_sensor_async.py
[2025-07-28T13:56:47.122-0300] {processor.py:830} INFO - Processing file /mnt/c/Users/Usuario/Downloads/Automações/Climate-AgriTech-MLOps/.venv/lib/python3.12/site-packages/airflow/example_dags/example_time_delta_sensor_async.py for tasks to queue
[2025-07-28T13:56:47.126-0300] {logging_mixin.py:188} INFO - [2025-07-28T13:56:47.124-0300] {dagbag.py:545} INFO - Filling up the DagBag from /mnt/c/Users/Usuario/Downloads/Automações/Climate-AgriTech-MLOps/.venv/lib/python3.12/site-packages/airflow/example_dags/example_time_delta_sensor_async.py
[2025-07-28T13:56:47.152-0300] {processor.py:840} INFO - DAG(s) 'example_time_delta_sensor_async' retrieved from /mnt/c/Users/Usuario/Downloads/Automações/Climate-AgriTech-MLOps/.venv/lib/python3.12/site-packages/airflow/example_dags/example_time_delta_sensor_async.py
[2025-07-28T13:56:47.190-0300] {logging_mixin.py:188} INFO - [2025-07-28T13:56:47.189-0300] {dag.py:3096} INFO - Sync 1 DAGs
[2025-07-28T13:56:47.209-0300] {logging_mixin.py:188} INFO - [2025-07-28T13:56:47.207-0300] {dag.py:3954} INFO - Setting next_dagrun for example_time_delta_sensor_async to None, run_after=None
[2025-07-28T13:56:47.294-0300] {processor.py:183} INFO - Processing /mnt/c/Users/Usuario/Downloads/Automações/Climate-AgriTech-MLOps/.venv/lib/python3.12/site-packages/airflow/example_dags/example_time_delta_sensor_async.py took 0.191 seconds
[2025-07-28T13:57:40.079-0300] {processor.py:161} INFO - Started process (PID=9166) to work on /mnt/c/Users/Usuario/Downloads/Automações/Climate-AgriTech-MLOps/.venv/lib/python3.12/site-packages/airflow/example_dags/example_time_delta_sensor_async.py
[2025-07-28T13:57:40.081-0300] {processor.py:830} INFO - Processing file /mnt/c/Users/Usuario/Downloads/Automações/Climate-AgriTech-MLOps/.venv/lib/python3.12/site-packages/airflow/example_dags/example_time_delta_sensor_async.py for tasks to queue
[2025-07-28T13:57:40.084-0300] {logging_mixin.py:188} INFO - [2025-07-28T13:57:40.082-0300] {dagbag.py:545} INFO - Filling up the DagBag from /mnt/c/Users/Usuario/Downloads/Automações/Climate-AgriTech-MLOps/.venv/lib/python3.12/site-packages/airflow/example_dags/example_time_delta_sensor_async.py
[2025-07-28T13:57:40.111-0300] {processor.py:840} INFO - DAG(s) 'example_time_delta_sensor_async' retrieved from /mnt/c/Users/Usuario/Downloads/Automações/Climate-AgriTech-MLOps/.venv/lib/python3.12/site-packages/airflow/example_dags/example_time_delta_sensor_async.py
[2025-07-28T13:57:40.151-0300] {logging_mixin.py:188} INFO - [2025-07-28T13:57:40.150-0300] {dag.py:3096} INFO - Sync 1 DAGs
[2025-07-28T13:57:40.169-0300] {logging_mixin.py:188} INFO - [2025-07-28T13:57:40.167-0300] {dag.py:3954} INFO - Setting next_dagrun for example_time_delta_sensor_async to None, run_after=None
[2025-07-28T13:57:40.275-0300] {processor.py:183} INFO - Processing /mnt/c/Users/Usuario/Downloads/Automações/Climate-AgriTech-MLOps/.venv/lib/python3.12/site-packages/airflow/example_dags/example_time_delta_sensor_async.py took 0.210 seconds
[2025-07-28T13:59:37.450-0300] {processor.py:161} INFO - Started process (PID=9248) to work on /mnt/c/Users/Usuario/Downloads/Automações/Climate-AgriTech-MLOps/.venv/lib/python3.12/site-packages/airflow/example_dags/example_time_delta_sensor_async.py
[2025-07-28T13:59:37.453-0300] {processor.py:830} INFO - Processing file /mnt/c/Users/Usuario/Downloads/Automações/Climate-AgriTech-MLOps/.venv/lib/python3.12/site-packages/airflow/example_dags/example_time_delta_sensor_async.py for tasks to queue
[2025-07-28T13:59:37.456-0300] {logging_mixin.py:188} INFO - [2025-07-28T13:59:37.455-0300] {dagbag.py:545} INFO - Filling up the DagBag from /mnt/c/Users/Usuario/Downloads/Automações/Climate-AgriTech-MLOps/.venv/lib/python3.12/site-packages/airflow/example_dags/example_time_delta_sensor_async.py
[2025-07-28T13:59:37.479-0300] {processor.py:840} INFO - DAG(s) 'example_time_delta_sensor_async' retrieved from /mnt/c/Users/Usuario/Downloads/Automações/Climate-AgriTech-MLOps/.venv/lib/python3.12/site-packages/airflow/example_dags/example_time_delta_sensor_async.py
[2025-07-28T13:59:37.516-0300] {logging_mixin.py:188} INFO - [2025-07-28T13:59:37.515-0300] {dag.py:3096} INFO - Sync 1 DAGs
[2025-07-28T13:59:37.533-0300] {logging_mixin.py:188} INFO - [2025-07-28T13:59:37.531-0300] {dag.py:3954} INFO - Setting next_dagrun for example_time_delta_sensor_async to None, run_after=None
[2025-07-28T13:59:37.612-0300] {processor.py:183} INFO - Processing /mnt/c/Users/Usuario/Downloads/Automações/Climate-AgriTech-MLOps/.venv/lib/python3.12/site-packages/airflow/example_dags/example_time_delta_sensor_async.py took 0.179 seconds
[2025-07-28T14:00:36.195-0300] {processor.py:161} INFO - Started process (PID=9298) to work on /mnt/c/Users/Usuario/Downloads/Automações/Climate-AgriTech-MLOps/.venv/lib/python3.12/site-packages/airflow/example_dags/example_time_delta_sensor_async.py
[2025-07-28T14:00:36.197-0300] {processor.py:830} INFO - Processing file /mnt/c/Users/Usuario/Downloads/Automações/Climate-AgriTech-MLOps/.venv/lib/python3.12/site-packages/airflow/example_dags/example_time_delta_sensor_async.py for tasks to queue
[2025-07-28T14:00:36.201-0300] {logging_mixin.py:188} INFO - [2025-07-28T14:00:36.199-0300] {dagbag.py:545} INFO - Filling up the DagBag from /mnt/c/Users/Usuario/Downloads/Automações/Climate-AgriTech-MLOps/.venv/lib/python3.12/site-packages/airflow/example_dags/example_time_delta_sensor_async.py
[2025-07-28T14:00:36.225-0300] {processor.py:840} INFO - DAG(s) 'example_time_delta_sensor_async' retrieved from /mnt/c/Users/Usuario/Downloads/Automações/Climate-AgriTech-MLOps/.venv/lib/python3.12/site-packages/airflow/example_dags/example_time_delta_sensor_async.py
[2025-07-28T14:00:36.269-0300] {logging_mixin.py:188} INFO - [2025-07-28T14:00:36.268-0300] {dag.py:3096} INFO - Sync 1 DAGs
[2025-07-28T14:00:36.286-0300] {logging_mixin.py:188} INFO - [2025-07-28T14:00:36.284-0300] {dag.py:3954} INFO - Setting next_dagrun for example_time_delta_sensor_async to None, run_after=None
[2025-07-28T14:00:36.367-0300] {processor.py:183} INFO - Processing /mnt/c/Users/Usuario/Downloads/Automações/Climate-AgriTech-MLOps/.venv/lib/python3.12/site-packages/airflow/example_dags/example_time_delta_sensor_async.py took 0.186 seconds
