[2025-07-28T12:51:33.436-0300] {processor.py:161} INFO - Started process (PID=8064) to work on /mnt/c/Users/Usuario/Downloads/Automações/Climate-AgriTech-MLOps/.venv/lib/python3.12/site-packages/airflow/example_dags/example_display_name.py
[2025-07-28T12:51:33.442-0300] {processor.py:830} INFO - Processing file /mnt/c/Users/Usuario/Downloads/Automações/Climate-AgriTech-MLOps/.venv/lib/python3.12/site-packages/airflow/example_dags/example_display_name.py for tasks to queue
[2025-07-28T12:51:33.455-0300] {logging_mixin.py:188} INFO - [2025-07-28T12:51:33.451-0300] {dagbag.py:545} INFO - Filling up the DagBag from /mnt/c/Users/Usuario/Downloads/Automações/Climate-AgriTech-MLOps/.venv/lib/python3.12/site-packages/airflow/example_dags/example_display_name.py
[2025-07-28T12:51:33.540-0300] {processor.py:840} INFO - DAG(s) 'example_display_name' retrieved from /mnt/c/Users/Usuario/Downloads/Automações/Climate-AgriTech-MLOps/.venv/lib/python3.12/site-packages/airflow/example_dags/example_display_name.py
[2025-07-28T12:51:37.262-0300] {logging_mixin.py:188} INFO - [2025-07-28T12:51:37.258-0300] {override.py:1829} INFO - Created Permission View: can read on DAG:example_display_name
[2025-07-28T12:51:37.358-0300] {logging_mixin.py:188} INFO - [2025-07-28T12:51:37.355-0300] {override.py:1829} INFO - Created Permission View: can edit on DAG:example_display_name
[2025-07-28T12:51:37.442-0300] {logging_mixin.py:188} INFO - [2025-07-28T12:51:37.438-0300] {override.py:1829} INFO - Created Permission View: can delete on DAG:example_display_name
[2025-07-28T12:51:37.448-0300] {logging_mixin.py:188} INFO - [2025-07-28T12:51:37.445-0300] {dag.py:3096} INFO - Sync 1 DAGs
[2025-07-28T12:51:37.511-0300] {logging_mixin.py:188} INFO - [2025-07-28T12:51:37.506-0300] {dag.py:3118} INFO - Creating ORM DAG for example_display_name
[2025-07-28T12:51:37.520-0300] {logging_mixin.py:188} INFO - [2025-07-28T12:51:37.516-0300] {dag.py:3954} INFO - Setting next_dagrun for example_display_name to None, run_after=None
[2025-07-28T12:51:37.697-0300] {processor.py:183} INFO - Processing /mnt/c/Users/Usuario/Downloads/Automações/Climate-AgriTech-MLOps/.venv/lib/python3.12/site-packages/airflow/example_dags/example_display_name.py took 4.297 seconds
[2025-07-28T13:10:48.236-0300] {processor.py:161} INFO - Started process (PID=8685) to work on /mnt/c/Users/Usuario/Downloads/Automações/Climate-AgriTech-MLOps/.venv/lib/python3.12/site-packages/airflow/example_dags/example_display_name.py
[2025-07-28T13:10:48.257-0300] {processor.py:830} INFO - Processing file /mnt/c/Users/Usuario/Downloads/Automações/Climate-AgriTech-MLOps/.venv/lib/python3.12/site-packages/airflow/example_dags/example_display_name.py for tasks to queue
[2025-07-28T13:10:48.265-0300] {logging_mixin.py:188} INFO - [2025-07-28T13:10:48.262-0300] {dagbag.py:545} INFO - Filling up the DagBag from /mnt/c/Users/Usuario/Downloads/Automações/Climate-AgriTech-MLOps/.venv/lib/python3.12/site-packages/airflow/example_dags/example_display_name.py
[2025-07-28T13:10:48.347-0300] {processor.py:840} INFO - DAG(s) 'example_display_name' retrieved from /mnt/c/Users/Usuario/Downloads/Automações/Climate-AgriTech-MLOps/.venv/lib/python3.12/site-packages/airflow/example_dags/example_display_name.py
[2025-07-28T13:10:51.884-0300] {logging_mixin.py:188} INFO - [2025-07-28T13:10:51.882-0300] {dag.py:3096} INFO - Sync 1 DAGs
[2025-07-28T13:10:51.905-0300] {logging_mixin.py:188} INFO - [2025-07-28T13:10:51.903-0300] {dag.py:3954} INFO - Setting next_dagrun for example_display_name to None, run_after=None
[2025-07-28T13:10:52.046-0300] {processor.py:183} INFO - Processing /mnt/c/Users/Usuario/Downloads/Automações/Climate-AgriTech-MLOps/.venv/lib/python3.12/site-packages/airflow/example_dags/example_display_name.py took 3.842 seconds
[2025-07-28T13:46:57.069-0300] {processor.py:161} INFO - Started process (PID=8764) to work on /mnt/c/Users/Usuario/Downloads/Automações/Climate-AgriTech-MLOps/.venv/lib/python3.12/site-packages/airflow/example_dags/example_display_name.py
[2025-07-28T13:46:57.076-0300] {processor.py:830} INFO - Processing file /mnt/c/Users/Usuario/Downloads/Automações/Climate-AgriTech-MLOps/.venv/lib/python3.12/site-packages/airflow/example_dags/example_display_name.py for tasks to queue
[2025-07-28T13:46:57.083-0300] {logging_mixin.py:188} INFO - [2025-07-28T13:46:57.080-0300] {dagbag.py:545} INFO - Filling up the DagBag from /mnt/c/Users/Usuario/Downloads/Automações/Climate-AgriTech-MLOps/.venv/lib/python3.12/site-packages/airflow/example_dags/example_display_name.py
[2025-07-28T13:46:57.152-0300] {processor.py:840} INFO - DAG(s) 'example_display_name' retrieved from /mnt/c/Users/Usuario/Downloads/Automações/Climate-AgriTech-MLOps/.venv/lib/python3.12/site-packages/airflow/example_dags/example_display_name.py
[2025-07-28T13:46:57.221-0300] {logging_mixin.py:188} INFO - [2025-07-28T13:46:57.219-0300] {dag.py:3096} INFO - Sync 1 DAGs
[2025-07-28T13:46:57.256-0300] {logging_mixin.py:188} INFO - [2025-07-28T13:46:57.254-0300] {dag.py:3954} INFO - Setting next_dagrun for example_display_name to None, run_after=None
[2025-07-28T13:46:57.421-0300] {processor.py:183} INFO - Processing /mnt/c/Users/Usuario/Downloads/Automações/Climate-AgriTech-MLOps/.venv/lib/python3.12/site-packages/airflow/example_dags/example_display_name.py took 0.387 seconds
[2025-07-28T13:50:06.844-0300] {processor.py:161} INFO - Started process (PID=8862) to work on /mnt/c/Users/Usuario/Downloads/Automações/Climate-AgriTech-MLOps/.venv/lib/python3.12/site-packages/airflow/example_dags/example_display_name.py
[2025-07-28T13:50:06.863-0300] {processor.py:830} INFO - Processing file /mnt/c/Users/Usuario/Downloads/Automações/Climate-AgriTech-MLOps/.venv/lib/python3.12/site-packages/airflow/example_dags/example_display_name.py for tasks to queue
[2025-07-28T13:50:06.870-0300] {logging_mixin.py:188} INFO - [2025-07-28T13:50:06.867-0300] {dagbag.py:545} INFO - Filling up the DagBag from /mnt/c/Users/Usuario/Downloads/Automações/Climate-AgriTech-MLOps/.venv/lib/python3.12/site-packages/airflow/example_dags/example_display_name.py
[2025-07-28T13:50:06.943-0300] {processor.py:840} INFO - DAG(s) 'example_display_name' retrieved from /mnt/c/Users/Usuario/Downloads/Automações/Climate-AgriTech-MLOps/.venv/lib/python3.12/site-packages/airflow/example_dags/example_display_name.py
[2025-07-28T13:50:07.043-0300] {logging_mixin.py:188} INFO - [2025-07-28T13:50:07.039-0300] {dag.py:3096} INFO - Sync 1 DAGs
[2025-07-28T13:50:07.088-0300] {logging_mixin.py:188} INFO - [2025-07-28T13:50:07.085-0300] {dag.py:3954} INFO - Setting next_dagrun for example_display_name to None, run_after=None
[2025-07-28T13:50:07.271-0300] {processor.py:183} INFO - Processing /mnt/c/Users/Usuario/Downloads/Automações/Climate-AgriTech-MLOps/.venv/lib/python3.12/site-packages/airflow/example_dags/example_display_name.py took 0.466 seconds
[2025-07-28T13:53:10.020-0300] {processor.py:161} INFO - Started process (PID=8981) to work on /mnt/c/Users/Usuario/Downloads/Automações/Climate-AgriTech-MLOps/.venv/lib/python3.12/site-packages/airflow/example_dags/example_display_name.py
[2025-07-28T13:53:10.038-0300] {processor.py:830} INFO - Processing file /mnt/c/Users/Usuario/Downloads/Automações/Climate-AgriTech-MLOps/.venv/lib/python3.12/site-packages/airflow/example_dags/example_display_name.py for tasks to queue
[2025-07-28T13:53:10.046-0300] {logging_mixin.py:188} INFO - [2025-07-28T13:53:10.042-0300] {dagbag.py:545} INFO - Filling up the DagBag from /mnt/c/Users/Usuario/Downloads/Automações/Climate-AgriTech-MLOps/.venv/lib/python3.12/site-packages/airflow/example_dags/example_display_name.py
[2025-07-28T13:53:10.122-0300] {processor.py:840} INFO - DAG(s) 'example_display_name' retrieved from /mnt/c/Users/Usuario/Downloads/Automações/Climate-AgriTech-MLOps/.venv/lib/python3.12/site-packages/airflow/example_dags/example_display_name.py
[2025-07-28T13:53:10.239-0300] {logging_mixin.py:188} INFO - [2025-07-28T13:53:10.235-0300] {dag.py:3096} INFO - Sync 1 DAGs
[2025-07-28T13:53:10.286-0300] {logging_mixin.py:188} INFO - [2025-07-28T13:53:10.283-0300] {dag.py:3954} INFO - Setting next_dagrun for example_display_name to None, run_after=None
[2025-07-28T13:53:10.484-0300] {processor.py:183} INFO - Processing /mnt/c/Users/Usuario/Downloads/Automações/Climate-AgriTech-MLOps/.venv/lib/python3.12/site-packages/airflow/example_dags/example_display_name.py took 0.503 seconds
[2025-07-28T13:56:15.864-0300] {processor.py:161} INFO - Started process (PID=9090) to work on /mnt/c/Users/Usuario/Downloads/Automações/Climate-AgriTech-MLOps/.venv/lib/python3.12/site-packages/airflow/example_dags/example_display_name.py
[2025-07-28T13:56:15.866-0300] {processor.py:830} INFO - Processing file /mnt/c/Users/Usuario/Downloads/Automações/Climate-AgriTech-MLOps/.venv/lib/python3.12/site-packages/airflow/example_dags/example_display_name.py for tasks to queue
[2025-07-28T13:56:15.869-0300] {logging_mixin.py:188} INFO - [2025-07-28T13:56:15.868-0300] {dagbag.py:545} INFO - Filling up the DagBag from /mnt/c/Users/Usuario/Downloads/Automações/Climate-AgriTech-MLOps/.venv/lib/python3.12/site-packages/airflow/example_dags/example_display_name.py
[2025-07-28T13:56:15.895-0300] {processor.py:840} INFO - DAG(s) 'example_display_name' retrieved from /mnt/c/Users/Usuario/Downloads/Automações/Climate-AgriTech-MLOps/.venv/lib/python3.12/site-packages/airflow/example_dags/example_display_name.py
[2025-07-28T13:56:15.933-0300] {logging_mixin.py:188} INFO - [2025-07-28T13:56:15.932-0300] {dag.py:3096} INFO - Sync 1 DAGs
[2025-07-28T13:56:15.950-0300] {logging_mixin.py:188} INFO - [2025-07-28T13:56:15.948-0300] {dag.py:3954} INFO - Setting next_dagrun for example_display_name to None, run_after=None
[2025-07-28T13:56:16.046-0300] {processor.py:183} INFO - Processing /mnt/c/Users/Usuario/Downloads/Automações/Climate-AgriTech-MLOps/.venv/lib/python3.12/site-packages/airflow/example_dags/example_display_name.py took 0.199 seconds
[2025-07-28T13:57:54.882-0300] {processor.py:161} INFO - Started process (PID=9178) to work on /mnt/c/Users/Usuario/Downloads/Automações/Climate-AgriTech-MLOps/.venv/lib/python3.12/site-packages/airflow/example_dags/example_display_name.py
[2025-07-28T13:57:54.885-0300] {processor.py:830} INFO - Processing file /mnt/c/Users/Usuario/Downloads/Automações/Climate-AgriTech-MLOps/.venv/lib/python3.12/site-packages/airflow/example_dags/example_display_name.py for tasks to queue
[2025-07-28T13:57:54.888-0300] {logging_mixin.py:188} INFO - [2025-07-28T13:57:54.887-0300] {dagbag.py:545} INFO - Filling up the DagBag from /mnt/c/Users/Usuario/Downloads/Automações/Climate-AgriTech-MLOps/.venv/lib/python3.12/site-packages/airflow/example_dags/example_display_name.py
[2025-07-28T13:57:54.914-0300] {processor.py:840} INFO - DAG(s) 'example_display_name' retrieved from /mnt/c/Users/Usuario/Downloads/Automações/Climate-AgriTech-MLOps/.venv/lib/python3.12/site-packages/airflow/example_dags/example_display_name.py
[2025-07-28T13:57:54.954-0300] {logging_mixin.py:188} INFO - [2025-07-28T13:57:54.953-0300] {dag.py:3096} INFO - Sync 1 DAGs
[2025-07-28T13:57:54.972-0300] {logging_mixin.py:188} INFO - [2025-07-28T13:57:54.970-0300] {dag.py:3954} INFO - Setting next_dagrun for example_display_name to None, run_after=None
[2025-07-28T13:57:55.073-0300] {processor.py:183} INFO - Processing /mnt/c/Users/Usuario/Downloads/Automações/Climate-AgriTech-MLOps/.venv/lib/python3.12/site-packages/airflow/example_dags/example_display_name.py took 0.206 seconds
[2025-07-28T14:00:06.600-0300] {processor.py:161} INFO - Started process (PID=9273) to work on /mnt/c/Users/Usuario/Downloads/Automações/Climate-AgriTech-MLOps/.venv/lib/python3.12/site-packages/airflow/example_dags/example_display_name.py
[2025-07-28T14:00:06.602-0300] {processor.py:830} INFO - Processing file /mnt/c/Users/Usuario/Downloads/Automações/Climate-AgriTech-MLOps/.venv/lib/python3.12/site-packages/airflow/example_dags/example_display_name.py for tasks to queue
[2025-07-28T14:00:06.605-0300] {logging_mixin.py:188} INFO - [2025-07-28T14:00:06.604-0300] {dagbag.py:545} INFO - Filling up the DagBag from /mnt/c/Users/Usuario/Downloads/Automações/Climate-AgriTech-MLOps/.venv/lib/python3.12/site-packages/airflow/example_dags/example_display_name.py
[2025-07-28T14:00:06.631-0300] {processor.py:840} INFO - DAG(s) 'example_display_name' retrieved from /mnt/c/Users/Usuario/Downloads/Automações/Climate-AgriTech-MLOps/.venv/lib/python3.12/site-packages/airflow/example_dags/example_display_name.py
[2025-07-28T14:00:06.670-0300] {logging_mixin.py:188} INFO - [2025-07-28T14:00:06.669-0300] {dag.py:3096} INFO - Sync 1 DAGs
[2025-07-28T14:00:06.691-0300] {logging_mixin.py:188} INFO - [2025-07-28T14:00:06.689-0300] {dag.py:3954} INFO - Setting next_dagrun for example_display_name to None, run_after=None
[2025-07-28T14:00:06.783-0300] {processor.py:183} INFO - Processing /mnt/c/Users/Usuario/Downloads/Automações/Climate-AgriTech-MLOps/.venv/lib/python3.12/site-packages/airflow/example_dags/example_display_name.py took 0.199 seconds
[2025-07-28T14:01:39.741-0300] {processor.py:161} INFO - Started process (PID=9355) to work on /mnt/c/Users/Usuario/Downloads/Automações/Climate-AgriTech-MLOps/.venv/lib/python3.12/site-packages/airflow/example_dags/example_display_name.py
[2025-07-28T14:01:39.743-0300] {processor.py:830} INFO - Processing file /mnt/c/Users/Usuario/Downloads/Automações/Climate-AgriTech-MLOps/.venv/lib/python3.12/site-packages/airflow/example_dags/example_display_name.py for tasks to queue
[2025-07-28T14:01:39.747-0300] {logging_mixin.py:188} INFO - [2025-07-28T14:01:39.745-0300] {dagbag.py:545} INFO - Filling up the DagBag from /mnt/c/Users/Usuario/Downloads/Automações/Climate-AgriTech-MLOps/.venv/lib/python3.12/site-packages/airflow/example_dags/example_display_name.py
[2025-07-28T14:01:39.772-0300] {processor.py:840} INFO - DAG(s) 'example_display_name' retrieved from /mnt/c/Users/Usuario/Downloads/Automações/Climate-AgriTech-MLOps/.venv/lib/python3.12/site-packages/airflow/example_dags/example_display_name.py
[2025-07-28T14:01:39.809-0300] {logging_mixin.py:188} INFO - [2025-07-28T14:01:39.808-0300] {dag.py:3096} INFO - Sync 1 DAGs
[2025-07-28T14:01:39.826-0300] {logging_mixin.py:188} INFO - [2025-07-28T14:01:39.825-0300] {dag.py:3954} INFO - Setting next_dagrun for example_display_name to None, run_after=None
[2025-07-28T14:01:39.923-0300] {processor.py:183} INFO - Processing /mnt/c/Users/Usuario/Downloads/Automações/Climate-AgriTech-MLOps/.venv/lib/python3.12/site-packages/airflow/example_dags/example_display_name.py took 0.197 seconds
