[2025-07-28T12:49:21.140-0300] {processor.py:161} INFO - Started process (PID=7991) to work on /mnt/c/Users/Usuario/Downloads/Automações/Climate-AgriTech-MLOps/.venv/lib/python3.12/site-packages/airflow/example_dags/example_task_group_decorator.py
[2025-07-28T12:49:21.144-0300] {processor.py:830} INFO - Processing file /mnt/c/Users/Usuario/Downloads/Automações/Climate-AgriTech-MLOps/.venv/lib/python3.12/site-packages/airflow/example_dags/example_task_group_decorator.py for tasks to queue
[2025-07-28T12:49:21.154-0300] {logging_mixin.py:188} INFO - [2025-07-28T12:49:21.151-0300] {dagbag.py:545} INFO - Filling up the DagBag from /mnt/c/Users/Usuario/Downloads/Automações/Climate-AgriTech-MLOps/.venv/lib/python3.12/site-packages/airflow/example_dags/example_task_group_decorator.py
[2025-07-28T12:49:21.372-0300] {processor.py:840} INFO - DAG(s) 'example_task_group_decorator' retrieved from /mnt/c/Users/Usuario/Downloads/Automações/Climate-AgriTech-MLOps/.venv/lib/python3.12/site-packages/airflow/example_dags/example_task_group_decorator.py
[2025-07-28T12:49:24.892-0300] {logging_mixin.py:188} INFO - [2025-07-28T12:49:24.889-0300] {override.py:1829} INFO - Created Permission View: can read on DAG:example_task_group_decorator
[2025-07-28T12:49:24.996-0300] {logging_mixin.py:188} INFO - [2025-07-28T12:49:24.994-0300] {override.py:1829} INFO - Created Permission View: can edit on DAG:example_task_group_decorator
[2025-07-28T12:49:25.124-0300] {logging_mixin.py:188} INFO - [2025-07-28T12:49:25.122-0300] {override.py:1829} INFO - Created Permission View: can delete on DAG:example_task_group_decorator
[2025-07-28T12:49:25.130-0300] {logging_mixin.py:188} INFO - [2025-07-28T12:49:25.127-0300] {dag.py:3096} INFO - Sync 1 DAGs
[2025-07-28T12:49:25.180-0300] {logging_mixin.py:188} INFO - [2025-07-28T12:49:25.177-0300] {dag.py:3118} INFO - Creating ORM DAG for example_task_group_decorator
[2025-07-28T12:49:25.226-0300] {logging_mixin.py:188} INFO - [2025-07-28T12:49:25.223-0300] {dag.py:3954} INFO - Setting next_dagrun for example_task_group_decorator to 2025-07-27 00:00:00+00:00, run_after=2025-07-28 00:00:00+00:00
[2025-07-28T12:49:25.472-0300] {processor.py:183} INFO - Processing /mnt/c/Users/Usuario/Downloads/Automações/Climate-AgriTech-MLOps/.venv/lib/python3.12/site-packages/airflow/example_dags/example_task_group_decorator.py took 4.365 seconds
[2025-07-28T13:08:45.288-0300] {processor.py:161} INFO - Started process (PID=8651) to work on /mnt/c/Users/Usuario/Downloads/Automações/Climate-AgriTech-MLOps/.venv/lib/python3.12/site-packages/airflow/example_dags/example_task_group_decorator.py
[2025-07-28T13:08:45.306-0300] {processor.py:830} INFO - Processing file /mnt/c/Users/Usuario/Downloads/Automações/Climate-AgriTech-MLOps/.venv/lib/python3.12/site-packages/airflow/example_dags/example_task_group_decorator.py for tasks to queue
[2025-07-28T13:08:45.313-0300] {logging_mixin.py:188} INFO - [2025-07-28T13:08:45.310-0300] {dagbag.py:545} INFO - Filling up the DagBag from /mnt/c/Users/Usuario/Downloads/Automações/Climate-AgriTech-MLOps/.venv/lib/python3.12/site-packages/airflow/example_dags/example_task_group_decorator.py
[2025-07-28T13:08:45.407-0300] {processor.py:840} INFO - DAG(s) 'example_task_group_decorator' retrieved from /mnt/c/Users/Usuario/Downloads/Automações/Climate-AgriTech-MLOps/.venv/lib/python3.12/site-packages/airflow/example_dags/example_task_group_decorator.py
[2025-07-28T13:08:49.097-0300] {logging_mixin.py:188} INFO - [2025-07-28T13:08:49.094-0300] {dag.py:3096} INFO - Sync 1 DAGs
[2025-07-28T13:08:49.164-0300] {logging_mixin.py:188} INFO - [2025-07-28T13:08:49.161-0300] {dag.py:3954} INFO - Setting next_dagrun for example_task_group_decorator to 2025-07-27 00:00:00+00:00, run_after=2025-07-28 00:00:00+00:00
[2025-07-28T13:08:49.379-0300] {processor.py:183} INFO - Processing /mnt/c/Users/Usuario/Downloads/Automações/Climate-AgriTech-MLOps/.venv/lib/python3.12/site-packages/airflow/example_dags/example_task_group_decorator.py took 4.134 seconds
[2025-07-28T13:46:18.941-0300] {processor.py:161} INFO - Started process (PID=8738) to work on /mnt/c/Users/Usuario/Downloads/Automações/Climate-AgriTech-MLOps/.venv/lib/python3.12/site-packages/airflow/example_dags/example_task_group_decorator.py
[2025-07-28T13:46:18.945-0300] {processor.py:830} INFO - Processing file /mnt/c/Users/Usuario/Downloads/Automações/Climate-AgriTech-MLOps/.venv/lib/python3.12/site-packages/airflow/example_dags/example_task_group_decorator.py for tasks to queue
[2025-07-28T13:46:18.948-0300] {logging_mixin.py:188} INFO - [2025-07-28T13:46:18.946-0300] {dagbag.py:545} INFO - Filling up the DagBag from /mnt/c/Users/Usuario/Downloads/Automações/Climate-AgriTech-MLOps/.venv/lib/python3.12/site-packages/airflow/example_dags/example_task_group_decorator.py
[2025-07-28T13:46:18.989-0300] {processor.py:840} INFO - DAG(s) 'example_task_group_decorator' retrieved from /mnt/c/Users/Usuario/Downloads/Automações/Climate-AgriTech-MLOps/.venv/lib/python3.12/site-packages/airflow/example_dags/example_task_group_decorator.py
[2025-07-28T13:46:19.037-0300] {logging_mixin.py:188} INFO - [2025-07-28T13:46:19.035-0300] {dag.py:3096} INFO - Sync 1 DAGs
[2025-07-28T13:46:19.073-0300] {logging_mixin.py:188} INFO - [2025-07-28T13:46:19.072-0300] {dag.py:3954} INFO - Setting next_dagrun for example_task_group_decorator to 2025-07-27 00:00:00+00:00, run_after=2025-07-28 00:00:00+00:00
[2025-07-28T13:46:19.172-0300] {processor.py:183} INFO - Processing /mnt/c/Users/Usuario/Downloads/Automações/Climate-AgriTech-MLOps/.venv/lib/python3.12/site-packages/airflow/example_dags/example_task_group_decorator.py took 0.248 seconds
[2025-07-28T13:47:53.262-0300] {processor.py:161} INFO - Started process (PID=8789) to work on /mnt/c/Users/Usuario/Downloads/Automações/Climate-AgriTech-MLOps/.venv/lib/python3.12/site-packages/airflow/example_dags/example_task_group_decorator.py
[2025-07-28T13:47:53.268-0300] {processor.py:830} INFO - Processing file /mnt/c/Users/Usuario/Downloads/Automações/Climate-AgriTech-MLOps/.venv/lib/python3.12/site-packages/airflow/example_dags/example_task_group_decorator.py for tasks to queue
[2025-07-28T13:47:53.275-0300] {logging_mixin.py:188} INFO - [2025-07-28T13:47:53.272-0300] {dagbag.py:545} INFO - Filling up the DagBag from /mnt/c/Users/Usuario/Downloads/Automações/Climate-AgriTech-MLOps/.venv/lib/python3.12/site-packages/airflow/example_dags/example_task_group_decorator.py
[2025-07-28T13:47:53.346-0300] {processor.py:840} INFO - DAG(s) 'example_task_group_decorator' retrieved from /mnt/c/Users/Usuario/Downloads/Automações/Climate-AgriTech-MLOps/.venv/lib/python3.12/site-packages/airflow/example_dags/example_task_group_decorator.py
[2025-07-28T13:47:53.679-0300] {logging_mixin.py:188} INFO - [2025-07-28T13:47:53.676-0300] {dag.py:3096} INFO - Sync 1 DAGs
[2025-07-28T13:47:53.759-0300] {logging_mixin.py:188} INFO - [2025-07-28T13:47:53.756-0300] {dag.py:3954} INFO - Setting next_dagrun for example_task_group_decorator to 2025-07-27 00:00:00+00:00, run_after=2025-07-28 00:00:00+00:00
[2025-07-28T13:47:53.913-0300] {processor.py:183} INFO - Processing /mnt/c/Users/Usuario/Downloads/Automações/Climate-AgriTech-MLOps/.venv/lib/python3.12/site-packages/airflow/example_dags/example_task_group_decorator.py took 0.688 seconds
[2025-07-28T13:49:26.155-0300] {processor.py:161} INFO - Started process (PID=8839) to work on /mnt/c/Users/Usuario/Downloads/Automações/Climate-AgriTech-MLOps/.venv/lib/python3.12/site-packages/airflow/example_dags/example_task_group_decorator.py
[2025-07-28T13:49:26.160-0300] {processor.py:830} INFO - Processing file /mnt/c/Users/Usuario/Downloads/Automações/Climate-AgriTech-MLOps/.venv/lib/python3.12/site-packages/airflow/example_dags/example_task_group_decorator.py for tasks to queue
[2025-07-28T13:49:26.168-0300] {logging_mixin.py:188} INFO - [2025-07-28T13:49:26.164-0300] {dagbag.py:545} INFO - Filling up the DagBag from /mnt/c/Users/Usuario/Downloads/Automações/Climate-AgriTech-MLOps/.venv/lib/python3.12/site-packages/airflow/example_dags/example_task_group_decorator.py
[2025-07-28T13:49:26.248-0300] {processor.py:840} INFO - DAG(s) 'example_task_group_decorator' retrieved from /mnt/c/Users/Usuario/Downloads/Automações/Climate-AgriTech-MLOps/.venv/lib/python3.12/site-packages/airflow/example_dags/example_task_group_decorator.py
[2025-07-28T13:49:26.340-0300] {logging_mixin.py:188} INFO - [2025-07-28T13:49:26.338-0300] {dag.py:3096} INFO - Sync 1 DAGs
[2025-07-28T13:49:26.423-0300] {logging_mixin.py:188} INFO - [2025-07-28T13:49:26.420-0300] {dag.py:3954} INFO - Setting next_dagrun for example_task_group_decorator to 2025-07-27 00:00:00+00:00, run_after=2025-07-28 00:00:00+00:00
[2025-07-28T13:49:26.602-0300] {processor.py:183} INFO - Processing /mnt/c/Users/Usuario/Downloads/Automações/Climate-AgriTech-MLOps/.venv/lib/python3.12/site-packages/airflow/example_dags/example_task_group_decorator.py took 0.477 seconds
[2025-07-28T13:50:56.744-0300] {processor.py:161} INFO - Started process (PID=8893) to work on /mnt/c/Users/Usuario/Downloads/Automações/Climate-AgriTech-MLOps/.venv/lib/python3.12/site-packages/airflow/example_dags/example_task_group_decorator.py
[2025-07-28T13:50:56.750-0300] {processor.py:830} INFO - Processing file /mnt/c/Users/Usuario/Downloads/Automações/Climate-AgriTech-MLOps/.venv/lib/python3.12/site-packages/airflow/example_dags/example_task_group_decorator.py for tasks to queue
[2025-07-28T13:50:56.757-0300] {logging_mixin.py:188} INFO - [2025-07-28T13:50:56.754-0300] {dagbag.py:545} INFO - Filling up the DagBag from /mnt/c/Users/Usuario/Downloads/Automações/Climate-AgriTech-MLOps/.venv/lib/python3.12/site-packages/airflow/example_dags/example_task_group_decorator.py
[2025-07-28T13:50:56.841-0300] {processor.py:840} INFO - DAG(s) 'example_task_group_decorator' retrieved from /mnt/c/Users/Usuario/Downloads/Automações/Climate-AgriTech-MLOps/.venv/lib/python3.12/site-packages/airflow/example_dags/example_task_group_decorator.py
[2025-07-28T13:50:56.937-0300] {logging_mixin.py:188} INFO - [2025-07-28T13:50:56.934-0300] {dag.py:3096} INFO - Sync 1 DAGs
[2025-07-28T13:50:57.010-0300] {logging_mixin.py:188} INFO - [2025-07-28T13:50:57.007-0300] {dag.py:3954} INFO - Setting next_dagrun for example_task_group_decorator to 2025-07-27 00:00:00+00:00, run_after=2025-07-28 00:00:00+00:00
[2025-07-28T13:50:57.198-0300] {processor.py:183} INFO - Processing /mnt/c/Users/Usuario/Downloads/Automações/Climate-AgriTech-MLOps/.venv/lib/python3.12/site-packages/airflow/example_dags/example_task_group_decorator.py took 0.485 seconds
[2025-07-28T13:52:30.280-0300] {processor.py:161} INFO - Started process (PID=8960) to work on /mnt/c/Users/Usuario/Downloads/Automações/Climate-AgriTech-MLOps/.venv/lib/python3.12/site-packages/airflow/example_dags/example_task_group_decorator.py
[2025-07-28T13:52:30.298-0300] {processor.py:830} INFO - Processing file /mnt/c/Users/Usuario/Downloads/Automações/Climate-AgriTech-MLOps/.venv/lib/python3.12/site-packages/airflow/example_dags/example_task_group_decorator.py for tasks to queue
[2025-07-28T13:52:30.305-0300] {logging_mixin.py:188} INFO - [2025-07-28T13:52:30.302-0300] {dagbag.py:545} INFO - Filling up the DagBag from /mnt/c/Users/Usuario/Downloads/Automações/Climate-AgriTech-MLOps/.venv/lib/python3.12/site-packages/airflow/example_dags/example_task_group_decorator.py
[2025-07-28T13:52:30.390-0300] {processor.py:840} INFO - DAG(s) 'example_task_group_decorator' retrieved from /mnt/c/Users/Usuario/Downloads/Automações/Climate-AgriTech-MLOps/.venv/lib/python3.12/site-packages/airflow/example_dags/example_task_group_decorator.py
[2025-07-28T13:52:30.479-0300] {logging_mixin.py:188} INFO - [2025-07-28T13:52:30.476-0300] {dag.py:3096} INFO - Sync 1 DAGs
[2025-07-28T13:52:30.568-0300] {logging_mixin.py:188} INFO - [2025-07-28T13:52:30.566-0300] {dag.py:3954} INFO - Setting next_dagrun for example_task_group_decorator to 2025-07-27 00:00:00+00:00, run_after=2025-07-28 00:00:00+00:00
[2025-07-28T13:52:30.771-0300] {processor.py:183} INFO - Processing /mnt/c/Users/Usuario/Downloads/Automações/Climate-AgriTech-MLOps/.venv/lib/python3.12/site-packages/airflow/example_dags/example_task_group_decorator.py took 0.526 seconds
[2025-07-28T13:54:02.911-0300] {processor.py:161} INFO - Started process (PID=9008) to work on /mnt/c/Users/Usuario/Downloads/Automações/Climate-AgriTech-MLOps/.venv/lib/python3.12/site-packages/airflow/example_dags/example_task_group_decorator.py
[2025-07-28T13:54:02.916-0300] {processor.py:830} INFO - Processing file /mnt/c/Users/Usuario/Downloads/Automações/Climate-AgriTech-MLOps/.venv/lib/python3.12/site-packages/airflow/example_dags/example_task_group_decorator.py for tasks to queue
[2025-07-28T13:54:02.928-0300] {logging_mixin.py:188} INFO - [2025-07-28T13:54:02.924-0300] {dagbag.py:545} INFO - Filling up the DagBag from /mnt/c/Users/Usuario/Downloads/Automações/Climate-AgriTech-MLOps/.venv/lib/python3.12/site-packages/airflow/example_dags/example_task_group_decorator.py
[2025-07-28T13:54:03.005-0300] {processor.py:840} INFO - DAG(s) 'example_task_group_decorator' retrieved from /mnt/c/Users/Usuario/Downloads/Automações/Climate-AgriTech-MLOps/.venv/lib/python3.12/site-packages/airflow/example_dags/example_task_group_decorator.py
[2025-07-28T13:54:03.087-0300] {logging_mixin.py:188} INFO - [2025-07-28T13:54:03.084-0300] {dag.py:3096} INFO - Sync 1 DAGs
[2025-07-28T13:54:03.157-0300] {logging_mixin.py:188} INFO - [2025-07-28T13:54:03.155-0300] {dag.py:3954} INFO - Setting next_dagrun for example_task_group_decorator to 2025-07-27 00:00:00+00:00, run_after=2025-07-28 00:00:00+00:00
[2025-07-28T13:54:03.335-0300] {processor.py:183} INFO - Processing /mnt/c/Users/Usuario/Downloads/Automações/Climate-AgriTech-MLOps/.venv/lib/python3.12/site-packages/airflow/example_dags/example_task_group_decorator.py took 0.464 seconds
[2025-07-28T13:55:38.627-0300] {processor.py:161} INFO - Started process (PID=9062) to work on /mnt/c/Users/Usuario/Downloads/Automações/Climate-AgriTech-MLOps/.venv/lib/python3.12/site-packages/airflow/example_dags/example_task_group_decorator.py
[2025-07-28T13:55:38.633-0300] {processor.py:830} INFO - Processing file /mnt/c/Users/Usuario/Downloads/Automações/Climate-AgriTech-MLOps/.venv/lib/python3.12/site-packages/airflow/example_dags/example_task_group_decorator.py for tasks to queue
[2025-07-28T13:55:38.639-0300] {logging_mixin.py:188} INFO - [2025-07-28T13:55:38.636-0300] {dagbag.py:545} INFO - Filling up the DagBag from /mnt/c/Users/Usuario/Downloads/Automações/Climate-AgriTech-MLOps/.venv/lib/python3.12/site-packages/airflow/example_dags/example_task_group_decorator.py
[2025-07-28T13:55:38.711-0300] {processor.py:840} INFO - DAG(s) 'example_task_group_decorator' retrieved from /mnt/c/Users/Usuario/Downloads/Automações/Climate-AgriTech-MLOps/.venv/lib/python3.12/site-packages/airflow/example_dags/example_task_group_decorator.py
[2025-07-28T13:55:38.797-0300] {logging_mixin.py:188} INFO - [2025-07-28T13:55:38.794-0300] {dag.py:3096} INFO - Sync 1 DAGs
[2025-07-28T13:55:38.875-0300] {logging_mixin.py:188} INFO - [2025-07-28T13:55:38.872-0300] {dag.py:3954} INFO - Setting next_dagrun for example_task_group_decorator to 2025-07-27 00:00:00+00:00, run_after=2025-07-28 00:00:00+00:00
[2025-07-28T13:55:39.050-0300] {processor.py:183} INFO - Processing /mnt/c/Users/Usuario/Downloads/Automações/Climate-AgriTech-MLOps/.venv/lib/python3.12/site-packages/airflow/example_dags/example_task_group_decorator.py took 0.455 seconds
[2025-07-28T13:56:48.645-0300] {processor.py:161} INFO - Started process (PID=9117) to work on /mnt/c/Users/Usuario/Downloads/Automações/Climate-AgriTech-MLOps/.venv/lib/python3.12/site-packages/airflow/example_dags/example_task_group_decorator.py
[2025-07-28T13:56:48.648-0300] {processor.py:830} INFO - Processing file /mnt/c/Users/Usuario/Downloads/Automações/Climate-AgriTech-MLOps/.venv/lib/python3.12/site-packages/airflow/example_dags/example_task_group_decorator.py for tasks to queue
[2025-07-28T13:56:48.651-0300] {logging_mixin.py:188} INFO - [2025-07-28T13:56:48.650-0300] {dagbag.py:545} INFO - Filling up the DagBag from /mnt/c/Users/Usuario/Downloads/Automações/Climate-AgriTech-MLOps/.venv/lib/python3.12/site-packages/airflow/example_dags/example_task_group_decorator.py
[2025-07-28T13:56:48.684-0300] {processor.py:840} INFO - DAG(s) 'example_task_group_decorator' retrieved from /mnt/c/Users/Usuario/Downloads/Automações/Climate-AgriTech-MLOps/.venv/lib/python3.12/site-packages/airflow/example_dags/example_task_group_decorator.py
[2025-07-28T13:56:48.740-0300] {logging_mixin.py:188} INFO - [2025-07-28T13:56:48.738-0300] {dag.py:3096} INFO - Sync 1 DAGs
[2025-07-28T13:56:48.783-0300] {logging_mixin.py:188} INFO - [2025-07-28T13:56:48.781-0300] {dag.py:3954} INFO - Setting next_dagrun for example_task_group_decorator to 2025-07-27 00:00:00+00:00, run_after=2025-07-28 00:00:00+00:00
[2025-07-28T13:56:48.878-0300] {processor.py:183} INFO - Processing /mnt/c/Users/Usuario/Downloads/Automações/Climate-AgriTech-MLOps/.venv/lib/python3.12/site-packages/airflow/example_dags/example_task_group_decorator.py took 0.251 seconds
[2025-07-28T13:58:20.693-0300] {processor.py:161} INFO - Started process (PID=9200) to work on /mnt/c/Users/Usuario/Downloads/Automações/Climate-AgriTech-MLOps/.venv/lib/python3.12/site-packages/airflow/example_dags/example_task_group_decorator.py
[2025-07-28T13:58:20.696-0300] {processor.py:830} INFO - Processing file /mnt/c/Users/Usuario/Downloads/Automações/Climate-AgriTech-MLOps/.venv/lib/python3.12/site-packages/airflow/example_dags/example_task_group_decorator.py for tasks to queue
[2025-07-28T13:58:20.700-0300] {logging_mixin.py:188} INFO - [2025-07-28T13:58:20.698-0300] {dagbag.py:545} INFO - Filling up the DagBag from /mnt/c/Users/Usuario/Downloads/Automações/Climate-AgriTech-MLOps/.venv/lib/python3.12/site-packages/airflow/example_dags/example_task_group_decorator.py
[2025-07-28T13:58:20.735-0300] {processor.py:840} INFO - DAG(s) 'example_task_group_decorator' retrieved from /mnt/c/Users/Usuario/Downloads/Automações/Climate-AgriTech-MLOps/.venv/lib/python3.12/site-packages/airflow/example_dags/example_task_group_decorator.py
[2025-07-28T13:58:20.782-0300] {logging_mixin.py:188} INFO - [2025-07-28T13:58:20.781-0300] {dag.py:3096} INFO - Sync 1 DAGs
[2025-07-28T13:58:20.819-0300] {logging_mixin.py:188} INFO - [2025-07-28T13:58:20.818-0300] {dag.py:3954} INFO - Setting next_dagrun for example_task_group_decorator to 2025-07-27 00:00:00+00:00, run_after=2025-07-28 00:00:00+00:00
[2025-07-28T13:58:20.907-0300] {processor.py:183} INFO - Processing /mnt/c/Users/Usuario/Downloads/Automações/Climate-AgriTech-MLOps/.venv/lib/python3.12/site-packages/airflow/example_dags/example_task_group_decorator.py took 0.229 seconds
[2025-07-28T13:59:38.822-0300] {processor.py:161} INFO - Started process (PID=9249) to work on /mnt/c/Users/Usuario/Downloads/Automações/Climate-AgriTech-MLOps/.venv/lib/python3.12/site-packages/airflow/example_dags/example_task_group_decorator.py
[2025-07-28T13:59:38.825-0300] {processor.py:830} INFO - Processing file /mnt/c/Users/Usuario/Downloads/Automações/Climate-AgriTech-MLOps/.venv/lib/python3.12/site-packages/airflow/example_dags/example_task_group_decorator.py for tasks to queue
[2025-07-28T13:59:38.829-0300] {logging_mixin.py:188} INFO - [2025-07-28T13:59:38.827-0300] {dagbag.py:545} INFO - Filling up the DagBag from /mnt/c/Users/Usuario/Downloads/Automações/Climate-AgriTech-MLOps/.venv/lib/python3.12/site-packages/airflow/example_dags/example_task_group_decorator.py
[2025-07-28T13:59:38.860-0300] {processor.py:840} INFO - DAG(s) 'example_task_group_decorator' retrieved from /mnt/c/Users/Usuario/Downloads/Automações/Climate-AgriTech-MLOps/.venv/lib/python3.12/site-packages/airflow/example_dags/example_task_group_decorator.py
[2025-07-28T13:59:38.904-0300] {logging_mixin.py:188} INFO - [2025-07-28T13:59:38.902-0300] {dag.py:3096} INFO - Sync 1 DAGs
[2025-07-28T13:59:38.941-0300] {logging_mixin.py:188} INFO - [2025-07-28T13:59:38.940-0300] {dag.py:3954} INFO - Setting next_dagrun for example_task_group_decorator to 2025-07-27 00:00:00+00:00, run_after=2025-07-28 00:00:00+00:00
[2025-07-28T13:59:39.021-0300] {processor.py:183} INFO - Processing /mnt/c/Users/Usuario/Downloads/Automações/Climate-AgriTech-MLOps/.venv/lib/python3.12/site-packages/airflow/example_dags/example_task_group_decorator.py took 0.215 seconds
[2025-07-28T14:00:37.627-0300] {processor.py:161} INFO - Started process (PID=9299) to work on /mnt/c/Users/Usuario/Downloads/Automações/Climate-AgriTech-MLOps/.venv/lib/python3.12/site-packages/airflow/example_dags/example_task_group_decorator.py
[2025-07-28T14:00:37.629-0300] {processor.py:830} INFO - Processing file /mnt/c/Users/Usuario/Downloads/Automações/Climate-AgriTech-MLOps/.venv/lib/python3.12/site-packages/airflow/example_dags/example_task_group_decorator.py for tasks to queue
[2025-07-28T14:00:37.632-0300] {logging_mixin.py:188} INFO - [2025-07-28T14:00:37.631-0300] {dagbag.py:545} INFO - Filling up the DagBag from /mnt/c/Users/Usuario/Downloads/Automações/Climate-AgriTech-MLOps/.venv/lib/python3.12/site-packages/airflow/example_dags/example_task_group_decorator.py
[2025-07-28T14:00:37.665-0300] {processor.py:840} INFO - DAG(s) 'example_task_group_decorator' retrieved from /mnt/c/Users/Usuario/Downloads/Automações/Climate-AgriTech-MLOps/.venv/lib/python3.12/site-packages/airflow/example_dags/example_task_group_decorator.py
[2025-07-28T14:00:37.703-0300] {logging_mixin.py:188} INFO - [2025-07-28T14:00:37.701-0300] {dag.py:3096} INFO - Sync 1 DAGs
[2025-07-28T14:00:37.741-0300] {logging_mixin.py:188} INFO - [2025-07-28T14:00:37.740-0300] {dag.py:3954} INFO - Setting next_dagrun for example_task_group_decorator to 2025-07-27 00:00:00+00:00, run_after=2025-07-28 00:00:00+00:00
[2025-07-28T14:00:37.817-0300] {processor.py:183} INFO - Processing /mnt/c/Users/Usuario/Downloads/Automações/Climate-AgriTech-MLOps/.venv/lib/python3.12/site-packages/airflow/example_dags/example_task_group_decorator.py took 0.205 seconds
