[2025-07-28T12:48:15.112-0300] {processor.py:161} INFO - Started process (PID=7956) to work on /mnt/c/Users/Usuario/Downloads/Automações/Climate-AgriTech-MLOps/.venv/lib/python3.12/site-packages/airflow/example_dags/tutorial_taskflow_api_virtualenv.py
[2025-07-28T12:48:15.117-0300] {processor.py:830} INFO - Processing file /mnt/c/Users/Usuario/Downloads/Automações/Climate-AgriTech-MLOps/.venv/lib/python3.12/site-packages/airflow/example_dags/tutorial_taskflow_api_virtualenv.py for tasks to queue
[2025-07-28T12:48:15.132-0300] {logging_mixin.py:188} INFO - [2025-07-28T12:48:15.129-0300] {dagbag.py:545} INFO - Filling up the DagBag from /mnt/c/Users/Usuario/Downloads/Automações/Climate-AgriTech-MLOps/.venv/lib/python3.12/site-packages/airflow/example_dags/tutorial_taskflow_api_virtualenv.py
[2025-07-28T12:48:15.488-0300] {processor.py:840} INFO - DAG(s) 'tutorial_taskflow_api_virtualenv' retrieved from /mnt/c/Users/Usuario/Downloads/Automações/Climate-AgriTech-MLOps/.venv/lib/python3.12/site-packages/airflow/example_dags/tutorial_taskflow_api_virtualenv.py
[2025-07-28T12:48:19.345-0300] {logging_mixin.py:188} INFO - [2025-07-28T12:48:19.340-0300] {override.py:1829} INFO - Created Permission View: can read on DAG:tutorial_taskflow_api_virtualenv
[2025-07-28T12:48:19.442-0300] {logging_mixin.py:188} INFO - [2025-07-28T12:48:19.439-0300] {override.py:1829} INFO - Created Permission View: can edit on DAG:tutorial_taskflow_api_virtualenv
[2025-07-28T12:48:19.537-0300] {logging_mixin.py:188} INFO - [2025-07-28T12:48:19.532-0300] {override.py:1829} INFO - Created Permission View: can delete on DAG:tutorial_taskflow_api_virtualenv
[2025-07-28T12:48:19.543-0300] {logging_mixin.py:188} INFO - [2025-07-28T12:48:19.541-0300] {dag.py:3096} INFO - Sync 1 DAGs
[2025-07-28T12:48:19.593-0300] {logging_mixin.py:188} INFO - [2025-07-28T12:48:19.590-0300] {dag.py:3118} INFO - Creating ORM DAG for tutorial_taskflow_api_virtualenv
[2025-07-28T12:48:19.599-0300] {logging_mixin.py:188} INFO - [2025-07-28T12:48:19.597-0300] {dag.py:3954} INFO - Setting next_dagrun for tutorial_taskflow_api_virtualenv to None, run_after=None
[2025-07-28T12:48:19.769-0300] {processor.py:183} INFO - Processing /mnt/c/Users/Usuario/Downloads/Automações/Climate-AgriTech-MLOps/.venv/lib/python3.12/site-packages/airflow/example_dags/tutorial_taskflow_api_virtualenv.py took 4.699 seconds
[2025-07-28T12:56:41.995-0300] {processor.py:161} INFO - Started process (PID=8199) to work on /mnt/c/Users/Usuario/Downloads/Automações/Climate-AgriTech-MLOps/.venv/lib/python3.12/site-packages/airflow/example_dags/tutorial_taskflow_api_virtualenv.py
[2025-07-28T12:56:42.002-0300] {processor.py:830} INFO - Processing file /mnt/c/Users/Usuario/Downloads/Automações/Climate-AgriTech-MLOps/.venv/lib/python3.12/site-packages/airflow/example_dags/tutorial_taskflow_api_virtualenv.py for tasks to queue
[2025-07-28T12:56:42.009-0300] {logging_mixin.py:188} INFO - [2025-07-28T12:56:42.007-0300] {dagbag.py:545} INFO - Filling up the DagBag from /mnt/c/Users/Usuario/Downloads/Automações/Climate-AgriTech-MLOps/.venv/lib/python3.12/site-packages/airflow/example_dags/tutorial_taskflow_api_virtualenv.py
[2025-07-28T12:56:42.303-0300] {processor.py:840} INFO - DAG(s) 'tutorial_taskflow_api_virtualenv' retrieved from /mnt/c/Users/Usuario/Downloads/Automações/Climate-AgriTech-MLOps/.venv/lib/python3.12/site-packages/airflow/example_dags/tutorial_taskflow_api_virtualenv.py
[2025-07-28T12:56:45.273-0300] {logging_mixin.py:188} INFO - [2025-07-28T12:56:45.270-0300] {dag.py:3096} INFO - Sync 1 DAGs
[2025-07-28T12:56:45.323-0300] {logging_mixin.py:188} INFO - [2025-07-28T12:56:45.321-0300] {dag.py:3954} INFO - Setting next_dagrun for tutorial_taskflow_api_virtualenv to None, run_after=None
[2025-07-28T12:56:45.507-0300] {processor.py:183} INFO - Processing /mnt/c/Users/Usuario/Downloads/Automações/Climate-AgriTech-MLOps/.venv/lib/python3.12/site-packages/airflow/example_dags/tutorial_taskflow_api_virtualenv.py took 4.094 seconds
[2025-07-28T13:08:12.097-0300] {processor.py:161} INFO - Started process (PID=8641) to work on /mnt/c/Users/Usuario/Downloads/Automações/Climate-AgriTech-MLOps/.venv/lib/python3.12/site-packages/airflow/example_dags/tutorial_taskflow_api_virtualenv.py
[2025-07-28T13:08:12.115-0300] {processor.py:830} INFO - Processing file /mnt/c/Users/Usuario/Downloads/Automações/Climate-AgriTech-MLOps/.venv/lib/python3.12/site-packages/airflow/example_dags/tutorial_taskflow_api_virtualenv.py for tasks to queue
[2025-07-28T13:08:12.122-0300] {logging_mixin.py:188} INFO - [2025-07-28T13:08:12.119-0300] {dagbag.py:545} INFO - Filling up the DagBag from /mnt/c/Users/Usuario/Downloads/Automações/Climate-AgriTech-MLOps/.venv/lib/python3.12/site-packages/airflow/example_dags/tutorial_taskflow_api_virtualenv.py
[2025-07-28T13:08:12.228-0300] {processor.py:840} INFO - DAG(s) 'tutorial_taskflow_api_virtualenv' retrieved from /mnt/c/Users/Usuario/Downloads/Automações/Climate-AgriTech-MLOps/.venv/lib/python3.12/site-packages/airflow/example_dags/tutorial_taskflow_api_virtualenv.py
[2025-07-28T13:08:12.644-0300] {logging_mixin.py:188} INFO - [2025-07-28T13:08:12.642-0300] {dag.py:3096} INFO - Sync 1 DAGs
[2025-07-28T13:08:12.677-0300] {logging_mixin.py:188} INFO - [2025-07-28T13:08:12.674-0300] {dag.py:3954} INFO - Setting next_dagrun for tutorial_taskflow_api_virtualenv to None, run_after=None
[2025-07-28T13:08:12.839-0300] {processor.py:183} INFO - Processing /mnt/c/Users/Usuario/Downloads/Automações/Climate-AgriTech-MLOps/.venv/lib/python3.12/site-packages/airflow/example_dags/tutorial_taskflow_api_virtualenv.py took 0.777 seconds
[2025-07-28T13:46:03.261-0300] {processor.py:161} INFO - Started process (PID=8726) to work on /mnt/c/Users/Usuario/Downloads/Automações/Climate-AgriTech-MLOps/.venv/lib/python3.12/site-packages/airflow/example_dags/tutorial_taskflow_api_virtualenv.py
[2025-07-28T13:46:03.266-0300] {processor.py:830} INFO - Processing file /mnt/c/Users/Usuario/Downloads/Automações/Climate-AgriTech-MLOps/.venv/lib/python3.12/site-packages/airflow/example_dags/tutorial_taskflow_api_virtualenv.py for tasks to queue
[2025-07-28T13:46:03.273-0300] {logging_mixin.py:188} INFO - [2025-07-28T13:46:03.269-0300] {dagbag.py:545} INFO - Filling up the DagBag from /mnt/c/Users/Usuario/Downloads/Automações/Climate-AgriTech-MLOps/.venv/lib/python3.12/site-packages/airflow/example_dags/tutorial_taskflow_api_virtualenv.py
[2025-07-28T13:46:03.357-0300] {processor.py:840} INFO - DAG(s) 'tutorial_taskflow_api_virtualenv' retrieved from /mnt/c/Users/Usuario/Downloads/Automações/Climate-AgriTech-MLOps/.venv/lib/python3.12/site-packages/airflow/example_dags/tutorial_taskflow_api_virtualenv.py
[2025-07-28T13:46:03.604-0300] {logging_mixin.py:188} INFO - [2025-07-28T13:46:03.601-0300] {dag.py:3096} INFO - Sync 1 DAGs
[2025-07-28T13:46:03.674-0300] {logging_mixin.py:188} INFO - [2025-07-28T13:46:03.671-0300] {dag.py:3954} INFO - Setting next_dagrun for tutorial_taskflow_api_virtualenv to None, run_after=None
[2025-07-28T13:46:03.846-0300] {processor.py:183} INFO - Processing /mnt/c/Users/Usuario/Downloads/Automações/Climate-AgriTech-MLOps/.venv/lib/python3.12/site-packages/airflow/example_dags/tutorial_taskflow_api_virtualenv.py took 0.614 seconds
[2025-07-28T13:47:33.768-0300] {processor.py:161} INFO - Started process (PID=8779) to work on /mnt/c/Users/Usuario/Downloads/Automações/Climate-AgriTech-MLOps/.venv/lib/python3.12/site-packages/airflow/example_dags/tutorial_taskflow_api_virtualenv.py
[2025-07-28T13:47:33.773-0300] {processor.py:830} INFO - Processing file /mnt/c/Users/Usuario/Downloads/Automações/Climate-AgriTech-MLOps/.venv/lib/python3.12/site-packages/airflow/example_dags/tutorial_taskflow_api_virtualenv.py for tasks to queue
[2025-07-28T13:47:33.780-0300] {logging_mixin.py:188} INFO - [2025-07-28T13:47:33.776-0300] {dagbag.py:545} INFO - Filling up the DagBag from /mnt/c/Users/Usuario/Downloads/Automações/Climate-AgriTech-MLOps/.venv/lib/python3.12/site-packages/airflow/example_dags/tutorial_taskflow_api_virtualenv.py
[2025-07-28T13:47:33.874-0300] {processor.py:840} INFO - DAG(s) 'tutorial_taskflow_api_virtualenv' retrieved from /mnt/c/Users/Usuario/Downloads/Automações/Climate-AgriTech-MLOps/.venv/lib/python3.12/site-packages/airflow/example_dags/tutorial_taskflow_api_virtualenv.py
[2025-07-28T13:47:33.952-0300] {logging_mixin.py:188} INFO - [2025-07-28T13:47:33.949-0300] {dag.py:3096} INFO - Sync 1 DAGs
[2025-07-28T13:47:34.290-0300] {logging_mixin.py:188} INFO - [2025-07-28T13:47:34.287-0300] {dag.py:3954} INFO - Setting next_dagrun for tutorial_taskflow_api_virtualenv to None, run_after=None
[2025-07-28T13:47:34.456-0300] {processor.py:183} INFO - Processing /mnt/c/Users/Usuario/Downloads/Automações/Climate-AgriTech-MLOps/.venv/lib/python3.12/site-packages/airflow/example_dags/tutorial_taskflow_api_virtualenv.py took 0.725 seconds
[2025-07-28T13:49:09.123-0300] {processor.py:161} INFO - Started process (PID=8829) to work on /mnt/c/Users/Usuario/Downloads/Automações/Climate-AgriTech-MLOps/.venv/lib/python3.12/site-packages/airflow/example_dags/tutorial_taskflow_api_virtualenv.py
[2025-07-28T13:49:09.144-0300] {processor.py:830} INFO - Processing file /mnt/c/Users/Usuario/Downloads/Automações/Climate-AgriTech-MLOps/.venv/lib/python3.12/site-packages/airflow/example_dags/tutorial_taskflow_api_virtualenv.py for tasks to queue
[2025-07-28T13:49:09.151-0300] {logging_mixin.py:188} INFO - [2025-07-28T13:49:09.148-0300] {dagbag.py:545} INFO - Filling up the DagBag from /mnt/c/Users/Usuario/Downloads/Automações/Climate-AgriTech-MLOps/.venv/lib/python3.12/site-packages/airflow/example_dags/tutorial_taskflow_api_virtualenv.py
[2025-07-28T13:49:09.261-0300] {processor.py:840} INFO - DAG(s) 'tutorial_taskflow_api_virtualenv' retrieved from /mnt/c/Users/Usuario/Downloads/Automações/Climate-AgriTech-MLOps/.venv/lib/python3.12/site-packages/airflow/example_dags/tutorial_taskflow_api_virtualenv.py
[2025-07-28T13:49:09.352-0300] {logging_mixin.py:188} INFO - [2025-07-28T13:49:09.349-0300] {dag.py:3096} INFO - Sync 1 DAGs
[2025-07-28T13:49:09.389-0300] {logging_mixin.py:188} INFO - [2025-07-28T13:49:09.384-0300] {dag.py:3954} INFO - Setting next_dagrun for tutorial_taskflow_api_virtualenv to None, run_after=None
[2025-07-28T13:49:09.559-0300] {processor.py:183} INFO - Processing /mnt/c/Users/Usuario/Downloads/Automações/Climate-AgriTech-MLOps/.venv/lib/python3.12/site-packages/airflow/example_dags/tutorial_taskflow_api_virtualenv.py took 0.469 seconds
[2025-07-28T13:50:42.019-0300] {processor.py:161} INFO - Started process (PID=8883) to work on /mnt/c/Users/Usuario/Downloads/Automações/Climate-AgriTech-MLOps/.venv/lib/python3.12/site-packages/airflow/example_dags/tutorial_taskflow_api_virtualenv.py
[2025-07-28T13:50:42.024-0300] {processor.py:830} INFO - Processing file /mnt/c/Users/Usuario/Downloads/Automações/Climate-AgriTech-MLOps/.venv/lib/python3.12/site-packages/airflow/example_dags/tutorial_taskflow_api_virtualenv.py for tasks to queue
[2025-07-28T13:50:42.031-0300] {logging_mixin.py:188} INFO - [2025-07-28T13:50:42.028-0300] {dagbag.py:545} INFO - Filling up the DagBag from /mnt/c/Users/Usuario/Downloads/Automações/Climate-AgriTech-MLOps/.venv/lib/python3.12/site-packages/airflow/example_dags/tutorial_taskflow_api_virtualenv.py
[2025-07-28T13:50:42.124-0300] {processor.py:840} INFO - DAG(s) 'tutorial_taskflow_api_virtualenv' retrieved from /mnt/c/Users/Usuario/Downloads/Automações/Climate-AgriTech-MLOps/.venv/lib/python3.12/site-packages/airflow/example_dags/tutorial_taskflow_api_virtualenv.py
[2025-07-28T13:50:42.196-0300] {logging_mixin.py:188} INFO - [2025-07-28T13:50:42.194-0300] {dag.py:3096} INFO - Sync 1 DAGs
[2025-07-28T13:50:42.239-0300] {logging_mixin.py:188} INFO - [2025-07-28T13:50:42.236-0300] {dag.py:3954} INFO - Setting next_dagrun for tutorial_taskflow_api_virtualenv to None, run_after=None
[2025-07-28T13:50:42.426-0300] {processor.py:183} INFO - Processing /mnt/c/Users/Usuario/Downloads/Automações/Climate-AgriTech-MLOps/.venv/lib/python3.12/site-packages/airflow/example_dags/tutorial_taskflow_api_virtualenv.py took 0.438 seconds
[2025-07-28T13:52:14.293-0300] {processor.py:161} INFO - Started process (PID=8947) to work on /mnt/c/Users/Usuario/Downloads/Automações/Climate-AgriTech-MLOps/.venv/lib/python3.12/site-packages/airflow/example_dags/tutorial_taskflow_api_virtualenv.py
[2025-07-28T13:52:14.300-0300] {processor.py:830} INFO - Processing file /mnt/c/Users/Usuario/Downloads/Automações/Climate-AgriTech-MLOps/.venv/lib/python3.12/site-packages/airflow/example_dags/tutorial_taskflow_api_virtualenv.py for tasks to queue
[2025-07-28T13:52:14.309-0300] {logging_mixin.py:188} INFO - [2025-07-28T13:52:14.305-0300] {dagbag.py:545} INFO - Filling up the DagBag from /mnt/c/Users/Usuario/Downloads/Automações/Climate-AgriTech-MLOps/.venv/lib/python3.12/site-packages/airflow/example_dags/tutorial_taskflow_api_virtualenv.py
[2025-07-28T13:52:14.446-0300] {processor.py:840} INFO - DAG(s) 'tutorial_taskflow_api_virtualenv' retrieved from /mnt/c/Users/Usuario/Downloads/Automações/Climate-AgriTech-MLOps/.venv/lib/python3.12/site-packages/airflow/example_dags/tutorial_taskflow_api_virtualenv.py
[2025-07-28T13:52:14.547-0300] {logging_mixin.py:188} INFO - [2025-07-28T13:52:14.542-0300] {dag.py:3096} INFO - Sync 1 DAGs
[2025-07-28T13:52:14.610-0300] {logging_mixin.py:188} INFO - [2025-07-28T13:52:14.607-0300] {dag.py:3954} INFO - Setting next_dagrun for tutorial_taskflow_api_virtualenv to None, run_after=None
[2025-07-28T13:52:14.843-0300] {processor.py:183} INFO - Processing /mnt/c/Users/Usuario/Downloads/Automações/Climate-AgriTech-MLOps/.venv/lib/python3.12/site-packages/airflow/example_dags/tutorial_taskflow_api_virtualenv.py took 0.588 seconds
[2025-07-28T13:53:45.947-0300] {processor.py:161} INFO - Started process (PID=8998) to work on /mnt/c/Users/Usuario/Downloads/Automações/Climate-AgriTech-MLOps/.venv/lib/python3.12/site-packages/airflow/example_dags/tutorial_taskflow_api_virtualenv.py
[2025-07-28T13:53:45.952-0300] {processor.py:830} INFO - Processing file /mnt/c/Users/Usuario/Downloads/Automações/Climate-AgriTech-MLOps/.venv/lib/python3.12/site-packages/airflow/example_dags/tutorial_taskflow_api_virtualenv.py for tasks to queue
[2025-07-28T13:53:45.960-0300] {logging_mixin.py:188} INFO - [2025-07-28T13:53:45.956-0300] {dagbag.py:545} INFO - Filling up the DagBag from /mnt/c/Users/Usuario/Downloads/Automações/Climate-AgriTech-MLOps/.venv/lib/python3.12/site-packages/airflow/example_dags/tutorial_taskflow_api_virtualenv.py
[2025-07-28T13:53:46.061-0300] {processor.py:840} INFO - DAG(s) 'tutorial_taskflow_api_virtualenv' retrieved from /mnt/c/Users/Usuario/Downloads/Automações/Climate-AgriTech-MLOps/.venv/lib/python3.12/site-packages/airflow/example_dags/tutorial_taskflow_api_virtualenv.py
[2025-07-28T13:53:46.159-0300] {logging_mixin.py:188} INFO - [2025-07-28T13:53:46.157-0300] {dag.py:3096} INFO - Sync 1 DAGs
[2025-07-28T13:53:46.196-0300] {logging_mixin.py:188} INFO - [2025-07-28T13:53:46.193-0300] {dag.py:3954} INFO - Setting next_dagrun for tutorial_taskflow_api_virtualenv to None, run_after=None
[2025-07-28T13:53:46.400-0300] {processor.py:183} INFO - Processing /mnt/c/Users/Usuario/Downloads/Automações/Climate-AgriTech-MLOps/.venv/lib/python3.12/site-packages/airflow/example_dags/tutorial_taskflow_api_virtualenv.py took 0.490 seconds
[2025-07-28T13:55:20.808-0300] {processor.py:161} INFO - Started process (PID=9049) to work on /mnt/c/Users/Usuario/Downloads/Automações/Climate-AgriTech-MLOps/.venv/lib/python3.12/site-packages/airflow/example_dags/tutorial_taskflow_api_virtualenv.py
[2025-07-28T13:55:20.815-0300] {processor.py:830} INFO - Processing file /mnt/c/Users/Usuario/Downloads/Automações/Climate-AgriTech-MLOps/.venv/lib/python3.12/site-packages/airflow/example_dags/tutorial_taskflow_api_virtualenv.py for tasks to queue
[2025-07-28T13:55:20.825-0300] {logging_mixin.py:188} INFO - [2025-07-28T13:55:20.820-0300] {dagbag.py:545} INFO - Filling up the DagBag from /mnt/c/Users/Usuario/Downloads/Automações/Climate-AgriTech-MLOps/.venv/lib/python3.12/site-packages/airflow/example_dags/tutorial_taskflow_api_virtualenv.py
[2025-07-28T13:55:20.942-0300] {processor.py:840} INFO - DAG(s) 'tutorial_taskflow_api_virtualenv' retrieved from /mnt/c/Users/Usuario/Downloads/Automações/Climate-AgriTech-MLOps/.venv/lib/python3.12/site-packages/airflow/example_dags/tutorial_taskflow_api_virtualenv.py
[2025-07-28T13:55:21.047-0300] {logging_mixin.py:188} INFO - [2025-07-28T13:55:21.042-0300] {dag.py:3096} INFO - Sync 1 DAGs
[2025-07-28T13:55:21.094-0300] {logging_mixin.py:188} INFO - [2025-07-28T13:55:21.091-0300] {dag.py:3954} INFO - Setting next_dagrun for tutorial_taskflow_api_virtualenv to None, run_after=None
[2025-07-28T13:55:21.281-0300] {processor.py:183} INFO - Processing /mnt/c/Users/Usuario/Downloads/Automações/Climate-AgriTech-MLOps/.venv/lib/python3.12/site-packages/airflow/example_dags/tutorial_taskflow_api_virtualenv.py took 0.515 seconds
[2025-07-28T13:56:34.697-0300] {processor.py:161} INFO - Started process (PID=9105) to work on /mnt/c/Users/Usuario/Downloads/Automações/Climate-AgriTech-MLOps/.venv/lib/python3.12/site-packages/airflow/example_dags/tutorial_taskflow_api_virtualenv.py
[2025-07-28T13:56:34.700-0300] {processor.py:830} INFO - Processing file /mnt/c/Users/Usuario/Downloads/Automações/Climate-AgriTech-MLOps/.venv/lib/python3.12/site-packages/airflow/example_dags/tutorial_taskflow_api_virtualenv.py for tasks to queue
[2025-07-28T13:56:34.703-0300] {logging_mixin.py:188} INFO - [2025-07-28T13:56:34.701-0300] {dagbag.py:545} INFO - Filling up the DagBag from /mnt/c/Users/Usuario/Downloads/Automações/Climate-AgriTech-MLOps/.venv/lib/python3.12/site-packages/airflow/example_dags/tutorial_taskflow_api_virtualenv.py
[2025-07-28T13:56:34.757-0300] {processor.py:840} INFO - DAG(s) 'tutorial_taskflow_api_virtualenv' retrieved from /mnt/c/Users/Usuario/Downloads/Automações/Climate-AgriTech-MLOps/.venv/lib/python3.12/site-packages/airflow/example_dags/tutorial_taskflow_api_virtualenv.py
[2025-07-28T13:56:34.796-0300] {logging_mixin.py:188} INFO - [2025-07-28T13:56:34.794-0300] {dag.py:3096} INFO - Sync 1 DAGs
[2025-07-28T13:56:34.812-0300] {logging_mixin.py:188} INFO - [2025-07-28T13:56:34.811-0300] {dag.py:3954} INFO - Setting next_dagrun for tutorial_taskflow_api_virtualenv to None, run_after=None
[2025-07-28T13:56:34.909-0300] {processor.py:183} INFO - Processing /mnt/c/Users/Usuario/Downloads/Automações/Climate-AgriTech-MLOps/.venv/lib/python3.12/site-packages/airflow/example_dags/tutorial_taskflow_api_virtualenv.py took 0.228 seconds
[2025-07-28T13:57:27.925-0300] {processor.py:161} INFO - Started process (PID=9155) to work on /mnt/c/Users/Usuario/Downloads/Automações/Climate-AgriTech-MLOps/.venv/lib/python3.12/site-packages/airflow/example_dags/tutorial_taskflow_api_virtualenv.py
[2025-07-28T13:57:27.928-0300] {processor.py:830} INFO - Processing file /mnt/c/Users/Usuario/Downloads/Automações/Climate-AgriTech-MLOps/.venv/lib/python3.12/site-packages/airflow/example_dags/tutorial_taskflow_api_virtualenv.py for tasks to queue
[2025-07-28T13:57:27.931-0300] {logging_mixin.py:188} INFO - [2025-07-28T13:57:27.930-0300] {dagbag.py:545} INFO - Filling up the DagBag from /mnt/c/Users/Usuario/Downloads/Automações/Climate-AgriTech-MLOps/.venv/lib/python3.12/site-packages/airflow/example_dags/tutorial_taskflow_api_virtualenv.py
[2025-07-28T13:57:27.970-0300] {processor.py:840} INFO - DAG(s) 'tutorial_taskflow_api_virtualenv' retrieved from /mnt/c/Users/Usuario/Downloads/Automações/Climate-AgriTech-MLOps/.venv/lib/python3.12/site-packages/airflow/example_dags/tutorial_taskflow_api_virtualenv.py
[2025-07-28T13:57:28.014-0300] {logging_mixin.py:188} INFO - [2025-07-28T13:57:28.012-0300] {dag.py:3096} INFO - Sync 1 DAGs
[2025-07-28T13:57:28.033-0300] {logging_mixin.py:188} INFO - [2025-07-28T13:57:28.032-0300] {dag.py:3954} INFO - Setting next_dagrun for tutorial_taskflow_api_virtualenv to None, run_after=None
[2025-07-28T13:57:28.121-0300] {processor.py:183} INFO - Processing /mnt/c/Users/Usuario/Downloads/Automações/Climate-AgriTech-MLOps/.venv/lib/python3.12/site-packages/airflow/example_dags/tutorial_taskflow_api_virtualenv.py took 0.217 seconds
[2025-07-28T13:58:13.786-0300] {processor.py:161} INFO - Started process (PID=9193) to work on /mnt/c/Users/Usuario/Downloads/Automações/Climate-AgriTech-MLOps/.venv/lib/python3.12/site-packages/airflow/example_dags/tutorial_taskflow_api_virtualenv.py
[2025-07-28T13:58:13.788-0300] {processor.py:830} INFO - Processing file /mnt/c/Users/Usuario/Downloads/Automações/Climate-AgriTech-MLOps/.venv/lib/python3.12/site-packages/airflow/example_dags/tutorial_taskflow_api_virtualenv.py for tasks to queue
[2025-07-28T13:58:13.792-0300] {logging_mixin.py:188} INFO - [2025-07-28T13:58:13.790-0300] {dagbag.py:545} INFO - Filling up the DagBag from /mnt/c/Users/Usuario/Downloads/Automações/Climate-AgriTech-MLOps/.venv/lib/python3.12/site-packages/airflow/example_dags/tutorial_taskflow_api_virtualenv.py
[2025-07-28T13:58:13.829-0300] {processor.py:840} INFO - DAG(s) 'tutorial_taskflow_api_virtualenv' retrieved from /mnt/c/Users/Usuario/Downloads/Automações/Climate-AgriTech-MLOps/.venv/lib/python3.12/site-packages/airflow/example_dags/tutorial_taskflow_api_virtualenv.py
[2025-07-28T13:58:13.866-0300] {logging_mixin.py:188} INFO - [2025-07-28T13:58:13.865-0300] {dag.py:3096} INFO - Sync 1 DAGs
[2025-07-28T13:58:13.884-0300] {logging_mixin.py:188} INFO - [2025-07-28T13:58:13.882-0300] {dag.py:3954} INFO - Setting next_dagrun for tutorial_taskflow_api_virtualenv to None, run_after=None
[2025-07-28T13:58:13.978-0300] {processor.py:183} INFO - Processing /mnt/c/Users/Usuario/Downloads/Automações/Climate-AgriTech-MLOps/.venv/lib/python3.12/site-packages/airflow/example_dags/tutorial_taskflow_api_virtualenv.py took 0.208 seconds
[2025-07-28T13:59:24.948-0300] {processor.py:161} INFO - Started process (PID=9237) to work on /mnt/c/Users/Usuario/Downloads/Automações/Climate-AgriTech-MLOps/.venv/lib/python3.12/site-packages/airflow/example_dags/tutorial_taskflow_api_virtualenv.py
[2025-07-28T13:59:24.954-0300] {processor.py:830} INFO - Processing file /mnt/c/Users/Usuario/Downloads/Automações/Climate-AgriTech-MLOps/.venv/lib/python3.12/site-packages/airflow/example_dags/tutorial_taskflow_api_virtualenv.py for tasks to queue
[2025-07-28T13:59:24.962-0300] {logging_mixin.py:188} INFO - [2025-07-28T13:59:24.958-0300] {dagbag.py:545} INFO - Filling up the DagBag from /mnt/c/Users/Usuario/Downloads/Automações/Climate-AgriTech-MLOps/.venv/lib/python3.12/site-packages/airflow/example_dags/tutorial_taskflow_api_virtualenv.py
[2025-07-28T13:59:25.071-0300] {processor.py:840} INFO - DAG(s) 'tutorial_taskflow_api_virtualenv' retrieved from /mnt/c/Users/Usuario/Downloads/Automações/Climate-AgriTech-MLOps/.venv/lib/python3.12/site-packages/airflow/example_dags/tutorial_taskflow_api_virtualenv.py
[2025-07-28T13:59:25.165-0300] {logging_mixin.py:188} INFO - [2025-07-28T13:59:25.161-0300] {dag.py:3096} INFO - Sync 1 DAGs
[2025-07-28T13:59:25.217-0300] {logging_mixin.py:188} INFO - [2025-07-28T13:59:25.213-0300] {dag.py:3954} INFO - Setting next_dagrun for tutorial_taskflow_api_virtualenv to None, run_after=None
[2025-07-28T13:59:25.434-0300] {processor.py:183} INFO - Processing /mnt/c/Users/Usuario/Downloads/Automações/Climate-AgriTech-MLOps/.venv/lib/python3.12/site-packages/airflow/example_dags/tutorial_taskflow_api_virtualenv.py took 0.527 seconds
[2025-07-28T14:00:24.818-0300] {processor.py:161} INFO - Started process (PID=9289) to work on /mnt/c/Users/Usuario/Downloads/Automações/Climate-AgriTech-MLOps/.venv/lib/python3.12/site-packages/airflow/example_dags/tutorial_taskflow_api_virtualenv.py
[2025-07-28T14:00:24.820-0300] {processor.py:830} INFO - Processing file /mnt/c/Users/Usuario/Downloads/Automações/Climate-AgriTech-MLOps/.venv/lib/python3.12/site-packages/airflow/example_dags/tutorial_taskflow_api_virtualenv.py for tasks to queue
[2025-07-28T14:00:24.823-0300] {logging_mixin.py:188} INFO - [2025-07-28T14:00:24.822-0300] {dagbag.py:545} INFO - Filling up the DagBag from /mnt/c/Users/Usuario/Downloads/Automações/Climate-AgriTech-MLOps/.venv/lib/python3.12/site-packages/airflow/example_dags/tutorial_taskflow_api_virtualenv.py
[2025-07-28T14:00:24.875-0300] {processor.py:840} INFO - DAG(s) 'tutorial_taskflow_api_virtualenv' retrieved from /mnt/c/Users/Usuario/Downloads/Automações/Climate-AgriTech-MLOps/.venv/lib/python3.12/site-packages/airflow/example_dags/tutorial_taskflow_api_virtualenv.py
[2025-07-28T14:00:24.918-0300] {logging_mixin.py:188} INFO - [2025-07-28T14:00:24.917-0300] {dag.py:3096} INFO - Sync 1 DAGs
[2025-07-28T14:00:24.943-0300] {logging_mixin.py:188} INFO - [2025-07-28T14:00:24.942-0300] {dag.py:3954} INFO - Setting next_dagrun for tutorial_taskflow_api_virtualenv to None, run_after=None
[2025-07-28T14:00:25.020-0300] {processor.py:183} INFO - Processing /mnt/c/Users/Usuario/Downloads/Automações/Climate-AgriTech-MLOps/.venv/lib/python3.12/site-packages/airflow/example_dags/tutorial_taskflow_api_virtualenv.py took 0.220 seconds
[2025-07-28T14:01:12.773-0300] {processor.py:161} INFO - Started process (PID=9331) to work on /mnt/c/Users/Usuario/Downloads/Automações/Climate-AgriTech-MLOps/.venv/lib/python3.12/site-packages/airflow/example_dags/tutorial_taskflow_api_virtualenv.py
[2025-07-28T14:01:12.775-0300] {processor.py:830} INFO - Processing file /mnt/c/Users/Usuario/Downloads/Automações/Climate-AgriTech-MLOps/.venv/lib/python3.12/site-packages/airflow/example_dags/tutorial_taskflow_api_virtualenv.py for tasks to queue
[2025-07-28T14:01:12.778-0300] {logging_mixin.py:188} INFO - [2025-07-28T14:01:12.777-0300] {dagbag.py:545} INFO - Filling up the DagBag from /mnt/c/Users/Usuario/Downloads/Automações/Climate-AgriTech-MLOps/.venv/lib/python3.12/site-packages/airflow/example_dags/tutorial_taskflow_api_virtualenv.py
[2025-07-28T14:01:12.821-0300] {processor.py:840} INFO - DAG(s) 'tutorial_taskflow_api_virtualenv' retrieved from /mnt/c/Users/Usuario/Downloads/Automações/Climate-AgriTech-MLOps/.venv/lib/python3.12/site-packages/airflow/example_dags/tutorial_taskflow_api_virtualenv.py
[2025-07-28T14:01:12.856-0300] {logging_mixin.py:188} INFO - [2025-07-28T14:01:12.854-0300] {dag.py:3096} INFO - Sync 1 DAGs
[2025-07-28T14:01:12.871-0300] {logging_mixin.py:188} INFO - [2025-07-28T14:01:12.870-0300] {dag.py:3954} INFO - Setting next_dagrun for tutorial_taskflow_api_virtualenv to None, run_after=None
[2025-07-28T14:01:12.972-0300] {processor.py:183} INFO - Processing /mnt/c/Users/Usuario/Downloads/Automações/Climate-AgriTech-MLOps/.venv/lib/python3.12/site-packages/airflow/example_dags/tutorial_taskflow_api_virtualenv.py took 0.213 seconds
