[2025-07-28T12:48:21.377-0300] {processor.py:161} INFO - Started process (PID=7959) to work on /mnt/c/Users/Usuario/Downloads/Automações/Climate-AgriTech-MLOps/.venv/lib/python3.12/site-packages/airflow/example_dags/tutorial_taskflow_api.py
[2025-07-28T12:48:21.381-0300] {processor.py:830} INFO - Processing file /mnt/c/Users/Usuario/Downloads/Automações/Climate-AgriTech-MLOps/.venv/lib/python3.12/site-packages/airflow/example_dags/tutorial_taskflow_api.py for tasks to queue
[2025-07-28T12:48:21.390-0300] {logging_mixin.py:188} INFO - [2025-07-28T12:48:21.387-0300] {dagbag.py:545} INFO - Filling up the DagBag from /mnt/c/Users/Usuario/Downloads/Automações/Climate-AgriTech-MLOps/.venv/lib/python3.12/site-packages/airflow/example_dags/tutorial_taskflow_api.py
[2025-07-28T12:48:21.703-0300] {processor.py:840} INFO - DAG(s) 'tutorial_taskflow_api' retrieved from /mnt/c/Users/Usuario/Downloads/Automações/Climate-AgriTech-MLOps/.venv/lib/python3.12/site-packages/airflow/example_dags/tutorial_taskflow_api.py
[2025-07-28T12:48:25.738-0300] {logging_mixin.py:188} INFO - [2025-07-28T12:48:25.735-0300] {override.py:1829} INFO - Created Permission View: can read on DAG:tutorial_taskflow_api
[2025-07-28T12:48:25.914-0300] {logging_mixin.py:188} INFO - [2025-07-28T12:48:25.911-0300] {override.py:1829} INFO - Created Permission View: can edit on DAG:tutorial_taskflow_api
[2025-07-28T12:48:26.181-0300] {logging_mixin.py:188} INFO - [2025-07-28T12:48:26.178-0300] {override.py:1829} INFO - Created Permission View: can delete on DAG:tutorial_taskflow_api
[2025-07-28T12:48:26.187-0300] {logging_mixin.py:188} INFO - [2025-07-28T12:48:26.184-0300] {dag.py:3096} INFO - Sync 1 DAGs
[2025-07-28T12:48:26.233-0300] {logging_mixin.py:188} INFO - [2025-07-28T12:48:26.230-0300] {dag.py:3118} INFO - Creating ORM DAG for tutorial_taskflow_api
[2025-07-28T12:48:26.242-0300] {logging_mixin.py:188} INFO - [2025-07-28T12:48:26.238-0300] {dag.py:3954} INFO - Setting next_dagrun for tutorial_taskflow_api to None, run_after=None
[2025-07-28T12:48:26.539-0300] {processor.py:183} INFO - Processing /mnt/c/Users/Usuario/Downloads/Automações/Climate-AgriTech-MLOps/.venv/lib/python3.12/site-packages/airflow/example_dags/tutorial_taskflow_api.py took 5.197 seconds
[2025-07-28T12:56:47.041-0300] {processor.py:161} INFO - Started process (PID=8203) to work on /mnt/c/Users/Usuario/Downloads/Automações/Climate-AgriTech-MLOps/.venv/lib/python3.12/site-packages/airflow/example_dags/tutorial_taskflow_api.py
[2025-07-28T12:56:47.046-0300] {processor.py:830} INFO - Processing file /mnt/c/Users/Usuario/Downloads/Automações/Climate-AgriTech-MLOps/.venv/lib/python3.12/site-packages/airflow/example_dags/tutorial_taskflow_api.py for tasks to queue
[2025-07-28T12:56:47.054-0300] {logging_mixin.py:188} INFO - [2025-07-28T12:56:47.052-0300] {dagbag.py:545} INFO - Filling up the DagBag from /mnt/c/Users/Usuario/Downloads/Automações/Climate-AgriTech-MLOps/.venv/lib/python3.12/site-packages/airflow/example_dags/tutorial_taskflow_api.py
[2025-07-28T12:56:47.327-0300] {processor.py:840} INFO - DAG(s) 'tutorial_taskflow_api' retrieved from /mnt/c/Users/Usuario/Downloads/Automações/Climate-AgriTech-MLOps/.venv/lib/python3.12/site-packages/airflow/example_dags/tutorial_taskflow_api.py
[2025-07-28T12:56:51.010-0300] {logging_mixin.py:188} INFO - [2025-07-28T12:56:51.007-0300] {dag.py:3096} INFO - Sync 1 DAGs
[2025-07-28T12:56:51.042-0300] {logging_mixin.py:188} INFO - [2025-07-28T12:56:51.039-0300] {dag.py:3954} INFO - Setting next_dagrun for tutorial_taskflow_api to None, run_after=None
[2025-07-28T12:56:51.233-0300] {processor.py:183} INFO - Processing /mnt/c/Users/Usuario/Downloads/Automações/Climate-AgriTech-MLOps/.venv/lib/python3.12/site-packages/airflow/example_dags/tutorial_taskflow_api.py took 4.226 seconds
[2025-07-28T13:08:14.294-0300] {processor.py:161} INFO - Started process (PID=8642) to work on /mnt/c/Users/Usuario/Downloads/Automações/Climate-AgriTech-MLOps/.venv/lib/python3.12/site-packages/airflow/example_dags/tutorial_taskflow_api.py
[2025-07-28T13:08:14.313-0300] {processor.py:830} INFO - Processing file /mnt/c/Users/Usuario/Downloads/Automações/Climate-AgriTech-MLOps/.venv/lib/python3.12/site-packages/airflow/example_dags/tutorial_taskflow_api.py for tasks to queue
[2025-07-28T13:08:14.323-0300] {logging_mixin.py:188} INFO - [2025-07-28T13:08:14.319-0300] {dagbag.py:545} INFO - Filling up the DagBag from /mnt/c/Users/Usuario/Downloads/Automações/Climate-AgriTech-MLOps/.venv/lib/python3.12/site-packages/airflow/example_dags/tutorial_taskflow_api.py
[2025-07-28T13:08:14.405-0300] {processor.py:840} INFO - DAG(s) 'tutorial_taskflow_api' retrieved from /mnt/c/Users/Usuario/Downloads/Automações/Climate-AgriTech-MLOps/.venv/lib/python3.12/site-packages/airflow/example_dags/tutorial_taskflow_api.py
[2025-07-28T13:08:14.829-0300] {logging_mixin.py:188} INFO - [2025-07-28T13:08:14.826-0300] {dag.py:3096} INFO - Sync 1 DAGs
[2025-07-28T13:08:14.866-0300] {logging_mixin.py:188} INFO - [2025-07-28T13:08:14.863-0300] {dag.py:3954} INFO - Setting next_dagrun for tutorial_taskflow_api to None, run_after=None
[2025-07-28T13:08:15.064-0300] {processor.py:183} INFO - Processing /mnt/c/Users/Usuario/Downloads/Automações/Climate-AgriTech-MLOps/.venv/lib/python3.12/site-packages/airflow/example_dags/tutorial_taskflow_api.py took 0.806 seconds
[2025-07-28T13:46:05.230-0300] {processor.py:161} INFO - Started process (PID=8729) to work on /mnt/c/Users/Usuario/Downloads/Automações/Climate-AgriTech-MLOps/.venv/lib/python3.12/site-packages/airflow/example_dags/tutorial_taskflow_api.py
[2025-07-28T13:46:05.235-0300] {processor.py:830} INFO - Processing file /mnt/c/Users/Usuario/Downloads/Automações/Climate-AgriTech-MLOps/.venv/lib/python3.12/site-packages/airflow/example_dags/tutorial_taskflow_api.py for tasks to queue
[2025-07-28T13:46:05.241-0300] {logging_mixin.py:188} INFO - [2025-07-28T13:46:05.238-0300] {dagbag.py:545} INFO - Filling up the DagBag from /mnt/c/Users/Usuario/Downloads/Automações/Climate-AgriTech-MLOps/.venv/lib/python3.12/site-packages/airflow/example_dags/tutorial_taskflow_api.py
[2025-07-28T13:46:05.290-0300] {processor.py:840} INFO - DAG(s) 'tutorial_taskflow_api' retrieved from /mnt/c/Users/Usuario/Downloads/Automações/Climate-AgriTech-MLOps/.venv/lib/python3.12/site-packages/airflow/example_dags/tutorial_taskflow_api.py
[2025-07-28T13:46:05.338-0300] {logging_mixin.py:188} INFO - [2025-07-28T13:46:05.336-0300] {dag.py:3096} INFO - Sync 1 DAGs
[2025-07-28T13:46:05.357-0300] {logging_mixin.py:188} INFO - [2025-07-28T13:46:05.355-0300] {dag.py:3954} INFO - Setting next_dagrun for tutorial_taskflow_api to None, run_after=None
[2025-07-28T13:46:05.462-0300] {processor.py:183} INFO - Processing /mnt/c/Users/Usuario/Downloads/Automações/Climate-AgriTech-MLOps/.venv/lib/python3.12/site-packages/airflow/example_dags/tutorial_taskflow_api.py took 0.258 seconds
[2025-07-28T13:47:35.876-0300] {processor.py:161} INFO - Started process (PID=8780) to work on /mnt/c/Users/Usuario/Downloads/Automações/Climate-AgriTech-MLOps/.venv/lib/python3.12/site-packages/airflow/example_dags/tutorial_taskflow_api.py
[2025-07-28T13:47:35.894-0300] {processor.py:830} INFO - Processing file /mnt/c/Users/Usuario/Downloads/Automações/Climate-AgriTech-MLOps/.venv/lib/python3.12/site-packages/airflow/example_dags/tutorial_taskflow_api.py for tasks to queue
[2025-07-28T13:47:35.901-0300] {logging_mixin.py:188} INFO - [2025-07-28T13:47:35.898-0300] {dagbag.py:545} INFO - Filling up the DagBag from /mnt/c/Users/Usuario/Downloads/Automações/Climate-AgriTech-MLOps/.venv/lib/python3.12/site-packages/airflow/example_dags/tutorial_taskflow_api.py
[2025-07-28T13:47:35.973-0300] {processor.py:840} INFO - DAG(s) 'tutorial_taskflow_api' retrieved from /mnt/c/Users/Usuario/Downloads/Automações/Climate-AgriTech-MLOps/.venv/lib/python3.12/site-packages/airflow/example_dags/tutorial_taskflow_api.py
[2025-07-28T13:47:36.050-0300] {logging_mixin.py:188} INFO - [2025-07-28T13:47:36.048-0300] {dag.py:3096} INFO - Sync 1 DAGs
[2025-07-28T13:47:36.317-0300] {logging_mixin.py:188} INFO - [2025-07-28T13:47:36.315-0300] {dag.py:3954} INFO - Setting next_dagrun for tutorial_taskflow_api to None, run_after=None
[2025-07-28T13:47:36.486-0300] {processor.py:183} INFO - Processing /mnt/c/Users/Usuario/Downloads/Automações/Climate-AgriTech-MLOps/.venv/lib/python3.12/site-packages/airflow/example_dags/tutorial_taskflow_api.py took 0.646 seconds
[2025-07-28T13:49:11.107-0300] {processor.py:161} INFO - Started process (PID=8830) to work on /mnt/c/Users/Usuario/Downloads/Automações/Climate-AgriTech-MLOps/.venv/lib/python3.12/site-packages/airflow/example_dags/tutorial_taskflow_api.py
[2025-07-28T13:49:11.112-0300] {processor.py:830} INFO - Processing file /mnt/c/Users/Usuario/Downloads/Automações/Climate-AgriTech-MLOps/.venv/lib/python3.12/site-packages/airflow/example_dags/tutorial_taskflow_api.py for tasks to queue
[2025-07-28T13:49:11.117-0300] {logging_mixin.py:188} INFO - [2025-07-28T13:49:11.115-0300] {dagbag.py:545} INFO - Filling up the DagBag from /mnt/c/Users/Usuario/Downloads/Automações/Climate-AgriTech-MLOps/.venv/lib/python3.12/site-packages/airflow/example_dags/tutorial_taskflow_api.py
[2025-07-28T13:49:11.177-0300] {processor.py:840} INFO - DAG(s) 'tutorial_taskflow_api' retrieved from /mnt/c/Users/Usuario/Downloads/Automações/Climate-AgriTech-MLOps/.venv/lib/python3.12/site-packages/airflow/example_dags/tutorial_taskflow_api.py
[2025-07-28T13:49:11.255-0300] {logging_mixin.py:188} INFO - [2025-07-28T13:49:11.253-0300] {dag.py:3096} INFO - Sync 1 DAGs
[2025-07-28T13:49:11.293-0300] {logging_mixin.py:188} INFO - [2025-07-28T13:49:11.291-0300] {dag.py:3954} INFO - Setting next_dagrun for tutorial_taskflow_api to None, run_after=None
[2025-07-28T13:49:11.451-0300] {processor.py:183} INFO - Processing /mnt/c/Users/Usuario/Downloads/Automações/Climate-AgriTech-MLOps/.venv/lib/python3.12/site-packages/airflow/example_dags/tutorial_taskflow_api.py took 0.377 seconds
[2025-07-28T13:50:43.906-0300] {processor.py:161} INFO - Started process (PID=8884) to work on /mnt/c/Users/Usuario/Downloads/Automações/Climate-AgriTech-MLOps/.venv/lib/python3.12/site-packages/airflow/example_dags/tutorial_taskflow_api.py
[2025-07-28T13:50:43.910-0300] {processor.py:830} INFO - Processing file /mnt/c/Users/Usuario/Downloads/Automações/Climate-AgriTech-MLOps/.venv/lib/python3.12/site-packages/airflow/example_dags/tutorial_taskflow_api.py for tasks to queue
[2025-07-28T13:50:43.918-0300] {logging_mixin.py:188} INFO - [2025-07-28T13:50:43.914-0300] {dagbag.py:545} INFO - Filling up the DagBag from /mnt/c/Users/Usuario/Downloads/Automações/Climate-AgriTech-MLOps/.venv/lib/python3.12/site-packages/airflow/example_dags/tutorial_taskflow_api.py
[2025-07-28T13:50:43.997-0300] {processor.py:840} INFO - DAG(s) 'tutorial_taskflow_api' retrieved from /mnt/c/Users/Usuario/Downloads/Automações/Climate-AgriTech-MLOps/.venv/lib/python3.12/site-packages/airflow/example_dags/tutorial_taskflow_api.py
[2025-07-28T13:50:44.091-0300] {logging_mixin.py:188} INFO - [2025-07-28T13:50:44.088-0300] {dag.py:3096} INFO - Sync 1 DAGs
[2025-07-28T13:50:44.127-0300] {logging_mixin.py:188} INFO - [2025-07-28T13:50:44.124-0300] {dag.py:3954} INFO - Setting next_dagrun for tutorial_taskflow_api to None, run_after=None
[2025-07-28T13:50:44.305-0300] {processor.py:183} INFO - Processing /mnt/c/Users/Usuario/Downloads/Automações/Climate-AgriTech-MLOps/.venv/lib/python3.12/site-packages/airflow/example_dags/tutorial_taskflow_api.py took 0.439 seconds
[2025-07-28T13:52:16.436-0300] {processor.py:161} INFO - Started process (PID=8948) to work on /mnt/c/Users/Usuario/Downloads/Automações/Climate-AgriTech-MLOps/.venv/lib/python3.12/site-packages/airflow/example_dags/tutorial_taskflow_api.py
[2025-07-28T13:52:16.454-0300] {processor.py:830} INFO - Processing file /mnt/c/Users/Usuario/Downloads/Automações/Climate-AgriTech-MLOps/.venv/lib/python3.12/site-packages/airflow/example_dags/tutorial_taskflow_api.py for tasks to queue
[2025-07-28T13:52:16.463-0300] {logging_mixin.py:188} INFO - [2025-07-28T13:52:16.459-0300] {dagbag.py:545} INFO - Filling up the DagBag from /mnt/c/Users/Usuario/Downloads/Automações/Climate-AgriTech-MLOps/.venv/lib/python3.12/site-packages/airflow/example_dags/tutorial_taskflow_api.py
[2025-07-28T13:52:16.546-0300] {processor.py:840} INFO - DAG(s) 'tutorial_taskflow_api' retrieved from /mnt/c/Users/Usuario/Downloads/Automações/Climate-AgriTech-MLOps/.venv/lib/python3.12/site-packages/airflow/example_dags/tutorial_taskflow_api.py
[2025-07-28T13:52:16.642-0300] {logging_mixin.py:188} INFO - [2025-07-28T13:52:16.639-0300] {dag.py:3096} INFO - Sync 1 DAGs
[2025-07-28T13:52:16.687-0300] {logging_mixin.py:188} INFO - [2025-07-28T13:52:16.684-0300] {dag.py:3954} INFO - Setting next_dagrun for tutorial_taskflow_api to None, run_after=None
[2025-07-28T13:52:16.909-0300] {processor.py:183} INFO - Processing /mnt/c/Users/Usuario/Downloads/Automações/Climate-AgriTech-MLOps/.venv/lib/python3.12/site-packages/airflow/example_dags/tutorial_taskflow_api.py took 0.515 seconds
[2025-07-28T13:53:47.871-0300] {processor.py:161} INFO - Started process (PID=8999) to work on /mnt/c/Users/Usuario/Downloads/Automações/Climate-AgriTech-MLOps/.venv/lib/python3.12/site-packages/airflow/example_dags/tutorial_taskflow_api.py
[2025-07-28T13:53:47.876-0300] {processor.py:830} INFO - Processing file /mnt/c/Users/Usuario/Downloads/Automações/Climate-AgriTech-MLOps/.venv/lib/python3.12/site-packages/airflow/example_dags/tutorial_taskflow_api.py for tasks to queue
[2025-07-28T13:53:47.882-0300] {logging_mixin.py:188} INFO - [2025-07-28T13:53:47.879-0300] {dagbag.py:545} INFO - Filling up the DagBag from /mnt/c/Users/Usuario/Downloads/Automações/Climate-AgriTech-MLOps/.venv/lib/python3.12/site-packages/airflow/example_dags/tutorial_taskflow_api.py
[2025-07-28T13:53:47.947-0300] {processor.py:840} INFO - DAG(s) 'tutorial_taskflow_api' retrieved from /mnt/c/Users/Usuario/Downloads/Automações/Climate-AgriTech-MLOps/.venv/lib/python3.12/site-packages/airflow/example_dags/tutorial_taskflow_api.py
[2025-07-28T13:53:48.033-0300] {logging_mixin.py:188} INFO - [2025-07-28T13:53:48.029-0300] {dag.py:3096} INFO - Sync 1 DAGs
[2025-07-28T13:53:48.090-0300] {logging_mixin.py:188} INFO - [2025-07-28T13:53:48.086-0300] {dag.py:3954} INFO - Setting next_dagrun for tutorial_taskflow_api to None, run_after=None
[2025-07-28T13:53:48.295-0300] {processor.py:183} INFO - Processing /mnt/c/Users/Usuario/Downloads/Automações/Climate-AgriTech-MLOps/.venv/lib/python3.12/site-packages/airflow/example_dags/tutorial_taskflow_api.py took 0.456 seconds
[2025-07-28T13:55:22.724-0300] {processor.py:161} INFO - Started process (PID=9050) to work on /mnt/c/Users/Usuario/Downloads/Automações/Climate-AgriTech-MLOps/.venv/lib/python3.12/site-packages/airflow/example_dags/tutorial_taskflow_api.py
[2025-07-28T13:55:22.729-0300] {processor.py:830} INFO - Processing file /mnt/c/Users/Usuario/Downloads/Automações/Climate-AgriTech-MLOps/.venv/lib/python3.12/site-packages/airflow/example_dags/tutorial_taskflow_api.py for tasks to queue
[2025-07-28T13:55:22.737-0300] {logging_mixin.py:188} INFO - [2025-07-28T13:55:22.733-0300] {dagbag.py:545} INFO - Filling up the DagBag from /mnt/c/Users/Usuario/Downloads/Automações/Climate-AgriTech-MLOps/.venv/lib/python3.12/site-packages/airflow/example_dags/tutorial_taskflow_api.py
[2025-07-28T13:55:22.816-0300] {processor.py:840} INFO - DAG(s) 'tutorial_taskflow_api' retrieved from /mnt/c/Users/Usuario/Downloads/Automações/Climate-AgriTech-MLOps/.venv/lib/python3.12/site-packages/airflow/example_dags/tutorial_taskflow_api.py
[2025-07-28T13:55:22.945-0300] {logging_mixin.py:188} INFO - [2025-07-28T13:55:22.941-0300] {dag.py:3096} INFO - Sync 1 DAGs
[2025-07-28T13:55:22.999-0300] {logging_mixin.py:188} INFO - [2025-07-28T13:55:22.996-0300] {dag.py:3954} INFO - Setting next_dagrun for tutorial_taskflow_api to None, run_after=None
[2025-07-28T13:55:23.208-0300] {processor.py:183} INFO - Processing /mnt/c/Users/Usuario/Downloads/Automações/Climate-AgriTech-MLOps/.venv/lib/python3.12/site-packages/airflow/example_dags/tutorial_taskflow_api.py took 0.527 seconds
[2025-07-28T13:56:36.113-0300] {processor.py:161} INFO - Started process (PID=9106) to work on /mnt/c/Users/Usuario/Downloads/Automações/Climate-AgriTech-MLOps/.venv/lib/python3.12/site-packages/airflow/example_dags/tutorial_taskflow_api.py
[2025-07-28T13:56:36.116-0300] {processor.py:830} INFO - Processing file /mnt/c/Users/Usuario/Downloads/Automações/Climate-AgriTech-MLOps/.venv/lib/python3.12/site-packages/airflow/example_dags/tutorial_taskflow_api.py for tasks to queue
[2025-07-28T13:56:36.119-0300] {logging_mixin.py:188} INFO - [2025-07-28T13:56:36.118-0300] {dagbag.py:545} INFO - Filling up the DagBag from /mnt/c/Users/Usuario/Downloads/Automações/Climate-AgriTech-MLOps/.venv/lib/python3.12/site-packages/airflow/example_dags/tutorial_taskflow_api.py
[2025-07-28T13:56:36.145-0300] {processor.py:840} INFO - DAG(s) 'tutorial_taskflow_api' retrieved from /mnt/c/Users/Usuario/Downloads/Automações/Climate-AgriTech-MLOps/.venv/lib/python3.12/site-packages/airflow/example_dags/tutorial_taskflow_api.py
[2025-07-28T13:56:36.183-0300] {logging_mixin.py:188} INFO - [2025-07-28T13:56:36.181-0300] {dag.py:3096} INFO - Sync 1 DAGs
[2025-07-28T13:56:36.201-0300] {logging_mixin.py:188} INFO - [2025-07-28T13:56:36.199-0300] {dag.py:3954} INFO - Setting next_dagrun for tutorial_taskflow_api to None, run_after=None
[2025-07-28T13:56:36.287-0300] {processor.py:183} INFO - Processing /mnt/c/Users/Usuario/Downloads/Automações/Climate-AgriTech-MLOps/.venv/lib/python3.12/site-packages/airflow/example_dags/tutorial_taskflow_api.py took 0.187 seconds
[2025-07-28T13:57:29.398-0300] {processor.py:161} INFO - Started process (PID=9156) to work on /mnt/c/Users/Usuario/Downloads/Automações/Climate-AgriTech-MLOps/.venv/lib/python3.12/site-packages/airflow/example_dags/tutorial_taskflow_api.py
[2025-07-28T13:57:29.401-0300] {processor.py:830} INFO - Processing file /mnt/c/Users/Usuario/Downloads/Automações/Climate-AgriTech-MLOps/.venv/lib/python3.12/site-packages/airflow/example_dags/tutorial_taskflow_api.py for tasks to queue
[2025-07-28T13:57:29.404-0300] {logging_mixin.py:188} INFO - [2025-07-28T13:57:29.403-0300] {dagbag.py:545} INFO - Filling up the DagBag from /mnt/c/Users/Usuario/Downloads/Automações/Climate-AgriTech-MLOps/.venv/lib/python3.12/site-packages/airflow/example_dags/tutorial_taskflow_api.py
[2025-07-28T13:57:29.431-0300] {processor.py:840} INFO - DAG(s) 'tutorial_taskflow_api' retrieved from /mnt/c/Users/Usuario/Downloads/Automações/Climate-AgriTech-MLOps/.venv/lib/python3.12/site-packages/airflow/example_dags/tutorial_taskflow_api.py
[2025-07-28T13:57:29.474-0300] {logging_mixin.py:188} INFO - [2025-07-28T13:57:29.473-0300] {dag.py:3096} INFO - Sync 1 DAGs
[2025-07-28T13:57:29.493-0300] {logging_mixin.py:188} INFO - [2025-07-28T13:57:29.491-0300] {dag.py:3954} INFO - Setting next_dagrun for tutorial_taskflow_api to None, run_after=None
[2025-07-28T13:57:29.594-0300] {processor.py:183} INFO - Processing /mnt/c/Users/Usuario/Downloads/Automações/Climate-AgriTech-MLOps/.venv/lib/python3.12/site-packages/airflow/example_dags/tutorial_taskflow_api.py took 0.212 seconds
[2025-07-28T13:58:15.294-0300] {processor.py:161} INFO - Started process (PID=9194) to work on /mnt/c/Users/Usuario/Downloads/Automações/Climate-AgriTech-MLOps/.venv/lib/python3.12/site-packages/airflow/example_dags/tutorial_taskflow_api.py
[2025-07-28T13:58:15.297-0300] {processor.py:830} INFO - Processing file /mnt/c/Users/Usuario/Downloads/Automações/Climate-AgriTech-MLOps/.venv/lib/python3.12/site-packages/airflow/example_dags/tutorial_taskflow_api.py for tasks to queue
[2025-07-28T13:58:15.300-0300] {logging_mixin.py:188} INFO - [2025-07-28T13:58:15.299-0300] {dagbag.py:545} INFO - Filling up the DagBag from /mnt/c/Users/Usuario/Downloads/Automações/Climate-AgriTech-MLOps/.venv/lib/python3.12/site-packages/airflow/example_dags/tutorial_taskflow_api.py
[2025-07-28T13:58:15.326-0300] {processor.py:840} INFO - DAG(s) 'tutorial_taskflow_api' retrieved from /mnt/c/Users/Usuario/Downloads/Automações/Climate-AgriTech-MLOps/.venv/lib/python3.12/site-packages/airflow/example_dags/tutorial_taskflow_api.py
[2025-07-28T13:58:15.372-0300] {logging_mixin.py:188} INFO - [2025-07-28T13:58:15.370-0300] {dag.py:3096} INFO - Sync 1 DAGs
[2025-07-28T13:58:15.392-0300] {logging_mixin.py:188} INFO - [2025-07-28T13:58:15.390-0300] {dag.py:3954} INFO - Setting next_dagrun for tutorial_taskflow_api to None, run_after=None
[2025-07-28T13:58:15.498-0300] {processor.py:183} INFO - Processing /mnt/c/Users/Usuario/Downloads/Automações/Climate-AgriTech-MLOps/.venv/lib/python3.12/site-packages/airflow/example_dags/tutorial_taskflow_api.py took 0.221 seconds
[2025-07-28T13:59:26.222-0300] {processor.py:161} INFO - Started process (PID=9238) to work on /mnt/c/Users/Usuario/Downloads/Automações/Climate-AgriTech-MLOps/.venv/lib/python3.12/site-packages/airflow/example_dags/tutorial_taskflow_api.py
[2025-07-28T13:59:26.227-0300] {processor.py:830} INFO - Processing file /mnt/c/Users/Usuario/Downloads/Automações/Climate-AgriTech-MLOps/.venv/lib/python3.12/site-packages/airflow/example_dags/tutorial_taskflow_api.py for tasks to queue
[2025-07-28T13:59:26.235-0300] {logging_mixin.py:188} INFO - [2025-07-28T13:59:26.231-0300] {dagbag.py:545} INFO - Filling up the DagBag from /mnt/c/Users/Usuario/Downloads/Automações/Climate-AgriTech-MLOps/.venv/lib/python3.12/site-packages/airflow/example_dags/tutorial_taskflow_api.py
[2025-07-28T13:59:26.299-0300] {processor.py:840} INFO - DAG(s) 'tutorial_taskflow_api' retrieved from /mnt/c/Users/Usuario/Downloads/Automações/Climate-AgriTech-MLOps/.venv/lib/python3.12/site-packages/airflow/example_dags/tutorial_taskflow_api.py
[2025-07-28T13:59:26.390-0300] {logging_mixin.py:188} INFO - [2025-07-28T13:59:26.387-0300] {dag.py:3096} INFO - Sync 1 DAGs
[2025-07-28T13:59:26.431-0300] {logging_mixin.py:188} INFO - [2025-07-28T13:59:26.428-0300] {dag.py:3954} INFO - Setting next_dagrun for tutorial_taskflow_api to None, run_after=None
[2025-07-28T13:59:26.649-0300] {processor.py:183} INFO - Processing /mnt/c/Users/Usuario/Downloads/Automações/Climate-AgriTech-MLOps/.venv/lib/python3.12/site-packages/airflow/example_dags/tutorial_taskflow_api.py took 0.469 seconds
[2025-07-28T14:00:26.249-0300] {processor.py:161} INFO - Started process (PID=9290) to work on /mnt/c/Users/Usuario/Downloads/Automações/Climate-AgriTech-MLOps/.venv/lib/python3.12/site-packages/airflow/example_dags/tutorial_taskflow_api.py
[2025-07-28T14:00:26.252-0300] {processor.py:830} INFO - Processing file /mnt/c/Users/Usuario/Downloads/Automações/Climate-AgriTech-MLOps/.venv/lib/python3.12/site-packages/airflow/example_dags/tutorial_taskflow_api.py for tasks to queue
[2025-07-28T14:00:26.257-0300] {logging_mixin.py:188} INFO - [2025-07-28T14:00:26.255-0300] {dagbag.py:545} INFO - Filling up the DagBag from /mnt/c/Users/Usuario/Downloads/Automações/Climate-AgriTech-MLOps/.venv/lib/python3.12/site-packages/airflow/example_dags/tutorial_taskflow_api.py
[2025-07-28T14:00:26.294-0300] {processor.py:840} INFO - DAG(s) 'tutorial_taskflow_api' retrieved from /mnt/c/Users/Usuario/Downloads/Automações/Climate-AgriTech-MLOps/.venv/lib/python3.12/site-packages/airflow/example_dags/tutorial_taskflow_api.py
[2025-07-28T14:00:26.335-0300] {logging_mixin.py:188} INFO - [2025-07-28T14:00:26.334-0300] {dag.py:3096} INFO - Sync 1 DAGs
[2025-07-28T14:00:26.355-0300] {logging_mixin.py:188} INFO - [2025-07-28T14:00:26.354-0300] {dag.py:3954} INFO - Setting next_dagrun for tutorial_taskflow_api to None, run_after=None
[2025-07-28T14:00:26.435-0300] {processor.py:183} INFO - Processing /mnt/c/Users/Usuario/Downloads/Automações/Climate-AgriTech-MLOps/.venv/lib/python3.12/site-packages/airflow/example_dags/tutorial_taskflow_api.py took 0.204 seconds
[2025-07-28T14:01:13.598-0300] {processor.py:161} INFO - Started process (PID=9332) to work on /mnt/c/Users/Usuario/Downloads/Automações/Climate-AgriTech-MLOps/.venv/lib/python3.12/site-packages/airflow/example_dags/tutorial_taskflow_api.py
[2025-07-28T14:01:13.601-0300] {processor.py:830} INFO - Processing file /mnt/c/Users/Usuario/Downloads/Automações/Climate-AgriTech-MLOps/.venv/lib/python3.12/site-packages/airflow/example_dags/tutorial_taskflow_api.py for tasks to queue
[2025-07-28T14:01:13.604-0300] {logging_mixin.py:188} INFO - [2025-07-28T14:01:13.602-0300] {dagbag.py:545} INFO - Filling up the DagBag from /mnt/c/Users/Usuario/Downloads/Automações/Climate-AgriTech-MLOps/.venv/lib/python3.12/site-packages/airflow/example_dags/tutorial_taskflow_api.py
[2025-07-28T14:01:13.627-0300] {processor.py:840} INFO - DAG(s) 'tutorial_taskflow_api' retrieved from /mnt/c/Users/Usuario/Downloads/Automações/Climate-AgriTech-MLOps/.venv/lib/python3.12/site-packages/airflow/example_dags/tutorial_taskflow_api.py
[2025-07-28T14:01:13.668-0300] {logging_mixin.py:188} INFO - [2025-07-28T14:01:13.667-0300] {dag.py:3096} INFO - Sync 1 DAGs
[2025-07-28T14:01:13.687-0300] {logging_mixin.py:188} INFO - [2025-07-28T14:01:13.685-0300] {dag.py:3954} INFO - Setting next_dagrun for tutorial_taskflow_api to None, run_after=None
[2025-07-28T14:01:13.777-0300] {processor.py:183} INFO - Processing /mnt/c/Users/Usuario/Downloads/Automações/Climate-AgriTech-MLOps/.venv/lib/python3.12/site-packages/airflow/example_dags/tutorial_taskflow_api.py took 0.193 seconds
