[2025-07-28T12:48:30.454-0300] {processor.py:161} INFO - Started process (PID=7962) to work on /mnt/c/Users/Usuario/Downloads/Automações/Climate-AgriTech-MLOps/.venv/lib/python3.12/site-packages/airflow/example_dags/tutorial_objectstorage.py
[2025-07-28T12:48:30.459-0300] {processor.py:830} INFO - Processing file /mnt/c/Users/Usuario/Downloads/Automações/Climate-AgriTech-MLOps/.venv/lib/python3.12/site-packages/airflow/example_dags/tutorial_objectstorage.py for tasks to queue
[2025-07-28T12:48:30.469-0300] {logging_mixin.py:188} INFO - [2025-07-28T12:48:30.465-0300] {dagbag.py:545} INFO - Filling up the DagBag from /mnt/c/Users/Usuario/Downloads/Automações/Climate-AgriTech-MLOps/.venv/lib/python3.12/site-packages/airflow/example_dags/tutorial_objectstorage.py
[2025-07-28T12:48:30.777-0300] {processor.py:840} INFO - DAG(s) 'tutorial_objectstorage' retrieved from /mnt/c/Users/Usuario/Downloads/Automações/Climate-AgriTech-MLOps/.venv/lib/python3.12/site-packages/airflow/example_dags/tutorial_objectstorage.py
[2025-07-28T12:48:35.053-0300] {logging_mixin.py:188} INFO - [2025-07-28T12:48:35.050-0300] {override.py:1829} INFO - Created Permission View: can read on DAG:tutorial_objectstorage
[2025-07-28T12:48:35.194-0300] {logging_mixin.py:188} INFO - [2025-07-28T12:48:35.191-0300] {override.py:1829} INFO - Created Permission View: can edit on DAG:tutorial_objectstorage
[2025-07-28T12:48:35.338-0300] {logging_mixin.py:188} INFO - [2025-07-28T12:48:35.335-0300] {override.py:1829} INFO - Created Permission View: can delete on DAG:tutorial_objectstorage
[2025-07-28T12:48:35.344-0300] {logging_mixin.py:188} INFO - [2025-07-28T12:48:35.341-0300] {dag.py:3096} INFO - Sync 1 DAGs
[2025-07-28T12:48:35.406-0300] {logging_mixin.py:188} INFO - [2025-07-28T12:48:35.402-0300] {dag.py:3118} INFO - Creating ORM DAG for tutorial_objectstorage
[2025-07-28T12:48:35.415-0300] {logging_mixin.py:188} INFO - [2025-07-28T12:48:35.411-0300] {dag.py:3954} INFO - Setting next_dagrun for tutorial_objectstorage to None, run_after=None
[2025-07-28T12:48:35.715-0300] {processor.py:183} INFO - Processing /mnt/c/Users/Usuario/Downloads/Automações/Climate-AgriTech-MLOps/.venv/lib/python3.12/site-packages/airflow/example_dags/tutorial_objectstorage.py took 5.289 seconds
[2025-07-28T12:56:54.943-0300] {processor.py:161} INFO - Started process (PID=8213) to work on /mnt/c/Users/Usuario/Downloads/Automações/Climate-AgriTech-MLOps/.venv/lib/python3.12/site-packages/airflow/example_dags/tutorial_objectstorage.py
[2025-07-28T12:56:54.950-0300] {processor.py:830} INFO - Processing file /mnt/c/Users/Usuario/Downloads/Automações/Climate-AgriTech-MLOps/.venv/lib/python3.12/site-packages/airflow/example_dags/tutorial_objectstorage.py for tasks to queue
[2025-07-28T12:56:54.959-0300] {logging_mixin.py:188} INFO - [2025-07-28T12:56:54.956-0300] {dagbag.py:545} INFO - Filling up the DagBag from /mnt/c/Users/Usuario/Downloads/Automações/Climate-AgriTech-MLOps/.venv/lib/python3.12/site-packages/airflow/example_dags/tutorial_objectstorage.py
[2025-07-28T12:56:55.203-0300] {processor.py:840} INFO - DAG(s) 'tutorial_objectstorage' retrieved from /mnt/c/Users/Usuario/Downloads/Automações/Climate-AgriTech-MLOps/.venv/lib/python3.12/site-packages/airflow/example_dags/tutorial_objectstorage.py
[2025-07-28T12:56:58.803-0300] {logging_mixin.py:188} INFO - [2025-07-28T12:56:58.800-0300] {dag.py:3096} INFO - Sync 1 DAGs
[2025-07-28T12:56:58.835-0300] {logging_mixin.py:188} INFO - [2025-07-28T12:56:58.833-0300] {dag.py:3954} INFO - Setting next_dagrun for tutorial_objectstorage to None, run_after=None
[2025-07-28T12:56:58.987-0300] {processor.py:183} INFO - Processing /mnt/c/Users/Usuario/Downloads/Automações/Climate-AgriTech-MLOps/.venv/lib/python3.12/site-packages/airflow/example_dags/tutorial_objectstorage.py took 4.088 seconds
[2025-07-28T13:08:18.875-0300] {processor.py:161} INFO - Started process (PID=8643) to work on /mnt/c/Users/Usuario/Downloads/Automações/Climate-AgriTech-MLOps/.venv/lib/python3.12/site-packages/airflow/example_dags/tutorial_objectstorage.py
[2025-07-28T13:08:18.892-0300] {processor.py:830} INFO - Processing file /mnt/c/Users/Usuario/Downloads/Automações/Climate-AgriTech-MLOps/.venv/lib/python3.12/site-packages/airflow/example_dags/tutorial_objectstorage.py for tasks to queue
[2025-07-28T13:08:18.898-0300] {logging_mixin.py:188} INFO - [2025-07-28T13:08:18.896-0300] {dagbag.py:545} INFO - Filling up the DagBag from /mnt/c/Users/Usuario/Downloads/Automações/Climate-AgriTech-MLOps/.venv/lib/python3.12/site-packages/airflow/example_dags/tutorial_objectstorage.py
[2025-07-28T13:08:18.972-0300] {processor.py:840} INFO - DAG(s) 'tutorial_objectstorage' retrieved from /mnt/c/Users/Usuario/Downloads/Automações/Climate-AgriTech-MLOps/.venv/lib/python3.12/site-packages/airflow/example_dags/tutorial_objectstorage.py
[2025-07-28T13:08:19.355-0300] {logging_mixin.py:188} INFO - [2025-07-28T13:08:19.352-0300] {dag.py:3096} INFO - Sync 1 DAGs
[2025-07-28T13:08:19.387-0300] {logging_mixin.py:188} INFO - [2025-07-28T13:08:19.385-0300] {dag.py:3954} INFO - Setting next_dagrun for tutorial_objectstorage to None, run_after=None
[2025-07-28T13:08:19.548-0300] {processor.py:183} INFO - Processing /mnt/c/Users/Usuario/Downloads/Automações/Climate-AgriTech-MLOps/.venv/lib/python3.12/site-packages/airflow/example_dags/tutorial_objectstorage.py took 0.708 seconds
[2025-07-28T13:46:06.728-0300] {processor.py:161} INFO - Started process (PID=8730) to work on /mnt/c/Users/Usuario/Downloads/Automações/Climate-AgriTech-MLOps/.venv/lib/python3.12/site-packages/airflow/example_dags/tutorial_objectstorage.py
[2025-07-28T13:46:06.734-0300] {processor.py:830} INFO - Processing file /mnt/c/Users/Usuario/Downloads/Automações/Climate-AgriTech-MLOps/.venv/lib/python3.12/site-packages/airflow/example_dags/tutorial_objectstorage.py for tasks to queue
[2025-07-28T13:46:06.741-0300] {logging_mixin.py:188} INFO - [2025-07-28T13:46:06.738-0300] {dagbag.py:545} INFO - Filling up the DagBag from /mnt/c/Users/Usuario/Downloads/Automações/Climate-AgriTech-MLOps/.venv/lib/python3.12/site-packages/airflow/example_dags/tutorial_objectstorage.py
[2025-07-28T13:46:06.801-0300] {processor.py:840} INFO - DAG(s) 'tutorial_objectstorage' retrieved from /mnt/c/Users/Usuario/Downloads/Automações/Climate-AgriTech-MLOps/.venv/lib/python3.12/site-packages/airflow/example_dags/tutorial_objectstorage.py
[2025-07-28T13:46:06.860-0300] {logging_mixin.py:188} INFO - [2025-07-28T13:46:06.858-0300] {dag.py:3096} INFO - Sync 1 DAGs
[2025-07-28T13:46:06.883-0300] {logging_mixin.py:188} INFO - [2025-07-28T13:46:06.881-0300] {dag.py:3954} INFO - Setting next_dagrun for tutorial_objectstorage to None, run_after=None
[2025-07-28T13:46:07.021-0300] {processor.py:183} INFO - Processing /mnt/c/Users/Usuario/Downloads/Automações/Climate-AgriTech-MLOps/.venv/lib/python3.12/site-packages/airflow/example_dags/tutorial_objectstorage.py took 0.317 seconds
[2025-07-28T13:47:37.056-0300] {processor.py:161} INFO - Started process (PID=8781) to work on /mnt/c/Users/Usuario/Downloads/Automações/Climate-AgriTech-MLOps/.venv/lib/python3.12/site-packages/airflow/example_dags/tutorial_objectstorage.py
[2025-07-28T13:47:37.074-0300] {processor.py:830} INFO - Processing file /mnt/c/Users/Usuario/Downloads/Automações/Climate-AgriTech-MLOps/.venv/lib/python3.12/site-packages/airflow/example_dags/tutorial_objectstorage.py for tasks to queue
[2025-07-28T13:47:37.083-0300] {logging_mixin.py:188} INFO - [2025-07-28T13:47:37.081-0300] {dagbag.py:545} INFO - Filling up the DagBag from /mnt/c/Users/Usuario/Downloads/Automações/Climate-AgriTech-MLOps/.venv/lib/python3.12/site-packages/airflow/example_dags/tutorial_objectstorage.py
[2025-07-28T13:47:37.146-0300] {processor.py:840} INFO - DAG(s) 'tutorial_objectstorage' retrieved from /mnt/c/Users/Usuario/Downloads/Automações/Climate-AgriTech-MLOps/.venv/lib/python3.12/site-packages/airflow/example_dags/tutorial_objectstorage.py
[2025-07-28T13:47:37.222-0300] {logging_mixin.py:188} INFO - [2025-07-28T13:47:37.220-0300] {dag.py:3096} INFO - Sync 1 DAGs
[2025-07-28T13:47:37.452-0300] {logging_mixin.py:188} INFO - [2025-07-28T13:47:37.450-0300] {dag.py:3954} INFO - Setting next_dagrun for tutorial_objectstorage to None, run_after=None
[2025-07-28T13:47:37.610-0300] {processor.py:183} INFO - Processing /mnt/c/Users/Usuario/Downloads/Automações/Climate-AgriTech-MLOps/.venv/lib/python3.12/site-packages/airflow/example_dags/tutorial_objectstorage.py took 0.587 seconds
[2025-07-28T13:49:12.925-0300] {processor.py:161} INFO - Started process (PID=8831) to work on /mnt/c/Users/Usuario/Downloads/Automações/Climate-AgriTech-MLOps/.venv/lib/python3.12/site-packages/airflow/example_dags/tutorial_objectstorage.py
[2025-07-28T13:49:12.932-0300] {processor.py:830} INFO - Processing file /mnt/c/Users/Usuario/Downloads/Automações/Climate-AgriTech-MLOps/.venv/lib/python3.12/site-packages/airflow/example_dags/tutorial_objectstorage.py for tasks to queue
[2025-07-28T13:49:12.940-0300] {logging_mixin.py:188} INFO - [2025-07-28T13:49:12.937-0300] {dagbag.py:545} INFO - Filling up the DagBag from /mnt/c/Users/Usuario/Downloads/Automações/Climate-AgriTech-MLOps/.venv/lib/python3.12/site-packages/airflow/example_dags/tutorial_objectstorage.py
[2025-07-28T13:49:13.029-0300] {processor.py:840} INFO - DAG(s) 'tutorial_objectstorage' retrieved from /mnt/c/Users/Usuario/Downloads/Automações/Climate-AgriTech-MLOps/.venv/lib/python3.12/site-packages/airflow/example_dags/tutorial_objectstorage.py
[2025-07-28T13:49:13.097-0300] {logging_mixin.py:188} INFO - [2025-07-28T13:49:13.095-0300] {dag.py:3096} INFO - Sync 1 DAGs
[2025-07-28T13:49:13.140-0300] {logging_mixin.py:188} INFO - [2025-07-28T13:49:13.137-0300] {dag.py:3954} INFO - Setting next_dagrun for tutorial_objectstorage to None, run_after=None
[2025-07-28T13:49:13.316-0300] {processor.py:183} INFO - Processing /mnt/c/Users/Usuario/Downloads/Automações/Climate-AgriTech-MLOps/.venv/lib/python3.12/site-packages/airflow/example_dags/tutorial_objectstorage.py took 0.431 seconds
[2025-07-28T13:50:45.665-0300] {processor.py:161} INFO - Started process (PID=8885) to work on /mnt/c/Users/Usuario/Downloads/Automações/Climate-AgriTech-MLOps/.venv/lib/python3.12/site-packages/airflow/example_dags/tutorial_objectstorage.py
[2025-07-28T13:50:45.670-0300] {processor.py:830} INFO - Processing file /mnt/c/Users/Usuario/Downloads/Automações/Climate-AgriTech-MLOps/.venv/lib/python3.12/site-packages/airflow/example_dags/tutorial_objectstorage.py for tasks to queue
[2025-07-28T13:50:45.676-0300] {logging_mixin.py:188} INFO - [2025-07-28T13:50:45.673-0300] {dagbag.py:545} INFO - Filling up the DagBag from /mnt/c/Users/Usuario/Downloads/Automações/Climate-AgriTech-MLOps/.venv/lib/python3.12/site-packages/airflow/example_dags/tutorial_objectstorage.py
[2025-07-28T13:50:45.747-0300] {processor.py:840} INFO - DAG(s) 'tutorial_objectstorage' retrieved from /mnt/c/Users/Usuario/Downloads/Automações/Climate-AgriTech-MLOps/.venv/lib/python3.12/site-packages/airflow/example_dags/tutorial_objectstorage.py
[2025-07-28T13:50:45.828-0300] {logging_mixin.py:188} INFO - [2025-07-28T13:50:45.825-0300] {dag.py:3096} INFO - Sync 1 DAGs
[2025-07-28T13:50:45.870-0300] {logging_mixin.py:188} INFO - [2025-07-28T13:50:45.867-0300] {dag.py:3954} INFO - Setting next_dagrun for tutorial_objectstorage to None, run_after=None
[2025-07-28T13:50:46.068-0300] {processor.py:183} INFO - Processing /mnt/c/Users/Usuario/Downloads/Automações/Climate-AgriTech-MLOps/.venv/lib/python3.12/site-packages/airflow/example_dags/tutorial_objectstorage.py took 0.435 seconds
[2025-07-28T13:52:18.349-0300] {processor.py:161} INFO - Started process (PID=8949) to work on /mnt/c/Users/Usuario/Downloads/Automações/Climate-AgriTech-MLOps/.venv/lib/python3.12/site-packages/airflow/example_dags/tutorial_objectstorage.py
[2025-07-28T13:52:18.355-0300] {processor.py:830} INFO - Processing file /mnt/c/Users/Usuario/Downloads/Automações/Climate-AgriTech-MLOps/.venv/lib/python3.12/site-packages/airflow/example_dags/tutorial_objectstorage.py for tasks to queue
[2025-07-28T13:52:18.364-0300] {logging_mixin.py:188} INFO - [2025-07-28T13:52:18.360-0300] {dagbag.py:545} INFO - Filling up the DagBag from /mnt/c/Users/Usuario/Downloads/Automações/Climate-AgriTech-MLOps/.venv/lib/python3.12/site-packages/airflow/example_dags/tutorial_objectstorage.py
[2025-07-28T13:52:18.438-0300] {processor.py:840} INFO - DAG(s) 'tutorial_objectstorage' retrieved from /mnt/c/Users/Usuario/Downloads/Automações/Climate-AgriTech-MLOps/.venv/lib/python3.12/site-packages/airflow/example_dags/tutorial_objectstorage.py
[2025-07-28T13:52:18.519-0300] {logging_mixin.py:188} INFO - [2025-07-28T13:52:18.516-0300] {dag.py:3096} INFO - Sync 1 DAGs
[2025-07-28T13:52:18.556-0300] {logging_mixin.py:188} INFO - [2025-07-28T13:52:18.554-0300] {dag.py:3954} INFO - Setting next_dagrun for tutorial_objectstorage to None, run_after=None
[2025-07-28T13:52:18.734-0300] {processor.py:183} INFO - Processing /mnt/c/Users/Usuario/Downloads/Automações/Climate-AgriTech-MLOps/.venv/lib/python3.12/site-packages/airflow/example_dags/tutorial_objectstorage.py took 0.425 seconds
[2025-07-28T13:53:49.849-0300] {processor.py:161} INFO - Started process (PID=9000) to work on /mnt/c/Users/Usuario/Downloads/Automações/Climate-AgriTech-MLOps/.venv/lib/python3.12/site-packages/airflow/example_dags/tutorial_objectstorage.py
[2025-07-28T13:53:49.858-0300] {processor.py:830} INFO - Processing file /mnt/c/Users/Usuario/Downloads/Automações/Climate-AgriTech-MLOps/.venv/lib/python3.12/site-packages/airflow/example_dags/tutorial_objectstorage.py for tasks to queue
[2025-07-28T13:53:49.869-0300] {logging_mixin.py:188} INFO - [2025-07-28T13:53:49.864-0300] {dagbag.py:545} INFO - Filling up the DagBag from /mnt/c/Users/Usuario/Downloads/Automações/Climate-AgriTech-MLOps/.venv/lib/python3.12/site-packages/airflow/example_dags/tutorial_objectstorage.py
[2025-07-28T13:53:49.951-0300] {processor.py:840} INFO - DAG(s) 'tutorial_objectstorage' retrieved from /mnt/c/Users/Usuario/Downloads/Automações/Climate-AgriTech-MLOps/.venv/lib/python3.12/site-packages/airflow/example_dags/tutorial_objectstorage.py
[2025-07-28T13:53:50.034-0300] {logging_mixin.py:188} INFO - [2025-07-28T13:53:50.031-0300] {dag.py:3096} INFO - Sync 1 DAGs
[2025-07-28T13:53:50.080-0300] {logging_mixin.py:188} INFO - [2025-07-28T13:53:50.077-0300] {dag.py:3954} INFO - Setting next_dagrun for tutorial_objectstorage to None, run_after=None
[2025-07-28T13:53:50.306-0300] {processor.py:183} INFO - Processing /mnt/c/Users/Usuario/Downloads/Automações/Climate-AgriTech-MLOps/.venv/lib/python3.12/site-packages/airflow/example_dags/tutorial_objectstorage.py took 0.498 seconds
[2025-07-28T13:55:24.649-0300] {processor.py:161} INFO - Started process (PID=9054) to work on /mnt/c/Users/Usuario/Downloads/Automações/Climate-AgriTech-MLOps/.venv/lib/python3.12/site-packages/airflow/example_dags/tutorial_objectstorage.py
[2025-07-28T13:55:24.656-0300] {processor.py:830} INFO - Processing file /mnt/c/Users/Usuario/Downloads/Automações/Climate-AgriTech-MLOps/.venv/lib/python3.12/site-packages/airflow/example_dags/tutorial_objectstorage.py for tasks to queue
[2025-07-28T13:55:24.666-0300] {logging_mixin.py:188} INFO - [2025-07-28T13:55:24.661-0300] {dagbag.py:545} INFO - Filling up the DagBag from /mnt/c/Users/Usuario/Downloads/Automações/Climate-AgriTech-MLOps/.venv/lib/python3.12/site-packages/airflow/example_dags/tutorial_objectstorage.py
[2025-07-28T13:55:24.746-0300] {processor.py:840} INFO - DAG(s) 'tutorial_objectstorage' retrieved from /mnt/c/Users/Usuario/Downloads/Automações/Climate-AgriTech-MLOps/.venv/lib/python3.12/site-packages/airflow/example_dags/tutorial_objectstorage.py
[2025-07-28T13:55:24.836-0300] {logging_mixin.py:188} INFO - [2025-07-28T13:55:24.833-0300] {dag.py:3096} INFO - Sync 1 DAGs
[2025-07-28T13:55:24.877-0300] {logging_mixin.py:188} INFO - [2025-07-28T13:55:24.873-0300] {dag.py:3954} INFO - Setting next_dagrun for tutorial_objectstorage to None, run_after=None
[2025-07-28T13:55:25.088-0300] {processor.py:183} INFO - Processing /mnt/c/Users/Usuario/Downloads/Automações/Climate-AgriTech-MLOps/.venv/lib/python3.12/site-packages/airflow/example_dags/tutorial_objectstorage.py took 0.483 seconds
[2025-07-28T13:56:37.637-0300] {processor.py:161} INFO - Started process (PID=9107) to work on /mnt/c/Users/Usuario/Downloads/Automações/Climate-AgriTech-MLOps/.venv/lib/python3.12/site-packages/airflow/example_dags/tutorial_objectstorage.py
[2025-07-28T13:56:37.640-0300] {processor.py:830} INFO - Processing file /mnt/c/Users/Usuario/Downloads/Automações/Climate-AgriTech-MLOps/.venv/lib/python3.12/site-packages/airflow/example_dags/tutorial_objectstorage.py for tasks to queue
[2025-07-28T13:56:37.643-0300] {logging_mixin.py:188} INFO - [2025-07-28T13:56:37.641-0300] {dagbag.py:545} INFO - Filling up the DagBag from /mnt/c/Users/Usuario/Downloads/Automações/Climate-AgriTech-MLOps/.venv/lib/python3.12/site-packages/airflow/example_dags/tutorial_objectstorage.py
[2025-07-28T13:56:37.672-0300] {processor.py:840} INFO - DAG(s) 'tutorial_objectstorage' retrieved from /mnt/c/Users/Usuario/Downloads/Automações/Climate-AgriTech-MLOps/.venv/lib/python3.12/site-packages/airflow/example_dags/tutorial_objectstorage.py
[2025-07-28T13:56:37.711-0300] {logging_mixin.py:188} INFO - [2025-07-28T13:56:37.710-0300] {dag.py:3096} INFO - Sync 1 DAGs
[2025-07-28T13:56:37.728-0300] {logging_mixin.py:188} INFO - [2025-07-28T13:56:37.726-0300] {dag.py:3954} INFO - Setting next_dagrun for tutorial_objectstorage to None, run_after=None
[2025-07-28T13:56:37.820-0300] {processor.py:183} INFO - Processing /mnt/c/Users/Usuario/Downloads/Automações/Climate-AgriTech-MLOps/.venv/lib/python3.12/site-packages/airflow/example_dags/tutorial_objectstorage.py took 0.198 seconds
[2025-07-28T13:57:30.842-0300] {processor.py:161} INFO - Started process (PID=9157) to work on /mnt/c/Users/Usuario/Downloads/Automações/Climate-AgriTech-MLOps/.venv/lib/python3.12/site-packages/airflow/example_dags/tutorial_objectstorage.py
[2025-07-28T13:57:30.844-0300] {processor.py:830} INFO - Processing file /mnt/c/Users/Usuario/Downloads/Automações/Climate-AgriTech-MLOps/.venv/lib/python3.12/site-packages/airflow/example_dags/tutorial_objectstorage.py for tasks to queue
[2025-07-28T13:57:30.846-0300] {logging_mixin.py:188} INFO - [2025-07-28T13:57:30.845-0300] {dagbag.py:545} INFO - Filling up the DagBag from /mnt/c/Users/Usuario/Downloads/Automações/Climate-AgriTech-MLOps/.venv/lib/python3.12/site-packages/airflow/example_dags/tutorial_objectstorage.py
[2025-07-28T13:57:30.874-0300] {processor.py:840} INFO - DAG(s) 'tutorial_objectstorage' retrieved from /mnt/c/Users/Usuario/Downloads/Automações/Climate-AgriTech-MLOps/.venv/lib/python3.12/site-packages/airflow/example_dags/tutorial_objectstorage.py
[2025-07-28T13:57:30.924-0300] {logging_mixin.py:188} INFO - [2025-07-28T13:57:30.922-0300] {dag.py:3096} INFO - Sync 1 DAGs
[2025-07-28T13:57:30.948-0300] {logging_mixin.py:188} INFO - [2025-07-28T13:57:30.946-0300] {dag.py:3954} INFO - Setting next_dagrun for tutorial_objectstorage to None, run_after=None
[2025-07-28T13:57:31.055-0300] {processor.py:183} INFO - Processing /mnt/c/Users/Usuario/Downloads/Automações/Climate-AgriTech-MLOps/.venv/lib/python3.12/site-packages/airflow/example_dags/tutorial_objectstorage.py took 0.228 seconds
[2025-07-28T13:58:16.710-0300] {processor.py:161} INFO - Started process (PID=9197) to work on /mnt/c/Users/Usuario/Downloads/Automações/Climate-AgriTech-MLOps/.venv/lib/python3.12/site-packages/airflow/example_dags/tutorial_objectstorage.py
[2025-07-28T13:58:16.712-0300] {processor.py:830} INFO - Processing file /mnt/c/Users/Usuario/Downloads/Automações/Climate-AgriTech-MLOps/.venv/lib/python3.12/site-packages/airflow/example_dags/tutorial_objectstorage.py for tasks to queue
[2025-07-28T13:58:16.715-0300] {logging_mixin.py:188} INFO - [2025-07-28T13:58:16.714-0300] {dagbag.py:545} INFO - Filling up the DagBag from /mnt/c/Users/Usuario/Downloads/Automações/Climate-AgriTech-MLOps/.venv/lib/python3.12/site-packages/airflow/example_dags/tutorial_objectstorage.py
[2025-07-28T13:58:16.742-0300] {processor.py:840} INFO - DAG(s) 'tutorial_objectstorage' retrieved from /mnt/c/Users/Usuario/Downloads/Automações/Climate-AgriTech-MLOps/.venv/lib/python3.12/site-packages/airflow/example_dags/tutorial_objectstorage.py
[2025-07-28T13:58:16.782-0300] {logging_mixin.py:188} INFO - [2025-07-28T13:58:16.780-0300] {dag.py:3096} INFO - Sync 1 DAGs
[2025-07-28T13:58:16.800-0300] {logging_mixin.py:188} INFO - [2025-07-28T13:58:16.798-0300] {dag.py:3954} INFO - Setting next_dagrun for tutorial_objectstorage to None, run_after=None
[2025-07-28T13:58:16.883-0300] {processor.py:183} INFO - Processing /mnt/c/Users/Usuario/Downloads/Automações/Climate-AgriTech-MLOps/.venv/lib/python3.12/site-packages/airflow/example_dags/tutorial_objectstorage.py took 0.188 seconds
[2025-07-28T13:59:28.200-0300] {processor.py:161} INFO - Started process (PID=9239) to work on /mnt/c/Users/Usuario/Downloads/Automações/Climate-AgriTech-MLOps/.venv/lib/python3.12/site-packages/airflow/example_dags/tutorial_objectstorage.py
[2025-07-28T13:59:28.207-0300] {processor.py:830} INFO - Processing file /mnt/c/Users/Usuario/Downloads/Automações/Climate-AgriTech-MLOps/.venv/lib/python3.12/site-packages/airflow/example_dags/tutorial_objectstorage.py for tasks to queue
[2025-07-28T13:59:28.216-0300] {logging_mixin.py:188} INFO - [2025-07-28T13:59:28.212-0300] {dagbag.py:545} INFO - Filling up the DagBag from /mnt/c/Users/Usuario/Downloads/Automações/Climate-AgriTech-MLOps/.venv/lib/python3.12/site-packages/airflow/example_dags/tutorial_objectstorage.py
[2025-07-28T13:59:28.306-0300] {processor.py:840} INFO - DAG(s) 'tutorial_objectstorage' retrieved from /mnt/c/Users/Usuario/Downloads/Automações/Climate-AgriTech-MLOps/.venv/lib/python3.12/site-packages/airflow/example_dags/tutorial_objectstorage.py
[2025-07-28T13:59:28.401-0300] {logging_mixin.py:188} INFO - [2025-07-28T13:59:28.398-0300] {dag.py:3096} INFO - Sync 1 DAGs
[2025-07-28T13:59:28.448-0300] {logging_mixin.py:188} INFO - [2025-07-28T13:59:28.444-0300] {dag.py:3954} INFO - Setting next_dagrun for tutorial_objectstorage to None, run_after=None
[2025-07-28T13:59:28.665-0300] {processor.py:183} INFO - Processing /mnt/c/Users/Usuario/Downloads/Automações/Climate-AgriTech-MLOps/.venv/lib/python3.12/site-packages/airflow/example_dags/tutorial_objectstorage.py took 0.508 seconds
[2025-07-28T14:00:27.359-0300] {processor.py:161} INFO - Started process (PID=9291) to work on /mnt/c/Users/Usuario/Downloads/Automações/Climate-AgriTech-MLOps/.venv/lib/python3.12/site-packages/airflow/example_dags/tutorial_objectstorage.py
[2025-07-28T14:00:27.361-0300] {processor.py:830} INFO - Processing file /mnt/c/Users/Usuario/Downloads/Automações/Climate-AgriTech-MLOps/.venv/lib/python3.12/site-packages/airflow/example_dags/tutorial_objectstorage.py for tasks to queue
[2025-07-28T14:00:27.365-0300] {logging_mixin.py:188} INFO - [2025-07-28T14:00:27.363-0300] {dagbag.py:545} INFO - Filling up the DagBag from /mnt/c/Users/Usuario/Downloads/Automações/Climate-AgriTech-MLOps/.venv/lib/python3.12/site-packages/airflow/example_dags/tutorial_objectstorage.py
[2025-07-28T14:00:27.391-0300] {processor.py:840} INFO - DAG(s) 'tutorial_objectstorage' retrieved from /mnt/c/Users/Usuario/Downloads/Automações/Climate-AgriTech-MLOps/.venv/lib/python3.12/site-packages/airflow/example_dags/tutorial_objectstorage.py
[2025-07-28T14:00:27.432-0300] {logging_mixin.py:188} INFO - [2025-07-28T14:00:27.431-0300] {dag.py:3096} INFO - Sync 1 DAGs
[2025-07-28T14:00:27.449-0300] {logging_mixin.py:188} INFO - [2025-07-28T14:00:27.448-0300] {dag.py:3954} INFO - Setting next_dagrun for tutorial_objectstorage to None, run_after=None
[2025-07-28T14:00:27.532-0300] {processor.py:183} INFO - Processing /mnt/c/Users/Usuario/Downloads/Automações/Climate-AgriTech-MLOps/.venv/lib/python3.12/site-packages/airflow/example_dags/tutorial_objectstorage.py took 0.188 seconds
[2025-07-28T14:01:15.084-0300] {processor.py:161} INFO - Started process (PID=9333) to work on /mnt/c/Users/Usuario/Downloads/Automações/Climate-AgriTech-MLOps/.venv/lib/python3.12/site-packages/airflow/example_dags/tutorial_objectstorage.py
[2025-07-28T14:01:15.087-0300] {processor.py:830} INFO - Processing file /mnt/c/Users/Usuario/Downloads/Automações/Climate-AgriTech-MLOps/.venv/lib/python3.12/site-packages/airflow/example_dags/tutorial_objectstorage.py for tasks to queue
[2025-07-28T14:01:15.090-0300] {logging_mixin.py:188} INFO - [2025-07-28T14:01:15.088-0300] {dagbag.py:545} INFO - Filling up the DagBag from /mnt/c/Users/Usuario/Downloads/Automações/Climate-AgriTech-MLOps/.venv/lib/python3.12/site-packages/airflow/example_dags/tutorial_objectstorage.py
[2025-07-28T14:01:15.117-0300] {processor.py:840} INFO - DAG(s) 'tutorial_objectstorage' retrieved from /mnt/c/Users/Usuario/Downloads/Automações/Climate-AgriTech-MLOps/.venv/lib/python3.12/site-packages/airflow/example_dags/tutorial_objectstorage.py
[2025-07-28T14:01:15.155-0300] {logging_mixin.py:188} INFO - [2025-07-28T14:01:15.154-0300] {dag.py:3096} INFO - Sync 1 DAGs
[2025-07-28T14:01:15.172-0300] {logging_mixin.py:188} INFO - [2025-07-28T14:01:15.171-0300] {dag.py:3954} INFO - Setting next_dagrun for tutorial_objectstorage to None, run_after=None
[2025-07-28T14:01:15.251-0300] {processor.py:183} INFO - Processing /mnt/c/Users/Usuario/Downloads/Automações/Climate-AgriTech-MLOps/.venv/lib/python3.12/site-packages/airflow/example_dags/tutorial_objectstorage.py took 0.181 seconds
