[2025-07-28T12:48:43.673-0300] {processor.py:161} INFO - Started process (PID=7971) to work on /mnt/c/Users/Usuario/Downloads/Automações/Climate-AgriTech-MLOps/.venv/lib/python3.12/site-packages/airflow/example_dags/tutorial.py
[2025-07-28T12:48:43.681-0300] {processor.py:830} INFO - Processing file /mnt/c/Users/Usuario/Downloads/Automações/Climate-AgriTech-MLOps/.venv/lib/python3.12/site-packages/airflow/example_dags/tutorial.py for tasks to queue
[2025-07-28T12:48:43.692-0300] {logging_mixin.py:188} INFO - [2025-07-28T12:48:43.688-0300] {dagbag.py:545} INFO - Filling up the DagBag from /mnt/c/Users/Usuario/Downloads/Automações/Climate-AgriTech-MLOps/.venv/lib/python3.12/site-packages/airflow/example_dags/tutorial.py
[2025-07-28T12:48:44.019-0300] {processor.py:840} INFO - DAG(s) 'tutorial' retrieved from /mnt/c/Users/Usuario/Downloads/Automações/Climate-AgriTech-MLOps/.venv/lib/python3.12/site-packages/airflow/example_dags/tutorial.py
[2025-07-28T12:48:47.629-0300] {logging_mixin.py:188} INFO - [2025-07-28T12:48:47.626-0300] {override.py:1829} INFO - Created Permission View: can read on DAG:tutorial
[2025-07-28T12:48:47.714-0300] {logging_mixin.py:188} INFO - [2025-07-28T12:48:47.711-0300] {override.py:1829} INFO - Created Permission View: can edit on DAG:tutorial
[2025-07-28T12:48:47.808-0300] {logging_mixin.py:188} INFO - [2025-07-28T12:48:47.805-0300] {override.py:1829} INFO - Created Permission View: can delete on DAG:tutorial
[2025-07-28T12:48:47.813-0300] {logging_mixin.py:188} INFO - [2025-07-28T12:48:47.810-0300] {dag.py:3096} INFO - Sync 1 DAGs
[2025-07-28T12:48:47.861-0300] {logging_mixin.py:188} INFO - [2025-07-28T12:48:47.859-0300] {dag.py:3118} INFO - Creating ORM DAG for tutorial
[2025-07-28T12:48:47.943-0300] {logging_mixin.py:188} INFO - [2025-07-28T12:48:47.940-0300] {dag.py:3954} INFO - Setting next_dagrun for tutorial to 2025-07-27 00:00:00+00:00, run_after=2025-07-28 00:00:00+00:00
[2025-07-28T12:48:48.286-0300] {processor.py:183} INFO - Processing /mnt/c/Users/Usuario/Downloads/Automações/Climate-AgriTech-MLOps/.venv/lib/python3.12/site-packages/airflow/example_dags/tutorial.py took 5.169 seconds
[2025-07-28T12:57:06.747-0300] {processor.py:161} INFO - Started process (PID=8225) to work on /mnt/c/Users/Usuario/Downloads/Automações/Climate-AgriTech-MLOps/.venv/lib/python3.12/site-packages/airflow/example_dags/tutorial.py
[2025-07-28T12:57:06.754-0300] {processor.py:830} INFO - Processing file /mnt/c/Users/Usuario/Downloads/Automações/Climate-AgriTech-MLOps/.venv/lib/python3.12/site-packages/airflow/example_dags/tutorial.py for tasks to queue
[2025-07-28T12:57:06.767-0300] {logging_mixin.py:188} INFO - [2025-07-28T12:57:06.763-0300] {dagbag.py:545} INFO - Filling up the DagBag from /mnt/c/Users/Usuario/Downloads/Automações/Climate-AgriTech-MLOps/.venv/lib/python3.12/site-packages/airflow/example_dags/tutorial.py
[2025-07-28T12:57:07.103-0300] {processor.py:840} INFO - DAG(s) 'tutorial' retrieved from /mnt/c/Users/Usuario/Downloads/Automações/Climate-AgriTech-MLOps/.venv/lib/python3.12/site-packages/airflow/example_dags/tutorial.py
[2025-07-28T12:57:11.087-0300] {logging_mixin.py:188} INFO - [2025-07-28T12:57:11.085-0300] {dag.py:3096} INFO - Sync 1 DAGs
[2025-07-28T12:57:11.174-0300] {logging_mixin.py:188} INFO - [2025-07-28T12:57:11.172-0300] {dag.py:3954} INFO - Setting next_dagrun for tutorial to 2025-07-27 00:00:00+00:00, run_after=2025-07-28 00:00:00+00:00
[2025-07-28T12:57:11.397-0300] {processor.py:183} INFO - Processing /mnt/c/Users/Usuario/Downloads/Automações/Climate-AgriTech-MLOps/.venv/lib/python3.12/site-packages/airflow/example_dags/tutorial.py took 4.693 seconds
[2025-07-28T13:08:22.707-0300] {processor.py:161} INFO - Started process (PID=8645) to work on /mnt/c/Users/Usuario/Downloads/Automações/Climate-AgriTech-MLOps/.venv/lib/python3.12/site-packages/airflow/example_dags/tutorial.py
[2025-07-28T13:08:22.726-0300] {processor.py:830} INFO - Processing file /mnt/c/Users/Usuario/Downloads/Automações/Climate-AgriTech-MLOps/.venv/lib/python3.12/site-packages/airflow/example_dags/tutorial.py for tasks to queue
[2025-07-28T13:08:22.734-0300] {logging_mixin.py:188} INFO - [2025-07-28T13:08:22.731-0300] {dagbag.py:545} INFO - Filling up the DagBag from /mnt/c/Users/Usuario/Downloads/Automações/Climate-AgriTech-MLOps/.venv/lib/python3.12/site-packages/airflow/example_dags/tutorial.py
[2025-07-28T13:08:22.808-0300] {processor.py:840} INFO - DAG(s) 'tutorial' retrieved from /mnt/c/Users/Usuario/Downloads/Automações/Climate-AgriTech-MLOps/.venv/lib/python3.12/site-packages/airflow/example_dags/tutorial.py
[2025-07-28T13:08:23.200-0300] {logging_mixin.py:188} INFO - [2025-07-28T13:08:23.197-0300] {dag.py:3096} INFO - Sync 1 DAGs
[2025-07-28T13:08:23.296-0300] {logging_mixin.py:188} INFO - [2025-07-28T13:08:23.293-0300] {dag.py:3954} INFO - Setting next_dagrun for tutorial to 2025-07-27 00:00:00+00:00, run_after=2025-07-28 00:00:00+00:00
[2025-07-28T13:08:23.499-0300] {processor.py:183} INFO - Processing /mnt/c/Users/Usuario/Downloads/Automações/Climate-AgriTech-MLOps/.venv/lib/python3.12/site-packages/airflow/example_dags/tutorial.py took 0.833 seconds
[2025-07-28T13:46:10.524-0300] {processor.py:161} INFO - Started process (PID=8732) to work on /mnt/c/Users/Usuario/Downloads/Automações/Climate-AgriTech-MLOps/.venv/lib/python3.12/site-packages/airflow/example_dags/tutorial.py
[2025-07-28T13:46:10.527-0300] {processor.py:830} INFO - Processing file /mnt/c/Users/Usuario/Downloads/Automações/Climate-AgriTech-MLOps/.venv/lib/python3.12/site-packages/airflow/example_dags/tutorial.py for tasks to queue
[2025-07-28T13:46:10.532-0300] {logging_mixin.py:188} INFO - [2025-07-28T13:46:10.530-0300] {dagbag.py:545} INFO - Filling up the DagBag from /mnt/c/Users/Usuario/Downloads/Automações/Climate-AgriTech-MLOps/.venv/lib/python3.12/site-packages/airflow/example_dags/tutorial.py
[2025-07-28T13:46:10.568-0300] {processor.py:840} INFO - DAG(s) 'tutorial' retrieved from /mnt/c/Users/Usuario/Downloads/Automações/Climate-AgriTech-MLOps/.venv/lib/python3.12/site-packages/airflow/example_dags/tutorial.py
[2025-07-28T13:46:10.613-0300] {logging_mixin.py:188} INFO - [2025-07-28T13:46:10.611-0300] {dag.py:3096} INFO - Sync 1 DAGs
[2025-07-28T13:46:10.653-0300] {logging_mixin.py:188} INFO - [2025-07-28T13:46:10.652-0300] {dag.py:3954} INFO - Setting next_dagrun for tutorial to 2025-07-27 00:00:00+00:00, run_after=2025-07-28 00:00:00+00:00
[2025-07-28T13:46:10.747-0300] {processor.py:183} INFO - Processing /mnt/c/Users/Usuario/Downloads/Automações/Climate-AgriTech-MLOps/.venv/lib/python3.12/site-packages/airflow/example_dags/tutorial.py took 0.243 seconds
[2025-07-28T13:47:41.118-0300] {processor.py:161} INFO - Started process (PID=8783) to work on /mnt/c/Users/Usuario/Downloads/Automações/Climate-AgriTech-MLOps/.venv/lib/python3.12/site-packages/airflow/example_dags/tutorial.py
[2025-07-28T13:47:41.130-0300] {processor.py:830} INFO - Processing file /mnt/c/Users/Usuario/Downloads/Automações/Climate-AgriTech-MLOps/.venv/lib/python3.12/site-packages/airflow/example_dags/tutorial.py for tasks to queue
[2025-07-28T13:47:41.138-0300] {logging_mixin.py:188} INFO - [2025-07-28T13:47:41.134-0300] {dagbag.py:545} INFO - Filling up the DagBag from /mnt/c/Users/Usuario/Downloads/Automações/Climate-AgriTech-MLOps/.venv/lib/python3.12/site-packages/airflow/example_dags/tutorial.py
[2025-07-28T13:47:41.208-0300] {processor.py:840} INFO - DAG(s) 'tutorial' retrieved from /mnt/c/Users/Usuario/Downloads/Automações/Climate-AgriTech-MLOps/.venv/lib/python3.12/site-packages/airflow/example_dags/tutorial.py
[2025-07-28T13:47:41.299-0300] {logging_mixin.py:188} INFO - [2025-07-28T13:47:41.297-0300] {dag.py:3096} INFO - Sync 1 DAGs
[2025-07-28T13:47:41.598-0300] {logging_mixin.py:188} INFO - [2025-07-28T13:47:41.596-0300] {dag.py:3954} INFO - Setting next_dagrun for tutorial to 2025-07-27 00:00:00+00:00, run_after=2025-07-28 00:00:00+00:00
[2025-07-28T13:47:41.776-0300] {processor.py:183} INFO - Processing /mnt/c/Users/Usuario/Downloads/Automações/Climate-AgriTech-MLOps/.venv/lib/python3.12/site-packages/airflow/example_dags/tutorial.py took 0.688 seconds
[2025-07-28T13:49:15.113-0300] {processor.py:161} INFO - Started process (PID=8833) to work on /mnt/c/Users/Usuario/Downloads/Automações/Climate-AgriTech-MLOps/.venv/lib/python3.12/site-packages/airflow/example_dags/tutorial.py
[2025-07-28T13:49:15.128-0300] {processor.py:830} INFO - Processing file /mnt/c/Users/Usuario/Downloads/Automações/Climate-AgriTech-MLOps/.venv/lib/python3.12/site-packages/airflow/example_dags/tutorial.py for tasks to queue
[2025-07-28T13:49:15.134-0300] {logging_mixin.py:188} INFO - [2025-07-28T13:49:15.131-0300] {dagbag.py:545} INFO - Filling up the DagBag from /mnt/c/Users/Usuario/Downloads/Automações/Climate-AgriTech-MLOps/.venv/lib/python3.12/site-packages/airflow/example_dags/tutorial.py
[2025-07-28T13:49:15.195-0300] {processor.py:840} INFO - DAG(s) 'tutorial' retrieved from /mnt/c/Users/Usuario/Downloads/Automações/Climate-AgriTech-MLOps/.venv/lib/python3.12/site-packages/airflow/example_dags/tutorial.py
[2025-07-28T13:49:15.282-0300] {logging_mixin.py:188} INFO - [2025-07-28T13:49:15.279-0300] {dag.py:3096} INFO - Sync 1 DAGs
[2025-07-28T13:49:15.356-0300] {logging_mixin.py:188} INFO - [2025-07-28T13:49:15.354-0300] {dag.py:3954} INFO - Setting next_dagrun for tutorial to 2025-07-27 00:00:00+00:00, run_after=2025-07-28 00:00:00+00:00
[2025-07-28T13:49:15.520-0300] {processor.py:183} INFO - Processing /mnt/c/Users/Usuario/Downloads/Automações/Climate-AgriTech-MLOps/.venv/lib/python3.12/site-packages/airflow/example_dags/tutorial.py took 0.440 seconds
[2025-07-28T13:50:47.908-0300] {processor.py:161} INFO - Started process (PID=8887) to work on /mnt/c/Users/Usuario/Downloads/Automações/Climate-AgriTech-MLOps/.venv/lib/python3.12/site-packages/airflow/example_dags/tutorial.py
[2025-07-28T13:50:47.913-0300] {processor.py:830} INFO - Processing file /mnt/c/Users/Usuario/Downloads/Automações/Climate-AgriTech-MLOps/.venv/lib/python3.12/site-packages/airflow/example_dags/tutorial.py for tasks to queue
[2025-07-28T13:50:47.920-0300] {logging_mixin.py:188} INFO - [2025-07-28T13:50:47.917-0300] {dagbag.py:545} INFO - Filling up the DagBag from /mnt/c/Users/Usuario/Downloads/Automações/Climate-AgriTech-MLOps/.venv/lib/python3.12/site-packages/airflow/example_dags/tutorial.py
[2025-07-28T13:50:47.983-0300] {processor.py:840} INFO - DAG(s) 'tutorial' retrieved from /mnt/c/Users/Usuario/Downloads/Automações/Climate-AgriTech-MLOps/.venv/lib/python3.12/site-packages/airflow/example_dags/tutorial.py
[2025-07-28T13:50:48.059-0300] {logging_mixin.py:188} INFO - [2025-07-28T13:50:48.056-0300] {dag.py:3096} INFO - Sync 1 DAGs
[2025-07-28T13:50:48.124-0300] {logging_mixin.py:188} INFO - [2025-07-28T13:50:48.122-0300] {dag.py:3954} INFO - Setting next_dagrun for tutorial to 2025-07-27 00:00:00+00:00, run_after=2025-07-28 00:00:00+00:00
[2025-07-28T13:50:48.294-0300] {processor.py:183} INFO - Processing /mnt/c/Users/Usuario/Downloads/Automações/Climate-AgriTech-MLOps/.venv/lib/python3.12/site-packages/airflow/example_dags/tutorial.py took 0.419 seconds
[2025-07-28T13:52:20.389-0300] {processor.py:161} INFO - Started process (PID=8951) to work on /mnt/c/Users/Usuario/Downloads/Automações/Climate-AgriTech-MLOps/.venv/lib/python3.12/site-packages/airflow/example_dags/tutorial.py
[2025-07-28T13:52:20.396-0300] {processor.py:830} INFO - Processing file /mnt/c/Users/Usuario/Downloads/Automações/Climate-AgriTech-MLOps/.venv/lib/python3.12/site-packages/airflow/example_dags/tutorial.py for tasks to queue
[2025-07-28T13:52:20.404-0300] {logging_mixin.py:188} INFO - [2025-07-28T13:52:20.400-0300] {dagbag.py:545} INFO - Filling up the DagBag from /mnt/c/Users/Usuario/Downloads/Automações/Climate-AgriTech-MLOps/.venv/lib/python3.12/site-packages/airflow/example_dags/tutorial.py
[2025-07-28T13:52:20.472-0300] {processor.py:840} INFO - DAG(s) 'tutorial' retrieved from /mnt/c/Users/Usuario/Downloads/Automações/Climate-AgriTech-MLOps/.venv/lib/python3.12/site-packages/airflow/example_dags/tutorial.py
[2025-07-28T13:52:20.549-0300] {logging_mixin.py:188} INFO - [2025-07-28T13:52:20.546-0300] {dag.py:3096} INFO - Sync 1 DAGs
[2025-07-28T13:52:20.619-0300] {logging_mixin.py:188} INFO - [2025-07-28T13:52:20.617-0300] {dag.py:3954} INFO - Setting next_dagrun for tutorial to 2025-07-27 00:00:00+00:00, run_after=2025-07-28 00:00:00+00:00
[2025-07-28T13:52:20.814-0300] {processor.py:183} INFO - Processing /mnt/c/Users/Usuario/Downloads/Automações/Climate-AgriTech-MLOps/.venv/lib/python3.12/site-packages/airflow/example_dags/tutorial.py took 0.460 seconds
[2025-07-28T13:53:53.858-0300] {processor.py:161} INFO - Started process (PID=9002) to work on /mnt/c/Users/Usuario/Downloads/Automações/Climate-AgriTech-MLOps/.venv/lib/python3.12/site-packages/airflow/example_dags/tutorial.py
[2025-07-28T13:53:53.864-0300] {processor.py:830} INFO - Processing file /mnt/c/Users/Usuario/Downloads/Automações/Climate-AgriTech-MLOps/.venv/lib/python3.12/site-packages/airflow/example_dags/tutorial.py for tasks to queue
[2025-07-28T13:53:53.873-0300] {logging_mixin.py:188} INFO - [2025-07-28T13:53:53.869-0300] {dagbag.py:545} INFO - Filling up the DagBag from /mnt/c/Users/Usuario/Downloads/Automações/Climate-AgriTech-MLOps/.venv/lib/python3.12/site-packages/airflow/example_dags/tutorial.py
[2025-07-28T13:53:53.959-0300] {processor.py:840} INFO - DAG(s) 'tutorial' retrieved from /mnt/c/Users/Usuario/Downloads/Automações/Climate-AgriTech-MLOps/.venv/lib/python3.12/site-packages/airflow/example_dags/tutorial.py
[2025-07-28T13:53:54.056-0300] {logging_mixin.py:188} INFO - [2025-07-28T13:53:54.053-0300] {dag.py:3096} INFO - Sync 1 DAGs
[2025-07-28T13:53:54.140-0300] {logging_mixin.py:188} INFO - [2025-07-28T13:53:54.136-0300] {dag.py:3954} INFO - Setting next_dagrun for tutorial to 2025-07-27 00:00:00+00:00, run_after=2025-07-28 00:00:00+00:00
[2025-07-28T13:53:54.334-0300] {processor.py:183} INFO - Processing /mnt/c/Users/Usuario/Downloads/Automações/Climate-AgriTech-MLOps/.venv/lib/python3.12/site-packages/airflow/example_dags/tutorial.py took 0.515 seconds
[2025-07-28T13:55:28.806-0300] {processor.py:161} INFO - Started process (PID=9056) to work on /mnt/c/Users/Usuario/Downloads/Automações/Climate-AgriTech-MLOps/.venv/lib/python3.12/site-packages/airflow/example_dags/tutorial.py
[2025-07-28T13:55:28.812-0300] {processor.py:830} INFO - Processing file /mnt/c/Users/Usuario/Downloads/Automações/Climate-AgriTech-MLOps/.venv/lib/python3.12/site-packages/airflow/example_dags/tutorial.py for tasks to queue
[2025-07-28T13:55:28.820-0300] {logging_mixin.py:188} INFO - [2025-07-28T13:55:28.817-0300] {dagbag.py:545} INFO - Filling up the DagBag from /mnt/c/Users/Usuario/Downloads/Automações/Climate-AgriTech-MLOps/.venv/lib/python3.12/site-packages/airflow/example_dags/tutorial.py
[2025-07-28T13:55:28.904-0300] {processor.py:840} INFO - DAG(s) 'tutorial' retrieved from /mnt/c/Users/Usuario/Downloads/Automações/Climate-AgriTech-MLOps/.venv/lib/python3.12/site-packages/airflow/example_dags/tutorial.py
[2025-07-28T13:55:28.999-0300] {logging_mixin.py:188} INFO - [2025-07-28T13:55:28.995-0300] {dag.py:3096} INFO - Sync 1 DAGs
[2025-07-28T13:55:29.086-0300] {logging_mixin.py:188} INFO - [2025-07-28T13:55:29.080-0300] {dag.py:3954} INFO - Setting next_dagrun for tutorial to 2025-07-27 00:00:00+00:00, run_after=2025-07-28 00:00:00+00:00
[2025-07-28T13:55:29.276-0300] {processor.py:183} INFO - Processing /mnt/c/Users/Usuario/Downloads/Automações/Climate-AgriTech-MLOps/.venv/lib/python3.12/site-packages/airflow/example_dags/tutorial.py took 0.513 seconds
[2025-07-28T13:56:40.391-0300] {processor.py:161} INFO - Started process (PID=9111) to work on /mnt/c/Users/Usuario/Downloads/Automações/Climate-AgriTech-MLOps/.venv/lib/python3.12/site-packages/airflow/example_dags/tutorial.py
[2025-07-28T13:56:40.394-0300] {processor.py:830} INFO - Processing file /mnt/c/Users/Usuario/Downloads/Automações/Climate-AgriTech-MLOps/.venv/lib/python3.12/site-packages/airflow/example_dags/tutorial.py for tasks to queue
[2025-07-28T13:56:40.398-0300] {logging_mixin.py:188} INFO - [2025-07-28T13:56:40.397-0300] {dagbag.py:545} INFO - Filling up the DagBag from /mnt/c/Users/Usuario/Downloads/Automações/Climate-AgriTech-MLOps/.venv/lib/python3.12/site-packages/airflow/example_dags/tutorial.py
[2025-07-28T13:56:40.425-0300] {processor.py:840} INFO - DAG(s) 'tutorial' retrieved from /mnt/c/Users/Usuario/Downloads/Automações/Climate-AgriTech-MLOps/.venv/lib/python3.12/site-packages/airflow/example_dags/tutorial.py
[2025-07-28T13:56:40.467-0300] {logging_mixin.py:188} INFO - [2025-07-28T13:56:40.466-0300] {dag.py:3096} INFO - Sync 1 DAGs
[2025-07-28T13:56:40.504-0300] {logging_mixin.py:188} INFO - [2025-07-28T13:56:40.503-0300] {dag.py:3954} INFO - Setting next_dagrun for tutorial to 2025-07-27 00:00:00+00:00, run_after=2025-07-28 00:00:00+00:00
[2025-07-28T13:56:40.585-0300] {processor.py:183} INFO - Processing /mnt/c/Users/Usuario/Downloads/Automações/Climate-AgriTech-MLOps/.venv/lib/python3.12/site-packages/airflow/example_dags/tutorial.py took 0.211 seconds
[2025-07-28T13:57:33.095-0300] {processor.py:161} INFO - Started process (PID=9159) to work on /mnt/c/Users/Usuario/Downloads/Automações/Climate-AgriTech-MLOps/.venv/lib/python3.12/site-packages/airflow/example_dags/tutorial.py
[2025-07-28T13:57:33.098-0300] {processor.py:830} INFO - Processing file /mnt/c/Users/Usuario/Downloads/Automações/Climate-AgriTech-MLOps/.venv/lib/python3.12/site-packages/airflow/example_dags/tutorial.py for tasks to queue
[2025-07-28T13:57:33.101-0300] {logging_mixin.py:188} INFO - [2025-07-28T13:57:33.099-0300] {dagbag.py:545} INFO - Filling up the DagBag from /mnt/c/Users/Usuario/Downloads/Automações/Climate-AgriTech-MLOps/.venv/lib/python3.12/site-packages/airflow/example_dags/tutorial.py
[2025-07-28T13:57:33.126-0300] {processor.py:840} INFO - DAG(s) 'tutorial' retrieved from /mnt/c/Users/Usuario/Downloads/Automações/Climate-AgriTech-MLOps/.venv/lib/python3.12/site-packages/airflow/example_dags/tutorial.py
[2025-07-28T13:57:33.165-0300] {logging_mixin.py:188} INFO - [2025-07-28T13:57:33.163-0300] {dag.py:3096} INFO - Sync 1 DAGs
[2025-07-28T13:57:33.201-0300] {logging_mixin.py:188} INFO - [2025-07-28T13:57:33.200-0300] {dag.py:3954} INFO - Setting next_dagrun for tutorial to 2025-07-27 00:00:00+00:00, run_after=2025-07-28 00:00:00+00:00
[2025-07-28T13:57:33.297-0300] {processor.py:183} INFO - Processing /mnt/c/Users/Usuario/Downloads/Automações/Climate-AgriTech-MLOps/.venv/lib/python3.12/site-packages/airflow/example_dags/tutorial.py took 0.218 seconds
[2025-07-28T13:58:19.209-0300] {processor.py:161} INFO - Started process (PID=9199) to work on /mnt/c/Users/Usuario/Downloads/Automações/Climate-AgriTech-MLOps/.venv/lib/python3.12/site-packages/airflow/example_dags/tutorial.py
[2025-07-28T13:58:19.213-0300] {processor.py:830} INFO - Processing file /mnt/c/Users/Usuario/Downloads/Automações/Climate-AgriTech-MLOps/.venv/lib/python3.12/site-packages/airflow/example_dags/tutorial.py for tasks to queue
[2025-07-28T13:58:19.217-0300] {logging_mixin.py:188} INFO - [2025-07-28T13:58:19.215-0300] {dagbag.py:545} INFO - Filling up the DagBag from /mnt/c/Users/Usuario/Downloads/Automações/Climate-AgriTech-MLOps/.venv/lib/python3.12/site-packages/airflow/example_dags/tutorial.py
[2025-07-28T13:58:19.246-0300] {processor.py:840} INFO - DAG(s) 'tutorial' retrieved from /mnt/c/Users/Usuario/Downloads/Automações/Climate-AgriTech-MLOps/.venv/lib/python3.12/site-packages/airflow/example_dags/tutorial.py
[2025-07-28T13:58:19.281-0300] {logging_mixin.py:188} INFO - [2025-07-28T13:58:19.279-0300] {dag.py:3096} INFO - Sync 1 DAGs
[2025-07-28T13:58:19.310-0300] {logging_mixin.py:188} INFO - [2025-07-28T13:58:19.309-0300] {dag.py:3954} INFO - Setting next_dagrun for tutorial to 2025-07-27 00:00:00+00:00, run_after=2025-07-28 00:00:00+00:00
[2025-07-28T13:58:19.398-0300] {processor.py:183} INFO - Processing /mnt/c/Users/Usuario/Downloads/Automações/Climate-AgriTech-MLOps/.venv/lib/python3.12/site-packages/airflow/example_dags/tutorial.py took 0.208 seconds
[2025-07-28T13:59:30.877-0300] {processor.py:161} INFO - Started process (PID=9243) to work on /mnt/c/Users/Usuario/Downloads/Automações/Climate-AgriTech-MLOps/.venv/lib/python3.12/site-packages/airflow/example_dags/tutorial.py
[2025-07-28T13:59:30.879-0300] {processor.py:830} INFO - Processing file /mnt/c/Users/Usuario/Downloads/Automações/Climate-AgriTech-MLOps/.venv/lib/python3.12/site-packages/airflow/example_dags/tutorial.py for tasks to queue
[2025-07-28T13:59:30.882-0300] {logging_mixin.py:188} INFO - [2025-07-28T13:59:30.881-0300] {dagbag.py:545} INFO - Filling up the DagBag from /mnt/c/Users/Usuario/Downloads/Automações/Climate-AgriTech-MLOps/.venv/lib/python3.12/site-packages/airflow/example_dags/tutorial.py
[2025-07-28T13:59:30.907-0300] {processor.py:840} INFO - DAG(s) 'tutorial' retrieved from /mnt/c/Users/Usuario/Downloads/Automações/Climate-AgriTech-MLOps/.venv/lib/python3.12/site-packages/airflow/example_dags/tutorial.py
[2025-07-28T13:59:30.949-0300] {logging_mixin.py:188} INFO - [2025-07-28T13:59:30.947-0300] {dag.py:3096} INFO - Sync 1 DAGs
[2025-07-28T13:59:30.983-0300] {logging_mixin.py:188} INFO - [2025-07-28T13:59:30.982-0300] {dag.py:3954} INFO - Setting next_dagrun for tutorial to 2025-07-27 00:00:00+00:00, run_after=2025-07-28 00:00:00+00:00
[2025-07-28T13:59:31.080-0300] {processor.py:183} INFO - Processing /mnt/c/Users/Usuario/Downloads/Automações/Climate-AgriTech-MLOps/.venv/lib/python3.12/site-packages/airflow/example_dags/tutorial.py took 0.218 seconds
[2025-07-28T14:00:30.250-0300] {processor.py:161} INFO - Started process (PID=9293) to work on /mnt/c/Users/Usuario/Downloads/Automações/Climate-AgriTech-MLOps/.venv/lib/python3.12/site-packages/airflow/example_dags/tutorial.py
[2025-07-28T14:00:30.252-0300] {processor.py:830} INFO - Processing file /mnt/c/Users/Usuario/Downloads/Automações/Climate-AgriTech-MLOps/.venv/lib/python3.12/site-packages/airflow/example_dags/tutorial.py for tasks to queue
[2025-07-28T14:00:30.255-0300] {logging_mixin.py:188} INFO - [2025-07-28T14:00:30.253-0300] {dagbag.py:545} INFO - Filling up the DagBag from /mnt/c/Users/Usuario/Downloads/Automações/Climate-AgriTech-MLOps/.venv/lib/python3.12/site-packages/airflow/example_dags/tutorial.py
[2025-07-28T14:00:30.281-0300] {processor.py:840} INFO - DAG(s) 'tutorial' retrieved from /mnt/c/Users/Usuario/Downloads/Automações/Climate-AgriTech-MLOps/.venv/lib/python3.12/site-packages/airflow/example_dags/tutorial.py
[2025-07-28T14:00:30.323-0300] {logging_mixin.py:188} INFO - [2025-07-28T14:00:30.322-0300] {dag.py:3096} INFO - Sync 1 DAGs
[2025-07-28T14:00:30.361-0300] {logging_mixin.py:188} INFO - [2025-07-28T14:00:30.360-0300] {dag.py:3954} INFO - Setting next_dagrun for tutorial to 2025-07-27 00:00:00+00:00, run_after=2025-07-28 00:00:00+00:00
[2025-07-28T14:00:30.444-0300] {processor.py:183} INFO - Processing /mnt/c/Users/Usuario/Downloads/Automações/Climate-AgriTech-MLOps/.venv/lib/python3.12/site-packages/airflow/example_dags/tutorial.py took 0.208 seconds
[2025-07-28T14:01:17.935-0300] {processor.py:161} INFO - Started process (PID=9335) to work on /mnt/c/Users/Usuario/Downloads/Automações/Climate-AgriTech-MLOps/.venv/lib/python3.12/site-packages/airflow/example_dags/tutorial.py
[2025-07-28T14:01:17.938-0300] {processor.py:830} INFO - Processing file /mnt/c/Users/Usuario/Downloads/Automações/Climate-AgriTech-MLOps/.venv/lib/python3.12/site-packages/airflow/example_dags/tutorial.py for tasks to queue
[2025-07-28T14:01:17.941-0300] {logging_mixin.py:188} INFO - [2025-07-28T14:01:17.940-0300] {dagbag.py:545} INFO - Filling up the DagBag from /mnt/c/Users/Usuario/Downloads/Automações/Climate-AgriTech-MLOps/.venv/lib/python3.12/site-packages/airflow/example_dags/tutorial.py
[2025-07-28T14:01:17.966-0300] {processor.py:840} INFO - DAG(s) 'tutorial' retrieved from /mnt/c/Users/Usuario/Downloads/Automações/Climate-AgriTech-MLOps/.venv/lib/python3.12/site-packages/airflow/example_dags/tutorial.py
[2025-07-28T14:01:18.005-0300] {logging_mixin.py:188} INFO - [2025-07-28T14:01:18.004-0300] {dag.py:3096} INFO - Sync 1 DAGs
[2025-07-28T14:01:18.038-0300] {logging_mixin.py:188} INFO - [2025-07-28T14:01:18.037-0300] {dag.py:3954} INFO - Setting next_dagrun for tutorial to 2025-07-27 00:00:00+00:00, run_after=2025-07-28 00:00:00+00:00
[2025-07-28T14:01:18.147-0300] {processor.py:183} INFO - Processing /mnt/c/Users/Usuario/Downloads/Automações/Climate-AgriTech-MLOps/.venv/lib/python3.12/site-packages/airflow/example_dags/tutorial.py took 0.227 seconds
