[2025-07-28T12:48:37.632-0300] {processor.py:161} INFO - Started process (PID=7966) to work on /mnt/c/Users/Usuario/Downloads/Automações/Climate-AgriTech-MLOps/.venv/lib/python3.12/site-packages/airflow/example_dags/tutorial_dag.py
[2025-07-28T12:48:37.637-0300] {processor.py:830} INFO - Processing file /mnt/c/Users/Usuario/Downloads/Automações/Climate-AgriTech-MLOps/.venv/lib/python3.12/site-packages/airflow/example_dags/tutorial_dag.py for tasks to queue
[2025-07-28T12:48:37.650-0300] {logging_mixin.py:188} INFO - [2025-07-28T12:48:37.646-0300] {dagbag.py:545} INFO - Filling up the DagBag from /mnt/c/Users/Usuario/Downloads/Automações/Climate-AgriTech-MLOps/.venv/lib/python3.12/site-packages/airflow/example_dags/tutorial_dag.py
[2025-07-28T12:48:37.960-0300] {processor.py:840} INFO - DAG(s) 'tutorial_dag' retrieved from /mnt/c/Users/Usuario/Downloads/Automações/Climate-AgriTech-MLOps/.venv/lib/python3.12/site-packages/airflow/example_dags/tutorial_dag.py
[2025-07-28T12:48:41.480-0300] {logging_mixin.py:188} INFO - [2025-07-28T12:48:41.478-0300] {override.py:1829} INFO - Created Permission View: can read on DAG:tutorial_dag
[2025-07-28T12:48:41.585-0300] {logging_mixin.py:188} INFO - [2025-07-28T12:48:41.582-0300] {override.py:1829} INFO - Created Permission View: can edit on DAG:tutorial_dag
[2025-07-28T12:48:41.691-0300] {logging_mixin.py:188} INFO - [2025-07-28T12:48:41.688-0300] {override.py:1829} INFO - Created Permission View: can delete on DAG:tutorial_dag
[2025-07-28T12:48:41.698-0300] {logging_mixin.py:188} INFO - [2025-07-28T12:48:41.695-0300] {dag.py:3096} INFO - Sync 1 DAGs
[2025-07-28T12:48:41.754-0300] {logging_mixin.py:188} INFO - [2025-07-28T12:48:41.751-0300] {dag.py:3118} INFO - Creating ORM DAG for tutorial_dag
[2025-07-28T12:48:41.761-0300] {logging_mixin.py:188} INFO - [2025-07-28T12:48:41.758-0300] {dag.py:3954} INFO - Setting next_dagrun for tutorial_dag to None, run_after=None
[2025-07-28T12:48:41.963-0300] {processor.py:183} INFO - Processing /mnt/c/Users/Usuario/Downloads/Automações/Climate-AgriTech-MLOps/.venv/lib/python3.12/site-packages/airflow/example_dags/tutorial_dag.py took 4.368 seconds
[2025-07-28T12:57:00.543-0300] {processor.py:161} INFO - Started process (PID=8214) to work on /mnt/c/Users/Usuario/Downloads/Automações/Climate-AgriTech-MLOps/.venv/lib/python3.12/site-packages/airflow/example_dags/tutorial_dag.py
[2025-07-28T12:57:00.548-0300] {processor.py:830} INFO - Processing file /mnt/c/Users/Usuario/Downloads/Automações/Climate-AgriTech-MLOps/.venv/lib/python3.12/site-packages/airflow/example_dags/tutorial_dag.py for tasks to queue
[2025-07-28T12:57:00.558-0300] {logging_mixin.py:188} INFO - [2025-07-28T12:57:00.554-0300] {dagbag.py:545} INFO - Filling up the DagBag from /mnt/c/Users/Usuario/Downloads/Automações/Climate-AgriTech-MLOps/.venv/lib/python3.12/site-packages/airflow/example_dags/tutorial_dag.py
[2025-07-28T12:57:00.877-0300] {processor.py:840} INFO - DAG(s) 'tutorial_dag' retrieved from /mnt/c/Users/Usuario/Downloads/Automações/Climate-AgriTech-MLOps/.venv/lib/python3.12/site-packages/airflow/example_dags/tutorial_dag.py
[2025-07-28T12:57:05.080-0300] {logging_mixin.py:188} INFO - [2025-07-28T12:57:05.076-0300] {dag.py:3096} INFO - Sync 1 DAGs
[2025-07-28T12:57:05.114-0300] {logging_mixin.py:188} INFO - [2025-07-28T12:57:05.111-0300] {dag.py:3954} INFO - Setting next_dagrun for tutorial_dag to None, run_after=None
[2025-07-28T12:57:05.305-0300] {processor.py:183} INFO - Processing /mnt/c/Users/Usuario/Downloads/Automações/Climate-AgriTech-MLOps/.venv/lib/python3.12/site-packages/airflow/example_dags/tutorial_dag.py took 4.797 seconds
[2025-07-28T13:08:20.273-0300] {processor.py:161} INFO - Started process (PID=8644) to work on /mnt/c/Users/Usuario/Downloads/Automações/Climate-AgriTech-MLOps/.venv/lib/python3.12/site-packages/airflow/example_dags/tutorial_dag.py
[2025-07-28T13:08:20.291-0300] {processor.py:830} INFO - Processing file /mnt/c/Users/Usuario/Downloads/Automações/Climate-AgriTech-MLOps/.venv/lib/python3.12/site-packages/airflow/example_dags/tutorial_dag.py for tasks to queue
[2025-07-28T13:08:20.299-0300] {logging_mixin.py:188} INFO - [2025-07-28T13:08:20.295-0300] {dagbag.py:545} INFO - Filling up the DagBag from /mnt/c/Users/Usuario/Downloads/Automações/Climate-AgriTech-MLOps/.venv/lib/python3.12/site-packages/airflow/example_dags/tutorial_dag.py
[2025-07-28T13:08:20.377-0300] {processor.py:840} INFO - DAG(s) 'tutorial_dag' retrieved from /mnt/c/Users/Usuario/Downloads/Automações/Climate-AgriTech-MLOps/.venv/lib/python3.12/site-packages/airflow/example_dags/tutorial_dag.py
[2025-07-28T13:08:20.820-0300] {logging_mixin.py:188} INFO - [2025-07-28T13:08:20.817-0300] {dag.py:3096} INFO - Sync 1 DAGs
[2025-07-28T13:08:20.863-0300] {logging_mixin.py:188} INFO - [2025-07-28T13:08:20.860-0300] {dag.py:3954} INFO - Setting next_dagrun for tutorial_dag to None, run_after=None
[2025-07-28T13:08:21.061-0300] {processor.py:183} INFO - Processing /mnt/c/Users/Usuario/Downloads/Automações/Climate-AgriTech-MLOps/.venv/lib/python3.12/site-packages/airflow/example_dags/tutorial_dag.py took 0.825 seconds
[2025-07-28T13:46:08.418-0300] {processor.py:161} INFO - Started process (PID=8731) to work on /mnt/c/Users/Usuario/Downloads/Automações/Climate-AgriTech-MLOps/.venv/lib/python3.12/site-packages/airflow/example_dags/tutorial_dag.py
[2025-07-28T13:46:08.431-0300] {processor.py:830} INFO - Processing file /mnt/c/Users/Usuario/Downloads/Automações/Climate-AgriTech-MLOps/.venv/lib/python3.12/site-packages/airflow/example_dags/tutorial_dag.py for tasks to queue
[2025-07-28T13:46:08.436-0300] {logging_mixin.py:188} INFO - [2025-07-28T13:46:08.435-0300] {dagbag.py:545} INFO - Filling up the DagBag from /mnt/c/Users/Usuario/Downloads/Automações/Climate-AgriTech-MLOps/.venv/lib/python3.12/site-packages/airflow/example_dags/tutorial_dag.py
[2025-07-28T13:46:08.505-0300] {processor.py:840} INFO - DAG(s) 'tutorial_dag' retrieved from /mnt/c/Users/Usuario/Downloads/Automações/Climate-AgriTech-MLOps/.venv/lib/python3.12/site-packages/airflow/example_dags/tutorial_dag.py
[2025-07-28T13:46:08.575-0300] {logging_mixin.py:188} INFO - [2025-07-28T13:46:08.573-0300] {dag.py:3096} INFO - Sync 1 DAGs
[2025-07-28T13:46:08.597-0300] {logging_mixin.py:188} INFO - [2025-07-28T13:46:08.595-0300] {dag.py:3954} INFO - Setting next_dagrun for tutorial_dag to None, run_after=None
[2025-07-28T13:46:08.977-0300] {processor.py:183} INFO - Processing /mnt/c/Users/Usuario/Downloads/Automações/Climate-AgriTech-MLOps/.venv/lib/python3.12/site-packages/airflow/example_dags/tutorial_dag.py took 0.578 seconds
[2025-07-28T13:47:39.132-0300] {processor.py:161} INFO - Started process (PID=8782) to work on /mnt/c/Users/Usuario/Downloads/Automações/Climate-AgriTech-MLOps/.venv/lib/python3.12/site-packages/airflow/example_dags/tutorial_dag.py
[2025-07-28T13:47:39.137-0300] {processor.py:830} INFO - Processing file /mnt/c/Users/Usuario/Downloads/Automações/Climate-AgriTech-MLOps/.venv/lib/python3.12/site-packages/airflow/example_dags/tutorial_dag.py for tasks to queue
[2025-07-28T13:47:39.145-0300] {logging_mixin.py:188} INFO - [2025-07-28T13:47:39.141-0300] {dagbag.py:545} INFO - Filling up the DagBag from /mnt/c/Users/Usuario/Downloads/Automações/Climate-AgriTech-MLOps/.venv/lib/python3.12/site-packages/airflow/example_dags/tutorial_dag.py
[2025-07-28T13:47:39.203-0300] {processor.py:840} INFO - DAG(s) 'tutorial_dag' retrieved from /mnt/c/Users/Usuario/Downloads/Automações/Climate-AgriTech-MLOps/.venv/lib/python3.12/site-packages/airflow/example_dags/tutorial_dag.py
[2025-07-28T13:47:39.276-0300] {logging_mixin.py:188} INFO - [2025-07-28T13:47:39.274-0300] {dag.py:3096} INFO - Sync 1 DAGs
[2025-07-28T13:47:39.561-0300] {logging_mixin.py:188} INFO - [2025-07-28T13:47:39.559-0300] {dag.py:3954} INFO - Setting next_dagrun for tutorial_dag to None, run_after=None
[2025-07-28T13:47:39.738-0300] {processor.py:183} INFO - Processing /mnt/c/Users/Usuario/Downloads/Automações/Climate-AgriTech-MLOps/.venv/lib/python3.12/site-packages/airflow/example_dags/tutorial_dag.py took 0.637 seconds
[2025-07-28T13:49:14.139-0300] {processor.py:161} INFO - Started process (PID=8832) to work on /mnt/c/Users/Usuario/Downloads/Automações/Climate-AgriTech-MLOps/.venv/lib/python3.12/site-packages/airflow/example_dags/tutorial_dag.py
[2025-07-28T13:49:14.145-0300] {processor.py:830} INFO - Processing file /mnt/c/Users/Usuario/Downloads/Automações/Climate-AgriTech-MLOps/.venv/lib/python3.12/site-packages/airflow/example_dags/tutorial_dag.py for tasks to queue
[2025-07-28T13:49:14.152-0300] {logging_mixin.py:188} INFO - [2025-07-28T13:49:14.149-0300] {dagbag.py:545} INFO - Filling up the DagBag from /mnt/c/Users/Usuario/Downloads/Automações/Climate-AgriTech-MLOps/.venv/lib/python3.12/site-packages/airflow/example_dags/tutorial_dag.py
[2025-07-28T13:49:14.209-0300] {processor.py:840} INFO - DAG(s) 'tutorial_dag' retrieved from /mnt/c/Users/Usuario/Downloads/Automações/Climate-AgriTech-MLOps/.venv/lib/python3.12/site-packages/airflow/example_dags/tutorial_dag.py
[2025-07-28T13:49:14.275-0300] {logging_mixin.py:188} INFO - [2025-07-28T13:49:14.273-0300] {dag.py:3096} INFO - Sync 1 DAGs
[2025-07-28T13:49:14.308-0300] {logging_mixin.py:188} INFO - [2025-07-28T13:49:14.305-0300] {dag.py:3954} INFO - Setting next_dagrun for tutorial_dag to None, run_after=None
[2025-07-28T13:49:14.471-0300] {processor.py:183} INFO - Processing /mnt/c/Users/Usuario/Downloads/Automações/Climate-AgriTech-MLOps/.venv/lib/python3.12/site-packages/airflow/example_dags/tutorial_dag.py took 0.367 seconds
[2025-07-28T13:50:47.004-0300] {processor.py:161} INFO - Started process (PID=8886) to work on /mnt/c/Users/Usuario/Downloads/Automações/Climate-AgriTech-MLOps/.venv/lib/python3.12/site-packages/airflow/example_dags/tutorial_dag.py
[2025-07-28T13:50:47.009-0300] {processor.py:830} INFO - Processing file /mnt/c/Users/Usuario/Downloads/Automações/Climate-AgriTech-MLOps/.venv/lib/python3.12/site-packages/airflow/example_dags/tutorial_dag.py for tasks to queue
[2025-07-28T13:50:47.016-0300] {logging_mixin.py:188} INFO - [2025-07-28T13:50:47.013-0300] {dagbag.py:545} INFO - Filling up the DagBag from /mnt/c/Users/Usuario/Downloads/Automações/Climate-AgriTech-MLOps/.venv/lib/python3.12/site-packages/airflow/example_dags/tutorial_dag.py
[2025-07-28T13:50:47.071-0300] {processor.py:840} INFO - DAG(s) 'tutorial_dag' retrieved from /mnt/c/Users/Usuario/Downloads/Automações/Climate-AgriTech-MLOps/.venv/lib/python3.12/site-packages/airflow/example_dags/tutorial_dag.py
[2025-07-28T13:50:47.141-0300] {logging_mixin.py:188} INFO - [2025-07-28T13:50:47.138-0300] {dag.py:3096} INFO - Sync 1 DAGs
[2025-07-28T13:50:47.179-0300] {logging_mixin.py:188} INFO - [2025-07-28T13:50:47.176-0300] {dag.py:3954} INFO - Setting next_dagrun for tutorial_dag to None, run_after=None
[2025-07-28T13:50:47.339-0300] {processor.py:183} INFO - Processing /mnt/c/Users/Usuario/Downloads/Automações/Climate-AgriTech-MLOps/.venv/lib/python3.12/site-packages/airflow/example_dags/tutorial_dag.py took 0.374 seconds
[2025-07-28T13:52:19.317-0300] {processor.py:161} INFO - Started process (PID=8950) to work on /mnt/c/Users/Usuario/Downloads/Automações/Climate-AgriTech-MLOps/.venv/lib/python3.12/site-packages/airflow/example_dags/tutorial_dag.py
[2025-07-28T13:52:19.335-0300] {processor.py:830} INFO - Processing file /mnt/c/Users/Usuario/Downloads/Automações/Climate-AgriTech-MLOps/.venv/lib/python3.12/site-packages/airflow/example_dags/tutorial_dag.py for tasks to queue
[2025-07-28T13:52:19.344-0300] {logging_mixin.py:188} INFO - [2025-07-28T13:52:19.340-0300] {dagbag.py:545} INFO - Filling up the DagBag from /mnt/c/Users/Usuario/Downloads/Automações/Climate-AgriTech-MLOps/.venv/lib/python3.12/site-packages/airflow/example_dags/tutorial_dag.py
[2025-07-28T13:52:19.420-0300] {processor.py:840} INFO - DAG(s) 'tutorial_dag' retrieved from /mnt/c/Users/Usuario/Downloads/Automações/Climate-AgriTech-MLOps/.venv/lib/python3.12/site-packages/airflow/example_dags/tutorial_dag.py
[2025-07-28T13:52:19.512-0300] {logging_mixin.py:188} INFO - [2025-07-28T13:52:19.509-0300] {dag.py:3096} INFO - Sync 1 DAGs
[2025-07-28T13:52:19.554-0300] {logging_mixin.py:188} INFO - [2025-07-28T13:52:19.550-0300] {dag.py:3954} INFO - Setting next_dagrun for tutorial_dag to None, run_after=None
[2025-07-28T13:52:19.727-0300] {processor.py:183} INFO - Processing /mnt/c/Users/Usuario/Downloads/Automações/Climate-AgriTech-MLOps/.venv/lib/python3.12/site-packages/airflow/example_dags/tutorial_dag.py took 0.448 seconds
[2025-07-28T13:53:51.945-0300] {processor.py:161} INFO - Started process (PID=9001) to work on /mnt/c/Users/Usuario/Downloads/Automações/Climate-AgriTech-MLOps/.venv/lib/python3.12/site-packages/airflow/example_dags/tutorial_dag.py
[2025-07-28T13:53:51.951-0300] {processor.py:830} INFO - Processing file /mnt/c/Users/Usuario/Downloads/Automações/Climate-AgriTech-MLOps/.venv/lib/python3.12/site-packages/airflow/example_dags/tutorial_dag.py for tasks to queue
[2025-07-28T13:53:51.961-0300] {logging_mixin.py:188} INFO - [2025-07-28T13:53:51.957-0300] {dagbag.py:545} INFO - Filling up the DagBag from /mnt/c/Users/Usuario/Downloads/Automações/Climate-AgriTech-MLOps/.venv/lib/python3.12/site-packages/airflow/example_dags/tutorial_dag.py
[2025-07-28T13:53:52.032-0300] {processor.py:840} INFO - DAG(s) 'tutorial_dag' retrieved from /mnt/c/Users/Usuario/Downloads/Automações/Climate-AgriTech-MLOps/.venv/lib/python3.12/site-packages/airflow/example_dags/tutorial_dag.py
[2025-07-28T13:53:52.123-0300] {logging_mixin.py:188} INFO - [2025-07-28T13:53:52.120-0300] {dag.py:3096} INFO - Sync 1 DAGs
[2025-07-28T13:53:52.168-0300] {logging_mixin.py:188} INFO - [2025-07-28T13:53:52.164-0300] {dag.py:3954} INFO - Setting next_dagrun for tutorial_dag to None, run_after=None
[2025-07-28T13:53:52.382-0300] {processor.py:183} INFO - Processing /mnt/c/Users/Usuario/Downloads/Automações/Climate-AgriTech-MLOps/.venv/lib/python3.12/site-packages/airflow/example_dags/tutorial_dag.py took 0.481 seconds
[2025-07-28T13:55:26.842-0300] {processor.py:161} INFO - Started process (PID=9055) to work on /mnt/c/Users/Usuario/Downloads/Automações/Climate-AgriTech-MLOps/.venv/lib/python3.12/site-packages/airflow/example_dags/tutorial_dag.py
[2025-07-28T13:55:26.848-0300] {processor.py:830} INFO - Processing file /mnt/c/Users/Usuario/Downloads/Automações/Climate-AgriTech-MLOps/.venv/lib/python3.12/site-packages/airflow/example_dags/tutorial_dag.py for tasks to queue
[2025-07-28T13:55:26.856-0300] {logging_mixin.py:188} INFO - [2025-07-28T13:55:26.852-0300] {dagbag.py:545} INFO - Filling up the DagBag from /mnt/c/Users/Usuario/Downloads/Automações/Climate-AgriTech-MLOps/.venv/lib/python3.12/site-packages/airflow/example_dags/tutorial_dag.py
[2025-07-28T13:55:26.927-0300] {processor.py:840} INFO - DAG(s) 'tutorial_dag' retrieved from /mnt/c/Users/Usuario/Downloads/Automações/Climate-AgriTech-MLOps/.venv/lib/python3.12/site-packages/airflow/example_dags/tutorial_dag.py
[2025-07-28T13:55:27.015-0300] {logging_mixin.py:188} INFO - [2025-07-28T13:55:27.011-0300] {dag.py:3096} INFO - Sync 1 DAGs
[2025-07-28T13:55:27.059-0300] {logging_mixin.py:188} INFO - [2025-07-28T13:55:27.056-0300] {dag.py:3954} INFO - Setting next_dagrun for tutorial_dag to None, run_after=None
[2025-07-28T13:55:27.269-0300] {processor.py:183} INFO - Processing /mnt/c/Users/Usuario/Downloads/Automações/Climate-AgriTech-MLOps/.venv/lib/python3.12/site-packages/airflow/example_dags/tutorial_dag.py took 0.464 seconds
[2025-07-28T13:56:39.077-0300] {processor.py:161} INFO - Started process (PID=9110) to work on /mnt/c/Users/Usuario/Downloads/Automações/Climate-AgriTech-MLOps/.venv/lib/python3.12/site-packages/airflow/example_dags/tutorial_dag.py
[2025-07-28T13:56:39.080-0300] {processor.py:830} INFO - Processing file /mnt/c/Users/Usuario/Downloads/Automações/Climate-AgriTech-MLOps/.venv/lib/python3.12/site-packages/airflow/example_dags/tutorial_dag.py for tasks to queue
[2025-07-28T13:56:39.084-0300] {logging_mixin.py:188} INFO - [2025-07-28T13:56:39.082-0300] {dagbag.py:545} INFO - Filling up the DagBag from /mnt/c/Users/Usuario/Downloads/Automações/Climate-AgriTech-MLOps/.venv/lib/python3.12/site-packages/airflow/example_dags/tutorial_dag.py
[2025-07-28T13:56:39.110-0300] {processor.py:840} INFO - DAG(s) 'tutorial_dag' retrieved from /mnt/c/Users/Usuario/Downloads/Automações/Climate-AgriTech-MLOps/.venv/lib/python3.12/site-packages/airflow/example_dags/tutorial_dag.py
[2025-07-28T13:56:39.152-0300] {logging_mixin.py:188} INFO - [2025-07-28T13:56:39.150-0300] {dag.py:3096} INFO - Sync 1 DAGs
[2025-07-28T13:56:39.171-0300] {logging_mixin.py:188} INFO - [2025-07-28T13:56:39.169-0300] {dag.py:3954} INFO - Setting next_dagrun for tutorial_dag to None, run_after=None
[2025-07-28T13:56:39.277-0300] {processor.py:183} INFO - Processing /mnt/c/Users/Usuario/Downloads/Automações/Climate-AgriTech-MLOps/.venv/lib/python3.12/site-packages/airflow/example_dags/tutorial_dag.py took 0.218 seconds
[2025-07-28T13:57:32.291-0300] {processor.py:161} INFO - Started process (PID=9158) to work on /mnt/c/Users/Usuario/Downloads/Automações/Climate-AgriTech-MLOps/.venv/lib/python3.12/site-packages/airflow/example_dags/tutorial_dag.py
[2025-07-28T13:57:32.293-0300] {processor.py:830} INFO - Processing file /mnt/c/Users/Usuario/Downloads/Automações/Climate-AgriTech-MLOps/.venv/lib/python3.12/site-packages/airflow/example_dags/tutorial_dag.py for tasks to queue
[2025-07-28T13:57:32.297-0300] {logging_mixin.py:188} INFO - [2025-07-28T13:57:32.295-0300] {dagbag.py:545} INFO - Filling up the DagBag from /mnt/c/Users/Usuario/Downloads/Automações/Climate-AgriTech-MLOps/.venv/lib/python3.12/site-packages/airflow/example_dags/tutorial_dag.py
[2025-07-28T13:57:32.322-0300] {processor.py:840} INFO - DAG(s) 'tutorial_dag' retrieved from /mnt/c/Users/Usuario/Downloads/Automações/Climate-AgriTech-MLOps/.venv/lib/python3.12/site-packages/airflow/example_dags/tutorial_dag.py
[2025-07-28T13:57:32.359-0300] {logging_mixin.py:188} INFO - [2025-07-28T13:57:32.358-0300] {dag.py:3096} INFO - Sync 1 DAGs
[2025-07-28T13:57:32.378-0300] {logging_mixin.py:188} INFO - [2025-07-28T13:57:32.376-0300] {dag.py:3954} INFO - Setting next_dagrun for tutorial_dag to None, run_after=None
[2025-07-28T13:57:32.461-0300] {processor.py:183} INFO - Processing /mnt/c/Users/Usuario/Downloads/Automações/Climate-AgriTech-MLOps/.venv/lib/python3.12/site-packages/airflow/example_dags/tutorial_dag.py took 0.189 seconds
[2025-07-28T13:58:18.145-0300] {processor.py:161} INFO - Started process (PID=9198) to work on /mnt/c/Users/Usuario/Downloads/Automações/Climate-AgriTech-MLOps/.venv/lib/python3.12/site-packages/airflow/example_dags/tutorial_dag.py
[2025-07-28T13:58:18.147-0300] {processor.py:830} INFO - Processing file /mnt/c/Users/Usuario/Downloads/Automações/Climate-AgriTech-MLOps/.venv/lib/python3.12/site-packages/airflow/example_dags/tutorial_dag.py for tasks to queue
[2025-07-28T13:58:18.150-0300] {logging_mixin.py:188} INFO - [2025-07-28T13:58:18.149-0300] {dagbag.py:545} INFO - Filling up the DagBag from /mnt/c/Users/Usuario/Downloads/Automações/Climate-AgriTech-MLOps/.venv/lib/python3.12/site-packages/airflow/example_dags/tutorial_dag.py
[2025-07-28T13:58:18.176-0300] {processor.py:840} INFO - DAG(s) 'tutorial_dag' retrieved from /mnt/c/Users/Usuario/Downloads/Automações/Climate-AgriTech-MLOps/.venv/lib/python3.12/site-packages/airflow/example_dags/tutorial_dag.py
[2025-07-28T13:58:18.208-0300] {logging_mixin.py:188} INFO - [2025-07-28T13:58:18.207-0300] {dag.py:3096} INFO - Sync 1 DAGs
[2025-07-28T13:58:18.222-0300] {logging_mixin.py:188} INFO - [2025-07-28T13:58:18.221-0300] {dag.py:3954} INFO - Setting next_dagrun for tutorial_dag to None, run_after=None
[2025-07-28T13:58:18.322-0300] {processor.py:183} INFO - Processing /mnt/c/Users/Usuario/Downloads/Automações/Climate-AgriTech-MLOps/.venv/lib/python3.12/site-packages/airflow/example_dags/tutorial_dag.py took 0.190 seconds
[2025-07-28T13:59:29.857-0300] {processor.py:161} INFO - Started process (PID=9242) to work on /mnt/c/Users/Usuario/Downloads/Automações/Climate-AgriTech-MLOps/.venv/lib/python3.12/site-packages/airflow/example_dags/tutorial_dag.py
[2025-07-28T13:59:29.860-0300] {processor.py:830} INFO - Processing file /mnt/c/Users/Usuario/Downloads/Automações/Climate-AgriTech-MLOps/.venv/lib/python3.12/site-packages/airflow/example_dags/tutorial_dag.py for tasks to queue
[2025-07-28T13:59:29.864-0300] {logging_mixin.py:188} INFO - [2025-07-28T13:59:29.862-0300] {dagbag.py:545} INFO - Filling up the DagBag from /mnt/c/Users/Usuario/Downloads/Automações/Climate-AgriTech-MLOps/.venv/lib/python3.12/site-packages/airflow/example_dags/tutorial_dag.py
[2025-07-28T13:59:29.891-0300] {processor.py:840} INFO - DAG(s) 'tutorial_dag' retrieved from /mnt/c/Users/Usuario/Downloads/Automações/Climate-AgriTech-MLOps/.venv/lib/python3.12/site-packages/airflow/example_dags/tutorial_dag.py
[2025-07-28T13:59:29.934-0300] {logging_mixin.py:188} INFO - [2025-07-28T13:59:29.933-0300] {dag.py:3096} INFO - Sync 1 DAGs
[2025-07-28T13:59:29.951-0300] {logging_mixin.py:188} INFO - [2025-07-28T13:59:29.949-0300] {dag.py:3954} INFO - Setting next_dagrun for tutorial_dag to None, run_after=None
[2025-07-28T13:59:30.056-0300] {processor.py:183} INFO - Processing /mnt/c/Users/Usuario/Downloads/Automações/Climate-AgriTech-MLOps/.venv/lib/python3.12/site-packages/airflow/example_dags/tutorial_dag.py took 0.216 seconds
[2025-07-28T14:00:28.828-0300] {processor.py:161} INFO - Started process (PID=9292) to work on /mnt/c/Users/Usuario/Downloads/Automações/Climate-AgriTech-MLOps/.venv/lib/python3.12/site-packages/airflow/example_dags/tutorial_dag.py
[2025-07-28T14:00:28.830-0300] {processor.py:830} INFO - Processing file /mnt/c/Users/Usuario/Downloads/Automações/Climate-AgriTech-MLOps/.venv/lib/python3.12/site-packages/airflow/example_dags/tutorial_dag.py for tasks to queue
[2025-07-28T14:00:28.833-0300] {logging_mixin.py:188} INFO - [2025-07-28T14:00:28.831-0300] {dagbag.py:545} INFO - Filling up the DagBag from /mnt/c/Users/Usuario/Downloads/Automações/Climate-AgriTech-MLOps/.venv/lib/python3.12/site-packages/airflow/example_dags/tutorial_dag.py
[2025-07-28T14:00:28.859-0300] {processor.py:840} INFO - DAG(s) 'tutorial_dag' retrieved from /mnt/c/Users/Usuario/Downloads/Automações/Climate-AgriTech-MLOps/.venv/lib/python3.12/site-packages/airflow/example_dags/tutorial_dag.py
[2025-07-28T14:00:28.903-0300] {logging_mixin.py:188} INFO - [2025-07-28T14:00:28.902-0300] {dag.py:3096} INFO - Sync 1 DAGs
[2025-07-28T14:00:28.921-0300] {logging_mixin.py:188} INFO - [2025-07-28T14:00:28.919-0300] {dag.py:3954} INFO - Setting next_dagrun for tutorial_dag to None, run_after=None
[2025-07-28T14:00:29.028-0300] {processor.py:183} INFO - Processing /mnt/c/Users/Usuario/Downloads/Automações/Climate-AgriTech-MLOps/.venv/lib/python3.12/site-packages/airflow/example_dags/tutorial_dag.py took 0.215 seconds
[2025-07-28T14:01:16.520-0300] {processor.py:161} INFO - Started process (PID=9334) to work on /mnt/c/Users/Usuario/Downloads/Automações/Climate-AgriTech-MLOps/.venv/lib/python3.12/site-packages/airflow/example_dags/tutorial_dag.py
[2025-07-28T14:01:16.523-0300] {processor.py:830} INFO - Processing file /mnt/c/Users/Usuario/Downloads/Automações/Climate-AgriTech-MLOps/.venv/lib/python3.12/site-packages/airflow/example_dags/tutorial_dag.py for tasks to queue
[2025-07-28T14:01:16.526-0300] {logging_mixin.py:188} INFO - [2025-07-28T14:01:16.525-0300] {dagbag.py:545} INFO - Filling up the DagBag from /mnt/c/Users/Usuario/Downloads/Automações/Climate-AgriTech-MLOps/.venv/lib/python3.12/site-packages/airflow/example_dags/tutorial_dag.py
[2025-07-28T14:01:16.551-0300] {processor.py:840} INFO - DAG(s) 'tutorial_dag' retrieved from /mnt/c/Users/Usuario/Downloads/Automações/Climate-AgriTech-MLOps/.venv/lib/python3.12/site-packages/airflow/example_dags/tutorial_dag.py
[2025-07-28T14:01:16.590-0300] {logging_mixin.py:188} INFO - [2025-07-28T14:01:16.589-0300] {dag.py:3096} INFO - Sync 1 DAGs
[2025-07-28T14:01:16.607-0300] {logging_mixin.py:188} INFO - [2025-07-28T14:01:16.605-0300] {dag.py:3954} INFO - Setting next_dagrun for tutorial_dag to None, run_after=None
[2025-07-28T14:01:16.703-0300] {processor.py:183} INFO - Processing /mnt/c/Users/Usuario/Downloads/Automações/Climate-AgriTech-MLOps/.venv/lib/python3.12/site-packages/airflow/example_dags/tutorial_dag.py took 0.199 seconds
