[2025-07-28T12:47:41.235-0300] {processor.py:161} INFO - Started process (PID=7940) to work on /mnt/c/Users/Usuario/Downloads/Automações/Climate-AgriTech-MLOps/.venv/lib/python3.12/site-packages/airflow/example_dags/plugins/workday.py
[2025-07-28T12:47:41.240-0300] {processor.py:830} INFO - Processing file /mnt/c/Users/Usuario/Downloads/Automações/Climate-AgriTech-MLOps/.venv/lib/python3.12/site-packages/airflow/example_dags/plugins/workday.py for tasks to queue
[2025-07-28T12:47:41.249-0300] {logging_mixin.py:188} INFO - [2025-07-28T12:47:41.246-0300] {dagbag.py:545} INFO - Filling up the DagBag from /mnt/c/Users/Usuario/Downloads/Automações/Climate-AgriTech-MLOps/.venv/lib/python3.12/site-packages/airflow/example_dags/plugins/workday.py
[2025-07-28T12:48:07.486-0300] {processor.py:842} WARNING - No viable dags retrieved from /mnt/c/Users/Usuario/Downloads/Automações/Climate-AgriTech-MLOps/.venv/lib/python3.12/site-packages/airflow/example_dags/plugins/workday.py
[2025-07-28T12:48:07.536-0300] {processor.py:183} INFO - Processing /mnt/c/Users/Usuario/Downloads/Automações/Climate-AgriTech-MLOps/.venv/lib/python3.12/site-packages/airflow/example_dags/plugins/workday.py took 26.844 seconds
[2025-07-28T12:56:26.105-0300] {processor.py:161} INFO - Started process (PID=8189) to work on /mnt/c/Users/Usuario/Downloads/Automações/Climate-AgriTech-MLOps/.venv/lib/python3.12/site-packages/airflow/example_dags/plugins/workday.py
[2025-07-28T12:56:26.111-0300] {processor.py:830} INFO - Processing file /mnt/c/Users/Usuario/Downloads/Automações/Climate-AgriTech-MLOps/.venv/lib/python3.12/site-packages/airflow/example_dags/plugins/workday.py for tasks to queue
[2025-07-28T12:56:26.121-0300] {logging_mixin.py:188} INFO - [2025-07-28T12:56:26.117-0300] {dagbag.py:545} INFO - Filling up the DagBag from /mnt/c/Users/Usuario/Downloads/Automações/Climate-AgriTech-MLOps/.venv/lib/python3.12/site-packages/airflow/example_dags/plugins/workday.py
[2025-07-28T12:56:35.749-0300] {processor.py:842} WARNING - No viable dags retrieved from /mnt/c/Users/Usuario/Downloads/Automações/Climate-AgriTech-MLOps/.venv/lib/python3.12/site-packages/airflow/example_dags/plugins/workday.py
[2025-07-28T12:56:35.800-0300] {processor.py:183} INFO - Processing /mnt/c/Users/Usuario/Downloads/Automações/Climate-AgriTech-MLOps/.venv/lib/python3.12/site-packages/airflow/example_dags/plugins/workday.py took 9.734 seconds
[2025-07-28T13:07:54.264-0300] {processor.py:161} INFO - Started process (PID=8633) to work on /mnt/c/Users/Usuario/Downloads/Automações/Climate-AgriTech-MLOps/.venv/lib/python3.12/site-packages/airflow/example_dags/plugins/workday.py
[2025-07-28T13:07:54.271-0300] {processor.py:830} INFO - Processing file /mnt/c/Users/Usuario/Downloads/Automações/Climate-AgriTech-MLOps/.venv/lib/python3.12/site-packages/airflow/example_dags/plugins/workday.py for tasks to queue
[2025-07-28T13:07:54.279-0300] {logging_mixin.py:188} INFO - [2025-07-28T13:07:54.275-0300] {dagbag.py:545} INFO - Filling up the DagBag from /mnt/c/Users/Usuario/Downloads/Automações/Climate-AgriTech-MLOps/.venv/lib/python3.12/site-packages/airflow/example_dags/plugins/workday.py
[2025-07-28T13:08:04.581-0300] {processor.py:842} WARNING - No viable dags retrieved from /mnt/c/Users/Usuario/Downloads/Automações/Climate-AgriTech-MLOps/.venv/lib/python3.12/site-packages/airflow/example_dags/plugins/workday.py
[2025-07-28T13:08:04.632-0300] {processor.py:183} INFO - Processing /mnt/c/Users/Usuario/Downloads/Automações/Climate-AgriTech-MLOps/.venv/lib/python3.12/site-packages/airflow/example_dags/plugins/workday.py took 10.405 seconds
[2025-07-28T13:45:51.597-0300] {processor.py:161} INFO - Started process (PID=8716) to work on /mnt/c/Users/Usuario/Downloads/Automações/Climate-AgriTech-MLOps/.venv/lib/python3.12/site-packages/airflow/example_dags/plugins/workday.py
[2025-07-28T13:45:51.601-0300] {processor.py:830} INFO - Processing file /mnt/c/Users/Usuario/Downloads/Automações/Climate-AgriTech-MLOps/.venv/lib/python3.12/site-packages/airflow/example_dags/plugins/workday.py for tasks to queue
[2025-07-28T13:45:51.605-0300] {logging_mixin.py:188} INFO - [2025-07-28T13:45:51.603-0300] {dagbag.py:545} INFO - Filling up the DagBag from /mnt/c/Users/Usuario/Downloads/Automações/Climate-AgriTech-MLOps/.venv/lib/python3.12/site-packages/airflow/example_dags/plugins/workday.py
[2025-07-28T13:45:58.149-0300] {processor.py:842} WARNING - No viable dags retrieved from /mnt/c/Users/Usuario/Downloads/Automações/Climate-AgriTech-MLOps/.venv/lib/python3.12/site-packages/airflow/example_dags/plugins/workday.py
[2025-07-28T13:45:58.185-0300] {processor.py:183} INFO - Processing /mnt/c/Users/Usuario/Downloads/Automações/Climate-AgriTech-MLOps/.venv/lib/python3.12/site-packages/airflow/example_dags/plugins/workday.py took 6.608 seconds
[2025-07-28T13:47:17.098-0300] {processor.py:161} INFO - Started process (PID=8771) to work on /mnt/c/Users/Usuario/Downloads/Automações/Climate-AgriTech-MLOps/.venv/lib/python3.12/site-packages/airflow/example_dags/plugins/workday.py
[2025-07-28T13:47:17.104-0300] {processor.py:830} INFO - Processing file /mnt/c/Users/Usuario/Downloads/Automações/Climate-AgriTech-MLOps/.venv/lib/python3.12/site-packages/airflow/example_dags/plugins/workday.py for tasks to queue
[2025-07-28T13:47:17.111-0300] {logging_mixin.py:188} INFO - [2025-07-28T13:47:17.108-0300] {dagbag.py:545} INFO - Filling up the DagBag from /mnt/c/Users/Usuario/Downloads/Automações/Climate-AgriTech-MLOps/.venv/lib/python3.12/site-packages/airflow/example_dags/plugins/workday.py
[2025-07-28T13:47:26.473-0300] {processor.py:842} WARNING - No viable dags retrieved from /mnt/c/Users/Usuario/Downloads/Automações/Climate-AgriTech-MLOps/.venv/lib/python3.12/site-packages/airflow/example_dags/plugins/workday.py
[2025-07-28T13:47:26.516-0300] {processor.py:183} INFO - Processing /mnt/c/Users/Usuario/Downloads/Automações/Climate-AgriTech-MLOps/.venv/lib/python3.12/site-packages/airflow/example_dags/plugins/workday.py took 9.455 seconds
[2025-07-28T13:48:54.711-0300] {processor.py:161} INFO - Started process (PID=8821) to work on /mnt/c/Users/Usuario/Downloads/Automações/Climate-AgriTech-MLOps/.venv/lib/python3.12/site-packages/airflow/example_dags/plugins/workday.py
[2025-07-28T13:48:54.717-0300] {processor.py:830} INFO - Processing file /mnt/c/Users/Usuario/Downloads/Automações/Climate-AgriTech-MLOps/.venv/lib/python3.12/site-packages/airflow/example_dags/plugins/workday.py for tasks to queue
[2025-07-28T13:48:54.725-0300] {logging_mixin.py:188} INFO - [2025-07-28T13:48:54.721-0300] {dagbag.py:545} INFO - Filling up the DagBag from /mnt/c/Users/Usuario/Downloads/Automações/Climate-AgriTech-MLOps/.venv/lib/python3.12/site-packages/airflow/example_dags/plugins/workday.py
[2025-07-28T13:49:03.496-0300] {processor.py:842} WARNING - No viable dags retrieved from /mnt/c/Users/Usuario/Downloads/Automações/Climate-AgriTech-MLOps/.venv/lib/python3.12/site-packages/airflow/example_dags/plugins/workday.py
[2025-07-28T13:49:03.556-0300] {processor.py:183} INFO - Processing /mnt/c/Users/Usuario/Downloads/Automações/Climate-AgriTech-MLOps/.venv/lib/python3.12/site-packages/airflow/example_dags/plugins/workday.py took 8.884 seconds
[2025-07-28T13:50:27.303-0300] {processor.py:161} INFO - Started process (PID=8872) to work on /mnt/c/Users/Usuario/Downloads/Automações/Climate-AgriTech-MLOps/.venv/lib/python3.12/site-packages/airflow/example_dags/plugins/workday.py
[2025-07-28T13:50:27.309-0300] {processor.py:830} INFO - Processing file /mnt/c/Users/Usuario/Downloads/Automações/Climate-AgriTech-MLOps/.venv/lib/python3.12/site-packages/airflow/example_dags/plugins/workday.py for tasks to queue
[2025-07-28T13:50:27.316-0300] {logging_mixin.py:188} INFO - [2025-07-28T13:50:27.313-0300] {dagbag.py:545} INFO - Filling up the DagBag from /mnt/c/Users/Usuario/Downloads/Automações/Climate-AgriTech-MLOps/.venv/lib/python3.12/site-packages/airflow/example_dags/plugins/workday.py
[2025-07-28T13:50:36.421-0300] {processor.py:842} WARNING - No viable dags retrieved from /mnt/c/Users/Usuario/Downloads/Automações/Climate-AgriTech-MLOps/.venv/lib/python3.12/site-packages/airflow/example_dags/plugins/workday.py
[2025-07-28T13:50:36.475-0300] {processor.py:183} INFO - Processing /mnt/c/Users/Usuario/Downloads/Automações/Climate-AgriTech-MLOps/.venv/lib/python3.12/site-packages/airflow/example_dags/plugins/workday.py took 9.211 seconds
[2025-07-28T13:51:59.877-0300] {processor.py:161} INFO - Started process (PID=8935) to work on /mnt/c/Users/Usuario/Downloads/Automações/Climate-AgriTech-MLOps/.venv/lib/python3.12/site-packages/airflow/example_dags/plugins/workday.py
[2025-07-28T13:51:59.882-0300] {processor.py:830} INFO - Processing file /mnt/c/Users/Usuario/Downloads/Automações/Climate-AgriTech-MLOps/.venv/lib/python3.12/site-packages/airflow/example_dags/plugins/workday.py for tasks to queue
[2025-07-28T13:51:59.888-0300] {logging_mixin.py:188} INFO - [2025-07-28T13:51:59.886-0300] {dagbag.py:545} INFO - Filling up the DagBag from /mnt/c/Users/Usuario/Downloads/Automações/Climate-AgriTech-MLOps/.venv/lib/python3.12/site-packages/airflow/example_dags/plugins/workday.py
[2025-07-28T13:52:08.597-0300] {processor.py:842} WARNING - No viable dags retrieved from /mnt/c/Users/Usuario/Downloads/Automações/Climate-AgriTech-MLOps/.venv/lib/python3.12/site-packages/airflow/example_dags/plugins/workday.py
[2025-07-28T13:52:08.667-0300] {processor.py:183} INFO - Processing /mnt/c/Users/Usuario/Downloads/Automações/Climate-AgriTech-MLOps/.venv/lib/python3.12/site-packages/airflow/example_dags/plugins/workday.py took 8.824 seconds
[2025-07-28T13:53:29.453-0300] {processor.py:161} INFO - Started process (PID=8990) to work on /mnt/c/Users/Usuario/Downloads/Automações/Climate-AgriTech-MLOps/.venv/lib/python3.12/site-packages/airflow/example_dags/plugins/workday.py
[2025-07-28T13:53:29.459-0300] {processor.py:830} INFO - Processing file /mnt/c/Users/Usuario/Downloads/Automações/Climate-AgriTech-MLOps/.venv/lib/python3.12/site-packages/airflow/example_dags/plugins/workday.py for tasks to queue
[2025-07-28T13:53:29.469-0300] {logging_mixin.py:188} INFO - [2025-07-28T13:53:29.465-0300] {dagbag.py:545} INFO - Filling up the DagBag from /mnt/c/Users/Usuario/Downloads/Automações/Climate-AgriTech-MLOps/.venv/lib/python3.12/site-packages/airflow/example_dags/plugins/workday.py
[2025-07-28T13:53:39.168-0300] {processor.py:842} WARNING - No viable dags retrieved from /mnt/c/Users/Usuario/Downloads/Automações/Climate-AgriTech-MLOps/.venv/lib/python3.12/site-packages/airflow/example_dags/plugins/workday.py
[2025-07-28T13:53:39.226-0300] {processor.py:183} INFO - Processing /mnt/c/Users/Usuario/Downloads/Automações/Climate-AgriTech-MLOps/.venv/lib/python3.12/site-packages/airflow/example_dags/plugins/workday.py took 9.815 seconds
[2025-07-28T13:55:03.796-0300] {processor.py:161} INFO - Started process (PID=9038) to work on /mnt/c/Users/Usuario/Downloads/Automações/Climate-AgriTech-MLOps/.venv/lib/python3.12/site-packages/airflow/example_dags/plugins/workday.py
[2025-07-28T13:55:03.801-0300] {processor.py:830} INFO - Processing file /mnt/c/Users/Usuario/Downloads/Automações/Climate-AgriTech-MLOps/.venv/lib/python3.12/site-packages/airflow/example_dags/plugins/workday.py for tasks to queue
[2025-07-28T13:55:03.806-0300] {logging_mixin.py:188} INFO - [2025-07-28T13:55:03.803-0300] {dagbag.py:545} INFO - Filling up the DagBag from /mnt/c/Users/Usuario/Downloads/Automações/Climate-AgriTech-MLOps/.venv/lib/python3.12/site-packages/airflow/example_dags/plugins/workday.py
[2025-07-28T13:55:13.978-0300] {processor.py:842} WARNING - No viable dags retrieved from /mnt/c/Users/Usuario/Downloads/Automações/Climate-AgriTech-MLOps/.venv/lib/python3.12/site-packages/airflow/example_dags/plugins/workday.py
[2025-07-28T13:55:14.044-0300] {processor.py:183} INFO - Processing /mnt/c/Users/Usuario/Downloads/Automações/Climate-AgriTech-MLOps/.venv/lib/python3.12/site-packages/airflow/example_dags/plugins/workday.py took 10.278 seconds
[2025-07-28T13:56:26.737-0300] {processor.py:161} INFO - Started process (PID=9097) to work on /mnt/c/Users/Usuario/Downloads/Automações/Climate-AgriTech-MLOps/.venv/lib/python3.12/site-packages/airflow/example_dags/plugins/workday.py
[2025-07-28T13:56:26.740-0300] {processor.py:830} INFO - Processing file /mnt/c/Users/Usuario/Downloads/Automações/Climate-AgriTech-MLOps/.venv/lib/python3.12/site-packages/airflow/example_dags/plugins/workday.py for tasks to queue
[2025-07-28T13:56:26.743-0300] {logging_mixin.py:188} INFO - [2025-07-28T13:56:26.742-0300] {dagbag.py:545} INFO - Filling up the DagBag from /mnt/c/Users/Usuario/Downloads/Automações/Climate-AgriTech-MLOps/.venv/lib/python3.12/site-packages/airflow/example_dags/plugins/workday.py
[2025-07-28T13:56:30.119-0300] {processor.py:842} WARNING - No viable dags retrieved from /mnt/c/Users/Usuario/Downloads/Automações/Climate-AgriTech-MLOps/.venv/lib/python3.12/site-packages/airflow/example_dags/plugins/workday.py
[2025-07-28T13:56:30.149-0300] {processor.py:183} INFO - Processing /mnt/c/Users/Usuario/Downloads/Automações/Climate-AgriTech-MLOps/.venv/lib/python3.12/site-packages/airflow/example_dags/plugins/workday.py took 3.427 seconds
[2025-07-28T13:57:19.412-0300] {processor.py:161} INFO - Started process (PID=9147) to work on /mnt/c/Users/Usuario/Downloads/Automações/Climate-AgriTech-MLOps/.venv/lib/python3.12/site-packages/airflow/example_dags/plugins/workday.py
[2025-07-28T13:57:19.414-0300] {processor.py:830} INFO - Processing file /mnt/c/Users/Usuario/Downloads/Automações/Climate-AgriTech-MLOps/.venv/lib/python3.12/site-packages/airflow/example_dags/plugins/workday.py for tasks to queue
[2025-07-28T13:57:19.418-0300] {logging_mixin.py:188} INFO - [2025-07-28T13:57:19.416-0300] {dagbag.py:545} INFO - Filling up the DagBag from /mnt/c/Users/Usuario/Downloads/Automações/Climate-AgriTech-MLOps/.venv/lib/python3.12/site-packages/airflow/example_dags/plugins/workday.py
[2025-07-28T13:57:22.756-0300] {processor.py:842} WARNING - No viable dags retrieved from /mnt/c/Users/Usuario/Downloads/Automações/Climate-AgriTech-MLOps/.venv/lib/python3.12/site-packages/airflow/example_dags/plugins/workday.py
[2025-07-28T13:57:22.782-0300] {processor.py:183} INFO - Processing /mnt/c/Users/Usuario/Downloads/Automações/Climate-AgriTech-MLOps/.venv/lib/python3.12/site-packages/airflow/example_dags/plugins/workday.py took 3.385 seconds
[2025-07-28T13:58:05.213-0300] {processor.py:161} INFO - Started process (PID=9185) to work on /mnt/c/Users/Usuario/Downloads/Automações/Climate-AgriTech-MLOps/.venv/lib/python3.12/site-packages/airflow/example_dags/plugins/workday.py
[2025-07-28T13:58:05.215-0300] {processor.py:830} INFO - Processing file /mnt/c/Users/Usuario/Downloads/Automações/Climate-AgriTech-MLOps/.venv/lib/python3.12/site-packages/airflow/example_dags/plugins/workday.py for tasks to queue
[2025-07-28T13:58:05.218-0300] {logging_mixin.py:188} INFO - [2025-07-28T13:58:05.217-0300] {dagbag.py:545} INFO - Filling up the DagBag from /mnt/c/Users/Usuario/Downloads/Automações/Climate-AgriTech-MLOps/.venv/lib/python3.12/site-packages/airflow/example_dags/plugins/workday.py
[2025-07-28T13:58:08.602-0300] {processor.py:842} WARNING - No viable dags retrieved from /mnt/c/Users/Usuario/Downloads/Automações/Climate-AgriTech-MLOps/.venv/lib/python3.12/site-packages/airflow/example_dags/plugins/workday.py
[2025-07-28T13:58:08.634-0300] {processor.py:183} INFO - Processing /mnt/c/Users/Usuario/Downloads/Automações/Climate-AgriTech-MLOps/.venv/lib/python3.12/site-packages/airflow/example_dags/plugins/workday.py took 3.435 seconds
[2025-07-28T13:59:09.818-0300] {processor.py:161} INFO - Started process (PID=9229) to work on /mnt/c/Users/Usuario/Downloads/Automações/Climate-AgriTech-MLOps/.venv/lib/python3.12/site-packages/airflow/example_dags/plugins/workday.py
[2025-07-28T13:59:09.823-0300] {processor.py:830} INFO - Processing file /mnt/c/Users/Usuario/Downloads/Automações/Climate-AgriTech-MLOps/.venv/lib/python3.12/site-packages/airflow/example_dags/plugins/workday.py for tasks to queue
[2025-07-28T13:59:09.831-0300] {logging_mixin.py:188} INFO - [2025-07-28T13:59:09.828-0300] {dagbag.py:545} INFO - Filling up the DagBag from /mnt/c/Users/Usuario/Downloads/Automações/Climate-AgriTech-MLOps/.venv/lib/python3.12/site-packages/airflow/example_dags/plugins/workday.py
[2025-07-28T13:59:19.269-0300] {processor.py:842} WARNING - No viable dags retrieved from /mnt/c/Users/Usuario/Downloads/Automações/Climate-AgriTech-MLOps/.venv/lib/python3.12/site-packages/airflow/example_dags/plugins/workday.py
[2025-07-28T13:59:19.344-0300] {processor.py:183} INFO - Processing /mnt/c/Users/Usuario/Downloads/Automações/Climate-AgriTech-MLOps/.venv/lib/python3.12/site-packages/airflow/example_dags/plugins/workday.py took 9.561 seconds
[2025-07-28T14:00:17.959-0300] {processor.py:161} INFO - Started process (PID=9281) to work on /mnt/c/Users/Usuario/Downloads/Automações/Climate-AgriTech-MLOps/.venv/lib/python3.12/site-packages/airflow/example_dags/plugins/workday.py
[2025-07-28T14:00:17.961-0300] {processor.py:830} INFO - Processing file /mnt/c/Users/Usuario/Downloads/Automações/Climate-AgriTech-MLOps/.venv/lib/python3.12/site-packages/airflow/example_dags/plugins/workday.py for tasks to queue
[2025-07-28T14:00:17.964-0300] {logging_mixin.py:188} INFO - [2025-07-28T14:00:17.963-0300] {dagbag.py:545} INFO - Filling up the DagBag from /mnt/c/Users/Usuario/Downloads/Automações/Climate-AgriTech-MLOps/.venv/lib/python3.12/site-packages/airflow/example_dags/plugins/workday.py
[2025-07-28T14:00:21.398-0300] {processor.py:842} WARNING - No viable dags retrieved from /mnt/c/Users/Usuario/Downloads/Automações/Climate-AgriTech-MLOps/.venv/lib/python3.12/site-packages/airflow/example_dags/plugins/workday.py
[2025-07-28T14:00:21.425-0300] {processor.py:183} INFO - Processing /mnt/c/Users/Usuario/Downloads/Automações/Climate-AgriTech-MLOps/.venv/lib/python3.12/site-packages/airflow/example_dags/plugins/workday.py took 3.481 seconds
[2025-07-28T14:01:04.878-0300] {processor.py:161} INFO - Started process (PID=9323) to work on /mnt/c/Users/Usuario/Downloads/Automações/Climate-AgriTech-MLOps/.venv/lib/python3.12/site-packages/airflow/example_dags/plugins/workday.py
[2025-07-28T14:01:04.880-0300] {processor.py:830} INFO - Processing file /mnt/c/Users/Usuario/Downloads/Automações/Climate-AgriTech-MLOps/.venv/lib/python3.12/site-packages/airflow/example_dags/plugins/workday.py for tasks to queue
[2025-07-28T14:01:04.883-0300] {logging_mixin.py:188} INFO - [2025-07-28T14:01:04.882-0300] {dagbag.py:545} INFO - Filling up the DagBag from /mnt/c/Users/Usuario/Downloads/Automações/Climate-AgriTech-MLOps/.venv/lib/python3.12/site-packages/airflow/example_dags/plugins/workday.py
[2025-07-28T14:01:08.245-0300] {processor.py:842} WARNING - No viable dags retrieved from /mnt/c/Users/Usuario/Downloads/Automações/Climate-AgriTech-MLOps/.venv/lib/python3.12/site-packages/airflow/example_dags/plugins/workday.py
[2025-07-28T14:01:08.271-0300] {processor.py:183} INFO - Processing /mnt/c/Users/Usuario/Downloads/Automações/Climate-AgriTech-MLOps/.venv/lib/python3.12/site-packages/airflow/example_dags/plugins/workday.py took 3.408 seconds
[2025-07-28T14:01:49.483-0300] {processor.py:161} INFO - Started process (PID=9362) to work on /mnt/c/Users/Usuario/Downloads/Automações/Climate-AgriTech-MLOps/.venv/lib/python3.12/site-packages/airflow/example_dags/plugins/workday.py
[2025-07-28T14:01:49.486-0300] {processor.py:830} INFO - Processing file /mnt/c/Users/Usuario/Downloads/Automações/Climate-AgriTech-MLOps/.venv/lib/python3.12/site-packages/airflow/example_dags/plugins/workday.py for tasks to queue
[2025-07-28T14:01:49.490-0300] {logging_mixin.py:188} INFO - [2025-07-28T14:01:49.488-0300] {dagbag.py:545} INFO - Filling up the DagBag from /mnt/c/Users/Usuario/Downloads/Automações/Climate-AgriTech-MLOps/.venv/lib/python3.12/site-packages/airflow/example_dags/plugins/workday.py
[2025-07-28T14:01:52.967-0300] {processor.py:842} WARNING - No viable dags retrieved from /mnt/c/Users/Usuario/Downloads/Automações/Climate-AgriTech-MLOps/.venv/lib/python3.12/site-packages/airflow/example_dags/plugins/workday.py
[2025-07-28T14:01:52.994-0300] {processor.py:183} INFO - Processing /mnt/c/Users/Usuario/Downloads/Automações/Climate-AgriTech-MLOps/.venv/lib/python3.12/site-packages/airflow/example_dags/plugins/workday.py took 3.527 seconds
