[2025-07-28T13:04:32.676-0300] {local_task_job_runner.py:120} INFO - ::group::Pre task execution logs
[2025-07-28T13:04:33.041-0300] {taskinstance.py:2076} INFO - Dependencies all met for dep_context=non-requeueable deps ti=<TaskInstance: climate_agritech_pipeline_final.train_xgboost_task manual__2025-07-28T15:57:20.716420+00:00 [queued]>
[2025-07-28T13:04:33.073-0300] {taskinstance.py:2076} INFO - Dependencies all met for dep_context=requeueable deps ti=<TaskInstance: climate_agritech_pipeline_final.train_xgboost_task manual__2025-07-28T15:57:20.716420+00:00 [queued]>
[2025-07-28T13:04:33.075-0300] {taskinstance.py:2306} INFO - Starting attempt 1 of 1
[2025-07-28T13:04:33.167-0300] {taskinstance.py:2330} INFO - Executing <Task(PythonOperator): train_xgboost_task> on 2025-07-28 15:57:20.716420+00:00
[2025-07-28T13:04:33.191-0300] {standard_task_runner.py:90} INFO - Running: ['airflow', 'tasks', 'run', 'climate_agritech_pipeline_final', 'train_xgboost_task', 'manual__2025-07-28T15:57:20.716420+00:00', '--job-id', '7', '--raw', '--subdir', 'DAGS_FOLDER/dags.py', '--cfg-path', '/tmp/tmpu4tshlv9']
[2025-07-28T13:04:33.197-0300] {standard_task_runner.py:91} INFO - Job 7: Subtask train_xgboost_task
[2025-07-28T13:04:33.200-0300] {logging_mixin.py:188} WARNING - /mnt/c/Users/Usuario/Downloads/Automações/Climate-AgriTech-MLOps/.venv/lib/python3.12/site-packages/airflow/task/task_runner/standard_task_runner.py:61 DeprecationWarning: This process (pid=8443) is multi-threaded, use of fork() may lead to deadlocks in the child.
[2025-07-28T13:04:33.205-0300] {standard_task_runner.py:63} INFO - Started process 8494 to run task
[2025-07-28T13:04:33.446-0300] {task_command.py:426} INFO - Running <TaskInstance: climate_agritech_pipeline_final.train_xgboost_task manual__2025-07-28T15:57:20.716420+00:00 [running]> on host DESKTOP-2IINLNG.localdomain
[2025-07-28T13:04:33.874-0300] {taskinstance.py:2648} INFO - Exporting env vars: AIRFLOW_CTX_DAG_OWNER='airflow' AIRFLOW_CTX_DAG_ID='climate_agritech_pipeline_final' AIRFLOW_CTX_TASK_ID='train_xgboost_task' AIRFLOW_CTX_EXECUTION_DATE='2025-07-28T15:57:20.716420+00:00' AIRFLOW_CTX_TRY_NUMBER='1' AIRFLOW_CTX_DAG_RUN_ID='manual__2025-07-28T15:57:20.716420+00:00'
[2025-07-28T13:04:33.879-0300] {taskinstance.py:430} INFO - ::endgroup::
[2025-07-28T13:04:49.972-0300] {logging_mixin.py:188} INFO - --- Iniciando Treinamento: XGBoost ---
[2025-07-28T13:05:00.099-0300] {logging_mixin.py:188} INFO - XGBoost - R² no teste: 0.6317
[2025-07-28T13:05:00.127-0300] {python.py:237} INFO - Done. Returned value was: {'model_name': 'XGBoost', 'r2_score': 0.6316709518432617, 'model_path': '/tmp/airflow_runs/manual__2025-07-28T15:57:20.716420+00:00/XGBoost.joblib'}
[2025-07-28T13:05:00.130-0300] {taskinstance.py:441} INFO - ::group::Post task execution logs
[2025-07-28T13:05:00.230-0300] {taskinstance.py:1206} INFO - Marking task as SUCCESS. dag_id=climate_agritech_pipeline_final, task_id=train_xgboost_task, run_id=manual__2025-07-28T15:57:20.716420+00:00, execution_date=20250728T155720, start_date=20250728T160433, end_date=20250728T160500
[2025-07-28T13:05:00.625-0300] {local_task_job_runner.py:240} INFO - Task exited with return code 0
[2025-07-28T13:05:00.719-0300] {taskinstance.py:3503} INFO - 1 downstream tasks scheduled from follow-on schedule check
[2025-07-28T13:05:00.756-0300] {local_task_job_runner.py:222} INFO - ::endgroup::
