[2025-07-28T13:02:09.769-0300] {local_task_job_runner.py:120} INFO - ::group::Pre task execution logs
[2025-07-28T13:02:10.070-0300] {taskinstance.py:2076} INFO - Dependencies all met for dep_context=non-requeueable deps ti=<TaskInstance: climate_agritech_pipeline_final.train_random_forest_task manual__2025-07-28T15:57:20.716420+00:00 [queued]>
[2025-07-28T13:02:10.111-0300] {taskinstance.py:2076} INFO - Dependencies all met for dep_context=requeueable deps ti=<TaskInstance: climate_agritech_pipeline_final.train_random_forest_task manual__2025-07-28T15:57:20.716420+00:00 [queued]>
[2025-07-28T13:02:10.114-0300] {taskinstance.py:2306} INFO - Starting attempt 1 of 1
[2025-07-28T13:02:10.211-0300] {taskinstance.py:2330} INFO - Executing <Task(PythonOperator): train_random_forest_task> on 2025-07-28 15:57:20.716420+00:00
[2025-07-28T13:02:10.244-0300] {standard_task_runner.py:90} INFO - Running: ['airflow', 'tasks', 'run', 'climate_agritech_pipeline_final', 'train_random_forest_task', 'manual__2025-07-28T15:57:20.716420+00:00', '--job-id', '6', '--raw', '--subdir', 'DAGS_FOLDER/dags.py', '--cfg-path', '/tmp/tmpcxwhz6nj']
[2025-07-28T13:02:10.249-0300] {standard_task_runner.py:91} INFO - Job 6: Subtask train_random_forest_task
[2025-07-28T13:02:10.256-0300] {logging_mixin.py:188} WARNING - /mnt/c/Users/Usuario/Downloads/Automações/Climate-AgriTech-MLOps/.venv/lib/python3.12/site-packages/airflow/task/task_runner/standard_task_runner.py:61 DeprecationWarning: This process (pid=8354) is multi-threaded, use of fork() may lead to deadlocks in the child.
[2025-07-28T13:02:10.259-0300] {standard_task_runner.py:63} INFO - Started process 8404 to run task
[2025-07-28T13:02:10.497-0300] {task_command.py:426} INFO - Running <TaskInstance: climate_agritech_pipeline_final.train_random_forest_task manual__2025-07-28T15:57:20.716420+00:00 [running]> on host DESKTOP-2IINLNG.localdomain
[2025-07-28T13:02:10.890-0300] {taskinstance.py:2648} INFO - Exporting env vars: AIRFLOW_CTX_DAG_OWNER='airflow' AIRFLOW_CTX_DAG_ID='climate_agritech_pipeline_final' AIRFLOW_CTX_TASK_ID='train_random_forest_task' AIRFLOW_CTX_EXECUTION_DATE='2025-07-28T15:57:20.716420+00:00' AIRFLOW_CTX_TRY_NUMBER='1' AIRFLOW_CTX_DAG_RUN_ID='manual__2025-07-28T15:57:20.716420+00:00'
[2025-07-28T13:02:10.898-0300] {taskinstance.py:430} INFO - ::endgroup::
[2025-07-28T13:02:28.139-0300] {logging_mixin.py:188} INFO - --- Iniciando Treinamento: RandomForest ---
[2025-07-28T13:03:11.788-0300] {logging_mixin.py:188} INFO - RandomForest - R² no teste: 0.5938
[2025-07-28T13:03:12.646-0300] {python.py:237} INFO - Done. Returned value was: {'model_name': 'RandomForest', 'r2_score': 0.5938046465349596, 'model_path': '/tmp/airflow_runs/manual__2025-07-28T15:57:20.716420+00:00/RandomForest.joblib'}
[2025-07-28T13:03:12.650-0300] {taskinstance.py:441} INFO - ::group::Post task execution logs
[2025-07-28T13:03:12.765-0300] {taskinstance.py:1206} INFO - Marking task as SUCCESS. dag_id=climate_agritech_pipeline_final, task_id=train_random_forest_task, run_id=manual__2025-07-28T15:57:20.716420+00:00, execution_date=20250728T155720, start_date=20250728T160210, end_date=20250728T160312
[2025-07-28T13:03:13.201-0300] {local_task_job_runner.py:240} INFO - Task exited with return code 0
[2025-07-28T13:03:13.277-0300] {taskinstance.py:3503} INFO - 0 downstream tasks scheduled from follow-on schedule check
[2025-07-28T13:03:13.283-0300] {local_task_job_runner.py:222} INFO - ::endgroup::
