[2025-07-28T12:47:39.464-0300] {processor.py:161} INFO - Started process (PID=7939) to work on /mnt/c/Users/Usuario/Downloads/Automações/Climate-AgriTech-MLOps/.venv/lib/python3.12/site-packages/airflow/example_dags/subdags/subdag.py
[2025-07-28T12:47:39.469-0300] {processor.py:830} INFO - Processing file /mnt/c/Users/Usuario/Downloads/Automações/Climate-AgriTech-MLOps/.venv/lib/python3.12/site-packages/airflow/example_dags/subdags/subdag.py for tasks to queue
[2025-07-28T12:47:39.483-0300] {logging_mixin.py:188} INFO - [2025-07-28T12:47:39.480-0300] {dagbag.py:545} INFO - Filling up the DagBag from /mnt/c/Users/Usuario/Downloads/Automações/Climate-AgriTech-MLOps/.venv/lib/python3.12/site-packages/airflow/example_dags/subdags/subdag.py
[2025-07-28T12:47:39.554-0300] {processor.py:842} WARNING - No viable dags retrieved from /mnt/c/Users/Usuario/Downloads/Automações/Climate-AgriTech-MLOps/.venv/lib/python3.12/site-packages/airflow/example_dags/subdags/subdag.py
[2025-07-28T12:47:39.615-0300] {processor.py:183} INFO - Processing /mnt/c/Users/Usuario/Downloads/Automações/Climate-AgriTech-MLOps/.venv/lib/python3.12/site-packages/airflow/example_dags/subdags/subdag.py took 0.194 seconds
[2025-07-28T12:56:24.376-0300] {processor.py:161} INFO - Started process (PID=8188) to work on /mnt/c/Users/Usuario/Downloads/Automações/Climate-AgriTech-MLOps/.venv/lib/python3.12/site-packages/airflow/example_dags/subdags/subdag.py
[2025-07-28T12:56:24.384-0300] {processor.py:830} INFO - Processing file /mnt/c/Users/Usuario/Downloads/Automações/Climate-AgriTech-MLOps/.venv/lib/python3.12/site-packages/airflow/example_dags/subdags/subdag.py for tasks to queue
[2025-07-28T12:56:24.399-0300] {logging_mixin.py:188} INFO - [2025-07-28T12:56:24.396-0300] {dagbag.py:545} INFO - Filling up the DagBag from /mnt/c/Users/Usuario/Downloads/Automações/Climate-AgriTech-MLOps/.venv/lib/python3.12/site-packages/airflow/example_dags/subdags/subdag.py
[2025-07-28T12:56:24.472-0300] {processor.py:842} WARNING - No viable dags retrieved from /mnt/c/Users/Usuario/Downloads/Automações/Climate-AgriTech-MLOps/.venv/lib/python3.12/site-packages/airflow/example_dags/subdags/subdag.py
[2025-07-28T12:56:24.540-0300] {processor.py:183} INFO - Processing /mnt/c/Users/Usuario/Downloads/Automações/Climate-AgriTech-MLOps/.venv/lib/python3.12/site-packages/airflow/example_dags/subdags/subdag.py took 0.204 seconds
[2025-07-28T13:00:53.110-0300] {processor.py:161} INFO - Started process (PID=8353) to work on /mnt/c/Users/Usuario/Downloads/Automações/Climate-AgriTech-MLOps/.venv/lib/python3.12/site-packages/airflow/example_dags/subdags/subdag.py
[2025-07-28T13:00:53.117-0300] {processor.py:830} INFO - Processing file /mnt/c/Users/Usuario/Downloads/Automações/Climate-AgriTech-MLOps/.venv/lib/python3.12/site-packages/airflow/example_dags/subdags/subdag.py for tasks to queue
[2025-07-28T13:00:53.125-0300] {logging_mixin.py:188} INFO - [2025-07-28T13:00:53.122-0300] {dagbag.py:545} INFO - Filling up the DagBag from /mnt/c/Users/Usuario/Downloads/Automações/Climate-AgriTech-MLOps/.venv/lib/python3.12/site-packages/airflow/example_dags/subdags/subdag.py
[2025-07-28T13:00:53.205-0300] {processor.py:842} WARNING - No viable dags retrieved from /mnt/c/Users/Usuario/Downloads/Automações/Climate-AgriTech-MLOps/.venv/lib/python3.12/site-packages/airflow/example_dags/subdags/subdag.py
[2025-07-28T13:00:53.279-0300] {processor.py:183} INFO - Processing /mnt/c/Users/Usuario/Downloads/Automações/Climate-AgriTech-MLOps/.venv/lib/python3.12/site-packages/airflow/example_dags/subdags/subdag.py took 0.208 seconds
[2025-07-28T13:05:38.537-0300] {processor.py:161} INFO - Started process (PID=8540) to work on /mnt/c/Users/Usuario/Downloads/Automações/Climate-AgriTech-MLOps/.venv/lib/python3.12/site-packages/airflow/example_dags/subdags/subdag.py
[2025-07-28T13:05:38.555-0300] {processor.py:830} INFO - Processing file /mnt/c/Users/Usuario/Downloads/Automações/Climate-AgriTech-MLOps/.venv/lib/python3.12/site-packages/airflow/example_dags/subdags/subdag.py for tasks to queue
[2025-07-28T13:05:38.562-0300] {logging_mixin.py:188} INFO - [2025-07-28T13:05:38.559-0300] {dagbag.py:545} INFO - Filling up the DagBag from /mnt/c/Users/Usuario/Downloads/Automações/Climate-AgriTech-MLOps/.venv/lib/python3.12/site-packages/airflow/example_dags/subdags/subdag.py
[2025-07-28T13:05:38.647-0300] {processor.py:842} WARNING - No viable dags retrieved from /mnt/c/Users/Usuario/Downloads/Automações/Climate-AgriTech-MLOps/.venv/lib/python3.12/site-packages/airflow/example_dags/subdags/subdag.py
[2025-07-28T13:05:38.726-0300] {processor.py:183} INFO - Processing /mnt/c/Users/Usuario/Downloads/Automações/Climate-AgriTech-MLOps/.venv/lib/python3.12/site-packages/airflow/example_dags/subdags/subdag.py took 0.234 seconds
[2025-07-28T13:07:52.896-0300] {processor.py:161} INFO - Started process (PID=8630) to work on /mnt/c/Users/Usuario/Downloads/Automações/Climate-AgriTech-MLOps/.venv/lib/python3.12/site-packages/airflow/example_dags/subdags/subdag.py
[2025-07-28T13:07:52.903-0300] {processor.py:830} INFO - Processing file /mnt/c/Users/Usuario/Downloads/Automações/Climate-AgriTech-MLOps/.venv/lib/python3.12/site-packages/airflow/example_dags/subdags/subdag.py for tasks to queue
[2025-07-28T13:07:52.911-0300] {logging_mixin.py:188} INFO - [2025-07-28T13:07:52.908-0300] {dagbag.py:545} INFO - Filling up the DagBag from /mnt/c/Users/Usuario/Downloads/Automações/Climate-AgriTech-MLOps/.venv/lib/python3.12/site-packages/airflow/example_dags/subdags/subdag.py
[2025-07-28T13:07:52.987-0300] {processor.py:842} WARNING - No viable dags retrieved from /mnt/c/Users/Usuario/Downloads/Automações/Climate-AgriTech-MLOps/.venv/lib/python3.12/site-packages/airflow/example_dags/subdags/subdag.py
[2025-07-28T13:07:53.071-0300] {processor.py:183} INFO - Processing /mnt/c/Users/Usuario/Downloads/Automações/Climate-AgriTech-MLOps/.venv/lib/python3.12/site-packages/airflow/example_dags/subdags/subdag.py took 0.217 seconds
[2025-07-28T13:45:50.176-0300] {processor.py:161} INFO - Started process (PID=8715) to work on /mnt/c/Users/Usuario/Downloads/Automações/Climate-AgriTech-MLOps/.venv/lib/python3.12/site-packages/airflow/example_dags/subdags/subdag.py
[2025-07-28T13:45:50.181-0300] {processor.py:830} INFO - Processing file /mnt/c/Users/Usuario/Downloads/Automações/Climate-AgriTech-MLOps/.venv/lib/python3.12/site-packages/airflow/example_dags/subdags/subdag.py for tasks to queue
[2025-07-28T13:45:50.187-0300] {logging_mixin.py:188} INFO - [2025-07-28T13:45:50.184-0300] {dagbag.py:545} INFO - Filling up the DagBag from /mnt/c/Users/Usuario/Downloads/Automações/Climate-AgriTech-MLOps/.venv/lib/python3.12/site-packages/airflow/example_dags/subdags/subdag.py
[2025-07-28T13:45:50.252-0300] {processor.py:842} WARNING - No viable dags retrieved from /mnt/c/Users/Usuario/Downloads/Automações/Climate-AgriTech-MLOps/.venv/lib/python3.12/site-packages/airflow/example_dags/subdags/subdag.py
[2025-07-28T13:45:50.306-0300] {processor.py:183} INFO - Processing /mnt/c/Users/Usuario/Downloads/Automações/Climate-AgriTech-MLOps/.venv/lib/python3.12/site-packages/airflow/example_dags/subdags/subdag.py took 0.154 seconds
[2025-07-28T13:47:15.522-0300] {processor.py:161} INFO - Started process (PID=8770) to work on /mnt/c/Users/Usuario/Downloads/Automações/Climate-AgriTech-MLOps/.venv/lib/python3.12/site-packages/airflow/example_dags/subdags/subdag.py
[2025-07-28T13:47:15.530-0300] {processor.py:830} INFO - Processing file /mnt/c/Users/Usuario/Downloads/Automações/Climate-AgriTech-MLOps/.venv/lib/python3.12/site-packages/airflow/example_dags/subdags/subdag.py for tasks to queue
[2025-07-28T13:47:15.538-0300] {logging_mixin.py:188} INFO - [2025-07-28T13:47:15.534-0300] {dagbag.py:545} INFO - Filling up the DagBag from /mnt/c/Users/Usuario/Downloads/Automações/Climate-AgriTech-MLOps/.venv/lib/python3.12/site-packages/airflow/example_dags/subdags/subdag.py
[2025-07-28T13:47:15.603-0300] {processor.py:842} WARNING - No viable dags retrieved from /mnt/c/Users/Usuario/Downloads/Automações/Climate-AgriTech-MLOps/.venv/lib/python3.12/site-packages/airflow/example_dags/subdags/subdag.py
[2025-07-28T13:47:15.666-0300] {processor.py:183} INFO - Processing /mnt/c/Users/Usuario/Downloads/Automações/Climate-AgriTech-MLOps/.venv/lib/python3.12/site-packages/airflow/example_dags/subdags/subdag.py took 0.178 seconds
[2025-07-28T13:48:53.135-0300] {processor.py:161} INFO - Started process (PID=8820) to work on /mnt/c/Users/Usuario/Downloads/Automações/Climate-AgriTech-MLOps/.venv/lib/python3.12/site-packages/airflow/example_dags/subdags/subdag.py
[2025-07-28T13:48:53.139-0300] {processor.py:830} INFO - Processing file /mnt/c/Users/Usuario/Downloads/Automações/Climate-AgriTech-MLOps/.venv/lib/python3.12/site-packages/airflow/example_dags/subdags/subdag.py for tasks to queue
[2025-07-28T13:48:53.145-0300] {logging_mixin.py:188} INFO - [2025-07-28T13:48:53.142-0300] {dagbag.py:545} INFO - Filling up the DagBag from /mnt/c/Users/Usuario/Downloads/Automações/Climate-AgriTech-MLOps/.venv/lib/python3.12/site-packages/airflow/example_dags/subdags/subdag.py
[2025-07-28T13:48:53.229-0300] {processor.py:842} WARNING - No viable dags retrieved from /mnt/c/Users/Usuario/Downloads/Automações/Climate-AgriTech-MLOps/.venv/lib/python3.12/site-packages/airflow/example_dags/subdags/subdag.py
[2025-07-28T13:48:53.295-0300] {processor.py:183} INFO - Processing /mnt/c/Users/Usuario/Downloads/Automações/Climate-AgriTech-MLOps/.venv/lib/python3.12/site-packages/airflow/example_dags/subdags/subdag.py took 0.192 seconds
[2025-07-28T13:50:25.648-0300] {processor.py:161} INFO - Started process (PID=8871) to work on /mnt/c/Users/Usuario/Downloads/Automações/Climate-AgriTech-MLOps/.venv/lib/python3.12/site-packages/airflow/example_dags/subdags/subdag.py
[2025-07-28T13:50:25.654-0300] {processor.py:830} INFO - Processing file /mnt/c/Users/Usuario/Downloads/Automações/Climate-AgriTech-MLOps/.venv/lib/python3.12/site-packages/airflow/example_dags/subdags/subdag.py for tasks to queue
[2025-07-28T13:50:25.662-0300] {logging_mixin.py:188} INFO - [2025-07-28T13:50:25.658-0300] {dagbag.py:545} INFO - Filling up the DagBag from /mnt/c/Users/Usuario/Downloads/Automações/Climate-AgriTech-MLOps/.venv/lib/python3.12/site-packages/airflow/example_dags/subdags/subdag.py
[2025-07-28T13:50:25.742-0300] {processor.py:842} WARNING - No viable dags retrieved from /mnt/c/Users/Usuario/Downloads/Automações/Climate-AgriTech-MLOps/.venv/lib/python3.12/site-packages/airflow/example_dags/subdags/subdag.py
[2025-07-28T13:50:25.807-0300] {processor.py:183} INFO - Processing /mnt/c/Users/Usuario/Downloads/Automações/Climate-AgriTech-MLOps/.venv/lib/python3.12/site-packages/airflow/example_dags/subdags/subdag.py took 0.203 seconds
[2025-07-28T13:51:58.138-0300] {processor.py:161} INFO - Started process (PID=8934) to work on /mnt/c/Users/Usuario/Downloads/Automações/Climate-AgriTech-MLOps/.venv/lib/python3.12/site-packages/airflow/example_dags/subdags/subdag.py
[2025-07-28T13:51:58.144-0300] {processor.py:830} INFO - Processing file /mnt/c/Users/Usuario/Downloads/Automações/Climate-AgriTech-MLOps/.venv/lib/python3.12/site-packages/airflow/example_dags/subdags/subdag.py for tasks to queue
[2025-07-28T13:51:58.152-0300] {logging_mixin.py:188} INFO - [2025-07-28T13:51:58.149-0300] {dagbag.py:545} INFO - Filling up the DagBag from /mnt/c/Users/Usuario/Downloads/Automações/Climate-AgriTech-MLOps/.venv/lib/python3.12/site-packages/airflow/example_dags/subdags/subdag.py
[2025-07-28T13:51:58.357-0300] {processor.py:842} WARNING - No viable dags retrieved from /mnt/c/Users/Usuario/Downloads/Automações/Climate-AgriTech-MLOps/.venv/lib/python3.12/site-packages/airflow/example_dags/subdags/subdag.py
[2025-07-28T13:51:58.433-0300] {processor.py:183} INFO - Processing /mnt/c/Users/Usuario/Downloads/Automações/Climate-AgriTech-MLOps/.venv/lib/python3.12/site-packages/airflow/example_dags/subdags/subdag.py took 0.336 seconds
[2025-07-28T13:53:27.833-0300] {processor.py:161} INFO - Started process (PID=8989) to work on /mnt/c/Users/Usuario/Downloads/Automações/Climate-AgriTech-MLOps/.venv/lib/python3.12/site-packages/airflow/example_dags/subdags/subdag.py
[2025-07-28T13:53:27.840-0300] {processor.py:830} INFO - Processing file /mnt/c/Users/Usuario/Downloads/Automações/Climate-AgriTech-MLOps/.venv/lib/python3.12/site-packages/airflow/example_dags/subdags/subdag.py for tasks to queue
[2025-07-28T13:53:27.848-0300] {logging_mixin.py:188} INFO - [2025-07-28T13:53:27.844-0300] {dagbag.py:545} INFO - Filling up the DagBag from /mnt/c/Users/Usuario/Downloads/Automações/Climate-AgriTech-MLOps/.venv/lib/python3.12/site-packages/airflow/example_dags/subdags/subdag.py
[2025-07-28T13:53:27.926-0300] {processor.py:842} WARNING - No viable dags retrieved from /mnt/c/Users/Usuario/Downloads/Automações/Climate-AgriTech-MLOps/.venv/lib/python3.12/site-packages/airflow/example_dags/subdags/subdag.py
[2025-07-28T13:53:27.993-0300] {processor.py:183} INFO - Processing /mnt/c/Users/Usuario/Downloads/Automações/Climate-AgriTech-MLOps/.venv/lib/python3.12/site-packages/airflow/example_dags/subdags/subdag.py took 0.200 seconds
[2025-07-28T13:54:58.675-0300] {processor.py:161} INFO - Started process (PID=9037) to work on /mnt/c/Users/Usuario/Downloads/Automações/Climate-AgriTech-MLOps/.venv/lib/python3.12/site-packages/airflow/example_dags/subdags/subdag.py
[2025-07-28T13:54:58.683-0300] {processor.py:830} INFO - Processing file /mnt/c/Users/Usuario/Downloads/Automações/Climate-AgriTech-MLOps/.venv/lib/python3.12/site-packages/airflow/example_dags/subdags/subdag.py for tasks to queue
[2025-07-28T13:54:58.694-0300] {logging_mixin.py:188} INFO - [2025-07-28T13:54:58.689-0300] {dagbag.py:545} INFO - Filling up the DagBag from /mnt/c/Users/Usuario/Downloads/Automações/Climate-AgriTech-MLOps/.venv/lib/python3.12/site-packages/airflow/example_dags/subdags/subdag.py
[2025-07-28T13:54:58.784-0300] {processor.py:842} WARNING - No viable dags retrieved from /mnt/c/Users/Usuario/Downloads/Automações/Climate-AgriTech-MLOps/.venv/lib/python3.12/site-packages/airflow/example_dags/subdags/subdag.py
[2025-07-28T13:54:58.852-0300] {processor.py:183} INFO - Processing /mnt/c/Users/Usuario/Downloads/Automações/Climate-AgriTech-MLOps/.venv/lib/python3.12/site-packages/airflow/example_dags/subdags/subdag.py took 0.226 seconds
[2025-07-28T13:56:25.451-0300] {processor.py:161} INFO - Started process (PID=9096) to work on /mnt/c/Users/Usuario/Downloads/Automações/Climate-AgriTech-MLOps/.venv/lib/python3.12/site-packages/airflow/example_dags/subdags/subdag.py
[2025-07-28T13:56:25.453-0300] {processor.py:830} INFO - Processing file /mnt/c/Users/Usuario/Downloads/Automações/Climate-AgriTech-MLOps/.venv/lib/python3.12/site-packages/airflow/example_dags/subdags/subdag.py for tasks to queue
[2025-07-28T13:56:25.456-0300] {logging_mixin.py:188} INFO - [2025-07-28T13:56:25.455-0300] {dagbag.py:545} INFO - Filling up the DagBag from /mnt/c/Users/Usuario/Downloads/Automações/Climate-AgriTech-MLOps/.venv/lib/python3.12/site-packages/airflow/example_dags/subdags/subdag.py
[2025-07-28T13:56:25.482-0300] {processor.py:842} WARNING - No viable dags retrieved from /mnt/c/Users/Usuario/Downloads/Automações/Climate-AgriTech-MLOps/.venv/lib/python3.12/site-packages/airflow/example_dags/subdags/subdag.py
[2025-07-28T13:56:25.510-0300] {processor.py:183} INFO - Processing /mnt/c/Users/Usuario/Downloads/Automações/Climate-AgriTech-MLOps/.venv/lib/python3.12/site-packages/airflow/example_dags/subdags/subdag.py took 0.074 seconds
[2025-07-28T13:57:18.165-0300] {processor.py:161} INFO - Started process (PID=9146) to work on /mnt/c/Users/Usuario/Downloads/Automações/Climate-AgriTech-MLOps/.venv/lib/python3.12/site-packages/airflow/example_dags/subdags/subdag.py
[2025-07-28T13:57:18.168-0300] {processor.py:830} INFO - Processing file /mnt/c/Users/Usuario/Downloads/Automações/Climate-AgriTech-MLOps/.venv/lib/python3.12/site-packages/airflow/example_dags/subdags/subdag.py for tasks to queue
[2025-07-28T13:57:18.171-0300] {logging_mixin.py:188} INFO - [2025-07-28T13:57:18.169-0300] {dagbag.py:545} INFO - Filling up the DagBag from /mnt/c/Users/Usuario/Downloads/Automações/Climate-AgriTech-MLOps/.venv/lib/python3.12/site-packages/airflow/example_dags/subdags/subdag.py
[2025-07-28T13:57:18.194-0300] {processor.py:842} WARNING - No viable dags retrieved from /mnt/c/Users/Usuario/Downloads/Automações/Climate-AgriTech-MLOps/.venv/lib/python3.12/site-packages/airflow/example_dags/subdags/subdag.py
[2025-07-28T13:57:18.222-0300] {processor.py:183} INFO - Processing /mnt/c/Users/Usuario/Downloads/Automações/Climate-AgriTech-MLOps/.venv/lib/python3.12/site-packages/airflow/example_dags/subdags/subdag.py took 0.072 seconds
[2025-07-28T13:58:03.961-0300] {processor.py:161} INFO - Started process (PID=9184) to work on /mnt/c/Users/Usuario/Downloads/Automações/Climate-AgriTech-MLOps/.venv/lib/python3.12/site-packages/airflow/example_dags/subdags/subdag.py
[2025-07-28T13:58:03.964-0300] {processor.py:830} INFO - Processing file /mnt/c/Users/Usuario/Downloads/Automações/Climate-AgriTech-MLOps/.venv/lib/python3.12/site-packages/airflow/example_dags/subdags/subdag.py for tasks to queue
[2025-07-28T13:58:03.967-0300] {logging_mixin.py:188} INFO - [2025-07-28T13:58:03.965-0300] {dagbag.py:545} INFO - Filling up the DagBag from /mnt/c/Users/Usuario/Downloads/Automações/Climate-AgriTech-MLOps/.venv/lib/python3.12/site-packages/airflow/example_dags/subdags/subdag.py
[2025-07-28T13:58:03.991-0300] {processor.py:842} WARNING - No viable dags retrieved from /mnt/c/Users/Usuario/Downloads/Automações/Climate-AgriTech-MLOps/.venv/lib/python3.12/site-packages/airflow/example_dags/subdags/subdag.py
[2025-07-28T13:58:04.021-0300] {processor.py:183} INFO - Processing /mnt/c/Users/Usuario/Downloads/Automações/Climate-AgriTech-MLOps/.venv/lib/python3.12/site-packages/airflow/example_dags/subdags/subdag.py took 0.075 seconds
[2025-07-28T13:59:08.221-0300] {processor.py:161} INFO - Started process (PID=9228) to work on /mnt/c/Users/Usuario/Downloads/Automações/Climate-AgriTech-MLOps/.venv/lib/python3.12/site-packages/airflow/example_dags/subdags/subdag.py
[2025-07-28T13:59:08.227-0300] {processor.py:830} INFO - Processing file /mnt/c/Users/Usuario/Downloads/Automações/Climate-AgriTech-MLOps/.venv/lib/python3.12/site-packages/airflow/example_dags/subdags/subdag.py for tasks to queue
[2025-07-28T13:59:08.237-0300] {logging_mixin.py:188} INFO - [2025-07-28T13:59:08.233-0300] {dagbag.py:545} INFO - Filling up the DagBag from /mnt/c/Users/Usuario/Downloads/Automações/Climate-AgriTech-MLOps/.venv/lib/python3.12/site-packages/airflow/example_dags/subdags/subdag.py
[2025-07-28T13:59:08.314-0300] {processor.py:842} WARNING - No viable dags retrieved from /mnt/c/Users/Usuario/Downloads/Automações/Climate-AgriTech-MLOps/.venv/lib/python3.12/site-packages/airflow/example_dags/subdags/subdag.py
[2025-07-28T13:59:08.384-0300] {processor.py:183} INFO - Processing /mnt/c/Users/Usuario/Downloads/Automações/Climate-AgriTech-MLOps/.venv/lib/python3.12/site-packages/airflow/example_dags/subdags/subdag.py took 0.203 seconds
[2025-07-28T14:00:16.659-0300] {processor.py:161} INFO - Started process (PID=9280) to work on /mnt/c/Users/Usuario/Downloads/Automações/Climate-AgriTech-MLOps/.venv/lib/python3.12/site-packages/airflow/example_dags/subdags/subdag.py
[2025-07-28T14:00:16.661-0300] {processor.py:830} INFO - Processing file /mnt/c/Users/Usuario/Downloads/Automações/Climate-AgriTech-MLOps/.venv/lib/python3.12/site-packages/airflow/example_dags/subdags/subdag.py for tasks to queue
[2025-07-28T14:00:16.664-0300] {logging_mixin.py:188} INFO - [2025-07-28T14:00:16.663-0300] {dagbag.py:545} INFO - Filling up the DagBag from /mnt/c/Users/Usuario/Downloads/Automações/Climate-AgriTech-MLOps/.venv/lib/python3.12/site-packages/airflow/example_dags/subdags/subdag.py
[2025-07-28T14:00:16.690-0300] {processor.py:842} WARNING - No viable dags retrieved from /mnt/c/Users/Usuario/Downloads/Automações/Climate-AgriTech-MLOps/.venv/lib/python3.12/site-packages/airflow/example_dags/subdags/subdag.py
[2025-07-28T14:00:16.720-0300] {processor.py:183} INFO - Processing /mnt/c/Users/Usuario/Downloads/Automações/Climate-AgriTech-MLOps/.venv/lib/python3.12/site-packages/airflow/example_dags/subdags/subdag.py took 0.077 seconds
[2025-07-28T14:01:04.531-0300] {processor.py:161} INFO - Started process (PID=9322) to work on /mnt/c/Users/Usuario/Downloads/Automações/Climate-AgriTech-MLOps/.venv/lib/python3.12/site-packages/airflow/example_dags/subdags/subdag.py
[2025-07-28T14:01:04.535-0300] {processor.py:830} INFO - Processing file /mnt/c/Users/Usuario/Downloads/Automações/Climate-AgriTech-MLOps/.venv/lib/python3.12/site-packages/airflow/example_dags/subdags/subdag.py for tasks to queue
[2025-07-28T14:01:04.539-0300] {logging_mixin.py:188} INFO - [2025-07-28T14:01:04.537-0300] {dagbag.py:545} INFO - Filling up the DagBag from /mnt/c/Users/Usuario/Downloads/Automações/Climate-AgriTech-MLOps/.venv/lib/python3.12/site-packages/airflow/example_dags/subdags/subdag.py
[2025-07-28T14:01:04.569-0300] {processor.py:842} WARNING - No viable dags retrieved from /mnt/c/Users/Usuario/Downloads/Automações/Climate-AgriTech-MLOps/.venv/lib/python3.12/site-packages/airflow/example_dags/subdags/subdag.py
[2025-07-28T14:01:04.599-0300] {processor.py:183} INFO - Processing /mnt/c/Users/Usuario/Downloads/Automações/Climate-AgriTech-MLOps/.venv/lib/python3.12/site-packages/airflow/example_dags/subdags/subdag.py took 0.085 seconds
[2025-07-28T14:01:49.084-0300] {processor.py:161} INFO - Started process (PID=9361) to work on /mnt/c/Users/Usuario/Downloads/Automações/Climate-AgriTech-MLOps/.venv/lib/python3.12/site-packages/airflow/example_dags/subdags/subdag.py
[2025-07-28T14:01:49.087-0300] {processor.py:830} INFO - Processing file /mnt/c/Users/Usuario/Downloads/Automações/Climate-AgriTech-MLOps/.venv/lib/python3.12/site-packages/airflow/example_dags/subdags/subdag.py for tasks to queue
[2025-07-28T14:01:49.090-0300] {logging_mixin.py:188} INFO - [2025-07-28T14:01:49.089-0300] {dagbag.py:545} INFO - Filling up the DagBag from /mnt/c/Users/Usuario/Downloads/Automações/Climate-AgriTech-MLOps/.venv/lib/python3.12/site-packages/airflow/example_dags/subdags/subdag.py
[2025-07-28T14:01:49.115-0300] {processor.py:842} WARNING - No viable dags retrieved from /mnt/c/Users/Usuario/Downloads/Automações/Climate-AgriTech-MLOps/.venv/lib/python3.12/site-packages/airflow/example_dags/subdags/subdag.py
[2025-07-28T14:01:49.144-0300] {processor.py:183} INFO - Processing /mnt/c/Users/Usuario/Downloads/Automações/Climate-AgriTech-MLOps/.venv/lib/python3.12/site-packages/airflow/example_dags/subdags/subdag.py took 0.073 seconds
