[2025-07-28T13:06:57.452-0300] {local_task_job_runner.py:120} INFO - ::group::Pre task execution logs
[2025-07-28T13:06:57.773-0300] {taskinstance.py:2076} INFO - Dependencies all met for dep_context=non-requeueable deps ti=<TaskInstance: climate_agritech_pipeline_final.select_and_save_best_model_task manual__2025-07-28T15:57:20.716420+00:00 [queued]>
[2025-07-28T13:06:57.809-0300] {taskinstance.py:2076} INFO - Dependencies all met for dep_context=requeueable deps ti=<TaskInstance: climate_agritech_pipeline_final.select_and_save_best_model_task manual__2025-07-28T15:57:20.716420+00:00 [queued]>
[2025-07-28T13:06:57.824-0300] {taskinstance.py:2306} INFO - Starting attempt 1 of 1
[2025-07-28T13:06:57.925-0300] {taskinstance.py:2330} INFO - Executing <Task(PythonOperator): select_and_save_best_model_task> on 2025-07-28 15:57:20.716420+00:00
[2025-07-28T13:06:57.961-0300] {standard_task_runner.py:90} INFO - Running: ['airflow', 'tasks', 'run', 'climate_agritech_pipeline_final', 'select_and_save_best_model_task', 'manual__2025-07-28T15:57:20.716420+00:00', '--job-id', '8', '--raw', '--subdir', 'DAGS_FOLDER/dags.py', '--cfg-path', '/tmp/tmp9mu859a4']
[2025-07-28T13:06:57.967-0300] {standard_task_runner.py:91} INFO - Job 8: Subtask select_and_save_best_model_task
[2025-07-28T13:06:57.973-0300] {logging_mixin.py:188} WARNING - /mnt/c/Users/Usuario/Downloads/Automações/Climate-AgriTech-MLOps/.venv/lib/python3.12/site-packages/airflow/task/task_runner/standard_task_runner.py:61 DeprecationWarning: This process (pid=8541) is multi-threaded, use of fork() may lead to deadlocks in the child.
[2025-07-28T13:06:57.978-0300] {standard_task_runner.py:63} INFO - Started process 8594 to run task
[2025-07-28T13:06:58.205-0300] {task_command.py:426} INFO - Running <TaskInstance: climate_agritech_pipeline_final.select_and_save_best_model_task manual__2025-07-28T15:57:20.716420+00:00 [running]> on host DESKTOP-2IINLNG.localdomain
[2025-07-28T13:06:58.599-0300] {taskinstance.py:2648} INFO - Exporting env vars: AIRFLOW_CTX_DAG_OWNER='airflow' AIRFLOW_CTX_DAG_ID='climate_agritech_pipeline_final' AIRFLOW_CTX_TASK_ID='select_and_save_best_model_task' AIRFLOW_CTX_EXECUTION_DATE='2025-07-28T15:57:20.716420+00:00' AIRFLOW_CTX_TRY_NUMBER='1' AIRFLOW_CTX_DAG_RUN_ID='manual__2025-07-28T15:57:20.716420+00:00'
[2025-07-28T13:06:58.604-0300] {taskinstance.py:430} INFO - ::endgroup::
[2025-07-28T13:06:58.681-0300] {logging_mixin.py:188} INFO - 🏆 Modelo Vencedor: XGBoost com R² de 0.6317
[2025-07-28T13:07:15.529-0300] {logging_mixin.py:188} INFO - Artefatos finais salvos em: /mnt/c/Users/Usuario/Downloads/Automações/Climate-AgriTech-MLOps/artifacts
[2025-07-28T13:07:15.533-0300] {python.py:237} INFO - Done. Returned value was: None
[2025-07-28T13:07:15.538-0300] {taskinstance.py:441} INFO - ::group::Post task execution logs
[2025-07-28T13:07:15.572-0300] {taskinstance.py:1206} INFO - Marking task as SUCCESS. dag_id=climate_agritech_pipeline_final, task_id=select_and_save_best_model_task, run_id=manual__2025-07-28T15:57:20.716420+00:00, execution_date=20250728T155720, start_date=20250728T160657, end_date=20250728T160715
[2025-07-28T13:07:15.953-0300] {local_task_job_runner.py:240} INFO - Task exited with return code 0
[2025-07-28T13:07:15.998-0300] {taskinstance.py:3503} INFO - 0 downstream tasks scheduled from follow-on schedule check
[2025-07-28T13:07:16.004-0300] {local_task_job_runner.py:222} INFO - ::endgroup::
